384
2 1 1 1 1
2 1 4 1 1
2 1 2 1 2
2 1 17 1 2
2 1 5 1 3
2 1 18 1 5
2 1 6 1 3
2 1 22 1 6
2 1 11 1 3
2 2 11 1 11
2 1 12 1 3
2 2 14 1 12
2 1 13 1 3
2 2 18 1 13
2 1 14 1 3
2 3 2 1 14
2 1 21 1 3
2 3 3 1 21
2 1 25 1 3
2 3 4 1 25
2 1 26 1 3
2 3 8 1 26
2 1 28 1 3
2 3 9 1 28
2 1 29 1 3
2 3 12 1 29
2 1 30 1 3
2 3 13 1 30
2 2 1 1 3
2 3 18 2 1
2 2 3 1 3
2 3 22 2 3
2 2 6 1 3
2 3 27 2 6
2 2 7 1 3
2 4 3 2 7
2 2 12 1 3
2 4 5 2 12
2 2 16 1 3
2 4 7 2 16
2 2 21 1 3
2 4 12 2 21
2 3 1 1 3
2 4 13 3 1
2 3 11 1 3
2 4 22 3 11
2 3 14 1 3
2 4 23 3 14
2 3 15 1 3
2 4 24 3 15
2 3 19 1 3
2 4 25 3 19
2 3 20 1 3
2 5 4 3 20
2 4 1 1 3
2 5 15 4 1
2 4 8 1 3
2 5 18 4 8
2 4 10 1 3
2 5 21 4 10
2 4 11 1 3
2 5 22 4 11
2 4 15 1 3
2 5 24 4 15
2 4 16 1 3
2 5 30 4 16
2 4 19 1 3
2 6 15 4 19
2 4 21 1 3
2 7 8 4 21
2 5 6 1 3
2 7 11 5 6
2 5 12 1 3
2 7 12 5 12
2 5 19 1 3
2 7 14 5 19
2 5 28 1 3
2 7 15 5 28
2 5 29 1 3
2 7 16 5 29
2 6 1 1 3
2 7 26 6 1
2 6 4 1 3
2 7 28 6 4
2 6 7 1 3
2 8 4 6 7
2 6 14 1 3
2 8 19 6 14
2 6 30 1 3
2 8 23 6 30
2 7 1 1 3
2 8 26 7 1
2 7 2 1 3
2 8 28 7 2
2 7 13 1 3
2 9 5 7 13
2 7 17 1 3
2 9 7 7 17
2 7 19 1 3
2 9 21 7 19
2 7 20 1 3
2 10 5 7 20
2 7 29 1 3
2 10 7 7 29
2 8 1 1 3
2 10 9 8 1
2 8 3 1 3
2 10 13 8 3
2 8 5 1 3
2 10 15 8 5
2 8 14 1 3
2 10 22 8 14
2 8 16 1 3
2 10 26 8 16
2 8 20 1 3
2 10 30 8 20
2 8 22 1 3
2 11 2 8 22
2 9 14 1 3
2 11 3 9 14
2 9 25 1 3
2 11 7 9 25
2 9 29 1 3
2 11 25 9 29
2 10 6 1 3
2 11 28 10 6
2 10 17 1 3
2 12 1 10 17
2 10 19 1 3
2 12 7 10 19
2 10 23 1 3
2 12 10 10 23
2 10 24 1 3
2 12 11 10 24
2 10 25 1 3
2 12 12 10 25
2 10 28 1 3
2 12 22 10 28
2 11 4 1 3
2 12 24 11 4
2 11 12 1 3
2 12 28 11 12
2 11 26 1 3
2 13 1 11 26
2 11 30 1 3
2 13 3 11 30
2 12 9 1 3
2 13 10 12 9
2 12 13 1 3
2 13 15 12 13
2 12 18 1 3
2 13 22 12 18
2 12 19 1 3
2 13 23 12 19
2 12 23 1 3
2 13 27 12 23
2 12 25 1 3
2 13 30 12 25
2 12 30 1 3
2 14 3 12 30
2 13 11 1 3
2 14 23 13 11
2 13 19 1 3
2 14 28 13 19
2 13 24 1 3
2 15 5 13 24
2 13 25 1 3
2 15 7 13 25
2 13 26 1 3
2 15 14 13 26
2 13 29 1 3
2 15 15 13 29
2 14 1 1 3
2 15 19 14 1
2 14 12 1 3
2 15 20 14 12
2 14 15 1 3
2 15 22 14 15
2 15 3 1 3
2 15 24 15 3
2 15 6 1 3
2 16 1 15 6
2 15 8 1 3
2 16 4 15 8
2 15 10 1 3
2 16 23 15 10
2 15 11 1 3
2 16 25 15 11
2 15 21 1 3
2 16 28 15 21
2 15 23 1 3
2 17 12 15 23
2 15 27 1 3
2 17 17 15 27
2 15 28 1 3
2 17 24 15 28
2 15 30 1 3
2 17 25 15 30
2 16 3 1 3
2 17 28 16 3
2 16 7 1 3
2 17 29 16 7
2 16 8 1 3
2 18 3 16 8
2 16 10 1 3
2 18 17 16 10
2 16 11 1 3
2 19 4 16 11
2 16 14 1 3
2 19 8 16 14
2 16 18 1 3
2 19 12 16 18
2 16 22 1 3
2 19 24 16 22
2 16 27 1 3
2 19 25 16 27
2 16 29 1 3
2 19 28 16 29
2 16 30 1 3
2 19 30 16 30
2 17 1 1 3
2 20 2 17 1
2 17 3 1 3
2 20 6 17 3
2 17 9 1 3
2 20 8 17 9
2 17 14 1 3
2 20 24 17 14
2 17 16 1 3
2 20 25 17 16
2 17 21 1 3
2 20 27 17 21
2 17 23 1 3
2 21 1 17 23
2 17 26 1 3
2 21 3 17 26
2 18 4 1 3
2 21 5 18 4
2 18 21 1 3
2 21 11 18 21
2 19 6 1 3
2 21 19 19 6
2 19 10 1 3
2 21 21 19 10
2 19 17 1 3
2 21 28 19 17
2 19 22 1 3
2 21 30 19 22
2 19 27 1 3
2 22 3 19 27
2 20 3 1 3
2 22 5 20 3
2 20 5 1 3
2 22 13 20 5
2 20 7 1 3
2 22 16 20 7
2 20 11 1 3
2 22 19 20 11
2 20 12 1 3
2 22 27 20 12
2 20 19 1 3
2 22 28 20 19
2 20 21 1 3
2 23 1 20 21
2 21 4 1 3
2 23 16 21 4
2 21 7 1 3
2 23 29 21 7
2 21 10 1 3
2 24 1 21 10
2 21 15 1 3
2 24 3 21 15
2 21 23 1 3
2 24 9 21 23
2 21 29 1 3
2 24 14 21 29
2 22 1 1 3
2 24 20 22 1
2 22 2 1 3
2 24 25 22 2
2 22 11 1 3
2 24 26 22 11
2 22 17 1 3
2 24 28 22 17
2 22 18 1 3
2 25 1 22 18
2 22 22 1 3
2 25 3 22 22
2 22 23 1 3
2 25 5 22 23
2 22 24 1 3
2 25 6 22 24
2 23 3 1 3
2 25 7 23 3
2 23 6 1 3
2 25 12 23 6
2 23 7 1 3
2 25 22 23 7
2 23 12 1 3
2 25 23 23 12
2 23 14 1 3
2 25 29 23 14
2 23 15 1 3
2 26 2 23 15
2 23 21 1 3
2 26 4 23 21
2 23 27 1 3
2 26 6 23 27
2 24 7 1 3
2 26 8 24 7
2 24 12 1 3
2 26 10 24 12
2 24 13 1 3
2 26 14 24 13
2 24 17 1 3
2 26 17 24 17
2 24 27 1 3
2 26 18 24 27
2 25 2 1 3
2 26 19 25 2
2 25 19 1 3
2 26 23 25 19
2 25 21 1 3
2 26 26 25 21
2 25 30 1 3
2 26 29 25 30
2 26 7 1 3
2 27 9 26 7
2 26 13 1 3
2 27 12 26 13
2 26 22 1 3
2 27 14 26 22
2 26 24 1 3
2 27 16 26 24
2 26 27 1 3
2 27 18 26 27
2 26 28 1 3
2 27 21 26 28
2 27 1 1 3
2 27 25 27 1
2 27 3 1 3
2 27 29 27 3
2 27 6 1 3
2 28 1 27 6
2 27 23 1 3
2 28 5 27 23
2 27 28 1 3
2 28 6 27 28
2 27 30 1 3
2 28 15 27 30
2 28 7 1 3
2 28 17 28 7
2 28 13 1 3
2 28 19 28 13
2 28 18 1 3
2 28 20 28 18
2 28 25 1 3
2 28 30 28 25
2 28 27 1 3
2 29 5 28 27
2 29 8 1 3
2 29 15 29 8
2 29 10 1 3
2 29 17 29 10
2 29 13 1 3
2 29 23 29 13
2 29 16 1 3
2 29 26 29 16
2 29 18 1 3
2 29 28 29 18
2 29 19 1 3
2 29 29 29 19
2 29 21 1 3
2 30 5 29 21
2 29 25 1 3
2 30 7 29 25
2 30 6 1 3
2 30 13 30 6
2 30 10 1 3
2 30 16 30 10
2 30 14 1 3
2 30 27 30 14
2 30 21 1 3
2 30 29 30 21
