116
2 1 19 3 5
2 26 2 1 19
2 3 5 3 10
2 10 23 3 5
2 3 10 3 28
2 7 6 3 10
2 3 28 4 2
2 11 27 3 28
2 4 2 4 7
2 1 23 4 2
2 4 7 1 23
2 13 7 4 7
2 4 23 4 23
2 19 7 4 23
2 5 3 5 3
2 11 13 5 3
2 5 9 5 9
2 15 1 5 9
2 5 30 5 18
2 10 20 5 30
2 6 3 5 23
2 18 26 6 3
2 6 30 5 23
2 15 24 6 30
2 7 1 7 1
2 3 6 7 1
2 7 6 3 6
2 17 16 7 6
2 7 10 3 6
2 13 10 7 10
2 7 19 7 18
2 14 27 7 19
2 8 17 8 17
2 5 23 8 17
2 9 6 5 23
2 10 6 9 6
2 10 20 9 5
2 8 7 10 20
2 10 23 8 7
2 5 23 10 23
2 11 8 5 23
2 20 28 11 8
2 11 13 5 23
2 19 21 11 13
2 11 27 5 23
2 1 20 11 27
2 13 7 1 20
2 17 25 13 7
2 13 12 1 20
2 19 29 13 12
2 13 26 1 20
2 13 29 13 26
2 13 29 1 20
2 5 18 13 29
2 14 5 1 20
2 21 26 14 5
2 14 15 5 18
2 25 29 14 15
2 15 1 5 18
2 5 25 15 1
2 15 25 5 18
2 23 26 15 25
2 16 17 5 23
2 25 22 16 17
2 17 16 5 25
2 1 20 17 16
2 17 25 1 20
2 19 24 17 25
2 18 3 1 20
2 1 23 18 3
2 18 14 1 23
2 23 22 18 14
2 18 16 1 23
2 29 30 18 16
2 18 26 5 25
2 16 19 18 26
2 19 7 5 25
2 5 18 19 7
2 19 21 5 18
2 8 26 19 21
2 19 27 5 18
2 16 25 19 27
2 20 28 5 18
2 1 20 20 28
2 21 2 1 20
2 24 7 21 2
2 21 26 5 18
2 1 20 21 26
2 23 17 1 20
2 28 3 23 17
2 24 5 1 20
2 20 4 24 5
2 24 13 1 20
2 21 4 24 13
2 25 5 1 20
2 1 23 25 5
2 25 29 1 20
2 7 18 25 29
2 26 2 1 20
2 25 1 26 2
2 26 13 1 20
2 26 22 26 13
2 26 16 1 23
2 3 6 26 16
2 27 5 3 6
2 1 23 27 5
2 27 12 1 23
2 5 23 27 12
2 28 14 1 23
2 30 25 28 14
2 29 16 1 23
2 1 20 29 16
2 29 18 1 20
2 27 11 29 18
2 29 30 1 20
2 30 12 29 30
