2988
2 1 1 1 23
2 3 33 1 1
2 1 2 1 28
2 1 7 1 2
2 1 3 1 7
2 5 13 1 3
2 1 4 2 18
2 2 3 1 4
2 1 5 2 3
2 5 32 1 5
2 1 7 3 1
2 3 4 1 7
2 1 8 3 4
2 8 2 1 8
2 1 10 3 7
2 4 18 1 10
2 1 11 3 20
2 10 21 1 11
2 1 12 3 33
2 6 7 1 12
2 1 13 4 18
2 1 17 1 13
2 1 14 1 17
2 1 26 1 14
2 1 15 1 26
2 14 38 1 15
2 1 16 4 32
2 1 23 1 16
2 1 17 1 23
2 3 20 1 17
2 1 18 3 20
2 3 28 1 18
2 1 19 3 28
2 2 28 1 19
2 1 20 2 28
2 8 18 1 20
2 1 21 4 37
2 4 21 1 21
2 1 22 4 21
2 5 3 1 22
2 1 23 5 3
2 2 24 1 23
2 1 24 2 24
2 2 21 1 24
2 1 25 2 21
2 3 13 1 25
2 1 26 3 13
2 9 15 1 26
2 1 27 5 13
2 4 37 1 27
2 1 28 4 37
2 1 33 1 28
2 1 29 1 33
2 4 29 1 29
2 1 30 4 29
2 4 5 1 30
2 1 31 4 5
2 10 17 1 31
2 1 32 5 32
2 3 22 1 32
2 1 33 3 22
2 3 20 1 33
2 1 34 3 20
2 13 9 1 34
2 1 35 5 38
2 2 2 1 35
2 1 36 2 2
2 2 15 1 36
2 1 37 2 15
2 6 9 1 37
2 1 38 5 40
2 8 13 1 38
2 1 39 6 7
2 3 6 1 39
2 1 40 3 6
2 16 8 1 40
2 2 1 6 9
2 3 2 2 1
2 2 2 3 2
2 2 14 2 2
2 2 3 2 14
2 8 17 2 3
2 2 4 6 19
2 2 17 2 4
2 2 5 2 17
2 3 30 2 5
2 2 6 3 30
2 5 31 2 6
2 2 7 5 31
2 6 27 2 7
2 2 9 6 27
2 9 39 2 9
2 2 10 7 6
2 3 11 2 10
2 2 11 3 11
2 5 39 2 11
2 2 12 5 39
2 16 37 2 12
2 2 13 8 2
2 2 37 2 13
2 2 14 2 37
2 9 18 2 14
2 2 15 8 13
2 7 11 2 15
2 2 16 7 11
2 8 38 2 16
2 2 17 8 17
2 8 25 2 17
2 2 18 8 18
2 8 5 2 18
2 2 19 8 5
2 2 30 2 19
2 2 20 2 30
2 11 15 2 20
2 2 21 8 25
2 10 4 2 21
2 2 22 8 38
2 7 9 2 22
2 2 23 7 9
2 3 36 2 23
2 2 24 3 36
2 2 37 2 24
2 2 25 2 37
2 4 29 2 25
2 2 26 4 29
2 5 29 2 26
2 2 27 5 29
2 4 4 2 27
2 2 28 4 4
2 3 17 2 28
2 2 29 3 17
2 3 35 2 29
2 2 30 3 35
2 10 36 2 30
2 2 31 9 15
2 10 38 2 31
2 2 32 9 18
2 5 2 2 32
2 2 33 5 2
2 5 3 2 33
2 2 34 5 3
2 22 38 2 34
2 2 35 9 39
2 13 20 2 35
2 2 36 9 40
2 17 24 2 36
2 2 37 10 4
2 5 31 2 37
2 2 38 5 31
2 24 4 2 38
2 2 39 10 17
2 4 8 2 39
2 2 40 4 8
2 12 2 2 40
2 3 2 10 21
2 6 1 3 2
2 3 3 6 1
2 5 10 3 3
2 3 4 5 10
2 3 18 3 4
2 3 5 3 18
2 9 8 3 5
2 3 6 9 8
2 8 32 3 6
2 3 7 8 32
2 6 33 3 7
2 3 8 6 33
2 5 10 3 8
2 3 9 5 10
2 11 40 3 9
2 3 12 10 31
2 23 13 3 12
2 3 13 10 36
2 5 12 3 13
2 3 14 5 12
2 10 24 3 14
2 3 16 10 24
2 5 16 3 16
2 3 17 5 16
2 21 10 3 17
2 3 18 10 38
2 5 15 3 18
2 3 19 5 15
2 5 12 3 19
2 3 20 5 12
2 20 23 3 20
2 3 21 10 40
2 5 6 3 21
2 3 22 5 6
2 6 31 3 22
2 3 23 6 31
2 21 23 3 23
2 3 24 11 15
2 4 37 3 24
2 3 25 4 37
2 10 13 3 25
2 3 26 10 13
2 14 30 3 26
2 3 27 11 21
2 17 26 3 27
2 3 28 11 29
2 8 25 3 28
2 3 30 8 25
2 6 9 3 30
2 3 31 6 9
2 33 35 3 31
2 3 33 11 35
2 5 8 3 33
2 3 34 5 8
2 4 40 3 34
2 3 35 4 40
2 4 35 3 35
2 3 36 4 35
2 5 12 3 36
2 3 37 5 12
2 11 16 3 37
2 3 38 11 16
2 4 16 3 38
2 3 39 4 16
2 15 24 3 39
2 3 40 11 37
2 3 32 3 40
2 4 1 3 32
2 8 30 4 1
2 4 2 8 30
2 11 33 4 2
2 4 3 11 33
2 13 11 4 3
2 4 4 11 40
2 10 11 4 4
2 4 5 10 11
2 9 21 4 5
2 4 6 9 21
2 11 29 4 6
2 4 7 11 29
2 4 23 4 7
2 4 8 4 23
2 17 14 4 8
2 4 9 12 2
2 7 37 4 9
2 4 10 7 37
2 7 17 4 10
2 4 11 7 17
2 18 10 4 11
2 4 13 12 4
2 6 32 4 13
2 4 14 6 32
2 6 33 4 14
2 4 15 6 33
2 4 31 4 15
2 4 16 4 31
2 5 34 4 16
2 4 17 5 34
2 4 26 4 17
2 4 18 4 26
2 3 32 4 18
2 4 19 3 32
2 10 10 4 19
2 4 20 10 10
2 12 37 4 20
2 4 21 12 21
2 15 34 4 21
2 4 22 12 34
2 11 12 4 22
2 4 23 11 12
2 5 23 4 23
2 4 24 5 23
2 4 29 4 24
2 4 25 4 29
2 12 4 4 25
2 4 26 12 4
2 26 8 4 26
2 4 27 12 37
2 21 9 4 27
2 4 28 12 38
2 20 6 4 28
2 4 29 13 9
2 36 34 4 29
2 4 30 13 11
2 1 6 4 30
2 4 31 1 6
2 8 17 4 31
2 4 32 8 17
2 7 1 4 32
2 4 33 7 1
2 4 36 4 33
2 4 34 4 36
2 12 11 4 34
2 4 35 12 11
2 6 5 4 35
2 4 36 6 5
2 9 14 4 36
2 4 37 9 14
2 9 4 4 37
2 4 38 9 4
2 5 5 4 38
2 4 39 5 5
2 8 22 4 39
2 4 40 8 22
2 5 21 4 40
2 5 1 5 21
2 5 3 5 1
2 5 2 5 3
2 12 13 5 2
2 5 3 12 13
2 7 5 5 3
2 5 4 7 5
2 7 15 5 4
2 5 5 7 15
2 6 21 5 5
2 5 6 6 21
2 8 27 5 6
2 5 7 8 27
2 18 25 5 7
2 5 8 13 14
2 19 13 5 8
2 5 9 13 20
2 3 10 5 9
2 5 10 3 10
2 8 1 5 10
2 5 11 8 1
2 14 15 5 11
2 5 12 13 30
2 17 31 5 12
2 5 13 14 11
2 6 4 5 13
2 5 15 6 4
2 12 25 5 15
2 5 16 12 25
2 17 39 5 16
2 5 17 14 14
2 3 10 5 17
2 5 18 3 10
2 3 32 5 18
2 5 19 3 32
2 9 39 5 19
2 5 20 9 39
2 3 10 5 20
2 5 21 3 10
2 8 9 5 21
2 5 22 8 9
2 35 4 5 22
2 5 23 14 15
2 6 22 5 23
2 5 24 6 22
2 6 34 5 24
2 5 25 6 34
2 7 37 5 25
2 5 26 7 37
2 12 20 5 26
2 5 27 12 20
2 6 24 5 27
2 5 28 6 24
2 7 4 5 28
2 5 29 7 4
2 17 6 5 29
2 5 32 14 30
2 14 37 5 32
2 5 33 14 35
2 7 30 5 33
2 5 34 7 30
2 7 19 5 34
2 5 35 7 19
2 9 2 5 35
2 5 36 9 2
2 14 8 5 36
2 5 37 14 8
2 6 29 5 37
2 5 38 6 29
2 12 16 5 38
2 5 40 12 16
2 6 30 5 40
2 6 1 6 30
2 10 3 6 1
2 6 2 10 3
2 6 17 6 2
2 6 3 6 17
2 13 38 6 3
2 6 4 13 38
2 13 9 6 4
2 6 5 13 9
2 14 18 6 5
2 6 6 14 18
2 15 8 6 6
2 6 8 14 37
2 13 7 6 8
2 6 9 13 7
2 5 31 6 9
2 6 11 5 31
2 8 22 6 11
2 6 12 8 22
2 10 33 6 12
2 6 13 10 33
2 8 24 6 13
2 6 14 8 24
2 7 26 6 14
2 6 15 7 26
2 9 1 6 15
2 6 16 9 1
2 33 20 6 16
2 6 17 14 38
2 11 26 6 17
2 6 19 11 26
2 20 13 6 19
2 6 20 15 8
2 24 33 6 20
2 6 21 15 24
2 24 11 6 21
2 6 22 15 34
2 12 25 6 22
2 6 23 12 25
2 8 30 6 23
2 6 24 8 30
2 8 13 6 24
2 6 25 8 13
2 18 33 6 25
2 6 26 15 40
2 8 26 6 26
2 6 27 8 26
2 13 13 6 27
2 6 28 13 13
2 7 15 6 28
2 6 29 7 15
2 25 22 6 29
2 6 30 16 3
2 9 14 6 30
2 6 31 9 14
2 8 40 6 31
2 6 32 8 40
2 25 17 6 32
2 6 33 16 8
2 9 32 6 33
2 6 34 9 32
2 9 26 6 34
2 6 35 9 26
2 25 31 6 35
2 6 36 16 23
2 9 7 6 36
2 6 37 9 7
2 13 7 6 37
2 6 38 13 7
2 14 16 6 38
2 6 39 14 16
2 5 39 6 39
2 6 40 5 39
2 21 39 6 40
2 7 1 16 26
2 22 8 7 1
2 7 2 16 37
2 9 11 7 2
2 7 3 9 11
2 12 37 7 3
2 7 4 12 37
2 24 20 7 4
2 7 5 17 6
2 7 6 7 5
2 7 6 7 6
2 11 1 7 6
2 7 7 11 1
2 9 16 7 7
2 7 8 9 16
2 23 1 7 8
2 7 9 17 14
2 11 20 7 9
2 7 10 11 20
2 9 23 7 10
2 7 11 9 23
2 12 10 7 11
2 7 12 12 10
2 10 27 7 12
2 7 13 10 27
2 26 27 7 13
2 7 14 17 19
2 11 24 7 14
2 7 15 11 24
2 21 6 7 15
2 7 16 17 24
2 23 22 7 16
2 7 17 17 26
2 8 33 7 17
2 7 18 8 33
2 9 24 7 18
2 7 19 9 24
2 9 22 7 19
2 7 20 9 22
2 9 9 7 20
2 7 21 9 9
2 11 28 7 21
2 7 22 11 28
2 14 5 7 22
2 7 23 14 5
2 25 13 7 23
2 7 24 17 31
2 7 26 7 24
2 7 25 7 26
2 12 40 7 25
2 7 26 12 40
2 10 38 7 26
2 7 27 10 38
2 21 32 7 27
2 7 28 17 39
2 32 6 7 28
2 7 29 18 7
2 17 12 7 29
2 7 30 17 12
2 8 20 7 30
2 7 32 8 20
2 31 29 7 32
2 7 33 18 8
2 24 36 7 33
2 7 34 18 10
2 15 12 7 34
2 7 37 15 12
2 17 25 7 37
2 7 38 17 25
2 5 14 7 38
2 7 39 5 14
2 19 32 7 39
2 7 40 18 12
2 13 39 7 40
2 8 1 13 39
2 10 1 8 1
2 8 2 10 1
2 8 31 8 2
2 8 3 8 31
2 11 35 8 3
2 8 4 11 35
2 19 17 8 4
2 8 5 18 25
2 17 2 8 5
2 8 6 17 2
2 8 38 8 6
2 8 7 8 38
2 19 23 8 7
2 8 8 18 33
2 15 11 8 8
2 8 12 15 11
2 10 39 8 12
2 8 13 10 39
2 11 23 8 13
2 8 14 11 23
2 12 25 8 14
2 8 15 12 25
2 22 23 8 15
2 8 16 18 37
2 38 27 8 16
2 8 17 19 13
2 9 6 8 17
2 8 18 9 6
2 13 12 8 18
2 8 19 13 12
2 11 3 8 19
2 8 20 11 3
2 21 17 8 20
2 8 21 19 17
2 11 6 8 21
2 8 22 11 6
2 10 33 8 22
2 8 23 10 33
2 8 30 8 23
2 8 24 8 30
2 8 35 8 24
2 8 25 8 35
2 11 29 8 25
2 8 26 11 29
2 9 37 8 26
2 8 27 9 37
2 16 5 8 27
2 8 29 16 5
2 33 11 8 29
2 8 30 19 23
2 11 17 8 30
2 8 31 11 17
2 18 18 8 31
2 8 32 18 18
2 12 38 8 32
2 8 33 12 38
2 22 27 8 33
2 8 34 19 32
2 23 17 8 34
2 8 35 19 33
2 11 2 8 35
2 8 36 11 2
2 19 24 8 36
2 8 37 19 24
2 13 2 8 37
2 8 38 13 2
2 1 6 8 38
2 8 39 1 6
2 22 35 8 39
2 8 40 20 6
2 11 23 8 40
2 9 1 11 23
2 13 19 9 1
2 9 2 13 19
2 12 32 9 2
2 9 3 12 32
2 20 17 9 3
2 9 4 20 8
2 6 7 9 4
2 9 5 6 7
2 5 14 9 5
2 9 6 5 14
2 13 7 9 6
2 9 7 13 7
2 11 24 9 7
2 9 8 11 24
2 35 3 9 8
2 9 9 20 13
2 15 23 9 9
2 9 10 15 23
2 6 7 9 10
2 9 11 6 7
2 19 8 9 11
2 9 12 19 8
2 15 13 9 12
2 9 13 15 13
2 12 21 9 13
2 9 14 12 21
2 16 16 9 14
2 9 15 16 16
2 13 38 9 15
2 9 16 13 38
2 14 8 9 16
2 9 17 14 8
2 17 1 9 17
2 9 18 17 1
2 12 32 9 18
2 9 19 12 32
2 27 20 9 19
2 9 20 20 17
2 14 3 9 20
2 9 21 14 3
2 26 14 9 21
2 9 22 20 23
2 3 11 9 22
2 9 23 3 11
2 11 31 9 23
2 9 24 11 31
2 17 26 9 24
2 9 25 17 26
2 10 32 9 25
2 9 26 10 32
2 10 33 9 26
2 9 27 10 33
2 13 18 9 27
2 9 28 13 18
2 5 14 9 28
2 9 29 5 14
2 7 36 9 29
2 9 30 7 36
2 11 9 9 30
2 9 31 11 9
2 12 28 9 31
2 9 32 12 28
2 17 33 9 32
2 9 33 17 33
2 18 17 9 33
2 9 34 18 17
2 16 37 9 34
2 9 35 16 37
2 10 15 9 35
2 9 36 10 15
2 13 36 9 36
2 9 37 13 36
2 21 31 9 37
2 9 38 20 33
2 27 26 9 38
2 9 39 21 5
2 17 32 9 39
2 9 40 17 32
2 11 30 9 40
2 10 1 11 30
2 22 25 10 1
2 10 2 21 6
2 13 15 10 2
2 10 3 13 15
2 12 33 10 3
2 10 4 12 33
2 13 11 10 4
2 10 5 13 11
2 11 35 10 5
2 10 6 11 35
2 37 18 10 6
2 10 7 21 9
2 12 26 10 7
2 10 8 12 26
2 11 9 10 8
2 10 9 11 9
2 10 40 10 9
2 10 10 10 40
2 8 11 10 10
2 10 11 8 11
2 22 14 10 11
2 10 13 21 10
2 11 2 10 13
2 10 14 11 2
2 12 7 10 14
2 10 15 12 7
2 13 22 10 15
2 10 16 13 22
2 3 10 10 16
2 10 17 3 10
2 10 25 10 17
2 10 18 10 25
2 11 2 10 18
2 10 19 11 2
2 11 11 10 19
2 10 20 11 11
2 14 32 10 20
2 10 21 14 32
2 25 10 10 21
2 10 22 21 17
2 8 9 10 22
2 10 24 8 9
2 14 25 10 24
2 10 25 14 25
2 11 25 10 25
2 10 26 11 25
2 3 29 10 26
2 10 27 3 29
2 14 30 10 27
2 10 28 14 30
2 13 38 10 28
2 10 29 13 38
2 5 31 10 29
2 10 30 5 31
2 3 10 10 30
2 10 31 3 10
2 18 9 10 31
2 10 32 18 9
2 27 5 10 32
2 10 33 21 23
2 3 11 10 33
2 10 34 3 11
2 12 18 10 34
2 10 35 12 18
2 28 10 10 35
2 10 36 21 31
2 5 31 10 36
2 10 37 5 31
2 18 4 10 37
2 10 38 18 4
2 15 20 10 38
2 10 39 15 20
2 12 8 10 39
2 10 40 12 8
2 34 33 10 40
2 11 1 21 32
2 13 2 11 1
2 11 2 13 2
2 16 18 11 2
2 11 3 16 18
2 21 40 11 3
2 11 4 21 39
2 11 39 11 4
2 11 5 11 39
2 25 1 11 5
2 11 6 21 40
2 12 2 11 6
2 11 7 12 2
2 11 18 11 7
2 11 8 11 18
2 12 5 11 8
2 11 10 12 5
2 23 33 11 10
2 11 11 22 8
2 12 31 11 11
2 11 12 12 31
2 15 22 11 12
2 11 13 15 22
2 15 32 11 13
2 11 14 15 32
2 20 21 11 14
2 11 15 20 21
2 29 32 11 15
2 11 16 22 14
2 20 40 11 16
2 11 18 20 40
2 18 3 11 18
2 11 19 18 3
2 14 29 11 19
2 11 20 14 29
2 27 17 11 20
2 11 21 22 21
2 17 10 11 21
2 11 22 17 10
2 14 13 11 22
2 11 23 14 13
2 4 12 11 23
2 11 24 4 12
2 18 36 11 24
2 11 25 18 36
2 19 20 11 25
2 11 26 19 20
2 6 18 11 26
2 11 27 6 18
2 19 7 11 27
2 11 28 19 7
2 13 16 11 28
2 11 29 13 16
2 28 15 11 29
2 11 30 22 23
2 19 19 11 30
2 11 31 19 19
2 15 11 11 31
2 11 32 15 11
2 12 13 11 32
2 11 33 12 13
2 36 2 11 33
2 11 34 22 25
2 14 21 11 34
2 11 35 14 21
2 25 16 11 35
2 11 36 22 27
2 13 14 11 36
2 11 37 13 14
2 12 35 11 37
2 11 38 12 35
2 22 9 11 38
2 11 39 22 9
2 21 23 11 39
2 11 40 21 23
2 12 14 11 40
2 12 1 12 14
2 12 22 12 1
2 12 2 12 22
2 21 36 12 2
2 12 3 21 36
2 5 31 12 3
2 12 4 5 31
2 33 38 12 4
2 12 5 22 35
2 14 29 12 5
2 12 7 14 29
2 12 16 12 7
2 12 8 12 16
2 15 32 12 8
2 12 9 15 32
2 15 29 12 9
2 12 10 15 29
2 14 27 12 10
2 12 11 14 27
2 20 6 12 11
2 12 12 20 6
2 12 18 12 12
2 12 13 12 18
2 13 28 12 13
2 12 14 13 28
2 14 11 12 14
2 12 15 14 11
2 19 5 12 15
2 12 16 19 5
2 27 31 12 16
2 12 17 22 38
2 30 23 12 17
2 12 18 23 1
2 16 1 12 18
2 12 19 16 1
2 12 29 12 19
2 12 20 12 29
2 20 1 12 20
2 12 21 20 1
2 17 17 12 21
2 12 22 17 17
2 13 18 12 22
2 12 23 13 18
2 20 31 12 23
2 12 24 20 31
2 13 10 12 24
2 12 25 13 10
2 14 2 12 25
2 12 27 14 2
2 15 24 12 27
2 12 28 15 24
2 27 32 12 28
2 12 30 23 13
2 17 3 12 30
2 12 31 17 3
2 13 5 12 31
2 12 32 13 5
2 20 24 12 32
2 12 33 20 24
2 14 39 12 33
2 12 34 14 39
2 24 5 12 34
2 12 35 23 17
2 5 30 12 35
2 12 36 5 30
2 15 24 12 36
2 12 37 15 24
2 3 10 12 37
2 12 38 3 10
2 25 8 12 38
2 12 39 23 22
2 14 23 12 39
2 12 40 14 23
2 22 31 12 40
2 13 1 22 31
2 17 12 13 1
2 13 2 17 12
2 15 31 13 2
2 13 3 15 31
2 16 5 13 3
2 13 4 16 5
2 3 10 13 4
2 13 5 3 10
2 8 11 13 5
2 13 6 8 11
2 33 37 13 6
2 13 7 23 29
2 16 16 13 7
2 13 9 16 16
2 24 37 13 9
2 13 10 23 32
2 16 8 13 10
2 13 11 16 8
2 14 36 13 11
2 13 12 14 36
2 14 6 13 12
2 13 13 14 6
2 10 23 13 13
2 13 14 10 23
2 21 15 13 14
2 13 15 21 15
2 5 31 13 15
2 13 16 5 31
2 37 2 13 16
2 13 17 23 33
2 15 14 13 17
2 13 18 15 14
2 14 19 13 18
2 13 19 14 19
2 14 2 13 19
2 13 20 14 2
2 18 19 13 20
2 13 22 18 19
2 15 36 13 22
2 13 23 15 36
2 15 23 13 23
2 13 24 15 23
2 13 35 13 24
2 13 25 13 35
2 24 27 13 25
2 13 26 23 36
2 15 32 13 26
2 13 27 15 32
2 13 34 13 27
2 13 28 13 34
2 6 18 13 28
2 13 29 6 18
2 7 36 13 29
2 13 31 7 36
2 3 32 13 31
2 13 32 3 32
2 17 18 13 32
2 13 33 17 18
2 17 40 13 33
2 13 34 17 40
2 17 20 13 34
2 13 35 17 20
2 21 33 13 35
2 13 36 21 33
2 16 3 13 36
2 13 37 16 3
2 1 6 13 37
2 13 38 1 6
2 16 25 13 38
2 13 39 16 25
2 26 4 13 39
2 13 40 23 37
2 14 26 13 40
2 14 1 14 26
2 15 7 14 1
2 14 2 15 7
2 19 9 14 2
2 14 3 19 9
2 14 15 14 3
2 14 4 14 15
2 21 17 14 4
2 14 5 21 17
2 14 28 14 5
2 14 6 14 28
2 5 30 14 6
2 14 7 5 30
2 16 9 14 7
2 14 8 16 9
2 18 21 14 8
2 14 9 18 21
2 1 9 14 9
2 14 10 1 9
2 16 13 14 10
2 14 11 16 13
2 15 24 14 11
2 14 12 15 24
2 16 40 14 12
2 14 13 16 40
2 24 30 14 13
2 14 14 24 1
2 11 9 14 14
2 14 15 11 9
2 14 25 14 15
2 14 16 14 25
2 11 9 14 16
2 14 17 11 9
2 37 13 14 17
2 14 18 24 4
2 17 28 14 18
2 14 19 17 28
2 16 20 14 19
2 14 20 16 20
2 24 4 14 20
2 14 21 24 4
2 13 21 14 21
2 14 22 13 21
2 15 11 14 22
2 14 23 15 11
2 21 21 14 23
2 14 24 21 21
2 24 16 14 24
2 14 25 24 5
2 17 13 14 25
2 14 26 17 13
2 23 24 14 26
2 14 27 23 24
2 37 32 14 27
2 14 28 24 11
2 14 34 14 28
2 14 29 14 34
2 14 31 14 29
2 14 30 14 31
2 10 23 14 30
2 14 31 10 23
2 27 14 14 31
2 14 33 24 16
2 39 22 14 33
2 14 34 24 20
2 40 12 14 34
2 14 35 24 27
2 17 32 14 35
2 14 36 17 32
2 23 16 14 36
2 14 37 23 16
2 16 28 14 37
2 14 38 16 28
2 17 3 14 38
2 14 39 17 3
2 40 3 14 39
2 14 40 24 30
2 24 19 14 40
2 15 1 24 19
2 18 1 15 1
2 15 2 18 1
2 7 35 15 2
2 15 3 7 35
2 10 12 15 3
2 15 4 10 12
2 15 17 15 4
2 15 5 15 17
2 15 12 15 5
2 15 6 15 12
2 22 13 15 6
2 15 7 22 13
2 24 7 15 7
2 15 8 24 7
2 26 22 15 8
2 15 9 24 33
2 10 12 15 9
2 15 10 10 12
2 15 29 15 10
2 15 11 15 29
2 16 24 15 11
2 15 12 16 24
2 22 24 15 12
2 15 13 22 24
2 6 10 15 13
2 15 14 6 10
2 29 27 15 14
2 15 15 24 36
2 3 11 15 15
2 15 16 3 11
2 17 23 15 16
2 15 17 17 23
2 15 24 15 17
2 15 18 15 24
2 12 6 15 18
2 15 19 12 6
2 22 19 15 19
2 15 20 22 19
2 21 29 15 20
2 15 21 21 29
2 7 36 15 21
2 15 22 7 36
2 17 22 15 22
2 15 23 17 22
2 15 35 15 23
2 15 24 15 35
2 15 37 15 24
2 15 25 15 37
2 17 39 15 25
2 15 26 17 39
2 24 39 15 26
2 15 27 24 37
2 17 3 15 27
2 15 28 17 3
2 8 10 15 28
2 15 29 8 10
2 22 2 15 29
2 15 30 22 2
2 16 10 15 30
2 15 31 16 10
2 16 25 15 31
2 15 32 16 25
2 17 39 15 32
2 15 34 17 39
2 35 6 15 34
2 15 35 24 39
2 22 12 15 35
2 15 36 22 12
2 30 35 15 36
2 15 37 25 1
2 29 15 15 37
2 15 38 25 6
2 2 8 15 38
2 15 39 2 8
2 20 19 15 39
2 15 40 20 19
2 26 7 15 40
2 16 1 25 8
2 18 3 16 1
2 16 2 18 3
2 29 16 16 2
2 16 3 25 10
2 16 22 16 3
2 16 4 16 22
2 16 27 16 4
2 16 5 16 27
2 16 26 16 5
2 16 6 16 26
2 20 8 16 6
2 16 7 20 8
2 6 7 16 7
2 16 8 6 7
2 17 14 16 8
2 16 9 17 14
2 21 12 16 9
2 16 10 21 12
2 33 29 16 10
2 16 11 25 13
2 16 21 16 11
2 16 12 16 21
2 16 25 16 12
2 16 13 16 25
2 8 11 16 13
2 16 14 8 11
2 17 32 16 14
2 16 15 17 32
2 16 22 16 15
2 16 16 16 22
2 11 17 16 16
2 16 18 11 17
2 19 14 16 18
2 16 19 19 14
2 20 34 16 19
2 16 20 20 34
2 7 35 16 20
2 16 21 7 35
2 5 30 16 21
2 16 22 5 30
2 21 3 16 22
2 16 23 21 3
2 33 28 16 23
2 16 24 25 16
2 19 37 16 24
2 16 25 19 37
2 19 12 16 25
2 16 26 19 12
2 21 12 16 26
2 16 27 21 12
2 22 33 16 27
2 16 28 22 33
2 18 6 16 28
2 16 29 18 6
2 35 5 16 29
2 16 30 25 17
2 38 15 16 30
2 16 31 25 22
2 24 5 16 31
2 16 32 24 5
2 25 18 16 32
2 16 33 25 18
2 17 39 16 33
2 16 34 17 39
2 18 38 16 34
2 16 35 18 38
2 29 40 16 35
2 16 37 25 30
2 17 31 16 37
2 16 38 17 31
2 21 37 16 38
2 16 39 21 37
2 24 39 16 39
2 16 40 24 39
2 18 23 16 40
2 17 1 18 23
2 19 28 17 1
2 17 2 19 28
2 24 18 17 2
2 17 3 24 18
2 20 21 17 3
2 17 4 20 21
2 30 36 17 4
2 17 5 25 31
2 17 21 17 5
2 17 6 17 21
2 16 17 17 6
2 17 7 16 17
2 22 9 17 7
2 17 8 22 9
2 23 35 17 8
2 17 9 23 35
2 20 33 17 9
2 17 10 20 33
2 17 40 17 10
2 17 11 17 40
2 18 13 17 11
2 17 12 18 13
2 10 12 17 12
2 17 13 10 12
2 31 15 17 13
2 17 14 26 4
2 22 18 17 14
2 17 15 22 18
2 17 32 17 15
2 17 16 17 32
2 8 9 17 16
2 17 17 8 9
2 5 14 17 17
2 17 18 5 14
2 20 9 17 18
2 17 19 20 9
2 17 33 17 19
2 17 20 17 33
2 20 21 17 20
2 17 21 20 21
2 17 31 17 21
2 17 22 17 31
2 20 16 17 22
2 17 23 20 16
2 20 2 17 23
2 17 24 20 2
2 8 9 17 24
2 17 25 8 9
2 25 25 17 25
2 17 26 25 25
2 32 18 17 26
2 17 27 26 7
2 18 26 17 27
2 17 28 18 26
2 8 9 17 28
2 17 29 8 9
2 18 15 17 29
2 17 30 18 15
2 5 14 17 30
2 17 31 5 14
2 25 3 17 31
2 17 32 25 3
2 25 14 17 32
2 17 33 25 14
2 6 18 17 33
2 17 34 6 18
2 32 33 17 34
2 17 35 26 8
2 19 19 17 35
2 17 36 19 19
2 21 4 17 36
2 17 37 21 4
2 40 19 17 37
2 17 38 26 14
2 19 21 17 38
2 17 39 19 21
2 19 10 17 39
2 17 40 19 10
2 27 18 17 40
2 18 1 26 21
2 34 25 18 1
2 18 2 26 22
2 7 36 18 2
2 18 3 7 36
2 18 31 18 3
2 18 4 18 31
2 20 2 18 4
2 18 5 20 2
2 1 9 18 5
2 18 6 1 9
2 24 33 18 6
2 18 7 24 33
2 8 9 18 7
2 18 8 8 9
2 19 2 18 8
2 18 9 19 2
2 18 35 18 9
2 18 10 18 35
2 19 35 18 10
2 18 11 19 35
2 33 17 18 11
2 18 12 26 23
2 33 21 18 12
2 18 13 26 24
2 33 7 18 13
2 18 14 26 27
2 19 38 18 14
2 18 15 19 38
2 19 34 18 15
2 18 16 19 34
2 35 30 18 16
2 18 17 27 4
2 35 39 18 17
2 18 18 27 5
2 21 26 18 18
2 18 19 21 26
2 21 19 18 19
2 18 20 21 19
2 10 12 18 20
2 18 21 10 12
2 19 12 18 21
2 18 22 19 12
2 26 9 18 22
2 18 24 26 9
2 21 32 18 24
2 18 25 21 32
2 18 37 18 25
2 18 26 18 37
2 31 31 18 26
2 18 27 27 14
2 19 9 18 27
2 18 30 19 9
2 28 23 18 30
2 18 32 27 15
2 36 15 18 32
2 18 34 27 17
2 20 4 18 34
2 18 35 20 4
2 25 18 18 35
2 18 36 25 18
2 3 32 18 36
2 18 38 3 32
2 23 3 18 38
2 18 39 23 3
2 19 40 18 39
2 18 40 19 40
2 29 5 18 40
2 19 1 27 18
2 19 7 19 1
2 19 2 19 7
2 19 24 19 2
2 19 3 19 24
2 37 36 19 3
2 19 4 27 20
2 24 15 19 4
2 19 5 24 15
2 26 14 19 5
2 19 6 26 14
2 39 1 19 6
2 19 7 27 26
2 26 11 19 7
2 19 9 26 11
2 23 3 19 9
2 19 10 23 3
2 21 37 19 10
2 19 11 21 37
2 19 32 19 11
2 19 12 19 32
2 22 6 19 12
2 19 13 22 6
2 6 18 19 13
2 19 14 6 18
2 21 37 19 14
2 19 15 21 37
2 20 18 19 15
2 19 16 20 18
2 18 29 19 16
2 19 17 18 29
2 18 23 19 17
2 19 19 18 23
2 20 24 19 19
2 19 20 20 24
2 18 28 19 20
2 19 21 18 28
2 28 33 19 21
2 19 22 27 31
2 8 10 19 22
2 19 23 8 10
2 23 2 19 23
2 19 24 23 2
2 21 23 19 24
2 19 25 21 23
2 19 18 19 25
2 19 26 19 18
2 22 11 19 26
2 19 27 22 11
2 4 12 19 27
2 19 28 4 12
2 27 22 19 28
2 19 29 27 22
2 1 9 19 29
2 19 30 1 9
2 27 3 19 30
2 19 31 27 3
2 35 38 19 31
2 19 32 27 32
2 28 32 19 32
2 19 33 27 36
2 21 2 19 33
2 19 36 21 2
2 21 24 19 36
2 19 37 21 24
2 39 20 19 37
2 19 38 27 37
2 32 32 19 38
2 19 39 28 2
2 21 13 19 39
2 19 40 21 13
2 31 3 19 40
2 20 1 28 10
2 26 35 20 1
2 20 2 26 35
2 23 11 20 2
2 20 3 23 11
2 34 31 20 3
2 20 4 28 12
2 25 7 20 4
2 20 5 25 7
2 18 29 20 5
2 20 6 18 29
2 25 23 20 6
2 20 7 25 23
2 25 22 20 7
2 20 8 25 22
2 27 2 20 8
2 20 9 27 2
2 21 21 20 9
2 20 10 21 21
2 26 35 20 10
2 20 11 26 35
2 23 20 20 11
2 20 12 23 20
2 26 7 20 12
2 20 13 26 7
2 25 39 20 13
2 20 14 25 39
2 23 2 20 14
2 20 15 23 2
2 25 12 20 15
2 20 16 25 12
2 20 34 20 16
2 20 17 20 34
2 21 38 20 17
2 20 18 21 38
2 22 30 20 18
2 20 19 22 30
2 21 20 20 19
2 20 20 21 20
2 35 13 20 20
2 20 21 28 15
2 23 21 20 21
2 20 22 23 21
2 22 35 20 22
2 20 23 22 35
2 25 3 20 23
2 20 24 25 3
2 20 38 20 24
2 20 25 20 38
2 12 26 20 25
2 20 27 12 26
2 15 33 20 27
2 20 28 15 33
2 22 30 20 28
2 20 30 22 30
2 22 18 20 30
2 20 31 22 18
2 20 40 20 31
2 20 32 20 40
2 26 37 20 32
2 20 33 26 37
2 23 13 20 33
2 20 34 23 13
2 28 18 20 34
2 20 35 28 18
2 39 17 20 35
2 20 36 28 19
2 3 32 20 36
2 20 37 3 32
2 21 17 20 37
2 20 38 21 17
2 35 29 20 38
2 20 39 28 23
2 36 37 20 39
2 20 40 28 26
2 36 21 20 40
2 21 2 28 32
2 21 34 21 2
2 21 3 21 34
2 23 14 21 3
2 21 4 23 14
2 3 10 21 4
2 21 5 3 10
2 22 37 21 5
2 21 6 22 37
2 21 32 21 6
2 21 7 21 32
2 19 35 21 7
2 21 8 19 35
2 8 11 21 8
2 21 9 8 11
2 21 27 21 9
2 21 11 21 27
2 23 33 21 11
2 21 12 23 33
2 24 36 21 12
2 21 13 24 36
2 37 38 21 13
2 21 14 28 33
2 30 19 21 14
2 21 15 28 39
2 21 30 21 15
2 21 16 21 30
2 21 27 21 16
2 21 17 21 27
2 38 4 21 17
2 21 18 29 5
2 2 8 21 18
2 21 19 2 8
2 10 12 21 19
2 21 20 10 12
2 37 16 21 20
2 21 21 29 15
2 25 5 21 21
2 21 22 25 5
2 26 29 21 22
2 21 23 26 29
2 35 21 21 23
2 21 24 29 16
2 24 36 21 24
2 21 26 24 36
2 21 28 21 26
2 21 27 21 28
2 29 11 21 27
2 21 28 29 11
2 34 40 21 28
2 21 29 29 27
2 27 21 21 29
2 21 30 27 21
2 29 24 21 30
2 21 31 29 24
2 3 32 21 31
2 21 32 3 32
2 30 12 21 32
2 21 34 29 32
2 11 9 21 34
2 21 35 11 9
2 25 36 21 35
2 21 36 25 36
2 35 8 21 36
2 21 37 29 40
2 18 29 21 37
2 21 38 18 29
2 23 21 21 38
2 21 39 23 21
2 26 40 21 39
2 21 40 26 40
2 30 4 21 40
2 22 1 30 4
2 22 8 22 1
2 22 2 22 8
2 11 17 22 2
2 22 3 11 17
2 24 21 22 3
2 22 4 24 21
2 10 12 22 4
2 22 5 10 12
2 5 31 22 5
2 22 6 5 31
2 27 8 22 6
2 22 7 27 8
2 22 26 22 7
2 22 8 22 26
2 23 34 22 8
2 22 9 23 34
2 29 2 22 9
2 22 10 29 2
2 29 14 22 10
2 22 11 29 14
2 5 39 22 11
2 22 12 5 39
2 30 28 22 12
2 22 13 30 9
2 24 10 22 13
2 22 14 24 10
2 23 5 22 14
2 22 15 23 5
2 30 22 22 15
2 22 16 30 12
2 19 8 22 16
2 22 17 19 8
2 26 5 22 17
2 22 18 26 5
2 23 16 22 18
2 22 19 23 16
2 27 30 22 19
2 22 20 27 30
2 29 16 22 20
2 22 21 29 16
2 1 6 22 21
2 22 22 1 6
2 12 6 22 22
2 22 23 12 6
2 28 7 22 23
2 22 24 28 7
2 23 19 22 24
2 22 25 23 19
2 22 27 22 25
2 22 26 22 27
2 38 3 22 26
2 22 27 30 19
2 23 21 22 27
2 22 28 23 21
2 23 35 22 28
2 22 29 23 35
2 23 4 22 29
2 22 30 23 4
2 8 10 22 30
2 22 32 8 10
2 10 12 22 32
2 22 33 10 12
2 6 10 22 33
2 22 34 6 10
2 23 21 22 34
2 22 35 23 21
2 7 36 22 35
2 22 36 7 36
2 27 23 22 36
2 22 37 27 23
2 29 5 22 37
2 22 38 29 5
2 38 22 22 38
2 22 39 30 22
2 24 20 22 39
2 22 40 24 20
2 29 26 22 40
2 23 1 29 26
2 12 6 23 1
2 23 2 12 6
2 5 14 23 2
2 23 3 5 14
2 25 7 23 3
2 23 4 25 7
2 16 17 23 4
2 23 5 16 17
2 26 24 23 5
2 23 6 26 24
2 24 23 23 6
2 23 7 24 23
2 11 9 23 7
2 23 8 11 9
2 23 35 23 8
2 23 10 23 35
2 23 17 23 10
2 23 11 23 17
2 4 12 23 11
2 23 12 4 12
2 34 28 23 12
2 23 13 30 23
2 24 9 23 13
2 23 14 24 9
2 16 17 23 14
2 23 15 16 17
2 30 37 23 15
2 23 16 30 25
2 23 24 23 16
2 23 17 23 24
2 29 38 23 17
2 23 18 29 38
2 25 36 23 18
2 23 19 25 36
2 23 37 23 19
2 23 20 23 37
2 36 20 23 20
2 23 21 30 26
2 36 36 23 21
2 23 22 30 28
2 29 20 23 22
2 23 23 29 20
2 3 1 23 23
2 23 24 3 1
2 28 25 23 24
2 23 25 28 25
2 19 8 23 25
2 23 26 19 8
2 34 16 23 26
2 23 28 30 30
2 24 26 23 28
2 23 29 24 26
2 30 1 23 29
2 23 31 30 1
2 26 33 23 31
2 23 32 26 33
2 26 16 23 32
2 23 33 26 16
2 24 23 23 33
2 23 34 24 23
2 32 23 23 34
2 23 35 30 32
2 26 5 23 35
2 23 36 26 5
2 32 4 23 36
2 23 37 30 35
2 28 28 23 37
2 23 38 28 28
2 18 37 23 38
2 23 39 18 37
2 24 11 23 39
2 24 1 24 11
2 30 11 24 1
2 24 2 30 11
2 24 7 24 2
2 24 3 24 7
2 7 36 24 3
2 24 4 7 36
2 28 33 24 4
2 24 5 28 33
2 25 37 24 5
2 24 6 25 37
2 13 21 24 6
2 24 7 13 21
2 7 36 24 7
2 24 8 7 36
2 22 31 24 8
2 24 9 22 31
2 35 20 24 9
2 24 10 30 36
2 21 1 24 10
2 24 11 21 1
2 27 8 24 11
2 24 12 27 8
2 28 20 24 12
2 24 13 28 20
2 24 32 24 13
2 24 14 24 32
2 25 40 24 14
2 24 16 25 40
2 22 31 24 16
2 24 17 22 31
2 24 21 24 17
2 24 18 24 21
2 27 1 24 18
2 24 19 27 1
2 6 10 24 19
2 24 20 6 10
2 26 29 24 20
2 24 21 26 29
2 3 29 24 21
2 24 22 3 29
2 27 2 24 22
2 24 23 27 2
2 18 28 24 23
2 24 24 18 28
2 32 17 24 24
2 24 25 30 37
2 6 10 24 25
2 24 26 6 10
2 37 6 24 26
2 24 28 31 3
2 25 3 24 28
2 24 29 25 3
2 15 33 24 29
2 24 30 15 33
2 35 34 24 30
2 24 31 31 12
2 30 3 24 31
2 24 32 30 3
2 25 33 24 32
2 24 34 25 33
2 26 20 24 34
2 24 35 26 20
2 25 4 24 35
2 24 36 25 4
2 28 7 24 36
2 24 37 28 7
2 28 32 24 37
2 24 39 28 32
2 27 4 24 39
2 24 40 27 4
2 27 34 24 40
2 25 1 27 34
2 27 22 25 1
2 25 2 27 22
2 26 19 25 2
2 25 3 26 19
2 26 10 25 3
2 25 4 26 10
2 18 23 25 4
2 25 5 18 23
2 36 4 25 5
2 25 6 31 15
2 30 21 25 6
2 25 7 30 21
2 4 12 25 7
2 25 8 4 12
2 25 33 25 8
2 25 9 25 33
2 27 1 25 9
2 25 10 27 1
2 34 6 25 10
2 25 12 31 25
2 10 23 25 12
2 25 13 10 23
2 27 6 25 13
2 25 14 27 6
2 28 23 25 14
2 25 15 28 23
2 27 30 25 15
2 25 16 27 30
2 30 5 25 16
2 25 17 30 5
2 27 18 25 17
2 25 18 27 18
2 6 18 25 18
2 25 19 6 18
2 24 15 25 19
2 25 20 24 15
2 34 13 25 20
2 25 21 31 29
2 26 6 25 21
2 25 22 26 6
2 10 12 25 22
2 25 23 10 12
2 32 37 25 23
2 25 24 31 31
2 10 12 25 24
2 25 25 10 12
2 35 16 25 25
2 25 26 31 33
2 8 10 25 26
2 25 27 8 10
2 26 24 25 27
2 25 28 26 24
2 25 38 25 28
2 25 29 25 38
2 3 10 25 29
2 25 31 3 10
2 10 12 25 31
2 25 32 10 12
2 8 10 25 32
2 25 33 8 10
2 28 39 25 33
2 25 35 28 39
2 35 25 25 35
2 25 36 31 40
2 29 8 25 36
2 25 37 29 8
2 27 28 25 37
2 25 38 27 28
2 5 39 25 38
2 25 39 5 39
2 19 18 25 39
2 26 1 19 18
2 29 14 26 1
2 26 2 29 14
2 3 29 26 2
2 26 3 3 29
2 27 38 26 3
2 26 5 27 38
2 6 7 26 5
2 26 6 6 7
2 28 36 26 6
2 26 7 28 36
2 38 23 26 7
2 26 8 32 4
2 26 37 26 8
2 26 9 26 37
2 27 8 26 9
2 26 10 27 8
2 13 21 26 10
2 26 11 13 21
2 13 30 26 11
2 26 14 13 30
2 30 20 26 14
2 26 15 30 20
2 29 9 26 15
2 26 16 29 9
2 21 10 26 16
2 26 17 21 10
2 26 35 26 17
2 26 18 26 35
2 10 23 26 18
2 26 19 10 23
2 38 16 26 19
2 26 20 32 5
2 27 27 26 20
2 26 21 27 27
2 35 11 26 21
2 26 22 32 6
2 31 11 26 22
2 26 23 31 11
2 29 37 26 23
2 26 24 29 37
2 28 33 26 24
2 26 25 28 33
2 31 39 26 25
2 26 26 31 39
2 8 11 26 26
2 26 27 8 11
2 3 32 26 27
2 26 28 3 32
2 28 16 26 28
2 26 29 28 16
2 32 20 26 29
2 26 31 32 13
2 33 5 26 31
2 26 32 32 17
2 39 13 26 32
2 26 33 32 18
2 28 36 26 33
2 26 35 28 36
2 28 34 26 35
2 26 36 28 34
2 28 9 26 36
2 26 37 28 9
2 29 27 26 37
2 26 38 29 27
2 26 13 26 38
2 26 39 26 13
2 28 14 26 39
2 26 40 28 14
2 29 20 26 40
2 27 1 29 20
2 28 9 27 1
2 27 3 28 9
2 10 12 27 3
2 27 4 10 12
2 18 29 27 4
2 27 5 18 29
2 28 4 27 5
2 27 6 28 4
2 35 22 27 6
2 27 7 32 20
2 30 3 27 7
2 27 8 30 3
2 38 8 27 8
2 27 9 32 23
2 40 30 27 9
2 27 10 32 24
2 34 15 27 10
2 27 11 32 30
2 39 28 27 11
2 27 12 32 32
2 36 35 27 12
2 27 13 32 33
2 27 29 27 13
2 27 14 27 29
2 21 10 27 14
2 27 15 21 10
2 32 25 27 15
2 27 16 32 25
2 33 36 27 16
2 27 17 32 34
2 3 11 27 17
2 27 18 3 11
2 30 17 27 18
2 27 19 30 17
2 31 22 27 19
2 27 20 31 22
2 8 10 27 20
2 27 21 8 10
2 28 35 27 21
2 27 23 28 35
2 40 21 27 23
2 27 24 32 37
2 28 3 27 24
2 27 25 28 3
2 6 7 27 25
2 27 27 6 7
2 28 29 27 27
2 27 28 28 29
2 3 1 27 28
2 27 29 3 1
2 30 15 27 29
2 27 30 30 15
2 14 32 27 30
2 27 31 14 32
2 31 2 27 31
2 27 32 31 2
2 30 26 27 32
2 27 33 30 26
2 34 17 27 33
2 27 34 33 3
2 29 2 27 34
2 27 35 29 2
2 39 5 27 35
2 27 36 33 5
2 34 4 27 36
2 27 37 33 7
2 33 34 27 37
2 27 38 33 11
2 28 22 27 38
2 27 39 28 22
2 30 35 27 39
2 27 40 30 35
2 29 29 27 40
2 28 1 29 29
2 36 29 28 1
2 28 2 33 15
2 29 27 28 2
2 28 3 29 27
2 28 7 28 3
2 28 4 28 7
2 25 11 28 4
2 28 5 25 11
2 37 24 28 5
2 28 6 33 17
2 30 25 28 6
2 28 7 30 25
2 37 12 28 7
2 28 9 33 20
2 31 22 28 9
2 28 10 31 22
2 30 2 28 10
2 28 11 30 2
2 37 23 28 11
2 28 12 33 21
2 12 6 28 12
2 28 13 12 6
2 31 5 28 13
2 28 15 31 5
2 37 4 28 15
2 28 17 33 28
2 4 12 28 17
2 28 18 4 12
2 12 6 28 18
2 28 19 12 6
2 29 10 28 19
2 28 20 29 10
2 30 23 28 20
2 28 22 30 23
2 19 35 28 22
2 28 23 19 35
2 31 1 28 23
2 28 24 31 1
2 38 37 28 24
2 28 25 33 29
2 18 31 28 25
2 28 27 18 31
2 18 37 28 27
2 28 28 18 37
2 24 15 28 28
2 28 29 24 15
2 40 10 28 29
2 28 30 33 34
2 15 33 28 30
2 28 31 15 33
2 31 28 28 31
2 28 32 31 28
2 30 1 28 32
2 28 33 30 1
2 32 36 28 33
2 28 34 32 36
2 33 5 28 34
2 28 35 33 5
2 15 33 28 35
2 28 36 15 33
2 39 31 28 36
2 28 37 33 35
2 10 23 28 37
2 28 38 10 23
2 29 5 28 38
2 28 39 29 5
2 33 25 28 39
2 28 40 33 25
2 28 8 28 40
2 29 1 28 8
2 39 38 29 1
2 29 2 33 36
2 33 27 29 2
2 29 3 33 27
2 33 1 29 3
2 29 4 33 1
2 32 9 29 4
2 29 5 32 9
2 30 13 29 5
2 29 6 30 13
2 18 28 29 6
2 29 7 18 28
2 38 5 29 7
2 29 8 33 37
2 34 36 29 8
2 29 9 33 38
2 32 15 29 9
2 29 10 32 15
2 18 31 29 10
2 29 11 18 31
2 30 12 29 11
2 29 12 30 12
2 32 32 29 12
2 29 13 32 32
2 29 39 29 13
2 29 14 29 39
2 38 32 29 14
2 29 15 34 4
2 19 8 29 15
2 29 16 19 8
2 24 33 29 16
2 29 17 24 33
2 29 24 29 17
2 29 18 29 24
2 36 5 29 18
2 29 19 34 6
2 40 33 29 19
2 29 20 34 13
2 29 23 29 20
2 29 21 29 23
2 6 7 29 21
2 29 22 6 7
2 20 26 29 22
2 29 24 20 26
2 28 16 29 24
2 29 25 28 16
2 3 1 29 25
2 29 26 3 1
2 30 29 29 26
2 29 27 30 29
2 10 23 29 27
2 29 28 10 23
2 30 10 29 28
2 29 29 30 10
2 3 32 29 29
2 29 30 3 32
2 14 32 29 30
2 29 31 14 32
2 30 33 29 31
2 29 32 30 33
2 30 40 29 32
2 29 33 30 40
2 19 18 29 33
2 29 34 19 18
2 25 11 29 34
2 29 35 25 11
2 38 1 29 35
2 29 36 34 15
2 6 10 29 36
2 29 37 6 10
2 37 26 29 37
2 29 38 34 16
2 13 21 29 38
2 29 39 13 21
2 34 19 29 39
2 29 40 34 17
2 32 26 29 40
2 30 1 32 26
2 3 29 30 1
2 30 2 3 29
2 34 22 30 2
2 30 3 34 19
2 40 17 30 3
2 30 4 34 22
2 33 10 30 4
2 30 5 33 10
2 23 9 30 5
2 30 7 23 9
2 13 30 30 7
2 30 8 13 30
2 30 30 30 8
2 30 9 30 30
2 16 36 30 9
2 30 10 16 36
2 30 39 30 10
2 30 11 30 39
2 11 9 30 11
2 30 12 11 9
2 30 17 30 12
2 30 13 30 17
2 32 23 30 13
2 30 14 32 23
2 30 27 30 14
2 30 15 30 27
2 30 19 30 15
2 30 16 30 19
2 32 5 30 16
2 30 17 32 5
2 36 22 30 17
2 30 18 34 25
2 37 17 30 18
2 30 19 34 28
2 36 16 30 19
2 30 20 34 30
2 33 23 30 20
2 30 21 33 23
2 31 6 30 21
2 30 22 31 6
2 33 22 30 22
2 30 23 33 22
2 33 14 30 23
2 30 24 33 14
2 33 37 30 24
2 30 25 33 37
2 24 38 30 25
2 30 26 24 38
2 31 2 30 26
2 30 27 31 2
2 24 38 30 27
2 30 28 24 38
2 19 35 30 28
2 30 29 19 35
2 31 7 30 29
2 30 30 31 7
2 32 16 30 30
2 30 31 32 16
2 31 20 30 31
2 30 32 31 20
2 2 8 30 32
2 30 33 2 8
2 33 36 30 33
2 30 34 33 36
2 13 21 30 34
2 30 35 13 21
2 31 3 30 35
2 30 36 31 3
2 3 1 30 36
2 30 38 3 1
2 21 1 30 38
2 30 39 21 1
2 10 23 30 39
2 30 40 10 23
2 38 40 30 40
2 31 1 34 31
2 33 1 31 1
2 31 2 33 1
2 31 6 31 2
2 31 3 31 6
2 32 14 31 3
2 31 4 32 14
2 8 10 31 4
2 31 5 8 10
2 33 31 31 5
2 31 7 33 31
2 5 39 31 7
2 31 8 5 39
2 12 26 31 8
2 31 9 12 26
2 32 20 31 9
2 31 10 32 20
2 32 11 31 10
2 31 11 32 11
2 32 18 31 11
2 31 12 32 18
2 38 11 31 12
2 31 13 34 33
2 34 23 31 13
2 31 14 34 23
2 6 10 31 14
2 31 15 6 10
2 40 22 31 15
2 31 16 34 36
2 10 23 31 16
2 31 17 10 23
2 34 9 31 17
2 31 18 34 9
2 34 39 31 18
2 31 19 34 39
2 6 7 31 19
2 31 20 6 7
2 34 27 31 20
2 31 21 34 27
2 5 39 31 21
2 31 22 5 39
2 31 35 31 22
2 31 23 31 35
2 31 28 31 23
2 31 24 31 28
2 36 18 31 24
2 31 25 34 40
2 32 28 31 25
2 31 26 32 28
2 18 23 31 26
2 31 27 18 23
2 32 25 31 27
2 31 28 32 25
2 33 12 31 28
2 31 29 33 12
2 34 20 31 29
2 31 30 34 20
2 11 9 31 30
2 31 31 11 9
2 33 29 31 31
2 31 33 33 29
2 5 39 31 33
2 31 34 5 39
2 32 3 31 34
2 31 35 32 3
2 32 24 31 35
2 31 36 32 24
2 34 39 31 36
2 31 37 34 39
2 34 10 31 37
2 31 38 34 10
2 32 33 31 38
2 31 39 32 33
2 32 37 31 39
2 31 40 32 37
2 6 7 31 40
2 32 1 6 7
2 34 25 32 1
2 32 2 34 25
2 16 17 32 2
2 32 3 16 17
2 35 40 32 3
2 32 4 35 3
2 40 9 32 4
2 32 5 35 4
2 33 30 32 5
2 32 6 33 30
2 25 40 32 6
2 32 7 25 40
2 34 11 32 7
2 32 8 34 11
2 13 21 32 8
2 32 9 13 21
2 23 9 32 9
2 32 10 23 9
2 26 12 32 10
2 32 11 26 12
2 18 28 32 11
2 32 12 18 28
2 35 19 32 12
2 32 13 35 5
2 34 25 32 13
2 32 14 34 25
2 35 36 32 14
2 32 15 35 6
2 34 27 32 15
2 32 16 34 27
2 6 7 32 16
2 32 17 6 7
2 33 32 32 17
2 32 18 33 32
2 19 8 32 18
2 32 19 19 8
2 3 10 32 19
2 32 20 3 10
2 33 13 32 20
2 32 21 33 13
2 33 21 32 21
2 32 22 33 21
2 38 28 32 22
2 32 23 35 8
2 12 26 32 23
2 32 24 12 26
2 34 40 32 24
2 32 25 34 40
2 32 29 32 25
2 32 26 32 29
2 33 21 32 26
2 32 27 33 21
2 32 35 32 27
2 32 28 32 35
2 25 40 32 28
2 32 29 25 40
2 2 8 32 29
2 32 30 2 8
2 25 30 32 30
2 32 31 25 30
2 37 15 32 31
2 32 32 35 11
2 8 10 32 32
2 32 33 8 10
2 40 15 32 33
2 32 34 35 13
2 3 10 32 34
2 32 35 3 10
2 34 36 32 35
2 32 36 34 36
2 28 16 32 36
2 32 37 28 16
2 3 32 32 37
2 32 38 3 32
2 34 26 32 38
2 32 40 34 26
2 3 1 32 40
2 33 1 3 1
2 16 17 33 1
2 33 2 16 17
2 26 30 33 2
2 33 4 26 30
2 5 14 33 4
2 33 5 5 14
2 33 16 33 5
2 33 6 33 16
2 33 14 33 6
2 33 7 33 14
2 37 22 33 7
2 33 8 35 16
2 11 9 33 8
2 33 9 11 9
2 28 8 33 9
2 33 10 28 8
2 37 37 33 10
2 33 12 35 17
2 34 6 33 12
2 33 14 34 6
2 33 40 33 14
2 33 15 33 40
2 33 31 33 15
2 33 16 33 31
2 35 18 33 16
2 33 17 35 18
2 32 39 33 17
2 33 18 32 39
2 33 27 33 18
2 33 19 33 27
2 34 34 33 19
2 33 20 34 34
2 34 15 33 20
2 33 21 34 15
2 6 7 33 21
2 33 22 6 7
2 35 7 33 22
2 33 23 35 7
2 33 32 33 23
2 33 24 33 32
2 36 23 33 24
2 33 25 35 19
2 6 18 33 25
2 33 26 6 18
2 38 30 33 26
2 33 27 35 20
2 36 9 33 27
2 33 29 35 21
2 26 4 33 29
2 33 30 26 4
2 35 24 33 30
2 33 32 35 22
2 36 1 33 32
2 33 33 35 24
2 13 21 33 33
2 33 34 13 21
2 19 35 33 34
2 33 35 19 35
2 37 30 33 35
2 33 36 35 25
2 3 32 33 36
2 33 37 3 32
2 26 34 33 37
2 33 38 26 34
2 34 21 33 38
2 33 39 34 21
2 12 26 33 39
2 33 40 12 26
2 5 14 33 40
2 34 1 5 14
2 39 16 34 1
2 34 3 35 26
2 38 34 34 3
2 34 4 35 27
2 4 12 34 4
2 34 5 4 12
2 37 34 34 5
2 34 6 35 29
2 36 7 34 6
2 34 7 35 30
2 34 26 34 7
2 34 9 34 26
2 15 33 34 9
2 34 10 15 33
2 38 18 34 10
2 34 11 35 32
2 40 25 34 11
2 34 12 35 33
2 19 8 34 12
2 34 13 19 8
2 34 15 34 13
2 34 14 34 15
2 34 8 34 14
2 34 15 34 8
2 35 30 34 15
2 34 16 35 30
2 1 9 34 16
2 34 17 1 9
2 23 40 34 17
2 34 18 23 40
2 39 23 34 18
2 34 19 35 34
2 37 35 34 19
2 34 20 35 36
2 2 8 34 20
2 34 21 2 8
2 38 17 34 21
2 34 22 35 37
2 36 14 34 22
2 34 23 35 38
2 5 39 34 23
2 34 24 5 39
2 13 21 34 24
2 34 25 13 21
2 12 26 34 25
2 34 26 12 26
2 37 7 34 26
2 34 27 35 39
2 1 9 34 27
2 34 28 1 9
2 35 26 34 28
2 34 29 35 26
2 27 2 34 29
2 34 31 27 2
2 5 39 34 31
2 34 32 5 39
2 18 23 34 32
2 34 33 18 23
2 7 36 34 33
2 34 34 7 36
2 5 30 34 34
2 34 35 5 30
2 12 26 34 35
2 34 36 12 26
2 2 8 34 36
2 34 37 2 8
2 35 5 34 37
2 34 38 35 5
2 36 11 34 38
2 34 39 35 40
2 36 13 34 39
2 34 40 36 1
2 27 22 34 40
2 35 1 27 22
2 35 35 35 1
2 35 2 35 35
2 8 9 35 2
2 35 4 8 9
2 5 30 35 4
2 35 5 5 30
2 38 7 35 5
2 35 6 36 2
2 39 8 35 6
2 35 7 36 4
2 26 13 35 7
2 35 9 26 13
2 3 1 35 9
2 35 10 3 1
2 27 26 35 10
2 35 11 27 26
2 36 17 35 11
2 35 12 36 5
2 3 10 35 12
2 35 13 3 10
2 38 29 35 13
2 35 14 36 7
2 35 21 35 14
2 35 15 35 21
2 39 29 35 15
2 35 16 36 9
2 11 17 35 16
2 35 17 11 17
2 23 9 35 17
2 35 18 23 9
2 6 18 35 18
2 35 19 6 18
2 3 10 35 19
2 35 20 3 10
2 5 31 35 20
2 35 21 5 31
2 19 35 35 21
2 35 22 19 35
2 8 10 35 22
2 35 23 8 10
2 40 39 35 23
2 35 25 36 11
2 5 39 35 25
2 35 26 5 39
2 33 13 35 26
2 35 27 33 13
2 38 14 35 27
2 35 28 36 13
2 27 26 35 28
2 35 29 27 26
2 39 27 35 29
2 35 30 36 14
2 4 12 35 30
2 35 31 4 12
2 39 9 35 31
2 35 32 36 15
2 2 8 35 32
2 35 33 2 8
2 36 10 35 33
2 35 34 36 10
2 37 8 35 34
2 35 35 36 16
2 37 9 35 35
2 35 36 36 17
2 37 5 35 36
2 35 37 36 18
2 27 2 35 37
2 35 38 27 2
2 34 30 35 38
2 35 39 34 30
2 36 5 35 39
2 35 40 36 5
2 37 31 35 40
2 36 1 36 20
2 36 3 36 1
2 36 2 36 3
2 21 25 36 2
2 36 3 21 25
2 5 31 36 3
2 36 4 5 31
2 18 23 36 4
2 36 5 18 23
2 29 23 36 5
2 36 6 29 23
2 39 3 36 6
2 36 7 36 21
2 38 24 36 7
2 36 8 36 22
2 12 6 36 8
2 36 9 12 6
2 36 26 36 9
2 36 10 36 23
2 40 5 36 10
2 36 11 36 26
2 38 13 36 11
2 36 12 36 29
2 36 23 36 12
2 36 13 36 23
2 22 31 36 13
2 36 15 22 31
2 12 26 36 15
2 36 16 12 26
2 35 8 36 16
2 36 17 35 8
2 4 12 36 17
2 36 18 4 12
2 40 26 36 18
2 36 19 36 34
2 36 32 36 19
2 36 20 36 32
2 12 29 36 20
2 36 21 12 29
2 40 1 36 21
2 36 22 36 35
2 38 12 36 22
2 36 23 36 36
2 39 7 36 23
2 36 24 36 37
2 35 3 36 24
2 36 25 35 3
2 11 9 36 25
2 36 27 11 9
2 35 3 36 27
2 36 28 35 3
2 16 17 36 28
2 36 29 16 17
2 1 9 36 29
2 36 30 1 9
2 34 2 36 30
2 36 31 34 2
2 38 20 36 31
2 36 32 36 38
2 31 32 36 32
2 36 33 31 32
2 1 6 36 33
2 36 34 1 6
2 39 30 36 34
2 36 35 37 2
2 40 2 36 35
2 36 36 37 3
2 16 17 36 36
2 36 37 16 17
2 23 9 36 37
2 36 38 23 9
2 21 25 36 38
2 36 39 21 25
2 25 34 36 39
2 36 40 25 34
2 40 11 36 40
2 37 1 37 4
2 40 34 37 1
2 37 2 37 5
2 38 35 37 2
2 37 3 37 6
2 19 8 37 3
2 37 4 19 8
2 40 38 37 4
2 37 5 37 7
2 2 8 37 5
2 37 6 2 8
2 39 24 37 6
2 37 7 37 8
2 30 37 37 7
2 37 8 30 37
2 6 18 37 8
2 37 9 6 18
2 38 36 37 9
2 37 10 6 18
2 39 12 37 10
2 37 11 37 12
2 38 39 37 11
2 37 12 37 13
2 36 26 37 12
2 37 13 36 26
2 8 11 37 13
2 37 14 8 11
2 35 24 37 14
2 37 15 35 24
2 5 31 37 15
2 37 16 5 31
2 14 32 37 16
2 37 17 5 31
2 10 23 37 17
2 37 18 5 31
2 25 11 37 18
2 37 19 5 31
2 6 10 37 19
2 37 21 6 10
2 40 27 37 21
2 37 22 6 10
2 38 25 37 22
2 37 24 6 10
2 7 36 37 24
2 37 25 6 10
2 3 1 37 25
2 37 26 3 1
2 39 10 37 26
2 37 28 3 1
2 16 17 37 28
2 37 29 6 10
2 40 35 37 29
2 37 30 6 10
2 4 12 37 30
2 37 31 4 12
2 40 24 37 31
2 37 32 4 12
2 18 31 37 32
2 37 33 4 12
2 8 9 37 33
2 37 34 4 12
2 40 20 37 34
2 37 35 4 12
2 24 15 37 35
2 37 36 4 12
2 33 28 37 36
2 37 37 4 12
2 29 23 37 37
2 37 38 4 12
2 25 40 37 38
2 37 39 4 12
2 6 7 37 39
2 37 40 4 12
2 5 30 37 40
2 38 1 5 30
2 7 35 38 1
2 38 2 5 30
2 40 16 38 2
2 38 3 6 7
2 13 30 38 3
2 38 4 6 7
2 32 39 38 4
2 38 5 6 7
2 40 4 38 5
2 38 6 6 7
2 1 9 38 6
2 38 7 1 9
2 37 27 38 7
2 38 8 1 9
2 39 18 38 8
2 38 9 1 9
2 12 26 38 9
2 38 10 6 10
2 12 6 38 10
2 38 11 7 35
2 33 13 38 11
2 38 12 7 35
2 26 4 38 12
2 38 13 7 35
2 26 12 38 13
2 38 14 7 35
2 11 9 38 14
2 38 15 7 35
2 38 26 38 15
2 38 16 7 35
2 20 26 38 16
2 38 17 7 35
2 23 9 38 17
2 38 18 7 35
2 3 11 38 18
2 38 19 3 11
2 21 33 38 19
2 38 20 3 11
2 24 27 38 20
2 38 21 3 11
2 24 33 38 21
2 38 22 7 35
2 38 38 38 22
2 38 23 7 35
2 28 16 38 23
2 38 24 7 35
2 40 23 38 24
2 38 25 7 35
2 28 21 38 25
2 38 26 7 35
2 39 11 38 26
2 38 27 7 35
2 3 32 38 27
2 38 28 3 32
2 39 6 38 28
2 38 29 3 32
2 40 7 38 29
2 38 30 3 32
2 18 33 38 30
2 38 31 3 32
2 30 37 38 31
2 38 32 3 32
2 34 8 38 32
2 38 33 3 32
2 19 8 38 33
2 38 34 7 35
2 10 12 38 34
2 38 35 7 35
2 1 9 38 35
2 38 36 1 9
2 40 18 38 36
2 38 37 1 9
2 39 15 38 37
2 38 38 1 9
2 5 31 38 38
2 38 40 1 9
2 27 2 38 40
2 39 1 1 9
2 25 34 39 1
2 39 2 1 9
2 33 3 39 2
2 39 3 5 31
2 5 30 39 3
2 39 4 5 30
2 23 40 39 4
2 39 5 5 31
2 40 32 39 5
2 39 6 5 31
2 16 36 39 6
2 39 7 5 31
2 6 7 39 7
2 39 8 5 31
2 28 26 39 8
2 39 9 5 31
2 8 10 39 9
2 39 10 5 31
2 40 13 39 10
2 39 11 5 31
2 22 31 39 11
2 39 12 5 31
2 3 11 39 12
2 39 13 3 11
2 18 37 39 13
2 39 14 3 11
2 39 39 39 14
2 39 15 3 11
2 40 6 39 15
2 39 16 3 11
2 3 10 39 16
2 39 17 3 10
2 28 8 39 17
2 39 18 3 10
2 19 18 39 18
2 39 19 3 10
2 24 38 39 19
2 39 20 3 11
2 40 37 39 20
2 39 21 3 11
2 39 25 39 21
2 39 22 3 11
2 15 33 39 22
2 39 24 3 11
2 40 31 39 24
2 39 25 3 11
2 27 26 39 25
2 39 26 3 11
2 28 14 39 26
2 39 27 3 11
2 8 11 39 27
2 39 28 3 11
2 26 30 39 28
2 39 29 3 11
2 26 13 39 29
2 39 30 3 11
2 19 35 39 30
2 39 31 3 11
2 18 29 39 31
2 39 34 3 11
2 6 10 39 34
2 39 35 3 11
2 13 8 39 35
2 39 36 5 31
2 23 27 39 36
2 39 37 6 7
2 3 11 39 37
2 39 38 3 11
2 3 10 39 38
2 39 39 3 10
2 40 40 39 39
2 39 40 3 10
2 2 8 39 40
2 40 1 2 8
2 35 8 40 1
2 40 2 2 8
2 36 26 40 2
2 40 3 2 8
2 33 31 40 3
2 40 4 2 8
2 27 22 40 4
2 40 5 2 8
2 4 12 40 5
2 40 6 2 8
2 5 30 40 6
2 40 7 2 8
2 34 30 40 7
2 40 8 2 8
2 12 29 40 8
2 40 9 2 8
2 31 6 40 9
2 40 10 2 8
2 40 14 40 10
2 40 11 2 8
2 40 36 40 11
2 40 12 2 8
2 5 39 40 12
2 40 13 2 8
2 37 20 40 13
2 40 14 2 8
2 1 6 40 14
2 40 15 1 6
2 25 30 40 15
2 40 16 1 6
2 36 14 40 16
2 40 17 1 6
2 1 9 40 17
2 40 18 1 6
2 18 28 40 18
2 40 19 1 6
2 30 6 40 19
2 40 20 1 6
2 3 32 40 20
2 40 21 1 6
2 34 2 40 21
2 40 22 1 6
2 3 10 40 22
2 40 23 1 6
2 35 3 40 23
2 40 24 1 6
2 26 34 40 24
2 40 25 1 6
2 3 1 40 25
2 40 26 1 6
2 13 21 40 26
2 40 27 1 6
2 21 25 40 27
2 40 28 1 6
2 18 23 40 28
2 40 29 1 9
2 39 33 40 29
2 40 30 1 9
2 31 32 40 30
2 40 31 1 9
2 21 1 40 31
2 40 32 1 9
2 21 10 40 32
2 40 33 1 9
2 11 17 40 33
2 40 34 1 9
2 5 14 40 34
2 40 35 1 9
2 3 29 40 35
2 40 36 1 9
2 5 31 40 36
2 40 37 1 9
2 19 34 40 37
2 40 38 1 9
2 6 18 40 38
2 40 39 1 9
2 33 11 40 39
2 40 40 1 9
2 1 6 40 40
