2218
2 1 2 1 7
2 20 38 1 2
2 1 3 1 10
2 38 28 1 3
2 1 5 1 12
2 44 29 1 5
2 1 6 1 16
2 8 43 1 6
2 1 9 1 36
2 40 42 1 9
2 1 10 2 7
2 39 19 1 10
2 1 11 2 12
2 19 3 1 11
2 1 12 2 13
2 35 32 1 12
2 1 13 2 16
2 5 23 1 13
2 1 17 2 24
2 44 39 1 17
2 1 18 2 25
2 2 7 1 18
2 1 19 2 7
2 21 6 1 19
2 1 21 2 32
2 14 39 1 21
2 1 22 2 34
2 12 34 1 22
2 1 23 2 35
2 24 36 1 23
2 1 24 2 39
2 11 45 1 24
2 1 26 2 41
2 40 32 1 26
2 1 28 2 44
2 40 4 1 28
2 1 30 3 1
2 33 38 1 30
2 1 32 3 10
2 46 31 1 32
2 1 33 3 14
2 45 31 1 33
2 1 34 3 20
2 22 25 1 34
2 1 35 3 26
2 27 33 1 35
2 1 37 3 30
2 21 29 1 37
2 1 39 3 31
2 45 18 1 39
2 1 40 3 36
2 30 20 1 40
2 1 41 3 38
2 16 8 1 41
2 1 44 3 44
2 35 22 1 44
2 1 45 3 45
2 1 36 1 45
2 2 1 1 36
2 38 5 2 1
2 2 2 4 1
2 39 33 2 2
2 2 7 4 3
2 36 42 2 7
2 2 8 4 6
2 46 10 2 8
2 2 9 4 13
2 38 11 2 9
2 2 10 4 25
2 15 29 2 10
2 2 12 4 29
2 4 26 2 12
2 2 13 4 26
2 45 12 2 13
2 2 15 4 30
2 31 12 2 15
2 2 17 4 31
2 14 26 2 17
2 2 20 4 33
2 33 40 2 20
2 2 22 4 35
2 44 19 2 22
2 2 24 4 37
2 25 30 2 24
2 2 25 4 39
2 47 9 2 25
2 2 26 4 44
2 20 46 2 26
2 2 30 4 46
2 20 8 2 30
2 2 31 5 3
2 3 21 2 31
2 2 32 3 21
2 43 22 2 32
2 2 33 5 10
2 23 38 2 33
2 2 34 5 12
2 42 30 2 34
2 2 35 5 13
2 26 44 2 35
2 2 39 5 15
2 22 39 2 39
2 2 40 5 19
2 47 47 2 40
2 2 41 5 23
2 38 42 2 41
2 2 42 5 25
2 43 46 2 42
2 2 44 5 28
2 36 15 2 44
2 2 45 5 35
2 26 3 2 45
2 2 46 5 43
2 7 7 2 46
2 2 47 5 44
2 43 5 2 47
2 3 1 5 45
2 3 32 3 1
2 3 2 3 32
2 14 5 3 2
2 3 4 5 47
2 9 8 3 4
2 3 10 6 1
2 35 30 3 10
2 3 18 6 14
2 23 21 3 18
2 3 22 6 27
2 46 16 3 22
2 3 24 6 34
2 12 36 3 24
2 3 25 7 7
2 13 9 3 25
2 3 26 7 11
2 18 9 3 26
2 3 28 7 17
2 29 8 3 28
2 3 30 7 19
2 20 44 3 30
2 3 34 7 24
2 30 7 3 34
2 3 36 7 26
2 4 4 3 36
2 3 38 4 4
2 25 40 3 38
2 3 41 7 27
2 13 22 3 41
2 3 42 7 30
2 8 14 3 42
2 3 45 7 31
2 7 7 3 45
2 3 46 7 7
2 46 36 3 46
2 3 47 7 32
2 5 11 3 47
2 4 4 5 11
2 40 38 4 4
2 4 9 7 34
2 16 35 4 9
2 4 10 7 38
2 24 22 4 10
2 4 11 7 45
2 23 37 4 11
2 4 13 8 12
2 40 2 4 13
2 4 14 8 14
2 10 21 4 14
2 4 17 8 16
2 6 41 4 17
2 4 18 6 41
2 25 20 4 18
2 4 20 8 17
2 26 2 4 20
2 4 21 8 18
2 11 14 4 21
2 4 22 8 20
2 24 3 4 22
2 4 23 8 21
2 20 5 4 23
2 4 25 8 22
2 20 43 4 25
2 4 28 8 23
2 40 41 4 28
2 4 29 8 28
2 27 46 4 29
2 4 30 8 29
2 18 2 4 30
2 4 31 8 35
2 16 27 4 31
2 4 32 8 37
2 29 30 4 32
2 4 33 8 43
2 44 2 4 33
2 4 36 8 46
2 25 18 4 36
2 4 37 8 47
2 22 10 4 37
2 4 41 9 2
2 8 20 4 41
2 4 42 8 20
2 38 39 4 42
2 4 44 9 6
2 22 33 4 44
2 4 45 9 8
2 13 11 4 45
2 4 46 9 13
2 14 1 4 46
2 5 1 9 15
2 35 5 5 1
2 5 8 9 18
2 47 26 5 8
2 5 10 9 19
2 35 2 5 10
2 5 11 9 25
2 27 39 5 11
2 5 13 9 26
2 9 24 5 13
2 5 15 9 24
2 22 29 5 15
2 5 19 9 28
2 45 26 5 19
2 5 21 9 33
2 9 24 5 21
2 5 25 9 24
2 6 47 5 25
2 5 29 6 47
2 9 38 5 29
2 5 30 9 34
2 47 40 5 30
2 5 32 9 38
2 29 22 5 32
2 5 35 9 40
2 14 17 5 35
2 5 39 9 41
2 34 12 5 39
2 5 44 9 44
2 45 17 5 44
2 5 45 9 46
2 34 1 5 45
2 5 47 10 1
2 31 24 5 47
2 6 1 10 2
2 40 46 6 1
2 6 2 10 13
2 10 10 6 2
2 6 4 10 10
2 35 3 6 4
2 6 5 10 14
2 13 16 6 5
2 6 7 10 17
2 14 2 6 7
2 6 8 10 18
2 29 47 6 8
2 6 13 10 21
2 8 4 6 13
2 6 16 8 4
2 36 22 6 16
2 6 19 10 23
2 17 30 6 19
2 6 20 10 24
2 17 9 6 20
2 6 23 10 27
2 29 36 6 23
2 6 25 10 31
2 37 14 6 25
2 6 26 10 34
2 42 26 6 26
2 6 27 10 35
2 33 37 6 27
2 6 29 10 37
2 36 21 6 29
2 6 34 10 39
2 36 9 6 34
2 6 35 10 43
2 22 31 6 35
2 6 38 11 14
2 37 8 6 38
2 6 44 11 22
2 24 16 6 44
2 6 47 11 25
2 45 24 6 47
2 7 1 11 29
2 18 11 7 1
2 7 3 11 33
2 21 1 7 3
2 7 7 11 37
2 46 20 7 7
2 7 9 11 38
2 36 37 7 9
2 7 11 11 39
2 20 17 7 11
2 7 13 11 42
2 37 10 7 13
2 7 15 11 45
2 28 12 7 15
2 7 17 11 46
2 42 44 7 17
2 7 19 12 4
2 41 46 7 19
2 7 20 12 5
2 22 43 7 20
2 7 24 12 7
2 40 3 7 24
2 7 25 12 23
2 11 16 7 25
2 7 26 11 16
2 35 17 7 26
2 7 27 12 33
2 16 45 7 27
2 7 28 12 34
2 12 2 7 28
2 7 29 12 2
2 23 26 7 29
2 7 30 12 36
2 10 6 7 30
2 7 32 10 6
2 17 27 7 32
2 7 33 12 42
2 17 26 7 33
2 7 34 13 9
2 8 8 7 34
2 7 36 8 8
2 37 27 7 36
2 7 37 13 11
2 25 21 7 37
2 7 39 13 12
2 12 43 7 39
2 7 40 12 43
2 45 42 7 40
2 7 42 13 16
2 23 16 7 42
2 7 45 13 18
2 24 27 7 45
2 7 46 13 22
2 35 42 7 46
2 8 2 13 24
2 23 5 8 2
2 8 4 13 26
2 32 16 8 4
2 8 7 13 38
2 27 42 8 7
2 8 9 13 39
2 40 31 8 9
2 8 12 13 40
2 22 44 8 12
2 8 16 13 43
2 16 11 8 16
2 8 17 14 1
2 19 6 8 17
2 8 18 14 2
2 37 37 8 18
2 8 19 14 5
2 38 41 8 19
2 8 20 14 9
2 26 5 8 20
2 8 23 14 11
2 5 34 8 23
2 8 24 5 34
2 30 14 8 24
2 8 25 14 15
2 10 38 8 25
2 8 32 10 38
2 8 36 8 32
2 8 35 8 36
2 34 7 8 35
2 8 36 14 17
2 14 15 8 36
2 8 44 14 15
2 37 16 8 44
2 8 46 14 22
2 46 30 8 46
2 8 47 14 26
2 13 11 8 47
2 9 2 13 11
2 31 36 9 2
2 9 4 14 31
2 46 15 9 4
2 9 6 14 36
2 14 2 9 6
2 9 7 14 2
2 30 24 9 7
2 9 8 14 37
2 46 40 9 8
2 9 10 14 39
2 28 25 9 10
2 9 13 14 42
2 10 16 9 13
2 9 21 10 16
2 13 9 9 21
2 9 22 13 9
2 25 23 9 22
2 9 24 15 3
2 37 15 9 24
2 9 30 15 4
2 12 38 9 30
2 9 33 12 38
2 13 4 9 33
2 9 37 13 4
2 26 21 9 37
2 9 40 15 8
2 47 12 9 40
2 9 41 15 9
2 34 20 9 41
2 9 42 15 13
2 13 1 9 42
2 9 43 13 1
2 24 15 9 43
2 9 44 15 18
2 15 47 9 44
2 9 45 15 23
2 34 26 9 45
2 10 2 15 26
2 6 10 10 2
2 10 6 6 10
2 33 10 10 6
2 10 7 15 27
2 43 41 10 7
2 10 8 15 29
2 14 16 10 8
2 10 10 14 16
2 8 43 10 10
2 10 13 8 43
2 42 40 10 13
2 10 14 15 30
2 14 31 10 14
2 10 17 14 31
2 36 38 10 17
2 10 18 15 31
2 45 22 10 18
2 10 21 15 33
2 36 47 10 21
2 10 23 15 35
2 17 29 10 23
2 10 24 15 38
2 3 29 10 24
2 10 25 3 29
2 4 34 10 25
2 10 28 4 34
2 25 41 10 28
2 10 29 15 39
2 9 17 10 29
2 10 30 9 17
2 37 41 10 30
2 10 33 15 47
2 36 46 10 33
2 10 34 16 1
2 39 43 10 34
2 10 38 16 7
2 10 46 10 38
2 10 39 10 46
2 11 5 10 39
2 10 40 11 5
2 15 20 10 40
2 10 42 15 20
2 36 33 10 42
2 10 44 16 8
2 31 10 10 44
2 10 46 16 11
2 34 47 10 46
2 11 1 16 14
2 16 33 11 1
2 11 2 16 15
2 44 16 11 2
2 11 4 16 19
2 28 14 11 4
2 11 10 16 21
2 27 17 11 10
2 11 12 16 25
2 6 41 11 12
2 11 14 6 41
2 45 19 11 14
2 11 17 16 26
2 38 23 11 17
2 11 18 16 27
2 46 1 11 18
2 11 20 16 29
2 39 27 11 20
2 11 22 16 30
2 43 6 11 22
2 11 24 16 32
2 45 10 11 24
2 11 25 16 33
2 24 30 11 25
2 11 26 16 35
2 28 1 11 26
2 11 27 16 36
2 39 41 11 27
2 11 29 16 44
2 22 28 11 29
2 11 34 16 45
2 19 25 11 34
2 11 36 17 9
2 16 31 11 36
2 11 37 16 31
2 13 1 11 37
2 11 39 13 1
2 35 29 11 39
2 11 40 17 10
2 29 29 11 40
2 11 41 17 16
2 16 2 11 41
2 11 42 16 2
2 18 6 11 42
2 11 45 17 18
2 5 23 11 45
2 12 2 5 23
2 47 43 12 2
2 12 3 17 26
2 16 30 12 3
2 12 5 16 30
2 47 36 12 5
2 12 8 17 27
2 14 40 12 8
2 12 10 14 40
2 41 5 12 10
2 12 11 17 29
2 7 18 12 11
2 12 16 7 18
2 8 29 12 16
2 12 17 8 29
2 45 40 12 17
2 12 20 17 30
2 30 21 12 20
2 12 22 17 33
2 7 44 12 22
2 12 23 7 44
2 44 17 12 23
2 12 24 17 39
2 44 8 12 24
2 12 25 17 40
2 1 7 12 25
2 12 26 1 7
2 19 40 12 26
2 12 29 17 41
2 8 29 12 29
2 12 31 8 29
2 41 36 12 31
2 12 33 17 44
2 28 6 12 33
2 12 34 18 2
2 14 31 12 34
2 12 35 14 31
2 19 19 12 35
2 12 36 18 6
2 18 40 12 36
2 12 38 18 7
2 24 43 12 38
2 12 39 18 8
2 9 28 12 39
2 12 40 9 28
2 14 39 12 40
2 12 41 14 39
2 33 4 12 41
2 12 43 18 9
2 15 12 12 43
2 12 45 15 12
2 43 14 12 45
2 13 3 18 11
2 34 14 13 3
2 13 5 18 13
2 13 27 13 5
2 13 9 13 27
2 19 2 13 9
2 13 11 18 15
2 8 34 13 11
2 13 13 8 34
2 25 22 13 13
2 13 16 18 16
2 14 5 13 16
2 13 18 14 5
2 3 3 13 18
2 13 20 3 3
2 18 22 13 20
2 13 21 18 18
2 23 28 13 21
2 13 23 18 19
2 33 41 13 23
2 13 24 18 22
2 9 29 13 24
2 13 25 9 29
2 40 20 13 25
2 13 26 18 24
2 15 4 13 26
2 13 28 15 4
2 13 40 13 28
2 13 30 13 40
2 7 35 13 30
2 13 32 7 35
2 22 34 13 32
2 13 34 18 30
2 39 20 13 34
2 13 38 18 32
2 18 16 13 38
2 13 40 18 16
2 17 36 13 40
2 13 43 17 36
2 25 44 13 43
2 13 46 18 34
2 15 22 13 46
2 14 2 15 22
2 33 3 14 2
2 14 5 18 35
2 15 15 14 5
2 14 6 15 15
2 16 1 14 6
2 14 7 16 1
2 20 40 14 7
2 14 9 18 38
2 9 28 14 9
2 14 10 9 28
2 17 25 14 10
2 14 14 17 25
2 11 28 14 14
2 14 15 11 28
2 10 37 14 15
2 14 17 10 37
2 15 38 14 17
2 14 20 15 38
2 19 17 14 20
2 14 22 18 40
2 40 9 14 22
2 14 23 18 43
2 46 18 14 23
2 14 27 18 46
2 46 35 14 27
2 14 30 19 1
2 6 14 14 30
2 14 31 6 14
2 2 43 14 31
2 14 32 2 43
2 35 28 14 32
2 14 36 19 2
2 41 38 14 36
2 14 39 19 3
2 10 20 14 39
2 14 40 10 20
2 35 40 14 40
2 14 41 19 5
2 39 34 14 41
2 14 44 19 6
2 15 12 14 44
2 14 47 15 12
2 46 11 14 47
2 15 6 19 8
2 40 30 15 6
2 15 7 19 13
2 40 21 15 7
2 15 9 19 15
2 34 36 15 9
2 15 10 19 16
2 16 28 15 10
2 15 11 16 28
2 38 14 15 11
2 15 12 19 17
2 16 27 15 12
2 15 13 16 27
2 18 4 15 13
2 15 14 18 4
2 18 26 15 14
2 15 15 18 26
2 24 10 15 15
2 15 20 19 19
2 37 19 15 20
2 15 21 19 25
2 18 40 15 21
2 15 22 18 40
2 11 38 15 22
2 15 26 11 38
2 34 41 15 26
2 15 27 19 26
2 4 1 15 27
2 15 29 4 1
2 10 37 15 29
2 15 30 10 37
2 16 6 15 30
2 15 31 16 6
2 13 1 15 31
2 15 35 13 1
2 22 30 15 35
2 15 38 19 28
2 20 31 15 38
2 15 40 19 29
2 47 4 15 40
2 15 42 19 33
2 21 4 15 42
2 15 46 19 34
2 39 21 15 46
2 15 47 19 38
2 30 29 15 47
2 16 1 19 39
2 27 31 16 1
2 16 2 19 40
2 4 26 16 2
2 16 6 4 26
2 6 46 16 6
2 16 7 6 46
2 2 29 16 7
2 16 9 2 29
2 25 43 16 9
2 16 11 20 4
2 13 10 16 11
2 16 12 13 10
2 16 15 16 12
2 16 14 16 15
2 20 45 16 14
2 16 17 20 5
2 39 38 16 17
2 16 21 20 8
2 42 37 16 21
2 16 25 20 11
2 2 5 16 25
2 16 28 2 5
2 12 32 16 28
2 16 29 12 32
2 3 44 16 29
2 16 30 3 44
2 17 38 16 30
2 16 32 17 38
2 23 43 16 32
2 16 33 20 17
2 43 4 16 33
2 16 35 20 18
2 17 35 16 35
2 16 36 17 35
2 44 36 16 36
2 16 38 20 21
2 45 27 16 38
2 16 40 20 22
2 19 11 16 40
2 16 43 19 11
2 41 13 16 43
2 16 44 20 24
2 23 44 16 44
2 16 47 20 25
2 9 19 16 47
2 17 1 9 19
2 12 4 17 1
2 17 2 12 4
2 24 5 17 2
2 17 4 20 26
2 31 23 17 4
2 17 5 20 30
2 7 6 17 5
2 17 7 7 6
2 3 32 17 7
2 17 9 3 32
2 26 43 17 9
2 17 10 20 31
2 19 26 17 10
2 17 11 19 26
2 14 12 17 11
2 17 12 14 12
2 37 33 17 12
2 17 14 20 34
2 14 42 17 14
2 17 15 14 42
2 14 11 17 15
2 17 16 14 11
2 21 13 17 16
2 17 17 20 35
2 18 18 17 17
2 17 21 18 18
2 35 46 17 21
2 17 23 20 38
2 21 24 17 23
2 17 25 20 40
2 44 45 17 25
2 17 26 20 42
2 26 36 17 26
2 17 27 20 43
2 46 4 17 27
2 17 29 20 44
2 27 36 17 29
2 17 30 20 45
2 43 2 17 30
2 17 32 20 46
2 26 29 17 32
2 17 33 21 1
2 3 31 17 33
2 17 35 3 31
2 23 13 17 35
2 17 37 21 4
2 29 17 17 37
2 17 38 21 6
2 18 16 17 38
2 17 39 18 16
2 4 24 17 39
2 17 40 4 24
2 21 18 17 40
2 17 41 21 8
2 12 32 17 41
2 18 6 12 32
2 46 7 18 6
2 18 9 21 11
2 32 15 18 9
2 18 11 21 13
2 18 40 18 11
2 18 12 18 40
2 47 30 18 12
2 18 14 21 16
2 21 5 18 14
2 18 15 21 5
2 6 17 18 15
2 18 18 6 17
2 41 12 18 18
2 18 19 21 17
2 32 28 18 19
2 18 24 21 18
2 5 46 18 24
2 18 25 5 46
2 21 19 18 25
2 18 31 21 19
2 15 44 18 31
2 18 35 15 44
2 19 1 18 35
2 18 38 19 1
2 27 7 18 38
2 18 43 21 24
2 8 34 18 43
2 18 44 8 34
2 35 23 18 44
2 19 1 21 29
2 8 45 19 1
2 19 2 8 45
2 41 22 19 2
2 19 5 21 36
2 3 13 19 5
2 19 6 3 13
2 29 45 19 6
2 19 11 21 39
2 11 5 19 11
2 19 15 11 5
2 20 35 19 15
2 19 16 20 35
2 19 41 19 16
2 19 17 19 41
2 15 19 19 17
2 19 19 15 19
2 13 22 19 19
2 19 20 13 22
2 33 5 19 20
2 19 23 21 40
2 19 21 19 23
2 19 24 19 21
2 22 24 19 24
2 19 25 21 44
2 21 12 19 25
2 19 26 21 12
2 33 15 19 26
2 19 27 21 45
2 43 13 19 27
2 19 28 22 10
2 9 20 19 28
2 19 29 9 20
2 25 8 19 29
2 19 31 22 12
2 41 43 19 31
2 19 32 22 13
2 18 34 19 32
2 19 33 18 34
2 10 26 19 33
2 19 36 10 26
2 15 39 19 36
2 19 37 15 39
2 40 39 19 37
2 19 38 22 14
2 25 12 19 38
2 19 39 22 15
2 4 47 19 39
2 19 41 4 47
2 34 25 19 41
2 19 44 22 16
2 8 22 19 44
2 20 1 8 22
2 11 38 20 1
2 20 4 11 38
2 43 25 20 4
2 20 5 22 19
2 22 35 20 5
2 20 8 22 22
2 20 39 20 8
2 20 9 20 39
2 47 25 20 9
2 20 10 22 23
2 18 16 20 10
2 20 12 18 16
2 2 5 20 12
2 20 14 2 5
2 29 41 20 14
2 20 15 22 24
2 27 18 20 15
2 20 17 22 25
2 21 29 20 17
2 20 21 21 29
2 39 30 20 21
2 20 23 22 27
2 43 28 20 23
2 20 24 22 28
2 39 7 20 24
2 20 27 22 29
2 45 13 20 27
2 20 30 22 30
2 36 31 20 30
2 20 32 22 31
2 42 15 20 32
2 20 34 22 32
2 28 28 20 34
2 20 35 22 33
2 23 23 20 35
2 20 36 22 34
2 4 24 20 36
2 20 38 4 24
2 32 9 20 38
2 20 39 22 35
2 41 40 20 39
2 20 40 22 39
2 23 19 20 40
2 20 43 22 42
2 36 29 20 43
2 20 46 22 43
2 16 22 20 46
2 20 47 16 22
2 27 9 20 47
2 21 1 22 44
2 40 12 21 1
2 21 2 23 5
2 41 45 21 2
2 21 4 23 6
2 9 39 21 4
2 21 5 9 39
2 30 26 21 5
2 21 8 23 8
2 8 42 21 8
2 21 13 8 42
2 3 7 21 13
2 21 16 3 7
2 14 16 21 16
2 21 17 14 16
2 23 3 21 17
2 21 18 23 3
2 19 18 21 18
2 21 22 19 18
2 28 42 21 22
2 21 24 23 10
2 28 29 21 24
2 21 29 23 11
2 8 31 21 29
2 21 31 8 31
2 22 12 21 31
2 21 33 22 12
2 27 10 21 33
2 21 34 23 13
2 26 31 21 34
2 21 38 23 16
2 6 10 21 38
2 21 39 6 10
2 21 44 21 39
2 21 41 21 44
2 5 40 21 41
2 21 42 5 40
2 15 32 21 42
2 21 43 15 32
2 8 14 21 43
2 22 4 8 14
2 29 46 22 4
2 22 6 23 19
2 12 32 22 6
2 22 9 12 32
2 22 47 22 9
2 22 10 22 47
2 27 40 22 10
2 22 12 23 21
2 32 30 22 12
2 22 13 23 22
2 15 19 22 13
2 22 14 15 19
2 33 36 22 14
2 22 15 23 23
2 15 24 22 15
2 22 16 15 24
2 41 41 22 16
2 22 17 23 24
2 20 44 22 17
2 22 18 20 44
2 34 23 22 18
2 22 20 23 26
2 31 13 22 20
2 22 22 23 27
2 3 3 22 22
2 22 23 3 3
2 37 22 22 23
2 22 25 23 28
2 35 15 22 25
2 22 26 23 29
2 8 31 22 26
2 22 27 8 31
2 43 18 22 27
2 22 28 23 36
2 14 1 22 28
2 22 30 14 1
2 24 38 22 30
2 22 31 23 37
2 27 37 22 31
2 22 32 23 38
2 4 6 22 32
2 22 33 4 6
2 32 43 22 33
2 22 34 23 39
2 8 28 22 34
2 22 37 8 28
2 3 32 22 37
2 22 39 3 32
2 25 36 22 39
2 22 40 23 41
2 24 9 22 40
2 22 42 23 43
2 3 23 22 42
2 22 45 3 23
2 9 14 22 45
2 22 46 9 14
2 18 26 22 46
2 23 1 18 26
2 34 17 23 1
2 23 3 23 44
2 18 42 23 3
2 23 5 18 42
2 19 8 23 5
2 23 6 19 8
2 3 6 23 6
2 23 8 3 6
2 11 46 23 8
2 23 15 11 46
2 3 23 23 15
2 23 16 3 23
2 28 7 23 16
2 23 18 23 45
2 30 36 23 18
2 23 19 23 46
2 37 3 23 19
2 23 21 24 3
2 14 34 23 21
2 23 22 14 34
2 44 12 23 22
2 23 23 24 5
2 11 46 23 23
2 23 25 11 46
2 38 31 23 25
2 23 26 24 7
2 36 23 23 26
2 23 28 24 8
2 35 24 23 28
2 23 29 24 9
2 38 47 23 29
2 23 34 24 10
2 16 8 23 34
2 23 37 16 8
2 9 14 23 37
2 23 39 9 14
2 18 7 23 39
2 23 43 18 7
2 10 26 23 43
2 23 44 10 26
2 12 7 23 44
2 23 45 12 7
2 3 13 23 45
2 23 47 3 13
2 3 7 23 47
2 24 2 3 7
2 14 25 24 2
2 24 5 14 25
2 9 34 24 5
2 24 7 9 34
2 38 46 24 7
2 24 8 24 11
2 40 24 24 8
2 24 9 24 12
2 10 31 24 9
2 24 12 10 31
2 44 11 24 12
2 24 14 24 14
2 3 20 24 14
2 24 15 3 20
2 26 19 24 15
2 24 17 3 20
2 43 44 24 17
2 24 18 3 20
2 41 3 24 18
2 24 21 24 16
2 20 26 24 21
2 24 23 20 26
2 16 20 24 23
2 24 24 16 20
2 47 23 24 24
2 24 25 16 20
2 45 4 24 25
2 24 27 16 20
2 9 28 24 27
2 24 38 9 28
2 7 6 24 38
2 24 39 7 6
2 38 35 24 39
2 24 41 9 28
2 41 19 24 41
2 24 42 16 20
2 43 40 24 42
2 25 1 16 20
2 35 37 25 1
2 25 2 16 20
2 40 1 25 2
2 25 8 20 26
2 30 1 25 8
2 25 10 20 26
2 31 5 25 10
2 25 11 20 26
2 21 44 25 11
2 25 12 20 26
2 26 30 25 12
2 25 13 20 26
2 26 14 25 13
2 25 15 20 26
2 36 36 25 15
2 25 16 21 44
2 23 4 25 16
2 25 18 23 4
2 43 42 25 18
2 25 20 23 4
2 35 36 25 20
2 25 22 23 4
2 28 21 25 22
2 25 23 23 4
2 10 35 25 23
2 25 24 10 35
2 27 21 25 24
2 25 25 10 35
2 11 38 25 25
2 25 28 11 38
2 29 15 25 28
2 25 29 23 4
2 18 26 25 29
2 25 30 18 26
2 47 7 25 30
2 25 38 18 26
2 40 16 25 38
2 25 41 24 19
2 8 22 25 41
2 25 43 8 22
2 47 11 25 43
2 26 1 8 22
2 12 1 26 1
2 26 3 8 22
2 36 26 26 3
2 26 4 8 22
2 9 32 26 4
2 26 6 9 32
2 2 5 26 6
2 26 7 2 5
2 36 24 26 7
2 26 9 9 32
2 37 4 26 9
2 26 11 9 32
2 29 42 26 11
2 26 12 12 1
2 44 33 26 12
2 26 14 24 19
2 11 31 26 14
2 26 15 11 31
2 27 44 26 15
2 26 16 24 19
2 17 24 26 16
2 26 19 17 24
2 16 45 26 19
2 26 21 16 45
2 12 1 26 21
2 26 23 12 1
2 3 35 26 23
2 26 25 3 35
2 23 10 26 25
2 26 26 12 1
2 23 41 26 26
2 26 31 12 1
2 12 4 26 31
2 26 34 12 1
2 6 14 26 34
2 26 35 6 14
2 39 17 26 35
2 26 37 6 14
2 46 45 26 37
2 26 38 12 1
2 22 24 26 38
2 26 40 12 4
2 9 34 26 40
2 26 41 9 34
2 1 16 26 41
2 26 43 1 16
2 38 2 26 43
2 26 45 1 16
2 36 45 26 45
2 27 1 1 16
2 6 31 27 1
2 27 2 1 16
2 14 11 27 2
2 27 3 1 16
2 18 42 27 3
2 27 5 6 31
2 6 9 27 5
2 27 7 6 9
2 33 11 27 7
2 27 10 6 9
2 30 38 27 10
2 27 13 6 9
2 44 1 27 13
2 27 15 6 9
2 9 19 27 15
2 27 16 9 19
2 21 45 27 16
2 27 17 9 34
2 4 39 27 17
2 27 22 4 39
2 42 22 27 22
2 27 23 4 39
2 28 45 27 23
2 27 24 4 39
2 22 11 27 24
2 27 26 4 39
2 36 2 27 26
2 27 28 9 34
2 20 25 27 28
2 27 29 9 34
2 44 41 27 29
2 27 30 9 34
2 9 29 27 30
2 27 31 9 29
2 42 45 27 31
2 27 32 9 29
2 43 36 27 32
2 27 33 9 29
2 44 22 27 33
2 27 34 9 29
2 28 18 27 34
2 27 37 14 11
2 5 41 27 37
2 27 39 5 41
2 5 23 27 39
2 27 40 5 23
2 11 5 27 40
2 27 41 5 23
2 3 21 27 41
2 27 42 3 21
2 18 34 27 42
2 27 46 3 21
2 33 24 27 46
2 27 47 3 21
2 3 6 27 47
2 28 1 3 6
2 31 4 28 1
2 28 6 3 6
2 4 35 28 6
2 28 7 3 6
2 23 24 28 7
2 28 8 3 6
2 30 37 28 8
2 28 14 3 6
2 13 14 28 14
2 28 15 3 6
2 20 31 28 15
2 28 17 3 21
2 18 13 28 17
2 28 18 4 35
2 24 1 28 18
2 28 20 4 35
2 23 20 28 20
2 28 21 5 23
2 47 8 28 21
2 28 22 5 23
2 10 37 28 22
2 28 25 5 41
2 9 14 28 25
2 28 28 5 41
2 34 5 28 28
2 28 29 5 41
2 34 15 28 29
2 28 30 5 41
2 25 46 28 30
2 28 33 5 41
2 44 7 28 33
2 28 34 5 41
2 37 9 28 34
2 28 35 9 14
2 35 45 28 35
2 28 36 9 14
2 41 34 28 36
2 28 37 9 14
2 18 26 28 37
2 28 42 10 37
2 2 29 28 42
2 28 43 2 29
2 47 33 28 43
2 28 44 2 29
2 18 32 28 44
2 29 1 10 37
2 35 25 29 1
2 29 2 10 37
2 37 35 29 2
2 29 4 11 5
2 9 12 29 4
2 29 5 9 12
2 12 42 29 5
2 29 8 9 12
2 11 28 29 8
2 29 10 9 12
2 1 36 29 10
2 29 12 1 36
2 7 8 29 12
2 29 13 1 36
2 4 12 29 13
2 29 16 4 12
2 46 27 29 16
2 29 17 4 12
2 37 40 29 17
2 29 22 4 12
2 24 31 29 22
2 29 23 4 12
2 31 28 29 23
2 29 24 4 12
2 4 15 29 24
2 29 25 4 12
2 22 47 29 25
2 29 28 4 15
2 23 35 29 28
2 29 29 4 15
2 45 5 29 29
2 29 30 4 15
2 35 10 29 30
2 29 32 4 15
2 3 23 29 32
2 29 33 3 23
2 19 21 29 33
2 29 35 3 23
2 13 1 29 35
2 29 36 3 23
2 41 25 29 36
2 29 37 3 23
2 41 42 29 37
2 29 39 3 23
2 27 25 29 39
2 29 41 4 15
2 34 38 29 41
2 29 42 4 15
2 31 31 29 42
2 29 45 4 15
2 2 5 29 45
2 29 47 2 5
2 20 42 29 47
2 30 1 2 5
2 31 22 30 1
2 30 2 2 5
2 21 19 30 2
2 30 4 2 5
2 22 35 30 4
2 30 5 2 5
2 9 25 30 5
2 30 7 2 5
2 19 10 30 7
2 30 10 2 5
2 14 37 30 10
2 30 12 2 5
2 24 26 30 12
2 30 14 4 15
2 39 23 30 14
2 30 16 4 15
2 42 16 30 16
2 30 20 4 15
2 38 24 30 20
2 30 21 4 15
2 19 3 30 21
2 30 24 4 15
2 29 20 30 24
2 30 25 4 15
2 39 2 30 25
2 30 27 4 15
2 3 6 30 27
2 30 28 3 6
2 20 22 30 28
2 30 29 4 15
2 12 32 30 29
2 30 30 4 15
2 4 6 30 30
2 30 31 4 6
2 3 3 30 31
2 30 32 3 3
2 5 9 30 32
2 30 35 3 3
2 43 11 30 35
2 30 36 3 3
2 15 33 30 36
2 30 38 3 3
2 29 19 30 38
2 30 39 3 3
2 40 37 30 39
2 30 42 3 3
2 5 3 30 42
2 30 43 3 3
2 33 43 30 43
2 30 44 3 3
2 1 7 30 44
2 30 46 1 7
2 34 3 30 46
2 31 6 1 7
2 12 44 31 6
2 31 9 3 3
2 3 21 31 9
2 31 12 3 21
2 47 21 31 12
2 31 14 3 21
2 10 15 31 14
2 31 16 3 21
2 6 22 31 16
2 31 17 4 6
2 5 16 31 17
2 31 18 4 6
2 15 44 31 18
2 31 19 4 6
2 43 16 31 19
2 31 20 4 6
2 38 6 31 20
2 31 23 4 15
2 31 1 31 23
2 31 25 4 15
2 44 15 31 25
2 31 27 4 15
2 42 23 31 27
2 31 30 4 15
2 12 14 31 30
2 31 33 4 15
2 37 34 31 33
2 31 35 5 3
2 20 41 31 35
2 31 36 5 3
2 33 35 31 36
2 31 41 5 3
2 14 24 31 41
2 31 44 5 3
2 4 35 31 44
2 31 45 4 35
2 15 17 31 45
2 31 46 4 35
2 43 3 31 46
2 32 3 5 9
2 32 22 32 3
2 32 6 5 16
2 19 34 32 6
2 32 7 6 22
2 42 28 32 7
2 32 9 6 22
2 16 5 32 9
2 32 11 6 22
2 25 32 32 11
2 32 12 6 22
2 18 7 32 12
2 32 13 6 22
2 34 33 32 13
2 32 14 6 22
2 23 4 32 14
2 32 16 6 22
2 15 19 32 16
2 32 18 6 22
2 36 7 32 18
2 32 19 7 8
2 9 23 32 19
2 32 20 9 12
2 8 33 32 20
2 32 21 8 33
2 34 30 32 21
2 32 22 8 33
2 43 33 32 22
2 32 27 8 33
2 32 33 32 27
2 32 28 8 33
2 21 36 32 28
2 32 32 8 33
2 22 19 32 32
2 32 33 9 12
2 10 47 32 33
2 32 34 9 12
2 12 1 32 34
2 32 37 9 12
2 1 36 32 37
2 32 39 1 36
2 23 33 32 39
2 32 40 1 36
2 40 23 32 40
2 32 42 9 23
2 20 7 32 42
2 32 44 9 23
2 19 35 32 44
2 32 45 9 23
2 37 45 32 45
2 32 47 9 23
2 33 9 32 47
2 33 1 9 23
2 18 45 33 1
2 33 4 9 23
2 30 9 33 4
2 33 5 9 23
2 3 6 33 5
2 33 8 3 6
2 20 29 33 8
2 33 9 9 23
2 10 16 33 9
2 33 10 9 23
2 32 36 33 10
2 33 11 9 23
2 47 14 33 11
2 33 12 9 23
2 9 34 33 12
2 33 15 9 25
2 8 34 33 15
2 33 18 8 34
2 6 39 33 18
2 33 31 6 39
2 4 1 33 31
2 33 32 4 1
2 3 29 33 32
2 33 35 3 29
2 26 47 33 35
2 33 36 3 29
2 3 21 33 36
2 33 37 3 21
2 29 18 33 37
2 33 40 3 21
2 42 34 33 40
2 33 41 3 21
2 13 41 33 41
2 33 45 3 21
2 41 18 33 45
2 33 47 3 21
2 45 9 33 47
2 34 1 3 21
2 35 19 34 1
2 34 3 3 21
2 13 4 34 3
2 34 5 3 21
2 46 25 34 5
2 34 6 3 21
2 35 47 34 6
2 34 8 3 21
2 38 37 34 8
2 34 9 3 29
2 13 12 34 9
2 34 10 8 34
2 11 47 34 10
2 34 12 8 34
2 5 43 34 12
2 34 13 5 43
2 7 6 34 13
2 34 14 5 43
2 20 11 34 14
2 34 15 5 43
2 20 45 34 15
2 34 16 5 43
2 3 6 34 16
2 34 17 3 6
2 38 19 34 17
2 34 19 3 6
2 10 27 34 19
2 34 22 7 6
2 4 24 34 22
2 34 23 4 24
2 8 42 34 23
2 34 25 4 24
2 12 7 34 25
2 34 26 4 24
2 3 23 34 26
2 34 27 3 23
2 9 38 34 27
2 34 29 3 23
2 45 30 34 29
2 34 30 4 24
2 16 15 34 30
2 34 33 4 24
2 16 19 34 33
2 34 36 4 24
2 29 40 34 36
2 34 38 4 24
2 2 29 34 38
2 34 41 2 29
2 36 5 34 41
2 34 42 2 29
2 36 27 34 42
2 34 43 4 24
2 45 2 34 43
2 34 45 4 24
2 4 26 34 45
2 34 46 4 26
2 14 26 34 46
2 34 47 4 26
2 37 32 34 47
2 35 1 4 26
2 9 14 35 1
2 35 3 8 34
2 43 19 35 3
2 35 5 8 34
2 39 28 35 5
2 35 6 8 34
2 5 23 35 6
2 35 9 5 23
2 18 4 35 9
2 35 10 5 23
2 6 40 35 10
2 35 12 5 23
2 7 14 35 12
2 35 13 5 23
2 15 5 35 13
2 35 14 5 23
2 44 46 35 14
2 35 17 6 40
2 20 6 35 17
2 35 18 6 40
2 4 3 35 18
2 35 19 4 3
2 15 34 35 19
2 35 21 4 3
2 9 18 35 21
2 35 22 4 3
2 6 10 35 22
2 35 23 4 3
2 7 4 35 23
2 35 24 4 3
2 37 1 35 24
2 35 25 4 3
2 16 26 35 25
2 35 29 4 3
2 20 26 35 29
2 35 32 4 3
2 28 27 35 32
2 35 33 4 3
2 5 16 35 33
2 35 34 4 3
2 17 44 35 34
2 35 38 5 16
2 5 24 35 38
2 35 39 5 16
2 5 34 35 39
2 35 41 5 24
2 23 31 35 41
2 35 44 5 24
2 10 31 35 44
2 35 47 5 24
2 12 21 35 47
2 36 1 5 24
2 27 35 36 1
2 36 2 5 24
2 6 31 36 2
2 36 3 5 24
2 10 1 36 3
2 36 4 5 24
2 24 3 36 4
2 36 7 5 34
2 45 35 36 7
2 36 9 5 34
2 7 44 36 9
2 36 11 5 34
2 36 28 36 11
2 36 15 5 34
2 12 6 36 15
2 36 19 5 34
2 11 31 36 19
2 36 20 5 34
2 36 14 36 20
2 36 21 6 10
2 21 9 36 21
2 36 23 6 10
2 6 46 36 23
2 36 24 6 10
2 9 29 36 24
2 36 26 6 10
2 5 16 36 26
2 36 27 5 16
2 17 31 36 27
2 36 28 5 16
2 37 20 36 28
2 36 32 5 16
2 5 26 36 32
2 36 33 5 16
2 45 41 36 33
2 36 35 5 16
2 6 32 36 35
2 36 38 5 16
2 19 9 36 38
2 36 39 5 16
2 16 8 36 39
2 36 41 5 16
2 46 34 36 41
2 36 42 5 26
2 5 23 36 42
2 36 47 5 23
2 4 15 36 47
2 37 1 4 15
2 21 37 37 1
2 37 2 4 15
2 23 2 37 2
2 37 3 4 15
2 46 12 37 3
2 37 6 4 15
2 8 21 37 6
2 37 9 5 23
2 18 3 37 9
2 37 10 5 23
2 42 2 37 10
2 37 12 5 23
2 40 29 37 12
2 37 17 5 26
2 23 36 37 17
2 37 18 5 26
2 24 19 37 18
2 37 19 5 26
2 43 45 37 19
2 37 20 5 26
2 18 22 37 20
2 37 22 5 26
2 15 8 37 22
2 37 23 5 26
2 4 47 37 23
2 37 24 4 47
2 10 35 37 24
2 37 26 5 26
2 19 30 37 26
2 37 27 5 26
2 15 3 37 27
2 37 28 5 26
2 23 32 37 28
2 37 29 5 26
2 8 34 37 29
2 37 30 5 26
2 13 27 37 30
2 37 31 5 26
2 23 13 37 31
2 37 35 6 10
2 4 19 37 35
2 37 36 4 19
2 30 19 37 36
2 37 38 4 19
2 5 24 37 38
2 37 39 4 19
2 24 47 37 39
2 37 41 4 19
2 22 43 37 41
2 37 42 4 19
2 15 18 37 42
2 37 43 4 19
2 7 18 37 43
2 37 45 5 24
2 23 46 37 45
2 37 47 5 24
2 7 38 37 47
2 38 3 5 24
2 41 9 38 3
2 38 5 5 24
2 8 31 38 5
2 38 6 5 24
2 20 18 38 6
2 38 8 5 24
2 11 33 38 8
2 38 11 5 24
2 4 24 38 11
2 38 14 4 24
2 6 22 38 14
2 38 15 4 24
2 19 14 38 15
2 38 16 5 24
2 41 20 38 16
2 38 17 5 24
2 5 3 38 17
2 38 19 5 3
2 35 8 38 19
2 38 21 5 3
2 34 21 38 21
2 38 22 5 3
2 46 38 38 22
2 38 27 5 24
2 3 29 38 27
2 38 28 3 29
2 38 34 38 28
2 38 29 3 29
2 21 7 38 29
2 38 31 3 29
2 1 16 38 31
2 38 32 1 16
2 4 26 38 32
2 38 35 1 16
2 5 40 38 35
2 38 37 1 16
2 9 26 38 37
2 38 38 1 16
2 33 44 38 38
2 38 39 3 29
2 4 34 38 39
2 38 40 3 29
2 42 13 38 40
2 38 41 4 26
2 5 46 38 41
2 38 44 4 26
2 41 47 38 44
2 38 47 4 34
2 3 35 38 47
2 39 1 3 35
2 22 41 39 1
2 39 5 3 35
2 42 31 39 5
2 39 8 4 34
2 21 40 39 8
2 39 10 4 34
2 37 21 39 10
2 39 11 5 24
2 47 19 39 11
2 39 14 5 24
2 18 30 39 14
2 39 15 5 24
2 4 19 39 15
2 39 17 4 19
2 47 27 39 17
2 39 19 4 19
2 33 7 39 19
2 39 20 4 19
2 26 22 39 20
2 39 21 4 19
2 23 12 39 21
2 39 22 4 19
2 8 8 39 22
2 39 23 4 19
2 3 35 39 23
2 39 24 3 35
2 4 3 39 24
2 39 27 4 3
2 3 20 39 27
2 39 28 3 20
2 11 38 39 28
2 39 29 3 20
2 10 43 39 29
2 39 32 4 3
2 10 37 39 32
2 39 33 4 3
2 4 6 39 33
2 39 34 4 3
2 17 42 39 34
2 39 41 4 3
2 36 10 39 41
2 39 43 4 3
2 1 43 39 43
2 39 46 1 43
2 5 34 39 46
2 40 1 1 43
2 47 46 40 1
2 40 2 1 43
2 4 39 40 2
2 40 3 1 43
2 17 36 40 3
2 40 4 1 43
2 17 18 40 4
2 40 5 1 43
2 3 31 40 5
2 40 6 1 43
2 14 1 40 6
2 40 7 1 43
2 18 46 40 7
2 40 8 3 31
2 45 3 40 8
2 40 9 3 31
2 2 43 40 9
2 40 10 2 43
2 7 6 40 10
2 40 11 2 43
2 40 14 40 11
2 40 12 3 31
2 5 26 40 12
2 40 14 3 31
2 19 8 40 14
2 40 16 3 31
2 40 22 40 16
2 40 17 3 31
2 18 41 40 17
2 40 18 3 31
2 4 34 40 18
2 40 22 3 31
2 8 29 40 22
2 40 23 3 31
2 36 25 40 23
2 40 24 3 31
2 24 16 40 24
2 40 29 3 31
2 36 17 40 29
2 40 31 3 31
2 34 4 40 31
2 40 32 3 31
2 10 20 40 32
2 40 34 3 31
2 21 30 40 34
2 40 35 3 31
2 14 4 40 35
2 40 37 3 31
2 3 29 40 37
2 40 38 3 29
2 5 12 40 38
2 40 39 3 29
2 9 32 40 39
2 40 41 3 29
2 11 16 40 41
2 40 42 3 29
2 25 33 40 42
2 40 43 3 29
2 14 12 40 43
2 40 46 3 29
2 31 15 40 46
2 41 3 3 29
2 22 44 41 3
2 41 5 3 29
2 44 27 41 5
2 41 6 3 29
2 3 7 41 6
2 41 7 3 7
2 32 4 41 7
2 41 8 3 7
2 44 37 41 8
2 41 12 3 7
2 5 3 41 12
2 41 13 3 7
2 5 23 41 13
2 41 15 3 7
2 3 23 41 15
2 41 16 3 7
2 32 1 41 16
2 41 17 3 7
2 11 43 41 17
2 41 19 3 23
2 3 32 41 19
2 41 22 3 23
2 9 46 41 22
2 41 23 3 23
2 1 36 41 23
2 41 25 1 36
2 26 27 41 25
2 41 29 1 36
2 5 43 41 29
2 41 34 1 36
2 3 7 41 34
2 41 35 1 36
2 7 12 41 35
2 41 36 1 36
2 4 8 41 36
2 41 37 1 36
2 2 29 41 37
2 41 41 1 36
2 44 31 41 41
2 41 42 1 36
2 28 24 41 42
2 41 43 1 36
2 4 12 41 43
2 41 45 1 36
2 15 24 41 45
2 41 46 1 36
2 5 9 41 46
2 41 47 1 36
2 45 1 41 47
2 42 1 1 36
2 8 33 42 1
2 42 2 2 29
2 43 35 42 2
2 42 3 2 29
2 43 32 42 3
2 42 9 2 29
2 16 18 42 9
2 42 12 2 29
2 15 32 42 12
2 42 13 2 29
2 12 4 42 13
2 42 15 2 29
2 23 27 42 15
2 42 16 2 29
2 6 9 42 16
2 42 17 2 29
2 10 45 42 17
2 42 21 3 7
2 6 41 42 21
2 42 23 3 7
2 2 43 42 23
2 42 25 2 43
2 9 5 42 25
2 42 26 2 43
2 3 21 42 26
2 42 28 2 43
2 3 20 42 28
2 42 31 2 43
2 28 38 42 31
2 42 32 2 43
2 31 34 42 32
2 42 35 2 43
2 10 12 42 35
2 42 37 3 7
2 25 42 42 37
2 42 38 3 7
2 15 4 42 38
2 42 41 3 7
2 8 14 42 41
2 42 42 3 7
2 26 32 42 42
2 42 44 3 7
2 9 28 42 44
2 42 45 3 7
2 9 23 42 45
2 43 5 3 7
2 16 22 43 5
2 43 6 3 7
2 20 20 43 6
2 43 11 3 7
2 6 33 43 11
2 43 12 3 7
2 45 25 43 12
2 43 13 3 7
2 6 39 43 13
2 43 15 3 7
2 18 16 43 15
2 43 17 3 7
2 21 12 43 17
2 43 18 3 7
2 1 43 43 18
2 43 19 1 43
2 12 28 43 19
2 43 25 1 43
2 9 17 43 25
2 43 28 1 43
2 4 24 43 28
2 43 30 1 43
2 3 33 43 30
2 43 31 1 43
2 22 29 43 31
2 43 33 1 43
2 25 27 43 33
2 43 35 1 43
2 5 28 43 35
2 43 40 1 43
2 8 22 43 40
2 43 41 1 43
2 16 42 43 41
2 43 42 1 43
2 45 7 43 42
2 43 44 1 43
2 9 39 43 44
2 43 47 1 43
2 16 20 43 47
2 44 1 1 43
2 18 8 44 1
2 44 4 1 43
2 47 29 44 4
2 44 10 1 43
2 18 40 44 10
2 44 12 1 43
2 21 6 44 12
2 44 16 1 43
2 1 16 44 16
2 44 17 1 16
2 4 15 44 17
2 44 18 1 16
2 8 28 44 18
2 44 22 1 43
2 4 35 44 22
2 44 27 1 43
2 21 11 44 27
2 44 29 1 43
2 8 45 44 29
2 44 31 1 43
2 32 5 44 31
2 44 32 1 43
2 7 31 44 32
2 44 36 1 43
2 9 12 44 36
2 44 41 1 43
2 38 12 44 41
2 44 43 1 43
2 9 20 44 43
2 44 44 1 43
2 2 14 44 44
2 44 46 1 43
2 26 20 44 46
2 45 1 1 43
2 38 20 45 1
2 45 2 1 43
2 7 35 45 2
2 45 5 1 43
2 19 40 45 5
2 45 7 1 43
2 14 34 45 7
2 45 8 1 43
2 13 15 45 8
2 45 9 1 43
2 10 26 45 9
2 45 12 1 43
2 5 41 45 12
2 45 14 1 43
2 7 21 45 14
2 45 17 1 43
2 7 2 45 17
2 45 18 1 43
2 3 35 45 18
2 45 19 1 43
2 1 16 45 19
2 45 21 1 16
2 42 24 45 21
2 45 23 1 16
2 23 38 45 23
2 45 26 1 16
2 2 43 45 26
2 45 28 1 16
2 3 3 45 28
2 45 31 1 16
2 24 11 45 31
2 45 38 1 16
2 5 16 45 38
2 45 41 1 16
2 15 23 45 41
2 45 42 1 16
2 13 22 45 42
2 45 43 1 16
2 32 46 45 43
2 45 45 1 16
2 3 44 45 45
2 46 1 1 16
2 2 29 46 1
2 46 3 1 16
2 8 43 46 3
2 46 4 1 16
2 31 3 46 4
2 46 6 1 16
2 3 13 46 6
2 46 7 1 16
2 1 7 46 7
2 46 8 1 7
2 9 15 46 8
2 46 10 1 7
2 16 27 46 10
2 46 11 1 7
2 20 44 46 11
2 46 12 1 7
2 2 16 46 12
2 46 15 1 7
2 2 5 46 15
2 46 18 1 7
2 7 10 46 18
2 46 19 1 7
2 1 36 46 19
2 46 23 1 7
2 28 40 46 23
2 46 25 1 16
2 19 18 46 25
2 46 28 1 16
2 21 44 46 28
2 46 29 1 16
2 3 6 46 29
2 46 32 1 16
2 47 45 46 32
2 46 33 1 16
2 1 7 46 33
2 46 35 1 7
2 4 26 46 35
2 46 36 1 7
2 3 14 46 36
2 46 37 1 7
2 24 10 46 37
2 46 40 1 7
2 16 31 46 40
2 46 41 1 7
2 4 47 46 41
2 46 45 1 7
2 13 10 46 45
2 46 46 1 7
2 14 42 46 46
2 47 1 1 7
2 18 33 47 1
2 47 6 1 7
2 31 43 47 6
2 47 7 1 7
2 6 14 47 7
2 47 11 1 7
2 15 39 47 11
2 47 12 1 7
2 43 27 47 12
2 47 15 1 7
2 13 37 47 15
2 47 16 1 7
2 6 17 47 16
2 47 17 1 7
2 23 11 47 17
2 47 19 1 7
2 11 46 47 19
2 47 21 1 7
2 4 1 47 21
2 47 23 1 7
2 18 2 47 23
2 47 25 1 7
2 14 16 47 25
2 47 26 1 7
2 26 39 47 26
2 47 27 1 7
2 30 45 47 27
2 47 29 1 7
2 22 2 47 29
2 47 30 1 7
2 19 13 47 30
2 47 32 1 7
2 8 37 47 32
2 47 33 1 7
2 14 25 47 33
2 47 40 1 7
2 31 2 47 40
2 47 43 1 7
2 9 19 47 43
2 47 45 1 7
2 7 8 47 45
2 47 47 1 7
2 13 39 47 47
