4592
2 1 1 1 13
2 9 12 1 1
2 1 2 1 24
2 24 3 1 2
2 1 3 1 36
2 6 12 1 3
2 1 4 2 4
2 4 9 1 4
2 1 5 2 41
2 20 45 1 5
2 1 6 3 49
2 4 39 1 6
2 1 7 4 9
2 2 41 1 7
2 1 8 2 41
2 4 13 1 8
2 1 9 4 13
2 2 32 1 9
2 1 10 2 32
2 8 27 1 10
2 1 11 4 39
2 2 18 1 11
2 1 12 2 18
2 8 21 1 12
2 1 13 5 12
2 10 19 1 13
2 1 14 5 26
2 3 48 1 14
2 1 15 3 48
2 2 1 1 15
2 1 16 2 1
2 11 3 1 16
2 1 18 5 35
2 14 29 1 18
2 1 19 5 37
2 6 42 1 19
2 1 20 5 46
2 9 21 1 20
2 1 21 6 1
2 9 26 1 21
2 1 22 6 9
2 1 40 1 22
2 1 23 1 40
2 20 36 1 23
2 1 24 6 12
2 7 37 1 24
2 1 25 6 15
2 7 44 1 25
2 1 26 6 42
2 1 45 1 26
2 1 27 1 45
2 10 26 1 27
2 1 28 6 47
2 8 3 1 28
2 1 29 7 5
2 6 22 1 29
2 1 30 6 22
2 2 35 1 30
2 1 31 2 35
2 12 34 1 31
2 1 32 7 12
2 19 42 1 32
2 1 33 7 37
2 3 50 1 33
2 1 34 3 50
2 9 28 1 34
2 1 35 7 44
2 2 13 1 35
2 1 36 2 13
2 10 10 1 36
2 1 37 8 3
2 31 21 1 37
2 1 38 8 21
2 4 50 1 38
2 1 39 4 50
2 4 14 1 39
2 1 40 4 14
2 7 37 1 40
2 1 41 7 37
2 3 39 1 41
2 1 42 3 39
2 21 37 1 42
2 1 43 8 27
2 21 24 1 43
2 1 44 9 10
2 5 1 1 44
2 1 45 5 1
2 4 6 1 45
2 1 46 4 6
2 8 18 1 46
2 1 47 8 18
2 37 28 1 47
2 1 48 9 12
2 4 47 1 48
2 1 49 4 47
2 16 42 1 49
2 1 50 9 21
2 7 2 1 50
2 2 1 7 2
2 7 13 2 1
2 2 2 7 13
2 35 42 2 2
2 2 3 9 26
2 6 4 2 3
2 2 4 6 4
2 4 36 2 4
2 2 5 4 36
2 19 23 2 5
2 2 6 9 28
2 3 25 2 6
2 2 7 3 25
2 22 4 2 7
2 2 8 10 10
2 7 2 2 8
2 2 9 7 2
2 12 41 2 9
2 2 10 10 19
2 10 39 2 10
2 2 11 10 26
2 24 33 2 11
2 2 12 10 39
2 13 39 2 12
2 2 13 11 3
2 6 15 2 13
2 2 14 6 15
2 21 14 2 14
2 2 15 11 32
2 2 16 2 15
2 2 16 2 16
2 5 23 2 16
2 2 17 5 23
2 6 8 2 17
2 2 18 6 8
2 4 36 2 18
2 2 19 4 36
2 25 4 2 19
2 2 20 12 14
2 21 4 2 20
2 2 21 12 16
2 12 20 2 21
2 2 22 12 20
2 6 46 2 22
2 2 23 6 46
2 7 3 2 23
2 2 24 7 3
2 28 23 2 24
2 2 25 12 21
2 6 11 2 25
2 2 26 6 11
2 5 2 2 26
2 2 27 5 2
2 9 7 2 27
2 2 28 9 7
2 32 42 2 28
2 2 29 12 34
2 2 39 2 29
2 2 30 2 39
2 3 26 2 30
2 2 31 3 26
2 14 12 2 31
2 2 32 12 41
2 16 30 2 32
2 2 33 13 15
2 5 44 2 33
2 2 34 5 44
2 5 35 2 34
2 2 35 5 35
2 9 41 2 35
2 2 36 9 41
2 11 41 2 36
2 2 37 11 41
2 4 6 2 37
2 2 38 4 6
2 7 32 2 38
2 2 39 7 32
2 6 39 2 39
2 2 40 6 39
2 3 24 2 40
2 2 41 3 24
2 5 3 2 41
2 2 42 5 3
2 20 35 2 42
2 2 43 13 39
2 3 37 2 43
2 2 45 3 37
2 22 48 2 45
2 2 46 14 3
2 6 31 2 46
2 2 47 6 31
2 8 11 2 47
2 2 48 8 11
2 3 45 2 48
2 2 49 3 45
2 22 9 2 49
2 2 50 14 12
2 10 49 2 50
2 3 1 10 49
2 8 40 3 1
2 3 2 8 40
2 7 9 3 2
2 3 3 7 9
2 14 36 3 3
2 3 4 14 29
2 22 11 3 4
2 3 5 14 33
2 8 46 3 5
2 3 7 8 46
2 4 48 3 7
2 3 8 4 48
2 4 38 3 8
2 3 10 4 38
2 10 25 3 10
2 3 11 10 25
2 14 41 3 11
2 3 12 14 36
2 31 5 3 12
2 3 13 14 41
2 33 44 3 13
2 3 14 16 7
2 7 43 3 14
2 3 15 7 43
2 20 34 3 15
2 3 16 16 30
2 12 34 3 16
2 3 17 12 34
2 10 24 3 17
2 3 18 10 24
2 26 44 3 18
2 3 19 16 42
2 8 4 3 19
2 3 20 8 4
2 27 22 3 20
2 3 22 17 28
2 35 9 3 22
2 3 24 18 18
2 3 31 3 24
2 3 25 3 31
2 10 35 3 25
2 3 26 10 35
2 22 21 3 26
2 3 27 18 39
2 8 31 3 27
2 3 28 8 31
2 17 38 3 28
2 3 29 17 38
2 4 4 3 29
2 3 30 4 4
2 4 17 3 30
2 3 31 4 17
2 7 9 3 31
2 3 32 7 9
2 46 16 3 32
2 3 33 18 42
2 10 38 3 33
2 3 34 10 38
2 32 10 3 34
2 3 35 19 23
2 13 35 3 35
2 3 37 13 35
2 4 3 3 37
2 3 38 4 3
2 18 8 3 38
2 3 39 18 8
2 39 29 3 39
2 3 40 19 38
2 13 7 3 40
2 3 41 13 7
2 4 20 3 41
2 3 42 4 20
2 5 34 3 42
2 3 43 5 34
2 7 40 3 43
2 3 44 7 40
2 12 24 3 44
2 3 45 12 24
2 13 9 3 45
2 3 46 13 9
2 10 19 3 46
2 3 47 10 19
2 10 33 3 47
2 3 48 10 33
2 6 21 3 48
2 3 49 6 21
2 43 40 3 49
2 3 50 19 42
2 8 50 3 50
2 4 1 8 50
2 10 18 4 1
2 4 2 10 18
2 6 22 4 2
2 4 3 6 22
2 6 5 4 3
2 4 4 6 5
2 8 4 4 4
2 4 6 8 4
2 4 39 4 6
2 4 7 4 39
2 7 12 4 7
2 4 8 7 12
2 18 6 4 8
2 4 9 18 6
2 13 14 4 9
2 4 10 13 14
2 10 30 4 10
2 4 11 10 30
2 4 46 4 11
2 4 12 4 46
2 41 29 4 12
2 4 13 20 34
2 13 26 4 13
2 4 14 13 26
2 23 45 4 14
2 4 15 20 35
2 4 26 4 15
2 4 16 4 26
2 4 47 4 16
2 4 17 4 47
2 21 13 4 17
2 4 18 20 36
2 14 1 4 18
2 4 19 14 1
2 26 43 4 19
2 4 20 20 45
2 5 41 4 20
2 4 21 5 41
2 5 13 4 21
2 4 23 5 13
2 4 30 4 23
2 4 24 4 30
2 9 45 4 24
2 4 25 9 45
2 23 16 4 25
2 4 26 21 4
2 6 3 4 26
2 4 27 6 3
2 4 32 4 27
2 4 28 4 32
2 8 6 4 28
2 4 29 8 6
2 6 12 4 29
2 4 30 6 12
2 6 31 4 30
2 4 31 6 31
2 16 13 4 31
2 4 32 16 13
2 31 31 4 32
2 4 33 21 11
2 5 47 4 33
2 4 34 5 47
2 26 21 4 34
2 4 35 21 13
2 6 23 4 35
2 4 36 6 23
2 6 26 4 36
2 4 37 6 26
2 7 15 4 37
2 4 38 7 15
2 5 14 4 38
2 4 39 5 14
2 10 31 4 39
2 4 40 10 31
2 41 44 4 40
2 4 41 21 14
2 18 33 4 41
2 4 42 18 33
2 6 3 4 42
2 4 43 6 3
2 6 10 4 43
2 4 44 6 10
2 9 39 4 44
2 4 45 9 39
2 17 2 4 45
2 4 46 17 2
2 16 29 4 46
2 4 47 16 29
2 49 26 4 47
2 4 48 21 23
2 19 6 4 48
2 4 49 19 6
2 9 2 4 49
2 4 50 9 2
2 8 2 4 50
2 5 1 8 2
2 17 21 5 1
2 5 2 17 21
2 11 49 5 2
2 5 3 11 49
2 6 3 5 3
2 5 4 6 3
2 18 27 5 4
2 5 5 18 27
2 9 39 5 5
2 5 6 9 39
2 26 10 5 6
2 5 7 21 24
2 5 27 5 7
2 5 8 5 27
2 15 38 5 8
2 5 9 15 38
2 7 11 5 9
2 5 10 7 11
2 6 2 5 10
2 5 11 6 2
2 7 39 5 11
2 5 12 7 39
2 31 50 5 12
2 5 13 21 37
2 13 22 5 13
2 5 14 13 22
2 6 29 5 14
2 5 15 6 29
2 35 28 5 15
2 5 16 22 2
2 8 28 5 16
2 5 17 8 28
2 6 33 5 17
2 5 19 6 33
2 5 31 5 19
2 5 20 5 31
2 23 28 5 20
2 5 21 22 4
2 5 47 5 21
2 5 22 5 47
2 15 22 5 22
2 5 23 15 22
2 14 1 5 23
2 5 24 14 1
2 10 11 5 24
2 5 25 10 11
2 11 34 5 25
2 5 26 11 34
2 7 33 5 26
2 5 27 7 33
2 27 40 5 27
2 5 28 22 9
2 38 25 5 28
2 5 29 22 11
2 10 18 5 29
2 5 30 10 18
2 21 36 5 30
2 5 31 21 36
2 11 36 5 31
2 5 32 11 36
2 5 34 5 32
2 5 33 5 34
2 7 39 5 33
2 5 34 7 39
2 8 38 5 34
2 5 35 8 38
2 8 6 5 35
2 5 36 8 6
2 10 40 5 36
2 5 37 10 40
2 20 42 5 37
2 5 38 20 42
2 17 37 5 38
2 5 39 17 37
2 32 39 5 39
2 5 40 22 12
2 19 3 5 40
2 5 41 19 3
2 16 5 5 41
2 5 42 16 5
2 3 21 5 42
2 5 43 3 21
2 9 46 5 43
2 5 44 9 46
2 48 22 5 44
2 5 46 22 16
2 11 25 5 46
2 5 47 11 25
2 15 21 5 47
2 5 48 15 21
2 14 45 5 48
2 5 49 14 45
2 11 39 5 49
2 5 50 11 39
2 10 35 5 50
2 6 1 10 35
2 6 45 6 1
2 6 2 6 45
2 4 22 6 2
2 6 3 4 22
2 11 37 6 3
2 6 4 11 37
2 32 28 6 4
2 6 5 22 21
2 27 6 6 5
2 6 6 22 24
2 10 11 6 6
2 6 7 10 11
2 7 23 6 7
2 6 8 7 23
2 21 34 6 8
2 6 9 21 34
2 21 22 6 9
2 6 10 21 22
2 21 23 6 10
2 6 11 21 23
2 11 26 6 11
2 6 12 11 26
2 17 10 6 12
2 6 13 17 10
2 9 25 6 13
2 6 14 9 25
2 10 14 6 14
2 6 15 10 14
2 6 18 6 15
2 6 16 6 18
2 7 43 6 16
2 6 18 7 43
2 13 1 6 18
2 6 19 13 1
2 6 35 6 19
2 6 20 6 35
2 17 23 6 20
2 6 21 17 23
2 6 48 6 21
2 6 22 6 48
2 11 10 6 22
2 6 23 11 10
2 7 47 6 23
2 6 24 7 47
2 8 10 6 24
2 6 25 8 10
2 11 19 6 25
2 6 26 11 19
2 44 42 6 26
2 6 27 22 27
2 8 30 6 27
2 6 28 8 30
2 13 36 6 28
2 6 29 13 36
2 22 14 6 29
2 6 30 22 14
2 7 30 6 30
2 6 31 7 30
2 39 42 6 31
2 6 32 22 28
2 8 40 6 32
2 6 33 8 40
2 7 32 6 33
2 6 34 7 32
2 13 46 6 34
2 6 35 13 46
2 6 36 6 35
2 6 36 6 36
2 21 45 6 36
2 6 38 21 45
2 10 8 6 38
2 6 39 10 8
2 11 3 6 39
2 6 40 11 3
2 7 6 6 40
2 6 41 7 6
2 10 37 6 41
2 6 42 10 37
2 14 18 6 42
2 6 44 14 18
2 9 19 6 44
2 6 45 9 19
2 12 46 6 45
2 6 47 12 46
2 10 10 6 47
2 6 48 10 10
2 11 5 6 48
2 6 49 11 5
2 9 13 6 49
2 6 50 9 13
2 8 10 6 50
2 7 1 8 10
2 14 22 7 1
2 7 2 14 22
2 12 41 7 2
2 7 3 12 41
2 49 32 7 3
2 7 4 22 42
2 9 26 7 4
2 7 5 9 26
2 7 16 7 5
2 7 6 7 16
2 10 2 7 6
2 7 7 10 2
2 22 5 7 7
2 7 8 22 5
2 23 22 7 8
2 7 9 22 48
2 7 19 7 9
2 7 10 7 19
2 11 47 7 10
2 7 11 11 47
2 43 10 7 11
2 7 13 23 16
2 36 14 7 13
2 7 14 23 20
2 10 16 7 14
2 7 15 10 16
2 7 42 7 15
2 7 16 7 42
2 8 30 7 16
2 7 17 8 30
2 10 15 7 17
2 7 18 10 15
2 13 23 7 18
2 7 19 13 23
2 10 28 7 19
2 7 20 10 28
2 7 12 7 20
2 7 21 7 12
2 24 5 7 21
2 7 22 23 22
2 10 50 7 22
2 7 23 10 50
2 17 30 7 23
2 7 24 17 30
2 17 32 7 24
2 7 26 17 32
2 11 42 7 26
2 7 27 11 42
2 26 5 7 27
2 7 28 23 28
2 17 24 7 28
2 7 29 17 24
2 15 36 7 29
2 7 30 15 36
2 34 42 7 30
2 7 31 23 45
2 7 39 7 31
2 7 32 7 39
2 19 39 7 32
2 7 33 19 39
2 26 9 7 33
2 7 35 24 3
2 8 42 7 35
2 7 36 8 42
2 9 23 7 36
2 7 37 9 23
2 16 5 7 37
2 7 38 16 5
2 14 10 7 38
2 7 39 14 10
2 23 40 7 39
2 7 40 23 40
2 8 9 7 40
2 7 41 8 9
2 8 31 7 41
2 7 42 8 31
2 20 41 7 42
2 7 43 20 41
2 8 21 7 43
2 7 44 8 21
2 8 29 7 44
2 7 45 8 29
2 8 32 7 45
2 7 46 8 32
2 17 37 7 46
2 7 47 17 37
2 8 6 7 47
2 7 49 8 6
2 8 28 7 49
2 7 50 8 28
2 8 12 7 50
2 8 1 8 12
2 12 45 8 1
2 8 2 12 45
2 25 43 8 2
2 8 3 24 5
2 10 40 8 3
2 8 4 10 40
2 19 32 8 4
2 8 5 19 32
2 23 10 8 5
2 8 6 23 10
2 19 36 8 6
2 8 7 19 36
2 10 19 8 7
2 8 8 10 19
2 29 30 8 8
2 8 9 24 12
2 10 20 8 9
2 8 10 10 20
2 8 17 8 10
2 8 11 8 17
2 15 49 8 11
2 8 12 15 49
2 28 19 8 12
2 8 13 24 23
2 10 27 8 13
2 8 14 10 27
2 15 1 8 14
2 8 15 15 1
2 10 41 8 15
2 8 16 10 41
2 11 1 8 16
2 8 17 11 1
2 3 6 8 17
2 8 18 3 6
2 15 35 8 18
2 8 19 15 35
2 17 18 8 19
2 8 20 17 18
2 9 13 8 20
2 8 21 9 13
2 8 39 8 21
2 8 22 8 39
2 12 49 8 22
2 8 23 12 49
2 10 5 8 23
2 8 24 10 5
2 15 25 8 24
2 8 25 15 25
2 11 35 8 25
2 8 26 11 35
2 16 42 8 26
2 8 27 16 42
2 12 19 8 27
2 8 28 12 19
2 10 8 8 28
2 8 29 10 8
2 7 12 8 29
2 8 30 7 12
2 9 10 8 30
2 8 31 9 10
2 12 20 8 31
2 8 32 12 20
2 12 9 8 32
2 8 33 12 9
2 14 46 8 33
2 8 34 14 46
2 19 39 8 34
2 8 35 19 39
2 27 5 8 35
2 8 36 24 33
2 15 40 8 36
2 8 37 15 40
2 12 50 8 37
2 8 38 12 50
2 9 10 8 38
2 8 39 9 10
2 22 10 8 39
2 8 40 22 10
2 11 26 8 40
2 8 41 11 26
2 12 25 8 41
2 8 42 12 25
2 14 11 8 42
2 8 43 14 11
2 48 24 8 43
2 8 44 25 4
2 10 8 8 44
2 8 45 10 8
2 15 8 8 45
2 8 47 15 8
2 24 18 8 47
2 8 48 24 18
2 14 1 8 48
2 8 50 14 1
2 38 24 8 50
2 9 1 25 14
2 8 49 9 1
2 9 2 8 49
2 9 27 9 2
2 9 3 9 27
2 14 49 9 3
2 9 4 14 49
2 16 28 9 4
2 9 5 16 28
2 36 15 9 5
2 9 7 25 37
2 11 26 9 7
2 9 8 11 26
2 10 3 9 8
2 9 9 10 3
2 16 2 9 9
2 9 10 16 2
2 32 36 9 10
2 9 11 25 43
2 17 17 9 11
2 9 13 17 17
2 12 12 9 13
2 9 14 12 12
2 39 35 9 14
2 9 16 26 5
2 40 14 9 16
2 9 17 26 7
2 9 25 9 17
2 9 18 9 25
2 19 29 9 18
2 9 19 19 29
2 19 20 9 19
2 9 20 19 20
2 18 49 9 20
2 9 21 18 49
2 18 13 9 21
2 9 22 18 13
2 19 3 9 22
2 9 23 19 3
2 13 17 9 23
2 9 25 13 17
2 11 5 9 25
2 9 26 11 5
2 27 48 9 26
2 9 27 26 9
2 25 15 9 27
2 9 28 25 15
2 10 45 9 28
2 9 29 10 45
2 9 46 9 29
2 9 30 9 46
2 11 1 9 30
2 9 31 11 1
2 18 22 9 31
2 9 32 18 22
2 19 46 9 32
2 9 33 19 46
2 27 18 9 33
2 9 34 26 10
2 24 40 9 34
2 9 35 24 40
2 9 41 9 35
2 9 36 9 41
2 22 39 9 36
2 9 37 22 39
2 12 50 9 37
2 9 38 12 50
2 10 38 9 38
2 9 39 10 38
2 9 42 9 39
2 9 40 9 42
2 21 3 9 40
2 9 41 21 3
2 11 5 9 41
2 9 42 11 5
2 27 21 9 42
2 9 43 26 21
2 14 1 9 43
2 9 44 14 1
2 20 42 9 44
2 9 45 20 42
2 12 33 9 45
2 9 46 12 33
2 9 49 9 46
2 9 47 9 49
2 17 44 9 47
2 9 48 17 44
2 22 5 9 48
2 9 49 22 5
2 13 29 9 49
2 9 50 13 29
2 13 23 9 50
2 10 1 13 23
2 49 11 10 1
2 10 2 26 43
2 23 22 10 2
2 10 3 23 22
2 25 43 10 3
2 10 4 25 43
2 15 30 10 4
2 10 5 15 30
2 20 15 10 5
2 10 6 20 15
2 13 43 10 6
2 10 7 13 43
2 14 31 10 7
2 10 8 14 31
2 3 21 10 8
2 10 9 3 21
2 35 25 10 9
2 10 10 26 44
2 27 8 10 10
2 10 11 27 5
2 24 39 10 11
2 10 12 24 39
2 13 33 10 12
2 10 13 13 33
2 18 41 10 13
2 10 14 18 41
2 11 39 10 14
2 10 15 11 39
2 11 18 10 15
2 10 16 11 18
2 39 40 10 16
2 10 17 27 6
2 28 28 10 17
2 10 18 27 8
2 11 4 10 18
2 10 19 11 4
2 30 36 10 19
2 10 20 27 18
2 13 47 10 20
2 10 21 13 47
2 14 18 10 21
2 10 22 14 18
2 13 33 10 22
2 10 23 13 33
2 13 3 10 23
2 10 24 13 3
2 18 11 10 24
2 10 25 18 11
2 21 16 10 25
2 10 26 21 16
2 30 48 10 26
2 10 27 27 21
2 12 47 10 27
2 10 28 12 47
2 14 10 10 28
2 10 29 14 10
2 16 43 10 29
2 10 30 16 43
2 12 11 10 30
2 10 31 12 11
2 17 20 10 31
2 10 33 17 20
2 40 32 10 33
2 10 34 27 22
2 3 23 10 34
2 10 35 3 23
2 29 31 10 35
2 10 36 27 27
2 14 21 10 36
2 10 37 14 21
2 12 8 10 37
2 10 38 12 8
2 27 37 10 38
2 10 39 27 37
2 27 21 10 39
2 10 41 27 21
2 13 31 10 41
2 10 42 13 31
2 11 38 10 42
2 10 43 11 38
2 24 42 10 43
2 10 44 24 42
2 17 36 10 44
2 10 45 17 36
2 31 39 10 45
2 10 46 27 38
2 17 1 10 46
2 10 47 17 1
2 15 13 10 47
2 10 48 15 13
2 14 21 10 48
2 10 49 14 21
2 23 3 10 49
2 10 50 23 3
2 24 31 10 50
2 11 1 24 31
2 20 40 11 1
2 11 2 20 40
2 14 3 11 2
2 11 4 14 3
2 29 11 11 4
2 11 5 27 40
2 24 27 11 5
2 11 6 24 27
2 45 1 11 6
2 11 7 27 41
2 23 38 11 7
2 11 8 23 38
2 27 16 11 8
2 11 9 27 16
2 8 46 11 9
2 11 10 8 46
2 12 7 11 10
2 11 11 12 7
2 16 25 11 11
2 11 12 16 25
2 23 44 11 12
2 11 13 23 44
2 42 24 11 13
2 11 14 27 48
2 18 25 11 14
2 11 15 18 25
2 42 26 11 15
2 11 16 28 16
2 13 12 11 16
2 11 17 13 12
2 13 18 11 17
2 11 18 13 18
2 38 15 11 18
2 11 19 28 19
2 15 33 11 19
2 11 20 15 33
2 15 32 11 20
2 11 22 15 32
2 11 50 11 22
2 11 23 11 50
2 21 43 11 23
2 11 25 21 43
2 14 24 11 25
2 11 26 14 24
2 11 48 11 26
2 11 27 11 48
2 11 34 11 27
2 11 28 11 34
2 29 16 11 28
2 11 29 28 23
2 18 5 11 29
2 11 30 18 5
2 16 47 11 30
2 11 32 16 47
2 14 41 11 32
2 11 33 14 41
2 14 8 11 33
2 11 34 14 8
2 15 18 11 34
2 11 35 15 18
2 19 8 11 35
2 11 36 19 8
2 8 49 11 36
2 11 37 8 49
2 24 45 11 37
2 11 38 24 45
2 19 30 11 38
2 11 39 19 30
2 15 3 11 39
2 11 40 15 3
2 15 35 11 40
2 11 41 15 35
2 11 43 11 41
2 11 42 11 43
2 23 39 11 42
2 11 43 23 39
2 17 17 11 43
2 11 44 17 17
2 13 36 11 44
2 11 45 13 36
2 21 46 11 45
2 11 47 21 46
2 40 13 11 47
2 11 48 28 28
2 17 22 11 48
2 11 49 17 22
2 23 49 11 49
2 11 50 23 49
2 12 26 11 50
2 12 1 12 26
2 43 34 12 1
2 12 2 28 29
2 12 17 12 2
2 12 3 12 17
2 13 38 12 3
2 12 4 13 38
2 13 11 12 4
2 12 5 13 11
2 16 10 12 5
2 12 6 16 10
2 8 49 12 6
2 12 7 8 49
2 33 40 12 7
2 12 8 28 36
2 38 49 12 8
2 12 9 28 38
2 31 18 12 9
2 12 10 29 11
2 20 48 12 10
2 12 11 20 48
2 17 19 12 11
2 12 12 17 19
2 16 20 12 12
2 12 15 16 20
2 11 46 12 15
2 12 16 11 46
2 13 29 12 16
2 12 17 13 29
2 19 16 12 17
2 12 18 19 16
2 14 12 12 18
2 12 19 14 12
2 19 40 12 19
2 12 20 19 40
2 39 2 12 20
2 12 21 29 13
2 9 15 12 21
2 12 22 9 15
2 16 5 12 22
2 12 23 16 5
2 14 29 12 23
2 12 24 14 29
2 8 46 12 24
2 12 26 8 46
2 3 23 12 26
2 12 27 3 23
2 15 49 12 27
2 12 28 15 49
2 20 36 12 28
2 12 29 20 36
2 19 34 12 29
2 12 30 19 34
2 38 27 12 30
2 12 31 29 16
2 13 28 12 31
2 12 32 13 28
2 17 4 12 32
2 12 33 17 4
2 23 35 12 33
2 12 34 23 35
2 21 15 12 34
2 12 36 21 15
2 17 34 12 36
2 12 37 17 34
2 29 46 12 37
2 12 38 29 30
2 14 45 12 38
2 12 39 14 45
2 8 46 12 39
2 12 40 8 46
2 16 7 12 40
2 12 41 16 7
2 13 5 12 41
2 12 42 13 5
2 21 1 12 42
2 12 43 21 1
2 17 40 12 43
2 12 44 17 40
2 13 1 12 44
2 12 45 13 1
2 32 27 12 45
2 12 46 29 31
2 20 36 12 46
2 12 47 20 36
2 41 23 12 47
2 12 48 29 46
2 17 15 12 48
2 12 49 17 15
2 23 24 12 49
2 12 50 23 24
2 25 11 12 50
2 13 1 25 11
2 36 40 13 1
2 13 2 30 14
2 19 49 13 2
2 13 3 19 49
2 14 27 13 3
2 13 4 14 27
2 28 26 13 4
2 13 5 28 26
2 17 14 13 5
2 13 6 17 14
2 14 49 13 6
2 13 7 14 49
2 4 22 13 7
2 13 8 4 22
2 15 30 13 8
2 13 9 15 30
2 14 50 13 9
2 13 10 14 50
2 29 45 13 10
2 13 11 29 45
2 13 20 13 11
2 13 12 13 20
2 14 36 13 12
2 13 15 14 36
2 21 47 13 15
2 13 16 21 47
2 27 18 13 16
2 13 17 27 18
2 45 7 13 17
2 13 18 30 28
2 23 34 13 18
2 13 19 23 34
2 13 50 13 19
2 13 20 13 50
2 19 18 13 20
2 13 21 19 18
2 14 14 13 21
2 13 22 14 14
2 14 6 13 22
2 13 23 14 6
2 15 40 13 23
2 13 25 15 40
2 22 7 13 25
2 13 26 22 7
2 37 7 13 26
2 13 27 30 36
2 15 35 13 27
2 13 28 15 35
2 20 21 13 28
2 13 29 20 21
2 14 26 13 29
2 13 30 14 26
2 43 14 13 30
2 13 31 30 46
2 34 35 13 31
2 13 32 30 48
2 18 34 13 32
2 13 33 18 34
2 41 45 13 33
2 13 34 31 3
2 42 30 13 34
2 13 35 31 5
2 15 29 13 35
2 13 36 15 29
2 27 36 13 36
2 13 37 27 36
2 13 49 13 37
2 13 38 13 49
2 14 29 13 38
2 13 39 14 29
2 24 15 13 39
2 13 40 24 15
2 18 4 13 40
2 13 42 18 4
2 18 9 13 42
2 13 43 18 9
2 17 12 13 43
2 13 44 17 12
2 16 21 13 44
2 13 45 16 21
2 29 19 13 45
2 13 46 29 19
2 32 31 13 46
2 13 47 31 18
2 15 8 13 47
2 13 48 15 8
2 16 22 13 48
2 13 49 16 22
2 17 49 13 49
2 13 50 17 49
2 14 29 13 50
2 14 1 14 29
2 16 16 14 1
2 14 2 16 16
2 21 39 14 2
2 14 3 21 39
2 20 4 14 3
2 14 4 20 4
2 18 18 14 4
2 14 5 18 18
2 27 34 14 5
2 14 6 27 34
2 12 25 14 6
2 14 7 12 25
2 37 30 14 7
2 14 8 31 21
2 25 21 14 8
2 14 9 25 21
2 14 36 14 9
2 14 10 14 36
2 15 29 14 10
2 14 11 15 29
2 19 40 14 11
2 14 12 19 40
2 20 7 14 12
2 14 13 20 7
2 15 46 14 13
2 14 14 15 46
2 16 28 14 14
2 14 16 16 28
2 20 37 14 16
2 14 17 20 37
2 40 10 14 17
2 14 18 31 29
2 14 31 14 18
2 14 19 14 31
2 22 30 14 19
2 14 20 22 30
2 18 33 14 20
2 14 21 18 33
2 26 19 14 21
2 14 22 26 19
2 30 44 14 22
2 14 23 30 44
2 31 5 14 23
2 14 24 31 5
2 27 45 14 24
2 14 25 27 45
2 44 44 14 25
2 14 26 31 31
2 19 32 14 26
2 14 27 19 32
2 21 43 14 27
2 14 28 21 43
2 17 47 14 28
2 14 29 17 47
2 25 43 14 29
2 14 30 25 43
2 19 21 14 30
2 14 31 19 21
2 30 11 14 31
2 14 32 30 11
2 40 43 14 32
2 14 33 31 39
2 22 46 14 33
2 14 34 22 46
2 15 12 14 34
2 14 35 15 12
2 23 2 14 35
2 14 37 23 2
2 28 32 14 37
2 14 38 28 32
2 38 32 14 38
2 14 39 31 40
2 17 47 14 39
2 14 40 17 47
2 3 21 14 40
2 14 41 3 21
2 15 9 14 41
2 14 42 15 9
2 16 30 14 42
2 14 43 16 30
2 16 6 14 43
2 14 44 16 6
2 16 2 14 44
2 14 45 16 2
2 16 11 14 45
2 14 46 16 11
2 16 46 14 46
2 14 47 16 46
2 17 50 14 47
2 14 48 17 50
2 19 19 14 48
2 14 49 19 19
2 17 2 14 49
2 14 50 17 2
2 25 40 14 50
2 15 1 25 40
2 21 48 15 1
2 15 2 21 48
2 19 24 15 2
2 15 3 19 24
2 30 14 15 3
2 15 4 30 14
2 22 50 15 4
2 15 5 22 50
2 23 43 15 5
2 15 7 23 43
2 21 33 15 7
2 15 8 21 33
2 24 24 15 8
2 15 9 24 24
2 25 11 15 9
2 15 11 25 11
2 20 7 15 11
2 15 12 20 7
2 15 13 15 12
2 15 13 15 13
2 16 21 15 13
2 15 14 16 21
2 19 47 15 14
2 15 15 19 47
2 43 16 15 15
2 15 16 31 50
2 21 43 15 16
2 15 17 21 43
2 16 14 15 17
2 15 18 16 14
2 11 46 15 18
2 15 19 11 46
2 18 36 15 19
2 15 22 18 36
2 18 18 15 22
2 15 23 18 18
2 44 10 15 23
2 15 24 32 10
2 15 28 15 24
2 15 27 15 28
2 27 9 15 27
2 15 28 27 9
2 18 26 15 28
2 15 29 18 26
2 30 26 15 29
2 15 30 30 26
2 20 50 15 30
2 15 31 20 50
2 18 11 15 31
2 15 32 18 11
2 23 24 15 32
2 15 33 23 24
2 15 25 15 33
2 15 34 15 25
2 18 39 15 34
2 15 35 18 39
2 36 5 15 35
2 15 36 32 18
2 17 48 15 36
2 15 38 17 48
2 15 43 15 38
2 15 39 15 43
2 20 1 15 39
2 15 40 20 1
2 23 18 15 40
2 15 41 23 18
2 45 8 15 41
2 15 42 32 25
2 24 25 15 42
2 15 43 24 25
2 9 12 15 43
2 15 44 9 12
2 23 34 15 44
2 15 45 23 34
2 31 45 15 45
2 15 46 31 45
2 16 30 15 46
2 15 47 16 30
2 27 17 15 47
2 15 48 27 17
2 20 20 15 48
2 15 49 20 20
2 41 6 15 49
2 15 50 32 27
2 25 30 15 50
2 16 1 25 30
2 28 27 16 1
2 16 2 28 27
2 35 40 16 2
2 16 3 32 28
2 23 7 16 3
2 16 4 23 7
2 19 25 16 4
2 16 5 19 25
2 20 19 16 5
2 16 6 20 19
2 17 43 16 6
2 16 7 17 43
2 36 47 16 7
2 16 8 32 31
2 12 25 16 8
2 16 9 12 25
2 31 4 16 9
2 16 10 31 4
2 50 3 16 10
2 16 11 32 36
2 18 49 16 11
2 16 13 18 49
2 16 15 16 13
2 16 14 16 15
2 18 43 16 14
2 16 15 18 43
2 16 41 16 15
2 16 16 16 41
2 29 28 16 16
2 16 17 29 28
2 18 39 16 17
2 16 19 18 39
2 9 15 16 19
2 16 20 9 15
2 20 14 16 20
2 16 21 20 14
2 19 24 16 21
2 16 22 19 24
2 42 7 16 22
2 16 23 32 39
2 29 4 16 23
2 16 24 29 4
2 18 34 16 24
2 16 25 18 34
2 25 23 16 25
2 16 26 25 23
2 21 15 16 26
2 16 27 21 15
2 20 49 16 27
2 16 28 20 49
2 29 29 16 28
2 16 29 29 29
2 18 16 16 29
2 16 30 18 16
2 9 15 16 30
2 16 31 9 15
2 17 47 16 31
2 16 32 17 47
2 17 16 16 32
2 16 36 17 16
2 20 45 16 36
2 16 37 20 45
2 36 17 16 37
2 16 38 32 42
2 18 2 16 38
2 16 39 18 2
2 17 23 16 39
2 16 40 17 23
2 7 12 16 40
2 16 41 7 12
2 31 14 16 41
2 16 42 31 14
2 26 6 16 42
2 16 43 26 6
2 18 38 16 43
2 16 44 18 38
2 6 46 16 44
2 16 45 6 46
2 33 10 16 45
2 16 46 33 2
2 20 17 16 46
2 16 47 20 17
2 17 19 16 47
2 16 48 17 19
2 32 7 16 48
2 16 49 32 7
2 15 37 16 49
2 16 50 15 37
2 42 36 16 50
2 17 1 33 10
2 20 29 17 1
2 17 2 20 29
2 18 32 17 2
2 17 3 18 32
2 30 23 17 3
2 17 4 30 23
2 21 16 17 4
2 17 5 21 16
2 21 25 17 5
2 17 6 21 25
2 18 9 17 6
2 17 7 18 9
2 20 16 17 7
2 17 8 20 16
2 22 2 17 8
2 17 10 22 2
2 23 11 17 10
2 17 11 23 11
2 24 11 17 11
2 17 12 24 11
2 20 45 17 12
2 17 13 20 45
2 19 1 17 13
2 17 14 19 1
2 23 1 17 14
2 17 15 23 1
2 12 14 17 15
2 17 16 12 14
2 9 12 17 16
2 17 17 9 12
2 37 16 17 17
2 17 18 33 40
2 23 15 17 18
2 17 19 23 15
2 18 40 17 19
2 17 20 18 40
2 26 3 17 20
2 17 21 26 3
2 25 34 17 21
2 17 22 25 34
2 42 31 17 22
2 17 23 33 44
2 18 12 17 23
2 17 24 18 12
2 30 30 17 24
2 17 25 30 30
2 22 3 17 25
2 17 26 22 3
2 23 14 17 26
2 17 27 23 14
2 19 2 17 27
2 17 28 19 2
2 17 29 17 28
2 17 29 17 29
2 21 19 17 29
2 17 30 21 19
2 22 36 17 30
2 17 31 22 36
2 23 10 17 31
2 17 33 23 10
2 42 18 17 33
2 17 34 34 23
2 45 10 17 34
2 17 35 34 35
2 32 22 17 35
2 17 36 32 22
2 23 13 17 36
2 17 37 23 13
2 46 13 17 37
2 17 38 34 42
2 24 35 17 38
2 17 39 24 35
2 19 49 17 39
2 17 40 19 49
2 25 7 17 40
2 17 41 25 7
2 18 27 17 41
2 17 42 18 27
2 25 8 17 42
2 17 44 25 8
2 24 15 17 44
2 17 45 24 15
2 18 43 17 45
2 17 46 18 43
2 48 28 17 46
2 17 47 34 45
2 7 12 17 47
2 17 48 7 12
2 20 5 17 48
2 17 49 20 5
2 37 26 17 49
2 17 50 35 3
2 44 29 17 50
2 18 2 35 8
2 25 22 18 2
2 18 4 25 22
2 23 48 18 4
2 18 5 23 48
2 3 21 18 5
2 18 6 3 21
2 18 47 18 6
2 18 7 18 47
2 21 10 18 7
2 18 8 21 10
2 50 25 18 8
2 18 9 35 9
2 29 35 18 9
2 18 10 29 35
2 33 38 18 10
2 18 11 33 38
2 21 19 18 11
2 18 12 21 19
2 20 11 18 12
2 18 13 20 11
2 18 17 18 13
2 18 14 18 17
2 21 30 18 14
2 18 15 21 30
2 26 38 18 15
2 18 16 26 38
2 18 38 18 16
2 18 17 18 38
2 19 9 18 17
2 18 18 19 9
2 19 47 18 18
2 18 19 19 47
2 22 47 18 19
2 18 20 22 47
2 19 11 18 20
2 18 21 19 11
2 20 42 18 21
2 18 22 20 42
2 22 2 18 22
2 18 23 22 2
2 20 4 18 23
2 18 24 20 4
2 26 24 18 24
2 18 25 26 24
2 26 19 18 25
2 18 26 26 19
2 45 28 18 26
2 18 27 35 11
2 32 17 18 27
2 18 28 32 17
2 23 50 18 28
2 18 29 23 50
2 22 21 18 29
2 18 31 22 21
2 20 31 18 31
2 18 32 20 31
2 29 44 18 32
2 18 33 29 44
2 33 29 18 33
2 18 34 33 29
2 22 44 18 34
2 18 35 22 44
2 22 43 18 35
2 18 37 22 43
2 22 40 18 37
2 18 38 22 40
2 19 6 18 38
2 18 39 19 6
2 42 32 18 39
2 18 40 35 25
2 29 45 18 40
2 18 41 29 45
2 24 5 18 41
2 18 42 24 5
2 24 6 18 42
2 18 43 24 6
2 20 19 18 43
2 18 44 20 19
2 15 21 18 44
2 18 45 15 21
2 29 30 18 45
2 18 46 29 30
2 21 35 18 46
2 18 47 21 35
2 20 39 18 47
2 18 48 20 39
2 31 6 18 48
2 18 49 31 6
2 38 18 18 49
2 18 50 35 28
2 19 46 18 50
2 19 1 19 46
2 21 24 19 1
2 19 2 21 24
2 25 12 19 2
2 19 3 25 12
2 19 26 19 3
2 19 4 19 26
2 11 46 19 4
2 19 6 11 46
2 6 46 19 6
2 19 7 6 46
2 29 48 19 7
2 19 8 29 48
2 49 45 19 8
2 19 9 35 38
2 23 22 19 9
2 19 10 23 22
2 20 4 19 10
2 19 11 20 4
2 38 2 19 11
2 19 12 35 40
2 11 3 19 12
2 19 14 11 3
2 35 43 19 14
2 19 15 35 42
2 38 7 19 15
2 19 16 35 43
2 47 44 19 16
2 19 17 35 47
2 24 5 19 17
2 19 18 24 5
2 19 20 19 18
2 19 19 19 20
2 19 42 19 19
2 19 20 19 42
2 25 10 19 20
2 19 21 25 10
2 27 50 19 21
2 19 23 27 50
2 21 37 19 23
2 19 24 21 37
2 35 19 19 24
2 19 25 35 19
2 21 36 19 25
2 19 26 21 36
2 22 39 19 26
2 19 27 22 39
2 39 17 19 27
2 19 29 36 5
2 23 3 19 29
2 19 30 23 3
2 22 24 19 30
2 19 31 22 24
2 33 9 19 31
2 19 32 33 9
2 27 47 19 32
2 19 33 27 47
2 22 37 19 33
2 19 34 22 37
2 23 50 19 34
2 19 35 23 50
2 21 40 19 35
2 19 36 21 40
2 20 28 19 36
2 19 37 20 28
2 4 22 19 37
2 19 38 4 22
2 20 22 19 38
2 19 39 20 22
2 31 10 19 39
2 19 40 31 10
2 26 18 19 40
2 19 41 26 18
2 26 27 19 41
2 19 42 26 27
2 23 41 19 42
2 19 43 23 41
2 41 32 19 43
2 19 44 36 14
2 21 10 19 44
2 19 46 21 10
2 27 12 19 46
2 19 47 27 12
2 21 26 19 47
2 19 48 21 26
2 42 11 19 48
2 19 49 36 15
2 21 37 19 49
2 19 50 21 37
2 23 30 19 50
2 20 1 23 30
2 26 47 20 1
2 20 2 26 47
2 45 4 20 2
2 20 3 36 17
2 20 17 20 3
2 20 4 20 17
2 22 48 20 4
2 20 5 22 48
2 26 5 20 5
2 20 6 26 5
2 21 13 20 6
2 20 7 21 13
2 23 48 20 7
2 20 8 23 48
2 32 40 20 8
2 20 9 32 40
2 38 36 20 9
2 20 11 36 40
2 26 2 20 11
2 20 12 26 2
2 22 19 20 12
2 20 13 22 19
2 3 23 20 13
2 20 14 3 23
2 30 35 20 14
2 20 15 30 35
2 22 42 20 15
2 20 16 22 42
2 22 17 20 16
2 20 17 22 17
2 21 19 20 17
2 20 19 21 19
2 8 49 20 19
2 20 20 8 49
2 30 43 20 20
2 20 22 30 43
2 23 31 20 22
2 20 23 23 31
2 44 11 20 23
2 20 24 36 46
2 17 9 20 24
2 20 25 17 9
2 22 29 20 25
2 20 26 22 29
2 35 33 20 26
2 20 27 35 33
2 30 3 20 27
2 20 28 30 3
2 21 49 20 28
2 20 29 21 49
2 26 22 20 29
2 20 32 26 22
2 12 14 20 32
2 20 33 12 14
2 32 44 20 33
2 20 34 32 44
2 28 36 20 34
2 20 35 28 36
2 28 20 20 35
2 20 36 28 20
2 26 10 20 36
2 20 37 26 10
2 20 30 20 37
2 20 38 20 30
2 28 42 20 38
2 20 39 28 42
2 39 1 20 39
2 20 40 36 47
2 26 11 20 40
2 20 41 26 11
2 24 15 20 41
2 20 42 24 15
2 21 26 20 42
2 20 43 21 26
2 26 23 20 43
2 20 44 26 23
2 8 49 20 44
2 20 45 8 49
2 8 49 20 45
2 20 46 8 49
2 21 47 20 46
2 20 47 21 47
2 31 18 20 47
2 20 48 31 18
2 25 47 20 48
2 20 49 25 47
2 22 35 20 49
2 20 50 22 35
2 26 33 20 50
2 21 1 26 33
2 33 22 21 1
2 21 2 33 22
2 35 16 21 2
2 21 3 35 16
2 49 21 21 3
2 21 4 37 7
2 24 13 21 4
2 21 5 24 13
2 34 29 21 5
2 21 6 34 29
2 23 15 21 6
2 21 7 23 15
2 33 13 21 7
2 21 8 33 13
2 22 36 21 8
2 21 9 22 36
2 21 27 21 9
2 21 10 21 27
2 22 6 21 10
2 21 11 22 6
2 23 21 21 11
2 21 12 23 21
2 12 13 21 12
2 21 13 12 13
2 8 49 21 13
2 21 14 8 49
2 15 21 21 14
2 21 15 15 21
2 40 20 21 15
2 21 16 37 16
2 28 21 21 16
2 21 18 28 21
2 28 9 21 18
2 21 19 28 9
2 47 25 21 19
2 21 20 37 26
2 27 13 21 20
2 21 21 27 13
2 22 19 21 21
2 21 22 22 19
2 11 46 21 22
2 21 23 11 46
2 44 17 21 23
2 21 24 37 28
2 33 6 21 24
2 21 25 33 6
2 26 5 21 25
2 21 26 26 5
2 46 49 21 26
2 21 27 37 29
2 38 33 21 27
2 21 28 37 30
2 15 37 21 28
2 21 29 15 37
2 26 43 21 29
2 21 30 26 43
2 30 14 21 30
2 21 31 30 14
2 26 31 21 31
2 21 32 26 31
2 26 10 21 32
2 21 33 26 10
2 28 34 21 33
2 21 34 28 34
2 30 14 21 34
2 21 35 30 14
2 22 17 21 35
2 21 36 22 17
2 36 13 21 36
2 21 37 36 13
2 33 37 21 37
2 21 38 33 37
2 26 45 21 38
2 21 39 26 45
2 27 1 21 39
2 21 40 27 1
2 30 39 21 40
2 21 43 30 39
2 37 41 21 43
2 21 44 37 41
2 43 46 21 44
2 21 45 37 49
2 29 12 21 45
2 21 46 29 12
2 23 47 21 46
2 21 47 23 47
2 26 23 21 47
2 21 48 26 23
2 39 18 21 48
2 21 49 38 2
2 29 9 21 49
2 21 50 29 9
2 22 24 21 50
2 22 1 22 24
2 50 16 22 1
2 22 2 38 5
2 31 21 22 2
2 22 3 31 21
2 30 2 22 3
2 22 4 30 2
2 43 1 22 4
2 22 5 38 7
2 9 15 22 5
2 22 6 9 15
2 15 25 22 6
2 22 7 15 25
2 45 3 22 7
2 22 9 38 10
2 35 41 22 9
2 22 10 35 41
2 29 15 22 10
2 22 11 29 15
2 24 41 22 11
2 22 12 24 41
2 23 37 22 12
2 22 13 23 37
2 35 46 22 13
2 22 14 35 46
2 24 6 22 14
2 22 16 24 6
2 30 7 22 16
2 22 17 30 7
2 22 44 22 17
2 22 18 22 44
2 27 6 22 18
2 22 19 27 6
2 26 25 22 19
2 22 20 26 25
2 25 21 22 20
2 22 21 25 21
2 25 23 22 21
2 22 22 25 23
2 48 30 22 22
2 22 23 38 15
2 35 19 22 23
2 22 24 35 19
2 27 11 22 24
2 22 25 27 11
2 25 25 22 25
2 22 26 25 25
2 26 10 22 26
2 22 27 26 10
2 11 46 22 27
2 22 28 11 46
2 23 11 22 28
2 22 29 23 11
2 36 5 22 29
2 22 30 36 5
2 34 11 22 30
2 22 31 34 11
2 30 48 22 31
2 22 32 30 48
2 30 50 22 32
2 22 33 30 50
2 23 10 22 33
2 22 34 23 10
2 28 35 22 34
2 22 35 28 35
2 31 1 22 35
2 22 36 31 1
2 25 33 22 36
2 22 39 25 33
2 24 2 22 39
2 22 40 24 2
2 26 38 22 40
2 22 41 26 38
2 34 29 22 41
2 22 42 34 29
2 32 48 22 42
2 22 43 32 48
2 26 23 22 43
2 22 44 26 23
2 44 24 22 44
2 22 45 38 18
2 43 38 22 45
2 22 46 38 24
2 28 6 22 46
2 22 47 28 6
2 23 20 22 47
2 22 48 23 20
2 29 8 22 48
2 22 50 29 8
2 30 15 22 50
2 23 2 30 15
2 25 34 23 2
2 23 3 25 34
2 27 6 23 3
2 23 4 27 6
2 39 36 23 4
2 23 5 38 25
2 37 3 23 5
2 23 6 37 3
2 36 44 23 6
2 23 7 36 44
2 26 35 23 7
2 23 8 26 35
2 31 18 23 8
2 23 9 31 18
2 27 49 23 9
2 23 10 27 49
2 27 25 23 10
2 23 11 27 25
2 29 9 23 11
2 23 12 29 9
2 26 40 23 12
2 23 13 26 40
2 24 17 23 13
2 23 14 24 17
2 23 40 23 14
2 23 15 23 40
2 12 25 23 15
2 23 16 12 25
2 36 2 23 16
2 23 17 36 2
2 43 11 23 17
2 23 18 38 27
2 19 45 23 18
2 23 19 19 45
2 40 17 23 19
2 23 20 38 32
2 39 3 23 20
2 23 21 38 33
2 27 50 23 21
2 23 22 27 50
2 25 4 23 22
2 23 23 25 4
2 30 15 23 23
2 23 24 30 15
2 23 32 23 24
2 23 25 23 32
2 30 44 23 25
2 23 26 30 44
2 12 13 23 26
2 23 27 12 13
2 40 29 23 27
2 23 28 38 36
2 24 21 23 28
2 23 29 24 21
2 28 49 23 29
2 23 30 28 49
2 47 23 23 30
2 23 32 38 41
2 12 13 23 32
2 23 33 12 13
2 24 43 23 33
2 23 34 24 43
2 31 9 23 34
2 23 35 31 9
2 45 21 23 35
2 23 36 38 49
2 30 22 23 36
2 23 37 30 22
2 16 33 23 37
2 23 38 16 33
2 26 17 23 38
2 23 39 26 17
2 34 18 23 39
2 23 40 34 18
2 29 13 23 40
2 23 41 29 13
2 30 36 23 41
2 23 42 30 36
2 30 38 23 42
2 23 43 30 38
2 33 1 23 43
2 23 44 33 1
2 25 45 23 44
2 23 45 25 45
2 23 47 23 45
2 23 47 23 47
2 26 21 23 47
2 23 48 26 21
2 28 3 23 48
2 23 49 28 3
2 36 32 23 49
2 23 50 36 32
2 40 27 23 50
2 24 1 39 1
2 26 22 24 1
2 24 2 26 22
2 30 31 24 2
2 24 3 30 31
2 27 45 24 3
2 24 4 27 45
2 45 22 24 4
2 24 5 39 2
2 24 35 24 5
2 24 6 24 35
2 31 5 24 6
2 24 8 31 5
2 26 9 24 8
2 24 9 26 9
2 28 40 24 9
2 24 10 28 40
2 34 6 24 10
2 24 11 34 6
2 25 12 24 11
2 24 12 25 12
2 27 15 24 12
2 24 13 27 15
2 25 15 24 13
2 24 14 25 15
2 6 46 24 14
2 24 17 6 46
2 25 32 24 17
2 24 18 25 32
2 3 6 24 18
2 24 20 3 6
2 25 4 24 20
2 24 22 25 4
2 40 22 24 22
2 24 23 39 3
2 26 33 24 23
2 24 24 26 33
2 28 6 24 24
2 24 25 28 6
2 31 15 24 25
2 24 26 31 15
2 24 40 24 26
2 24 27 24 40
2 33 34 24 27
2 24 28 33 34
2 27 3 24 28
2 24 29 27 3
2 27 9 24 29
2 24 31 27 9
2 34 3 24 31
2 24 32 34 3
2 35 45 24 32
2 24 33 35 45
2 32 22 24 33
2 24 34 32 22
2 25 11 24 34
2 24 35 25 11
2 28 17 24 35
2 24 36 28 17
2 27 30 24 36
2 24 37 27 30
2 28 44 24 37
2 24 38 28 44
2 28 39 24 38
2 24 39 28 39
2 49 46 24 39
2 24 40 39 14
2 46 29 24 40
2 24 41 39 17
2 35 9 24 41
2 24 42 35 9
2 32 45 24 42
2 24 44 32 45
2 27 43 24 44
2 24 45 27 43
2 46 33 24 45
2 24 46 39 18
2 29 23 24 46
2 24 47 29 23
2 29 30 24 47
2 24 48 29 30
2 28 12 24 48
2 24 49 28 12
2 30 3 24 49
2 24 50 30 3
2 28 2 24 50
2 25 1 28 2
2 39 50 25 1
2 25 2 39 26
2 26 42 25 2
2 25 3 26 42
2 25 45 25 3
2 25 4 25 45
2 4 22 25 4
2 25 5 4 22
2 25 26 25 5
2 25 6 25 26
2 29 32 25 6
2 25 7 29 32
2 37 47 25 7
2 25 8 37 47
2 27 46 25 8
2 25 9 27 46
2 19 45 25 9
2 25 10 19 45
2 25 30 25 10
2 25 11 25 30
2 29 33 25 11
2 25 12 29 33
2 27 6 25 12
2 25 13 27 6
2 26 32 25 13
2 25 14 26 32
2 28 16 25 14
2 25 15 28 16
2 33 17 25 15
2 25 16 33 17
2 29 6 25 16
2 25 17 29 6
2 48 38 25 17
2 25 18 39 29
2 26 40 25 18
2 25 19 26 40
2 33 28 25 19
2 25 20 33 28
2 26 28 25 20
2 25 21 26 28
2 47 29 25 21
2 25 22 39 35
2 13 41 25 22
2 25 23 13 41
2 48 47 25 23
2 25 24 39 36
2 27 21 25 24
2 25 25 27 21
2 28 33 25 25
2 25 27 28 33
2 33 7 25 27
2 25 28 33 7
2 12 13 25 28
2 25 30 12 13
2 27 1 25 30
2 25 31 27 1
2 46 30 25 31
2 25 32 39 40
2 25 41 25 32
2 25 33 25 41
2 4 22 25 33
2 25 34 4 22
2 47 27 25 34
2 25 35 39 42
2 26 35 25 35
2 25 36 26 35
2 36 34 25 36
2 25 37 36 34
2 17 32 25 37
2 25 38 17 32
2 32 47 25 38
2 25 39 32 47
2 50 37 25 39
2 25 40 39 50
2 9 15 25 40
2 25 41 9 15
2 40 36 25 41
2 25 42 40 10
2 26 21 25 42
2 25 44 26 21
2 3 6 25 44
2 25 46 3 6
2 25 49 25 46
2 25 47 25 49
2 27 32 25 47
2 25 48 27 32
2 46 43 25 48
2 25 49 40 13
2 28 30 25 49
2 26 1 28 30
2 31 43 26 1
2 26 2 31 43
2 10 40 26 2
2 26 3 10 40
2 27 21 26 3
2 26 4 27 21
2 39 9 26 4
2 26 5 39 9
2 30 37 26 5
2 26 6 30 37
2 26 43 26 6
2 26 7 26 43
2 25 43 26 7
2 26 8 25 43
2 27 45 26 8
2 26 9 27 45
2 29 48 26 9
2 26 10 29 48
2 10 40 26 10
2 26 11 10 40
2 12 13 26 11
2 26 12 12 13
2 32 15 26 12
2 26 13 32 15
2 32 39 26 13
2 26 14 32 39
2 26 40 26 14
2 26 16 26 40
2 27 47 26 16
2 26 17 27 47
2 29 29 26 17
2 26 18 29 29
2 3 23 26 18
2 26 19 3 23
2 28 10 26 19
2 26 20 28 10
2 22 37 26 20
2 26 21 22 37
2 42 16 26 21
2 26 22 40 14
2 12 14 26 22
2 26 23 12 14
2 38 24 26 23
2 26 24 38 24
2 38 44 26 24
2 26 25 38 44
2 37 38 26 25
2 26 26 37 38
2 28 33 26 26
2 26 27 28 33
2 31 26 26 27
2 26 28 31 26
2 33 33 26 28
2 26 29 33 33
2 3 6 26 29
2 26 30 3 6
2 31 33 26 30
2 26 31 31 33
2 13 41 26 31
2 26 32 13 41
2 38 32 26 32
2 26 33 38 32
2 32 50 26 33
2 26 34 32 50
2 27 15 26 34
2 26 35 27 15
2 3 23 26 35
2 26 36 3 23
2 24 43 26 36
2 26 37 24 43
2 27 28 26 37
2 26 38 27 28
2 31 50 26 38
2 26 39 31 50
2 27 46 26 39
2 26 40 27 46
2 31 27 26 40
2 26 42 31 27
2 29 38 26 42
2 26 43 29 38
2 26 45 26 43
2 26 44 26 45
2 31 35 26 44
2 26 45 31 35
2 32 44 26 45
2 26 46 32 44
2 30 38 26 46
2 26 47 30 38
2 12 13 26 47
2 26 48 12 13
2 46 48 26 48
2 26 49 40 17
2 27 23 26 49
2 26 50 27 23
2 27 5 26 50
2 27 1 27 5
2 30 14 27 1
2 27 2 30 14
2 32 16 27 2
2 27 3 32 16
2 28 32 27 3
2 27 5 28 32
2 28 1 27 5
2 27 6 28 1
2 34 44 27 6
2 27 7 34 44
2 48 10 27 7
2 27 8 40 20
2 33 47 27 8
2 27 9 33 47
2 36 22 27 9
2 27 10 36 22
2 23 31 27 10
2 27 11 23 31
2 28 39 27 11
2 27 12 28 39
2 9 15 27 12
2 27 13 9 15
2 32 35 27 13
2 27 14 32 35
2 33 25 27 14
2 27 15 33 25
2 29 47 27 15
2 27 16 29 47
2 35 21 27 16
2 27 17 35 21
2 43 8 27 17
2 27 18 40 22
2 27 28 27 18
2 27 19 27 28
2 36 11 27 19
2 27 21 36 11
2 28 37 27 21
2 27 22 28 37
2 28 14 27 22
2 27 23 28 14
2 6 46 27 23
2 27 25 6 46
2 35 39 27 25
2 27 26 35 39
2 9 15 27 26
2 27 27 9 15
2 20 10 27 27
2 27 28 20 10
2 29 39 27 28
2 27 29 29 39
2 34 25 27 29
2 27 30 34 25
2 35 21 27 30
2 27 31 35 21
2 9 12 27 31
2 27 32 9 12
2 31 10 27 32
2 27 33 31 10
2 23 31 27 33
2 27 34 23 31
2 6 43 27 34
2 27 35 6 43
2 27 44 27 35
2 27 36 27 44
2 32 18 27 36
2 27 37 32 18
2 29 26 27 37
2 27 38 29 26
2 29 12 27 38
2 27 39 29 12
2 30 21 27 39
2 27 40 30 21
2 32 8 27 40
2 27 41 32 8
2 31 37 27 41
2 27 42 31 37
2 29 14 27 42
2 27 43 29 14
2 36 45 27 43
2 27 44 36 45
2 46 26 27 44
2 27 45 40 27
2 6 43 27 45
2 27 46 6 43
2 33 16 27 46
2 27 47 33 16
2 34 39 27 47
2 27 48 34 39
2 7 12 27 48
2 27 49 7 12
2 41 8 27 49
2 27 50 40 29
2 43 25 27 50
2 28 1 40 30
2 9 12 28 1
2 28 3 9 12
2 28 32 28 3
2 28 4 28 32
2 33 11 28 4
2 28 5 33 11
2 29 5 28 5
2 28 6 29 5
2 41 43 28 6
2 28 7 40 32
2 29 13 28 7
2 28 8 29 13
2 43 26 28 8
2 28 9 40 36
2 34 34 28 9
2 28 10 34 34
2 28 43 28 10
2 28 11 28 43
2 28 21 28 11
2 28 12 28 21
2 28 43 28 12
2 28 13 28 43
2 28 39 28 13
2 28 14 28 39
2 34 43 28 14
2 28 15 34 43
2 40 46 28 15
2 28 16 40 43
2 45 19 28 16
2 28 17 40 46
2 29 24 28 17
2 28 18 29 24
2 50 31 28 18
2 28 19 40 48
2 31 45 28 19
2 28 20 31 45
2 28 35 28 20
2 28 21 28 35
2 34 48 28 21
2 28 22 34 48
2 28 23 28 22
2 28 23 28 23
2 33 30 28 23
2 28 24 33 30
2 30 17 28 24
2 28 25 30 17
2 31 45 28 25
2 28 26 31 45
2 49 48 28 26
2 28 27 41 6
2 40 33 28 27
2 28 28 40 33
2 37 15 28 28
2 28 29 37 15
2 35 5 28 29
2 28 30 35 5
2 30 40 28 30
2 28 31 30 40
2 32 38 28 31
2 28 32 32 38
2 28 49 28 32
2 28 33 28 49
2 17 43 28 33
2 28 34 17 43
2 35 46 28 34
2 28 35 35 46
2 37 35 28 35
2 28 36 37 35
2 43 23 28 36
2 28 37 41 7
2 15 37 28 37
2 28 38 15 37
2 29 31 28 38
2 28 39 29 31
2 37 8 28 39
2 28 40 37 8
2 11 46 28 40
2 28 41 11 46
2 31 19 28 41
2 28 42 31 19
2 37 7 28 42
2 28 43 37 7
2 32 37 28 43
2 28 44 32 37
2 37 27 28 44
2 28 45 37 27
2 31 39 28 45
2 28 46 31 39
2 30 7 28 46
2 28 48 30 7
2 25 29 28 48
2 28 49 25 29
2 48 25 28 49
2 28 50 41 8
2 36 20 28 50
2 29 1 36 20
2 30 35 29 1
2 29 2 30 35
2 29 23 29 2
2 29 3 29 23
2 24 21 29 3
2 29 4 24 21
2 41 30 29 4
2 29 5 41 17
2 38 44 29 5
2 29 6 38 44
2 31 27 29 6
2 29 7 31 27
2 38 14 29 7
2 29 8 38 14
2 33 38 29 8
2 29 9 33 38
2 32 29 29 9
2 29 10 32 29
2 31 17 29 10
2 29 11 31 17
2 6 46 29 11
2 29 12 6 46
2 33 46 29 12
2 29 13 33 46
2 40 9 29 13
2 29 14 40 9
2 33 32 29 14
2 29 15 33 32
2 11 46 29 15
2 29 16 11 46
2 37 7 29 16
2 29 17 37 7
2 32 42 29 17
2 29 19 32 42
2 30 30 29 19
2 29 20 30 30
2 34 33 29 20
2 29 21 34 33
2 31 33 29 21
2 29 22 31 33
2 32 19 29 22
2 29 23 32 19
2 31 30 29 23
2 29 24 31 30
2 15 37 29 24
2 29 25 15 37
2 47 14 29 25
2 29 26 41 23
2 31 12 29 26
2 29 27 31 12
2 29 34 29 27
2 29 28 29 34
2 38 33 29 28
2 29 29 38 33
2 30 9 29 29
2 29 30 30 9
2 32 42 29 30
2 29 31 32 42
2 33 22 29 31
2 29 32 33 22
2 32 10 29 32
2 29 33 32 10
2 32 5 29 33
2 29 34 32 5
2 35 2 29 34
2 29 35 35 2
2 30 27 29 35
2 29 36 30 27
2 36 23 29 36
2 29 37 36 23
2 35 22 29 37
2 29 38 35 22
2 31 22 29 38
2 29 39 31 22
2 31 48 29 39
2 29 40 31 48
2 34 30 29 40
2 29 41 34 30
2 32 2 29 41
2 29 42 32 2
2 19 5 29 42
2 29 43 19 5
2 19 45 29 43
2 29 44 19 45
2 32 4 29 44
2 29 46 32 4
2 30 10 29 46
2 29 47 30 10
2 33 15 29 47
2 29 48 33 15
2 33 2 29 48
2 29 49 33 2
2 36 28 29 49
2 30 2 36 28
2 33 31 30 2
2 30 3 33 31
2 48 37 30 3
2 30 4 41 29
2 41 36 30 4
2 30 6 41 30
2 33 21 30 6
2 30 7 33 21
2 35 17 30 7
2 30 8 35 17
2 34 4 30 8
2 30 9 34 4
2 34 1 30 9
2 30 10 34 1
2 31 50 30 10
2 30 11 31 50
2 33 8 30 11
2 30 12 33 8
2 17 43 30 12
2 30 13 17 43
2 35 4 30 13
2 30 14 35 4
2 41 10 30 14
2 30 15 41 10
2 33 30 30 15
2 30 16 33 30
2 39 23 30 16
2 30 17 39 23
2 35 33 30 17
2 30 20 35 33
2 32 2 30 20
2 30 21 32 2
2 31 3 30 21
2 30 22 31 3
2 42 40 30 22
2 30 23 41 32
2 11 3 30 23
2 30 24 11 3
2 6 46 30 24
2 30 25 6 46
2 42 22 30 25
2 30 26 41 36
2 36 22 30 26
2 30 27 36 22
2 44 33 30 27
2 30 28 41 43
2 43 4 30 28
2 30 30 41 44
2 17 32 30 30
2 30 31 17 32
2 12 25 30 31
2 30 33 12 25
2 46 45 30 33
2 30 34 41 45
2 35 40 30 34
2 30 35 35 40
2 37 10 30 35
2 30 36 37 10
2 12 13 30 36
2 30 37 12 13
2 12 14 30 37
2 30 38 12 14
2 29 50 30 38
2 30 39 29 50
2 36 5 30 39
2 30 40 36 5
2 34 41 30 40
2 30 41 34 41
2 37 45 30 41
2 30 42 37 45
2 33 15 30 42
2 30 43 33 15
2 41 50 30 43
2 30 44 41 50
2 34 12 30 44
2 30 45 34 12
2 31 17 30 45
2 30 46 31 17
2 31 10 30 46
2 30 48 31 10
2 38 28 30 48
2 31 1 38 28
2 34 36 31 1
2 31 2 34 36
2 31 34 31 2
2 31 3 31 34
2 44 2 31 3
2 31 4 42 7
2 32 33 31 4
2 31 5 32 33
2 34 31 31 5
2 31 6 34 31
2 38 30 31 6
2 31 7 38 30
2 37 37 31 7
2 31 8 37 37
2 49 39 31 8
2 31 9 42 8
2 6 46 31 9
2 31 10 6 46
2 43 13 31 10
2 31 11 42 11
2 34 41 31 11
2 31 12 34 41
2 42 44 31 12
2 31 13 42 16
2 6 17 31 13
2 31 14 6 17
2 35 45 31 14
2 31 15 35 45
2 44 5 31 15
2 31 16 42 18
2 41 46 31 16
2 31 18 41 46
2 34 40 31 18
2 31 19 34 40
2 17 43 31 19
2 31 20 17 43
2 24 21 31 20
2 31 21 24 21
2 33 11 31 21
2 31 22 33 11
2 31 27 31 22
2 31 23 31 27
2 37 18 31 23
2 31 24 37 18
2 31 29 31 24
2 31 25 31 29
2 35 5 31 25
2 31 26 35 5
2 34 8 31 26
2 31 27 34 8
2 6 46 31 27
2 31 28 6 46
2 31 33 31 28
2 31 29 31 33
2 17 9 31 29
2 31 30 17 9
2 20 21 31 30
2 31 31 20 21
2 44 49 31 31
2 31 32 42 22
2 34 35 31 32
2 31 33 34 35
2 13 41 31 33
2 31 34 13 41
2 34 1 31 34
2 31 35 34 1
2 12 14 31 35
2 31 36 12 14
2 31 45 31 36
2 31 37 31 45
2 40 3 31 37
2 31 38 40 3
2 40 16 31 38
2 31 39 40 16
2 50 6 31 39
2 31 40 42 24
2 38 32 31 40
2 31 41 38 32
2 9 12 31 41
2 31 42 9 12
2 37 26 31 42
2 31 43 37 26
2 35 25 31 43
2 31 44 35 25
2 11 3 31 44
2 31 46 11 3
2 34 30 31 46
2 31 47 34 30
2 43 32 31 47
2 31 48 42 26
2 50 29 31 48
2 31 49 42 30
2 34 39 31 49
2 31 50 34 39
2 8 49 31 50
2 32 1 8 49
2 35 6 32 1
2 32 2 35 6
2 34 25 32 2
2 32 3 34 25
2 41 6 32 3
2 32 4 41 6
2 24 43 32 4
2 32 5 24 43
2 37 19 32 5
2 32 6 37 19
2 36 19 32 6
2 32 7 36 19
2 19 45 32 7
2 32 8 19 45
2 20 10 32 8
2 32 9 20 10
2 35 29 32 9
2 32 10 35 29
2 32 24 32 10
2 32 11 32 24
2 35 42 32 11
2 32 12 35 42
2 35 8 32 12
2 32 13 35 8
2 43 20 32 13
2 32 14 42 31
2 34 24 32 14
2 32 15 34 24
2 34 50 32 15
2 32 16 34 50
2 33 43 32 16
2 32 17 33 43
2 34 47 32 17
2 32 18 34 47
2 41 40 32 18
2 32 19 41 40
2 33 49 32 19
2 32 20 33 49
2 42 7 32 20
2 32 21 42 7
2 38 6 32 21
2 32 22 38 6
2 43 24 32 22
2 32 24 42 32
2 41 13 32 24
2 32 25 41 13
2 34 32 32 25
2 32 26 34 32
2 37 41 32 26
2 32 27 37 41
2 42 17 32 27
2 32 28 42 17
2 32 46 32 28
2 32 29 32 46
2 32 50 32 29
2 32 31 32 50
2 34 15 32 31
2 32 32 34 15
2 39 10 32 32
2 32 33 39 10
2 34 12 32 33
2 32 34 34 12
2 37 46 32 34
2 32 35 37 46
2 25 26 32 35
2 32 36 25 26
2 20 30 32 36
2 32 37 20 30
2 35 12 32 37
2 32 38 35 12
2 33 38 32 38
2 32 39 33 38
2 32 46 32 39
2 32 40 32 46
2 33 8 32 40
2 32 41 33 8
2 33 48 32 41
2 32 42 33 48
2 35 40 32 42
2 32 43 35 40
2 37 18 32 43
2 32 44 37 18
2 48 17 32 44
2 32 45 42 35
2 35 46 32 45
2 32 46 35 46
2 11 3 32 46
2 32 47 11 3
2 36 22 32 47
2 32 48 36 22
2 41 10 32 48
2 32 49 41 10
2 40 2 32 49
2 32 50 40 2
2 38 18 32 50
2 33 1 38 18
2 20 10 33 1
2 33 2 20 10
2 37 44 33 2
2 33 3 37 44
2 40 31 33 3
2 33 4 40 31
2 40 38 33 4
2 33 6 40 38
2 40 45 33 6
2 33 7 40 45
2 34 3 33 7
2 33 8 34 3
2 33 30 33 8
2 33 9 33 30
2 13 14 33 9
2 33 10 13 14
2 13 13 33 10
2 33 11 13 13
2 38 1 33 11
2 33 12 38 1
2 37 13 33 12
2 33 14 37 13
2 37 41 33 14
2 33 15 37 41
2 36 1 33 15
2 33 16 36 1
2 35 10 33 16
2 33 17 35 10
2 42 33 33 17
2 33 18 42 33
2 40 37 33 18
2 33 19 40 37
2 33 50 33 19
2 33 20 33 50
2 14 36 33 20
2 33 21 14 36
2 36 3 33 21
2 33 22 36 3
2 25 26 33 22
2 33 23 25 26
2 38 25 33 23
2 33 24 38 25
2 34 9 33 24
2 33 25 34 9
2 35 47 33 25
2 33 26 35 47
2 9 12 33 26
2 33 28 9 12
2 39 18 33 28
2 33 29 39 18
2 48 39 33 29
2 33 30 42 36
2 39 8 33 30
2 33 31 39 8
2 41 5 33 31
2 33 32 41 5
2 47 41 33 32
2 33 33 42 40
2 12 25 33 33
2 33 34 12 25
2 6 46 33 34
2 33 35 6 46
2 25 29 33 35
2 33 36 25 29
2 47 36 33 36
2 33 37 42 44
2 49 31 33 37
2 33 38 42 50
2 45 49 33 38
2 33 39 43 1
2 37 27 33 39
2 33 41 37 27
2 48 3 33 41
2 33 42 43 4
2 34 14 33 42
2 33 43 34 14
2 42 50 33 43
2 33 44 42 50
2 34 35 33 44
2 33 45 34 35
2 41 39 33 45
2 33 46 41 39
2 38 4 33 46
2 33 47 38 4
2 37 39 33 47
2 33 48 37 39
2 41 11 33 48
2 33 49 41 11
2 35 20 33 49
2 33 50 35 20
2 35 9 33 50
2 34 1 35 9
2 34 41 34 1
2 34 2 34 41
2 37 50 34 2
2 34 4 37 50
2 19 45 34 4
2 34 5 19 45
2 34 22 34 5
2 34 6 34 22
2 45 39 34 6
2 34 7 43 8
2 38 37 34 7
2 34 8 38 37
2 14 36 34 8
2 34 9 14 36
2 38 30 34 9
2 34 11 38 30
2 6 43 34 11
2 34 12 6 43
2 34 36 34 12
2 34 13 34 36
2 35 17 34 13
2 34 14 35 17
2 48 44 34 14
2 34 15 43 10
2 40 42 34 15
2 34 16 40 42
2 46 39 34 16
2 34 17 43 11
2 41 32 34 17
2 34 18 41 32
2 45 30 34 18
2 34 19 43 13
2 40 43 34 19
2 34 20 40 43
2 49 2 34 20
2 34 21 43 14
2 44 12 34 21
2 34 22 43 16
2 19 45 34 22
2 34 24 19 45
2 37 10 34 24
2 34 25 37 10
2 41 4 34 25
2 34 26 41 4
2 39 34 34 26
2 34 27 39 34
2 38 50 34 27
2 34 28 38 50
2 19 45 34 28
2 34 29 19 45
2 23 31 34 29
2 34 30 23 31
2 35 39 34 30
2 34 32 35 39
2 38 16 34 32
2 34 33 38 16
2 19 5 34 33
2 34 34 19 5
2 35 3 34 34
2 34 35 35 3
2 42 24 34 35
2 34 36 42 24
2 38 20 34 36
2 34 37 38 20
2 36 9 34 37
2 34 39 36 9
2 19 5 34 39
2 34 40 19 5
2 35 13 34 40
2 34 41 35 13
2 35 3 34 41
2 34 42 35 3
2 41 14 34 42
2 34 43 41 14
2 37 25 34 43
2 34 44 37 25
2 44 34 34 44
2 34 45 43 20
2 37 1 34 45
2 34 46 37 1
2 48 14 34 46
2 34 47 43 23
2 49 50 34 47
2 34 48 43 24
2 42 4 34 48
2 34 49 42 4
2 47 17 34 49
2 34 50 43 25
2 45 5 34 50
2 35 1 43 26
2 50 8 35 1
2 35 2 43 30
2 40 18 35 2
2 35 3 40 18
2 8 49 35 3
2 35 4 8 49
2 38 1 35 4
2 35 5 38 1
2 38 8 35 5
2 35 6 38 8
2 8 46 35 6
2 35 7 8 46
2 36 14 35 7
2 35 8 36 14
2 23 31 35 8
2 35 9 23 31
2 38 12 35 9
2 35 10 38 12
2 3 21 35 10
2 35 11 3 21
2 35 39 35 11
2 35 12 35 39
2 42 32 35 12
2 35 13 42 32
2 40 33 35 13
2 35 14 40 33
2 42 23 35 14
2 35 15 42 23
2 44 7 35 15
2 35 16 43 32
2 41 16 35 16
2 35 17 41 16
2 35 19 35 17
2 35 18 35 19
2 50 38 35 18
2 35 19 43 34
2 35 46 35 19
2 35 20 35 46
2 37 13 35 20
2 35 21 37 13
2 20 30 35 21
2 35 23 20 30
2 34 31 35 23
2 35 24 34 31
2 38 37 35 24
2 35 25 38 37
2 42 24 35 25
2 35 27 42 24
2 46 2 35 27
2 35 28 43 38
2 38 47 35 28
2 35 29 38 47
2 19 45 35 29
2 35 30 19 45
2 50 12 35 30
2 35 31 43 40
2 38 2 35 31
2 35 32 38 2
2 33 40 35 32
2 35 33 33 40
2 46 8 35 33
2 35 34 43 41
2 38 13 35 34
2 35 35 38 13
2 34 31 35 35
2 35 36 34 31
2 41 7 35 36
2 35 37 41 7
2 6 43 35 37
2 35 38 6 43
2 33 5 35 38
2 35 39 33 5
2 36 15 35 39
2 35 40 36 15
2 40 25 35 40
2 35 41 40 25
2 39 21 35 41
2 35 42 39 21
2 38 31 35 42
2 35 43 38 31
2 17 9 35 43
2 35 44 17 9
2 41 33 35 44
2 35 46 41 33
2 47 20 35 46
2 35 47 43 46
2 38 45 35 47
2 35 48 38 45
2 33 40 35 48
2 35 50 33 40
2 17 43 35 50
2 36 1 17 43
2 39 20 36 1
2 36 2 39 20
2 48 11 36 2
2 36 3 44 2
2 36 6 36 3
2 36 4 36 6
2 39 45 36 4
2 36 5 39 45
2 43 18 36 5
2 36 6 43 18
2 46 15 36 6
2 36 8 44 3
2 25 43 36 8
2 36 9 25 43
2 43 22 36 9
2 36 10 43 22
2 36 39 36 10
2 36 11 36 39
2 30 5 36 11
2 36 13 30 5
2 37 28 36 13
2 36 14 37 28
2 34 23 36 14
2 36 15 34 23
2 17 32 36 15
2 36 16 17 32
2 37 1 36 16
2 36 18 37 1
2 38 45 36 18
2 36 19 38 45
2 41 47 36 19
2 36 20 41 47
2 44 36 36 20
2 36 21 44 5
2 39 9 36 21
2 36 22 39 9
2 47 26 36 22
2 36 23 44 7
2 36 28 36 23
2 36 24 36 28
2 38 2 36 24
2 36 25 38 2
2 37 40 36 25
2 36 27 37 40
2 37 11 36 27
2 36 28 37 11
2 37 12 36 28
2 36 29 37 12
2 36 50 36 29
2 36 30 36 50
2 42 3 36 30
2 36 31 42 3
2 6 46 36 31
2 36 32 6 46
2 41 37 36 32
2 36 34 41 37
2 28 2 36 34
2 36 36 28 2
2 15 37 36 36
2 36 37 15 37
2 44 5 36 37
2 36 38 44 5
2 49 20 36 38
2 36 39 44 9
2 28 2 36 39
2 36 40 28 2
2 14 36 36 40
2 36 41 14 36
2 47 19 36 41
2 36 43 44 10
2 47 22 36 43
2 36 45 44 11
2 28 2 36 45
2 36 46 28 2
2 43 16 36 46
2 36 49 43 16
2 38 3 36 49
2 36 50 38 3
2 17 9 36 50
2 37 1 17 9
2 41 43 37 1
2 37 2 41 43
2 41 16 37 2
2 37 3 41 16
2 38 48 37 3
2 37 4 38 48
2 39 23 37 4
2 37 5 39 23
2 38 26 37 5
2 37 6 38 26
2 38 8 37 6
2 37 7 38 8
2 11 46 37 7
2 37 8 11 46
2 47 1 37 8
2 37 9 44 12
2 29 45 37 9
2 37 10 29 45
2 41 12 37 10
2 37 11 41 12
2 48 20 37 11
2 37 12 44 17
2 39 14 37 12
2 37 13 39 14
2 46 35 37 13
2 37 14 44 24
2 50 44 37 14
2 37 15 44 29
2 40 29 37 15
2 37 16 40 29
2 42 2 37 16
2 37 18 42 2
2 46 1 37 18
2 37 19 44 33
2 38 10 37 19
2 37 20 38 10
2 38 39 37 20
2 37 21 38 39
2 47 7 37 21
2 37 22 44 34
2 13 14 37 22
2 37 23 13 14
2 8 49 37 23
2 37 24 8 49
2 45 15 37 24
2 37 25 44 36
2 47 11 37 25
2 37 26 44 37
2 47 45 37 26
2 37 27 44 42
2 43 33 37 27
2 37 28 43 33
2 45 11 37 28
2 37 29 44 44
2 48 50 37 29
2 37 30 44 48
2 13 41 37 30
2 37 31 13 41
2 38 46 37 31
2 37 32 38 46
2 43 36 37 32
2 37 33 43 36
2 40 38 37 33
2 37 35 40 38
2 40 48 37 35
2 37 36 40 48
2 34 3 37 36
2 37 37 34 3
2 38 32 37 37
2 37 38 38 32
2 39 14 37 38
2 37 39 39 14
2 44 35 37 39
2 37 40 44 35
2 49 49 37 40
2 37 41 44 49
2 41 16 37 41
2 37 43 41 16
2 36 47 37 43
2 37 44 36 47
2 43 35 37 44
2 37 45 43 35
2 24 21 37 45
2 37 46 24 21
2 46 21 37 46
2 37 48 45 1
2 49 7 37 48
2 37 49 45 3
2 38 40 37 49
2 37 50 38 40
2 44 20 37 50
2 38 1 44 20
2 3 23 38 1
2 38 2 3 23
2 3 21 38 2
2 38 3 3 21
2 35 45 38 3
2 38 4 35 45
2 25 43 38 4
2 38 5 25 43
2 41 47 38 5
2 38 6 41 47
2 42 49 38 6
2 38 7 42 49
2 46 23 38 7
2 38 8 45 4
2 20 30 38 8
2 38 9 20 30
2 41 7 38 9
2 38 10 41 7
2 48 6 38 10
2 38 12 45 5
2 39 47 38 12
2 38 13 39 47
2 41 37 38 13
2 38 14 41 37
2 44 44 38 14
2 38 15 44 44
2 42 38 38 15
2 38 16 42 38
2 43 8 38 16
2 38 17 43 8
2 43 27 38 17
2 38 18 43 27
2 39 40 38 18
2 38 19 39 40
2 41 15 38 19
2 38 20 41 15
2 30 19 38 20
2 38 22 30 19
2 35 45 38 22
2 38 23 35 45
2 24 15 38 23
2 38 24 24 15
2 38 44 38 24
2 38 25 38 44
2 12 13 38 25
2 38 26 12 13
2 40 37 38 26
2 38 27 40 37
2 13 41 38 27
2 38 28 13 41
2 43 37 38 28
2 38 29 43 37
2 42 40 38 29
2 38 30 42 40
2 42 16 38 30
2 38 31 42 16
2 40 29 38 31
2 38 32 40 29
2 41 37 38 32
2 38 33 41 37
2 39 32 38 33
2 38 35 39 32
2 48 34 38 35
2 38 36 45 7
2 38 46 38 36
2 38 39 38 46
2 17 9 38 39
2 38 40 17 9
2 13 14 38 40
2 38 41 13 14
2 39 10 38 41
2 38 43 39 10
2 39 18 38 43
2 38 44 39 18
2 24 15 38 44
2 38 45 24 15
2 48 33 38 45
2 38 46 45 8
2 41 48 38 46
2 38 47 41 48
2 41 38 38 47
2 38 49 41 38
2 41 27 38 49
2 38 50 41 27
2 39 45 38 50
2 39 1 39 45
2 42 32 39 1
2 39 2 42 32
2 17 43 39 2
2 39 3 17 43
2 19 5 39 3
2 39 4 19 5
2 44 37 39 4
2 39 6 44 37
2 39 45 39 6
2 39 7 39 45
2 45 33 39 7
2 39 8 45 10
2 40 5 39 8
2 39 9 40 5
2 43 3 39 9
2 39 10 43 3
2 43 46 39 10
2 39 11 43 46
2 11 46 39 11
2 39 14 11 46
2 15 25 39 14
2 39 15 15 25
2 20 30 39 15
2 39 17 20 30
2 11 46 39 17
2 39 18 11 46
2 40 1 39 18
2 39 19 40 1
2 42 48 39 19
2 39 20 42 48
2 44 22 39 20
2 39 22 44 22
2 48 1 39 22
2 39 23 45 11
2 8 46 39 23
2 39 24 8 46
2 17 43 39 24
2 39 26 17 43
2 36 7 39 26
2 39 27 36 7
2 49 36 39 27
2 39 28 45 15
2 40 15 39 28
2 39 29 40 15
2 43 6 39 29
2 39 30 43 6
2 43 40 39 30
2 39 31 43 40
2 40 6 39 31
2 39 32 40 6
2 40 36 39 32
2 39 33 40 36
2 35 49 39 33
2 39 34 35 49
2 41 44 39 34
2 39 35 41 44
2 47 8 39 35
2 39 36 45 19
2 30 19 39 36
2 39 37 30 19
2 43 22 39 37
2 39 38 43 22
2 46 40 39 38
2 39 39 45 21
2 39 43 39 39
2 39 40 39 43
2 11 46 39 40
2 39 41 11 46
2 40 34 39 41
2 39 42 40 34
2 47 40 39 42
2 39 43 45 22
2 24 7 39 43
2 39 44 24 7
2 40 15 39 44
2 39 45 40 15
2 23 31 39 45
2 39 46 23 31
2 43 1 39 46
2 39 47 43 1
2 41 45 39 47
2 39 48 41 45
2 44 49 39 48
2 39 49 44 49
2 41 9 39 49
2 39 50 41 9
2 40 38 39 50
2 40 1 40 38
2 8 46 40 1
2 40 2 8 46
2 50 40 40 2
2 40 3 45 25
2 13 13 40 3
2 40 4 13 13
2 43 43 40 4
2 40 5 43 43
2 44 7 40 5
2 40 6 44 7
2 15 21 40 6
2 40 7 15 21
2 11 3 40 7
2 40 8 11 3
2 25 26 40 8
2 40 9 25 26
2 25 26 40 9
2 40 10 25 26
2 10 40 40 10
2 40 12 10 40
2 19 5 40 12
2 40 13 19 5
2 40 35 40 13
2 40 14 40 35
2 31 45 40 14
2 40 15 31 45
2 48 15 40 15
2 40 16 45 26
2 46 4 40 16
2 40 17 45 28
2 3 21 40 17
2 40 18 3 21
2 45 29 40 18
2 40 19 45 29
2 43 33 40 19
2 40 20 43 33
2 43 48 40 20
2 40 23 43 48
2 44 4 40 23
2 40 25 44 4
2 43 18 40 25
2 40 27 43 18
2 39 5 40 27
2 40 28 39 5
2 41 14 40 28
2 40 30 41 14
2 44 30 40 30
2 40 31 44 30
2 31 45 40 31
2 40 32 31 45
2 17 9 40 32
2 40 33 17 9
2 45 13 40 33
2 40 34 45 13
2 3 23 40 34
2 40 35 3 23
2 41 9 40 35
2 40 36 41 9
2 42 36 40 36
2 40 37 42 36
2 44 45 40 37
2 40 38 44 45
2 36 47 40 38
2 40 39 36 47
2 36 17 40 39
2 40 40 36 17
2 50 26 40 40
2 40 42 45 30
2 34 3 40 42
2 40 43 34 3
2 41 33 40 43
2 40 44 41 33
2 48 45 40 44
2 40 45 45 33
2 40 29 40 45
2 40 46 40 29
2 11 46 40 46
2 40 47 11 46
2 42 12 40 47
2 40 48 42 12
2 20 21 40 48
2 40 50 20 21
2 18 36 40 50
2 41 1 18 36
2 41 44 41 1
2 41 2 41 44
2 44 22 41 2
2 41 3 44 22
2 43 27 41 3
2 41 4 43 27
2 33 40 41 4
2 41 5 33 40
2 41 7 41 5
2 41 7 41 7
2 43 22 41 7
2 41 8 43 22
2 47 33 41 8
2 41 9 45 39
2 36 47 41 9
2 41 10 36 47
2 46 27 41 10
2 41 11 45 49
2 45 49 41 11
2 41 12 45 49
2 41 25 41 12
2 41 13 41 25
2 44 31 41 13
2 41 14 44 31
2 44 1 41 14
2 41 15 44 1
2 15 37 41 15
2 41 16 15 37
2 43 45 41 16
2 41 17 43 45
2 43 7 41 17
2 41 19 43 7
2 13 13 41 19
2 41 20 13 13
2 38 37 41 20
2 41 21 38 37
2 38 48 41 21
2 41 23 38 48
2 42 5 41 23
2 41 24 42 5
2 29 50 41 24
2 41 25 29 50
2 40 22 41 25
2 41 26 40 22
2 50 2 41 26
2 41 27 46 1
2 44 38 41 27
2 41 28 44 38
2 17 9 41 28
2 41 29 17 9
2 44 43 41 29
2 41 30 44 43
2 45 29 41 30
2 41 31 45 29
2 30 5 41 31
2 41 32 30 5
2 50 21 41 32
2 41 33 46 2
2 25 26 41 33
2 41 34 25 26
2 46 3 41 34
2 41 35 46 3
2 41 41 41 35
2 41 36 41 41
2 3 21 41 36
2 41 37 3 21
2 42 14 41 37
2 41 38 42 14
2 45 41 41 38
2 41 39 45 41
2 47 31 41 39
2 41 40 46 4
2 33 5 41 40
2 41 41 33 5
2 29 50 41 41
2 41 43 29 50
2 44 23 41 43
2 41 44 44 23
2 42 40 41 44
2 41 45 42 40
2 15 37 41 45
2 41 46 15 37
2 19 45 41 46
2 41 47 19 45
2 17 43 41 47
2 41 48 17 43
2 35 22 41 48
2 41 50 35 22
2 30 5 41 50
2 42 2 30 5
2 13 41 42 2
2 42 3 13 41
2 45 43 42 3
2 42 4 45 43
2 44 30 42 4
2 42 5 44 30
2 20 30 42 5
2 42 6 20 30
2 44 9 42 6
2 42 7 44 9
2 30 5 42 7
2 42 8 30 5
2 44 39 42 8
2 42 9 44 39
2 7 12 42 9
2 42 10 7 12
2 29 45 42 10
2 42 11 29 45
2 45 36 42 11
2 42 12 45 36
2 48 46 42 12
2 42 13 46 8
2 25 26 42 13
2 42 14 25 26
2 42 21 42 14
2 42 15 42 21
2 47 50 42 15
2 42 17 46 13
2 15 37 42 17
2 42 18 15 37
2 6 17 42 18
2 42 19 6 17
2 47 16 42 19
2 42 20 46 15
2 42 28 42 20
2 42 21 42 28
2 50 13 42 21
2 42 22 46 16
2 46 37 42 22
2 42 23 46 18
2 25 26 42 23
2 42 26 25 26
2 44 49 42 26
2 42 27 44 49
2 43 9 42 27
2 42 28 43 9
2 45 36 42 28
2 42 29 45 36
2 45 45 42 29
2 42 30 45 45
2 43 1 42 30
2 42 31 43 1
2 35 49 42 31
2 42 32 35 49
2 43 22 42 32
2 42 33 43 22
2 47 34 42 33
2 42 34 46 21
2 43 33 42 34
2 42 36 43 33
2 43 47 42 36
2 42 37 43 47
2 20 31 42 37
2 42 38 20 31
2 42 42 42 38
2 42 39 42 42
2 46 31 42 39
2 42 40 46 23
2 44 31 42 40
2 42 41 44 31
2 43 30 42 41
2 42 42 43 30
2 43 19 42 42
2 42 44 43 19
2 45 8 42 44
2 42 47 45 8
2 31 17 42 47
2 42 50 31 17
2 43 6 42 50
2 43 1 43 6
2 46 11 43 1
2 43 2 46 11
2 42 24 43 2
2 43 3 42 24
2 15 25 43 3
2 43 4 15 25
2 11 3 43 4
2 43 6 11 3
2 46 12 43 6
2 43 7 46 12
2 48 49 43 7
2 43 8 46 26
2 45 33 43 8
2 43 9 45 33
2 43 40 43 9
2 43 10 43 40
2 47 6 43 10
2 43 11 46 27
2 45 31 43 11
2 43 12 45 31
2 43 26 43 12
2 43 13 43 26
2 47 43 43 13
2 43 14 46 29
2 44 28 43 14
2 43 15 44 28
2 20 10 43 15
2 43 16 20 10
2 45 4 43 16
2 43 17 45 4
2 50 45 43 17
2 43 18 46 30
2 46 4 43 18
2 43 20 46 4
2 44 50 43 20
2 43 21 44 50
2 45 12 43 21
2 43 22 45 12
2 45 45 43 22
2 43 23 45 45
2 48 41 43 23
2 43 24 46 31
2 49 9 43 24
2 43 25 46 33
2 43 30 43 25
2 43 26 43 30
2 30 32 43 26
2 43 27 30 32
2 8 46 43 27
2 43 28 8 46
2 48 48 43 28
2 43 30 46 35
2 37 47 43 30
2 43 31 37 47
2 46 28 43 31
2 43 32 46 28
2 33 13 43 32
2 43 33 33 13
2 46 29 43 33
2 43 34 46 29
2 46 9 43 34
2 43 35 46 9
2 40 22 43 35
2 43 36 40 22
2 46 20 43 36
2 43 37 46 20
2 11 3 43 37
2 43 38 11 3
2 17 43 43 38
2 43 39 17 43
2 36 35 43 39
2 43 40 36 35
2 48 23 43 40
2 43 43 46 37
2 12 13 43 43
2 43 44 12 13
2 6 46 43 44
2 43 45 6 46
2 47 2 43 45
2 43 46 46 39
2 41 22 43 46
2 43 47 41 22
2 47 49 43 47
2 43 48 46 40
2 44 50 43 48
2 43 49 44 50
2 46 32 43 49
2 43 50 46 32
2 44 14 43 50
2 44 1 44 14
2 31 17 44 1
2 44 2 31 17
2 46 24 44 2
2 44 3 46 24
2 37 47 44 3
2 44 4 37 47
2 34 3 44 4
2 44 5 34 3
2 29 45 44 5
2 44 6 29 45
2 46 31 44 6
2 44 7 46 31
2 30 32 44 7
2 44 8 30 32
2 3 23 44 8
2 44 9 3 23
2 44 28 44 9
2 44 10 44 28
2 7 12 44 10
2 44 11 7 12
2 22 37 44 11
2 44 12 22 37
2 46 18 44 12
2 44 13 46 18
2 17 9 44 13
2 44 14 17 9
2 3 23 44 14
2 44 15 3 23
2 46 1 44 15
2 44 16 46 1
2 50 30 44 16
2 44 17 46 42
2 39 5 44 17
2 44 19 39 5
2 6 17 44 19
2 44 20 6 17
2 42 49 44 20
2 44 21 42 49
2 33 40 44 21
2 44 22 33 40
2 46 38 44 22
2 44 23 46 38
2 47 38 44 23
2 44 24 46 43
2 36 47 44 24
2 44 26 36 47
2 39 21 44 26
2 44 27 39 21
2 47 15 44 27
2 44 28 46 45
2 48 26 44 28
2 44 29 46 48
2 34 38 44 29
2 44 30 34 38
2 17 9 44 30
2 44 31 17 9
2 38 11 44 31
2 44 32 38 11
2 41 22 44 32
2 44 33 41 22
2 36 7 44 33
2 44 34 36 7
2 45 46 44 34
2 44 35 45 46
2 35 22 44 35
2 44 36 35 22
2 50 36 44 36
2 44 37 46 49
2 12 25 44 37
2 44 38 12 25
2 29 50 44 38
2 44 39 29 50
2 46 11 44 39
2 44 40 46 11
2 47 5 44 40
2 44 41 47 1
2 35 45 44 41
2 44 42 35 45
2 45 22 44 42
2 44 43 45 22
2 45 26 44 43
2 44 44 45 26
2 47 48 44 44
2 44 46 47 2
2 35 45 44 46
2 44 47 35 45
2 48 18 44 47
2 44 48 47 5
2 36 17 44 48
2 44 49 36 17
2 46 20 44 49
2 44 50 46 20
2 50 5 44 50
2 45 1 47 6
2 46 9 45 1
2 45 2 46 9
2 46 14 45 2
2 45 3 46 14
2 39 21 45 3
2 45 4 39 21
2 48 2 45 4
2 45 5 47 7
2 15 21 45 5
2 45 6 15 21
2 35 49 45 6
2 45 7 35 49
2 22 37 45 7
2 45 8 22 37
2 46 49 45 8
2 45 9 46 49
2 45 25 45 9
2 45 10 45 25
2 16 33 45 10
2 45 11 16 33
2 36 7 45 11
2 45 12 36 7
2 47 30 45 12
2 45 13 47 8
2 33 5 45 13
2 45 14 33 5
2 48 29 45 14
2 45 15 47 11
2 46 40 45 15
2 45 16 46 40
2 17 9 45 16
2 45 18 17 9
2 42 35 45 18
2 45 19 42 35
2 13 14 45 19
2 45 20 13 14
2 50 18 45 20
2 45 21 47 14
2 29 45 45 21
2 45 22 29 45
2 46 9 45 22
2 45 23 46 9
2 33 5 45 23
2 45 24 33 5
2 48 40 45 24
2 45 25 47 15
2 15 21 45 25
2 45 26 15 21
2 30 32 45 26
2 45 27 30 32
2 12 13 45 27
2 45 28 12 13
2 46 31 45 28
2 45 29 46 31
2 12 14 45 29
2 45 30 12 14
2 15 25 45 30
2 45 31 15 25
2 30 5 45 31
2 45 32 30 5
2 36 47 45 32
2 45 33 36 47
2 17 32 45 33
2 45 35 17 32
2 46 31 45 35
2 45 36 46 31
2 48 42 45 36
2 45 37 47 16
2 20 31 45 37
2 45 38 20 31
2 3 21 45 38
2 45 39 3 21
2 6 43 45 39
2 45 40 6 43
2 20 21 45 40
2 45 41 20 21
2 46 48 45 41
2 45 42 46 48
2 30 5 45 42
2 45 43 30 5
2 24 21 45 43
2 45 44 24 21
2 49 25 45 44
2 45 45 47 17
2 8 49 45 45
2 45 46 8 49
2 45 49 45 46
2 45 48 45 49
2 47 2 45 48
2 45 49 47 2
2 15 25 45 49
2 45 50 15 25
2 46 34 45 50
2 46 1 46 34
2 47 2 46 1
2 46 2 47 2
2 49 27 46 2
2 46 3 47 19
2 46 42 46 3
2 46 4 46 42
2 47 10 46 4
2 46 5 47 10
2 50 48 46 5
2 46 6 47 20
2 11 3 46 6
2 46 7 11 3
2 46 14 46 7
2 46 8 46 14
2 34 31 46 8
2 46 9 34 31
2 46 49 46 9
2 46 10 46 49
2 35 49 46 10
2 46 11 35 49
2 49 13 46 11
2 46 12 47 22
2 4 22 46 12
2 46 13 4 22
2 50 17 46 13
2 46 14 47 23
2 42 49 46 14
2 46 15 42 49
2 43 19 46 15
2 46 16 43 19
2 34 31 46 16
2 46 17 34 31
2 42 49 46 17
2 46 18 42 49
2 50 9 46 18
2 46 19 47 25
2 43 19 46 19
2 46 20 43 19
2 46 36 46 20
2 46 21 46 36
2 46 23 46 21
2 46 22 46 23
2 46 25 46 22
2 46 23 46 25
2 6 43 46 23
2 46 24 6 43
2 46 38 46 24
2 46 25 46 38
2 49 47 46 25
2 46 26 47 26
2 22 15 46 26
2 46 27 22 15
2 46 43 46 27
2 46 28 46 43
2 49 18 46 28
2 46 29 47 27
2 50 35 46 29
2 46 31 47 29
2 47 7 46 31
2 46 32 47 7
2 46 48 46 32
2 46 33 46 48
2 17 43 46 33
2 46 34 17 43
2 49 15 46 34
2 46 35 47 30
2 14 36 46 35
2 46 36 14 36
2 34 31 46 36
2 46 37 34 31
2 13 14 46 37
2 46 38 13 14
2 50 34 46 38
2 46 39 47 31
2 46 47 46 39
2 46 40 46 47
2 47 24 46 40
2 46 41 47 24
2 46 42 46 41
2 46 42 46 42
2 20 21 46 42
2 46 43 20 21
2 20 31 46 43
2 46 44 20 31
2 11 46 46 44
2 46 45 11 46
2 49 38 46 45
2 46 46 47 33
2 25 29 46 46
2 46 47 25 29
2 12 25 46 47
2 46 48 12 25
2 20 10 46 48
2 46 49 20 10
2 38 48 46 49
2 46 50 38 48
2 20 21 46 50
2 47 1 20 21
2 8 49 47 1
2 47 2 8 49
2 50 4 47 2
2 47 3 47 34
2 46 30 47 3
2 47 4 46 30
2 25 29 47 4
2 47 5 25 29
2 41 6 47 5
2 47 6 41 6
2 15 25 47 6
2 47 7 15 25
2 11 46 47 7
2 47 8 11 46
2 50 20 47 8
2 47 10 47 35
2 50 41 47 10
2 47 11 47 36
2 24 15 47 11
2 47 12 24 15
2 50 1 47 12
2 47 14 47 38
2 12 25 47 14
2 47 15 12 25
2 9 15 47 15
2 47 16 9 15
2 50 28 47 16
2 47 17 47 40
2 47 18 47 17
2 47 18 47 18
2 19 45 47 18
2 47 20 19 45
2 49 40 47 20
2 47 21 47 41
2 47 26 47 21
2 47 22 47 26
2 15 21 47 22
2 47 23 15 21
2 4 22 47 23
2 47 24 4 22
2 15 21 47 24
2 47 25 15 21
2 24 21 47 25
2 47 26 24 21
2 35 45 47 26
2 47 27 35 45
2 13 14 47 27
2 47 28 13 14
2 36 47 47 28
2 47 29 36 47
2 13 13 47 29
2 47 30 13 13
2 3 23 47 30
2 47 31 3 23
2 35 45 47 31
2 47 33 35 45
2 46 30 47 33
2 47 34 46 30
2 37 47 47 34
2 47 35 37 47
2 47 37 47 35
2 47 36 47 37
2 20 31 47 36
2 47 37 20 31
2 3 21 47 37
2 47 38 3 21
2 15 25 47 38
2 47 40 15 25
2 12 25 47 40
2 47 41 12 25
2 49 3 47 41
2 47 42 47 43
2 12 25 47 42
2 47 43 12 25
2 42 24 47 43
2 47 44 42 24
2 6 17 47 44
2 47 45 6 17
2 30 32 47 45
2 47 46 6 17
2 17 9 47 46
2 47 47 17 9
2 47 19 47 47
2 47 48 30 32
2 40 22 47 48
2 47 49 30 32
2 17 9 47 49
2 47 50 17 9
2 50 11 47 50
2 48 1 17 9
2 36 35 48 1
2 48 2 17 9
2 30 5 48 2
2 48 3 17 9
2 20 10 48 3
2 48 5 17 9
2 25 43 48 5
2 48 6 20 10
2 25 29 48 6
2 48 7 20 10
2 39 21 48 7
2 48 8 25 29
2 30 19 48 8
2 48 9 25 29
2 8 46 48 9
2 48 10 8 46
2 6 17 48 10
2 48 11 6 17
2 49 30 48 11
2 48 12 6 17
2 38 37 48 12
2 48 13 8 46
2 25 29 48 13
2 48 14 25 29
2 36 44 48 14
2 48 15 25 29
2 50 10 48 15
2 48 16 25 29
2 13 41 48 16
2 48 17 13 41
2 10 40 48 17
2 48 18 10 40
2 11 3 48 18
2 48 19 10 40
2 50 50 48 19
2 48 20 11 3
2 50 49 48 20
2 48 21 11 3
2 48 31 48 21
2 48 22 13 41
2 41 22 48 22
2 48 23 13 41
2 40 41 48 23
2 48 24 13 41
2 9 15 48 24
2 48 25 9 15
2 22 37 48 25
2 48 26 9 15
2 20 30 48 26
2 48 27 9 15
2 7 12 48 27
2 48 28 7 12
2 3 23 48 28
2 48 29 3 23
2 10 40 48 29
2 48 30 3 23
2 25 26 48 30
2 48 31 3 23
2 17 32 48 31
2 48 32 3 23
2 24 21 48 32
2 48 33 7 12
2 35 49 48 33
2 48 34 7 12
2 15 37 48 34
2 48 35 7 12
2 47 39 48 35
2 48 37 10 40
2 42 48 48 37
2 48 38 10 40
2 50 24 48 38
2 48 39 10 40
2 41 6 48 39
2 48 40 10 40
2 13 13 48 40
2 48 41 10 40
2 36 17 48 41
2 48 42 10 40
2 6 46 48 42
2 48 43 6 46
2 15 25 48 43
2 48 44 10 40
2 23 1 48 44
2 48 45 10 40
2 7 12 48 45
2 48 46 7 12
2 50 39 48 46
2 48 47 7 12
2 43 41 48 47
2 48 48 7 12
2 20 31 48 48
2 48 49 7 12
2 12 13 48 49
2 48 50 7 12
2 49 35 48 50
2 49 1 7 12
2 47 32 49 1
2 49 2 10 40
2 6 43 49 2
2 49 3 6 43
2 49 5 49 3
2 49 4 6 43
2 22 15 49 4
2 49 5 10 40
2 15 21 49 5
2 49 6 10 40
2 36 7 49 6
2 49 7 10 40
2 28 2 49 7
2 49 8 10 40
2 11 3 49 8
2 49 9 11 3
2 8 49 49 9
2 49 10 8 49
2 9 12 49 10
2 49 11 9 12
2 17 43 49 11
2 49 12 9 12
2 24 43 49 12
2 49 13 11 3
2 50 22 49 13
2 49 14 11 3
2 9 12 49 14
2 49 15 9 12
2 36 48 49 15
2 49 16 9 12
2 50 33 49 16
2 49 18 12 13
2 50 43 49 18
2 49 19 12 13
2 50 42 49 19
2 49 20 12 13
2 11 46 49 20
2 49 21 11 46
2 33 40 49 21
2 49 22 11 46
2 13 14 49 22
2 49 23 12 13
2 34 31 49 23
2 49 24 13 13
2 20 10 49 24
2 49 25 13 14
2 50 7 49 25
2 49 26 13 14
2 40 29 49 26
2 49 27 13 14
2 36 47 49 27
2 49 28 13 14
2 19 45 49 28
2 49 29 13 41
2 50 27 49 29
2 49 30 15 21
2 14 36 49 30
2 49 32 14 36
2 18 36 49 32
2 49 33 14 36
2 42 35 49 33
2 49 34 15 21
2 31 17 49 34
2 49 35 15 25
2 46 30 49 35
2 49 36 15 25
2 29 45 49 36
2 49 38 15 25
2 37 47 49 38
2 49 39 15 25
2 41 18 49 39
2 49 40 15 25
2 8 46 49 40
2 49 41 8 46
2 33 13 49 41
2 49 42 15 25
2 42 49 49 42
2 49 43 15 37
2 50 19 49 43
2 49 45 17 32
2 11 3 49 45
2 49 46 11 3
2 49 37 49 46
2 49 47 11 3
2 34 3 49 47
2 49 48 11 3
2 50 15 49 48
2 49 49 11 3
2 13 41 49 49
2 49 50 11 3
2 17 9 49 50
2 50 1 11 3
2 24 15 50 1
2 50 2 11 3
2 8 46 50 2
2 50 3 8 46
2 12 13 50 3
2 50 4 8 46
2 15 37 50 4
2 50 6 8 46
2 50 46 50 6
2 50 7 8 46
2 39 5 50 7
2 50 8 8 46
2 23 31 50 8
2 50 9 8 46
2 38 48 50 9
2 50 10 8 46
2 13 13 50 10
2 50 11 8 46
2 44 45 50 11
2 50 12 8 46
2 50 14 50 12
2 50 13 8 46
2 29 50 50 13
2 50 14 8 46
2 12 14 50 14
2 50 15 8 46
2 11 46 50 15
2 50 16 8 46
2 8 49 50 16
2 50 17 8 46
2 24 7 50 17
2 50 18 8 46
2 6 46 50 18
2 50 19 6 46
2 14 36 50 19
2 50 20 6 46
2 35 22 50 20
2 50 21 6 46
2 3 21 50 21
2 50 22 3 21
2 9 12 50 22
2 50 23 3 21
2 10 40 50 23
2 50 24 6 46
2 6 43 50 24
2 50 25 6 43
2 9 15 50 25
2 50 26 6 43
2 35 45 50 26
2 50 27 6 43
2 38 11 50 27
2 50 28 6 43
2 7 12 50 28
2 50 29 6 43
2 34 23 50 29
2 50 30 6 43
2 25 45 50 30
2 50 31 6 43
2 50 32 50 31
2 50 32 6 43
2 6 17 50 32
2 50 33 6 17
2 4 22 50 33
2 50 34 4 22
2 33 5 50 34
2 50 35 4 22
2 15 25 50 35
2 50 36 4 22
2 3 6 50 36
2 50 37 3 6
2 20 21 50 37
2 50 38 3 6
2 43 19 50 38
2 50 39 3 6
2 31 45 50 39
2 50 40 3 6
2 16 33 50 40
2 50 41 3 6
2 3 21 50 41
2 50 42 3 6
2 30 50 50 42
2 50 43 3 6
2 50 47 50 43
2 50 44 3 6
2 13 14 50 44
2 50 45 3 6
2 3 23 50 45
2 50 46 3 6
2 42 16 50 46
2 50 47 3 6
2 34 38 50 47
2 50 48 3 6
2 15 21 50 48
2 50 49 3 6
2 12 25 50 49
2 50 50 3 6
2 19 5 50 50
