2974
2 1 1 1 2
2 24 24 1 1
2 1 2 1 3
2 8 30 1 2
2 1 5 1 4
2 2 49 1 5
2 1 6 1 4
2 6 33 1 6
2 1 9 1 7
2 2 1 1 9
2 1 10 1 10
2 21 13 1 10
2 1 11 1 11
2 3 38 1 11
2 1 13 1 13
2 28 45 1 13
2 1 16 1 14
2 4 44 1 16
2 1 17 1 17
2 4 6 1 17
2 1 18 1 21
2 9 19 1 18
2 1 20 1 23
2 1 4 1 20
2 1 21 1 4
2 3 44 1 21
2 1 22 1 28
2 1 26 1 22
2 1 23 1 26
2 2 25 1 23
2 1 25 1 32
2 40 34 1 25
2 1 26 1 33
2 3 41 1 26
2 1 27 1 34
2 4 14 1 27
2 1 28 1 37
2 1 44 1 28
2 1 30 1 39
2 4 27 1 30
2 1 31 1 40
2 11 24 1 31
2 1 32 1 42
2 1 3 1 32
2 1 34 1 3
2 22 28 1 34
2 1 36 1 44
2 17 35 1 36
2 1 38 1 45
2 28 11 1 38
2 1 40 1 46
2 12 21 1 40
2 1 43 1 48
2 8 36 1 43
2 1 45 1 50
2 3 27 1 45
2 1 47 2 1
2 3 7 1 47
2 1 48 2 2
2 10 33 1 48
2 1 49 2 3
2 8 35 1 49
2 1 50 2 5
2 12 46 1 50
2 2 1 2 10
2 16 37 2 1
2 2 2 2 13
2 3 39 2 2
2 2 4 2 15
2 21 39 2 4
2 2 5 2 18
2 3 9 2 5
2 2 9 2 25
2 1 42 2 9
2 2 11 1 42
2 2 41 2 11
2 2 12 2 27
2 4 26 2 12
2 2 13 2 29
2 17 33 2 13
2 2 14 2 32
2 3 40 2 14
2 2 16 2 35
2 5 37 2 16
2 2 17 2 36
2 3 24 2 17
2 2 18 2 37
2 6 28 2 18
2 2 19 2 41
2 16 47 2 19
2 2 20 2 43
2 29 18 2 20
2 2 21 2 44
2 1 3 2 21
2 2 22 1 3
2 11 29 2 22
2 2 25 2 45
2 2 27 2 25
2 2 27 2 27
2 8 40 2 27
2 2 30 2 48
2 3 5 2 30
2 2 31 2 49
2 2 39 2 31
2 2 32 2 39
2 3 19 2 32
2 2 35 2 50
2 10 19 2 35
2 2 36 3 1
2 1 3 2 36
2 2 38 1 3
2 26 23 2 38
2 2 40 3 2
2 1 39 2 40
2 2 41 1 39
2 4 38 2 41
2 2 42 3 3
2 13 17 2 42
2 2 44 3 5
2 1 12 2 44
2 2 45 1 12
2 7 9 2 45
2 2 46 3 6
2 3 12 2 46
2 2 48 3 7
2 6 11 2 48
2 2 49 3 9
2 17 39 2 49
2 3 3 3 10
2 1 29 3 3
2 3 5 1 29
2 3 49 3 5
2 3 7 3 11
2 10 23 3 7
2 3 8 3 12
2 16 14 3 8
2 3 11 3 13
2 14 22 3 11
2 3 12 3 16
2 4 40 3 12
2 3 14 3 17
2 1 29 3 14
2 3 16 1 29
2 10 39 3 16
2 3 17 3 19
2 7 5 3 17
2 3 18 3 20
2 3 21 3 18
2 3 19 3 21
2 7 46 3 19
2 3 21 3 22
2 9 38 3 21
2 3 22 3 23
2 16 44 3 22
2 3 25 3 24
2 3 35 3 25
2 3 26 3 27
2 19 5 3 26
2 3 28 3 28
2 2 26 3 28
2 3 33 2 26
2 4 19 3 33
2 3 34 3 29
2 5 21 3 34
2 3 36 3 30
2 9 25 3 36
2 3 38 3 31
2 6 3 3 38
2 3 39 3 31
2 10 38 3 39
2 3 40 3 31
2 27 4 3 40
2 3 41 3 31
2 4 39 3 41
2 3 43 3 31
2 5 20 3 43
2 3 45 3 31
2 4 33 3 45
2 3 46 3 32
2 1 35 3 46
2 3 47 1 35
2 26 12 3 47
2 3 48 3 35
2 20 15 3 48
2 3 49 3 37
2 14 40 3 49
2 4 2 3 37
2 21 28 4 2
2 4 3 3 42
2 2 7 4 3
2 4 4 2 7
2 5 31 4 4
2 4 7 3 42
2 8 33 4 7
2 4 8 3 44
2 6 6 4 8
2 4 10 3 44
2 2 39 4 10
2 4 12 2 39
2 29 10 4 12
2 4 13 3 44
2 1 4 4 13
2 4 19 1 4
2 3 9 4 19
2 4 20 1 4
2 6 29 4 20
2 4 22 3 9
2 18 26 4 22
2 4 23 3 44
2 5 38 4 23
2 4 24 4 5
2 11 34 4 24
2 4 26 4 5
2 3 1 4 26
2 4 28 3 1
2 6 49 4 28
2 4 30 3 1
2 7 2 4 30
2 4 31 3 1
2 8 1 4 31
2 4 33 4 5
2 1 44 4 33
2 4 35 1 44
2 10 40 4 35
2 4 36 4 5
2 11 35 4 36
2 4 37 4 5
2 1 12 4 37
2 4 38 1 12
2 3 27 4 38
2 4 39 1 12
2 1 14 4 39
2 4 42 1 12
2 33 27 4 42
2 4 43 1 12
2 21 33 4 43
2 4 45 1 12
2 5 32 4 45
2 4 48 1 14
2 1 3 4 48
2 5 5 1 3
2 24 49 5 5
2 5 13 1 3
2 8 12 5 13
2 5 14 3 27
2 7 10 5 14
2 5 20 4 6
2 16 23 5 20
2 5 23 4 6
2 8 4 5 23
2 5 24 4 11
2 5 4 5 24
2 5 25 4 14
2 6 30 5 25
2 5 27 4 14
2 10 25 5 27
2 5 28 4 14
2 7 34 5 28
2 5 29 4 15
2 2 7 5 29
2 5 31 2 7
2 29 4 5 31
2 5 33 2 7
2 9 11 5 33
2 5 37 4 15
2 19 4 5 37
2 5 46 4 15
2 4 25 5 46
2 5 47 4 17
2 3 15 5 47
2 5 48 3 15
2 29 40 5 48
2 5 49 3 15
2 25 26 5 49
2 5 50 3 15
2 3 10 5 50
2 6 1 3 10
2 22 48 6 1
2 6 4 3 10
2 7 14 6 4
2 6 5 3 10
2 11 11 6 5
2 6 6 3 15
2 11 40 6 6
2 6 8 3 15
2 3 9 6 8
2 6 9 3 9
2 5 3 6 9
2 6 10 3 9
2 1 42 6 10
2 6 15 1 42
2 19 49 6 15
2 6 16 1 42
2 20 23 6 16
2 6 17 3 15
2 5 17 6 17
2 6 21 3 15
2 9 44 6 21
2 6 23 4 17
2 7 24 6 23
2 6 24 4 21
2 21 20 6 24
2 6 25 4 25
2 1 12 6 25
2 6 26 1 12
2 13 31 6 26
2 6 27 1 12
2 6 7 6 27
2 6 29 1 12
2 4 1 6 29
2 6 30 1 12
2 3 2 6 30
2 6 31 1 12
2 8 14 6 31
2 6 32 1 12
2 1 15 6 32
2 6 34 1 12
2 12 48 6 34
2 6 35 1 15
2 39 5 6 35
2 6 36 1 15
2 20 39 6 36
2 6 38 1 15
2 39 47 6 38
2 6 39 3 2
2 1 4 6 39
2 6 42 1 4
2 2 43 6 42
2 6 43 1 4
2 11 48 6 43
2 6 44 1 4
2 3 24 6 44
2 6 45 2 43
2 16 4 6 45
2 6 46 2 43
2 33 31 6 46
2 6 47 3 24
2 22 32 6 47
2 6 48 4 1
2 3 10 6 48
2 6 49 3 10
2 3 44 6 49
2 7 1 3 10
2 12 24 7 1
2 7 2 3 44
2 24 2 7 2
2 7 3 3 44
2 3 4 7 3
2 7 4 3 4
2 7 15 7 4
2 7 5 3 4
2 20 16 7 5
2 7 6 3 4
2 12 30 7 6
2 7 7 3 44
2 3 9 7 7
2 7 9 3 9
2 9 37 7 9
2 7 10 3 9
2 1 37 7 10
2 7 11 1 37
2 13 1 7 11
2 7 13 1 37
2 23 36 7 13
2 7 14 3 9
2 9 3 7 14
2 7 15 3 9
2 2 23 7 15
2 7 19 2 23
2 11 30 7 19
2 7 22 3 9
2 22 9 7 22
2 7 23 3 9
2 25 42 7 23
2 7 25 3 9
2 12 42 7 25
2 7 27 3 9
2 4 21 7 27
2 7 28 3 44
2 3 29 7 28
2 7 30 3 29
2 2 8 7 30
2 7 31 2 8
2 33 13 7 31
2 7 33 2 8
2 12 32 7 33
2 7 34 4 21
2 8 48 7 34
2 7 35 4 21
2 10 35 7 35
2 7 37 4 21
2 25 6 7 37
2 7 38 4 21
2 16 1 7 38
2 7 39 4 21
2 8 24 7 39
2 7 40 4 27
2 7 21 7 40
2 7 41 4 27
2 9 45 7 41
2 7 44 4 27
2 14 16 7 44
2 7 45 4 27
2 30 26 7 45
2 7 46 4 27
2 2 28 7 46
2 7 49 2 28
2 4 1 7 49
2 7 50 2 28
2 19 11 7 50
2 8 2 2 28
2 29 22 8 2
2 8 3 2 28
2 33 18 8 3
2 8 4 4 1
2 12 11 8 4
2 8 6 4 1
2 1 35 8 6
2 8 8 1 35
2 21 10 8 8
2 8 11 4 27
2 50 1 8 11
2 8 14 4 27
2 2 37 8 14
2 8 15 2 37
2 26 1 8 15
2 8 19 4 27
2 15 41 8 19
2 8 20 4 27
2 11 28 8 20
2 8 21 4 29
2 9 30 8 21
2 8 23 4 29
2 24 37 8 23
2 8 29 4 29
2 13 6 8 29
2 8 30 4 29
2 8 22 8 30
2 8 31 4 29
2 9 21 8 31
2 8 33 4 29
2 19 3 8 33
2 8 34 4 29
2 32 25 8 34
2 8 39 4 32
2 27 18 8 39
2 8 40 4 32
2 19 13 8 40
2 8 41 4 32
2 3 50 8 41
2 8 44 3 50
2 1 35 8 44
2 8 46 1 35
2 1 41 8 46
2 8 48 1 41
2 11 22 8 48
2 8 49 1 41
2 4 17 8 49
2 8 50 3 50
2 17 16 8 50
2 9 2 4 17
2 23 35 9 2
2 9 4 4 17
2 3 24 9 4
2 9 5 3 24
2 1 12 9 5
2 9 6 1 12
2 19 42 9 6
2 9 7 1 12
2 6 18 9 7
2 9 9 1 12
2 19 21 9 9
2 9 10 1 12
2 47 28 9 10
2 9 13 3 24
2 20 45 9 13
2 9 14 3 24
2 13 37 9 14
2 9 15 3 24
2 2 37 9 15
2 9 16 2 37
2 14 41 9 16
2 9 18 3 24
2 20 28 9 18
2 9 19 4 17
2 4 29 9 19
2 9 20 4 17
2 7 42 9 20
2 9 25 4 17
2 11 8 9 25
2 9 27 4 17
2 24 16 9 27
2 9 29 4 17
2 10 1 9 29
2 9 31 4 29
2 37 26 9 31
2 9 33 4 29
2 10 22 9 33
2 9 35 4 29
2 43 6 9 35
2 9 37 4 29
2 13 29 9 37
2 9 38 4 29
2 14 24 9 38
2 9 40 4 29
2 3 4 9 40
2 9 41 3 4
2 2 24 9 41
2 9 42 2 24
2 11 23 9 42
2 9 43 2 24
2 38 27 9 43
2 9 45 2 24
2 24 3 9 45
2 9 47 2 24
2 1 35 9 47
2 9 48 1 35
2 3 27 9 48
2 9 49 1 35
2 31 11 9 49
2 9 50 2 24
2 8 9 9 50
2 10 1 2 24
2 22 1 10 1
2 10 2 2 24
2 10 4 10 2
2 10 3 3 4
2 31 6 10 3
2 10 4 3 4
2 6 2 10 4
2 10 5 3 4
2 2 6 10 5
2 10 6 2 6
2 27 33 10 6
2 10 7 3 27
2 24 32 10 7
2 10 10 4 32
2 4 14 10 10
2 10 11 4 14
2 1 19 10 11
2 10 12 1 19
2 7 48 10 12
2 10 15 1 19
2 8 42 10 15
2 10 17 4 14
2 5 44 10 17
2 10 18 4 14
2 38 43 10 18
2 10 20 4 32
2 9 23 10 20
2 10 21 4 40
2 10 16 10 21
2 10 22 4 40
2 19 30 10 22
2 10 24 4 40
2 3 1 10 24
2 10 26 3 1
2 11 21 10 26
2 10 27 4 40
2 11 46 10 27
2 10 28 4 40
2 13 48 10 28
2 10 29 4 41
2 3 9 10 29
2 10 30 3 9
2 7 8 10 30
2 10 31 4 44
2 15 13 10 31
2 10 32 4 47
2 12 23 10 32
2 10 33 4 47
2 13 23 10 33
2 10 34 4 47
2 15 16 10 34
2 10 35 4 47
2 26 2 10 35
2 10 39 4 47
2 21 29 10 39
2 10 41 4 47
2 12 33 10 41
2 10 44 4 47
2 43 5 10 44
2 11 1 4 49
2 15 1 11 1
2 11 2 4 49
2 27 27 11 2
2 11 3 4 49
2 30 23 11 3
2 11 5 4 49
2 3 42 11 5
2 11 6 3 42
2 12 49 11 6
2 11 7 3 42
2 9 34 11 7
2 11 10 3 42
2 23 1 11 10
2 11 12 3 42
2 10 47 11 12
2 11 13 3 42
2 25 22 11 13
2 11 14 4 50
2 14 44 11 14
2 11 15 4 50
2 14 33 11 15
2 11 17 5 1
2 35 24 11 17
2 11 20 5 3
2 11 32 11 20
2 11 22 5 3
2 14 3 11 22
2 11 24 5 3
2 47 14 11 24
2 11 27 5 3
2 13 39 11 27
2 11 28 5 4
2 13 40 11 28
2 11 29 5 4
2 20 14 11 29
2 11 32 5 4
2 25 36 11 32
2 11 33 5 4
2 10 50 11 33
2 11 34 5 6
2 18 3 11 34
2 11 36 5 6
2 3 6 11 36
2 11 40 3 6
2 3 50 11 40
2 11 42 3 6
2 4 41 11 42
2 11 43 3 6
2 2 37 11 43
2 11 45 2 37
2 38 8 11 45
2 11 47 2 37
2 29 14 11 47
2 11 48 3 50
2 18 19 11 48
2 11 49 3 50
2 1 24 11 49
2 12 3 1 24
2 27 13 12 3
2 12 4 4 41
2 13 4 12 4
2 12 6 5 10
2 10 45 12 6
2 12 7 5 11
2 27 39 12 7
2 12 8 5 11
2 23 26 12 8
2 12 9 5 11
2 12 10 12 9
2 12 10 5 11
2 20 2 12 10
2 12 16 5 11
2 4 29 12 16
2 12 17 4 29
2 43 48 12 17
2 12 18 5 11
2 2 3 12 18
2 12 21 2 3
2 15 31 12 21
2 12 24 2 3
2 5 22 12 24
2 12 25 2 3
2 4 6 12 25
2 12 28 2 3
2 23 41 12 28
2 12 29 2 3
2 22 33 12 29
2 12 37 4 6
2 26 29 12 37
2 12 38 5 12
2 4 32 12 38
2 12 41 4 32
2 19 2 12 41
2 12 42 5 16
2 11 19 12 42
2 12 45 5 16
2 2 10 12 45
2 12 46 2 10
2 3 1 12 46
2 13 1 2 10
2 16 35 13 1
2 13 3 2 10
2 13 9 13 3
2 13 4 2 10
2 14 15 13 4
2 13 8 2 10
2 20 48 13 8
2 13 9 2 10
2 18 46 13 9
2 13 10 2 10
2 1 46 13 10
2 13 13 1 46
2 8 45 13 13
2 13 15 3 1
2 7 17 13 15
2 13 16 5 17
2 17 44 13 16
2 13 19 5 19
2 15 47 13 19
2 13 21 5 19
2 18 8 13 21
2 13 22 5 21
2 35 36 13 22
2 13 23 5 22
2 4 15 13 23
2 13 24 4 15
2 3 6 13 24
2 13 25 3 6
2 1 39 13 25
2 13 26 1 39
2 5 21 13 26
2 13 27 1 39
2 14 7 13 27
2 13 31 4 15
2 34 12 13 31
2 13 33 4 15
2 23 37 13 33
2 13 35 4 15
2 35 25 13 35
2 13 37 4 15
2 32 18 13 37
2 13 38 4 15
2 4 1 13 38
2 13 39 4 1
2 18 37 13 39
2 13 40 4 1
2 36 6 13 40
2 13 41 4 1
2 8 16 13 41
2 13 42 4 1
2 1 7 13 42
2 13 43 1 7
2 24 29 13 43
2 13 44 1 7
2 7 20 13 44
2 13 45 4 15
2 30 31 13 45
2 13 46 5 21
2 9 24 13 46
2 13 48 5 22
2 16 32 13 48
2 13 49 5 22
2 2 6 13 49
2 14 1 2 6
2 3 23 14 1
2 14 3 2 6
2 3 1 14 3
2 14 4 2 6
2 10 36 14 4
2 14 6 2 6
2 4 11 14 6
2 14 7 2 6
2 15 17 14 7
2 14 9 2 6
2 24 9 14 9
2 14 11 3 1
2 3 31 14 11
2 14 13 3 1
2 4 6 14 13
2 14 14 3 1
2 34 49 14 14
2 14 15 3 1
2 12 22 14 15
2 14 16 3 1
2 24 18 14 16
2 14 17 3 1
2 14 19 14 17
2 14 18 3 1
2 34 6 14 18
2 14 19 3 1
2 30 30 14 19
2 14 21 3 1
2 15 18 14 21
2 14 23 3 1
2 15 32 14 23
2 14 24 3 23
2 4 47 14 24
2 14 25 3 23
2 49 28 14 25
2 14 26 3 31
2 8 13 14 26
2 14 27 4 6
2 48 27 14 27
2 14 28 4 11
2 28 46 14 28
2 14 32 4 47
2 24 14 14 32
2 14 35 5 22
2 26 26 14 35
2 14 37 5 26
2 17 26 14 37
2 14 39 5 32
2 10 43 14 39
2 14 40 5 32
2 22 19 14 40
2 14 41 5 32
2 17 8 14 41
2 14 43 5 32
2 43 31 14 43
2 14 46 5 32
2 10 46 14 46
2 14 48 5 34
2 50 8 14 48
2 15 4 5 35
2 1 7 15 4
2 15 7 1 7
2 15 45 15 7
2 15 9 1 7
2 17 10 15 9
2 15 11 5 38
2 25 44 15 11
2 15 12 5 39
2 5 18 15 12
2 15 13 5 18
2 3 31 15 13
2 15 14 3 31
2 35 49 15 14
2 15 15 3 31
2 2 50 15 15
2 15 16 2 50
2 32 36 15 16
2 15 18 2 50
2 3 13 15 18
2 15 19 2 50
2 36 42 15 19
2 15 21 2 50
2 7 12 15 21
2 15 23 3 13
2 25 11 15 23
2 15 24 3 13
2 3 50 15 24
2 15 25 3 31
2 14 36 15 25
2 15 29 3 50
2 19 41 15 29
2 15 31 5 18
2 28 25 15 31
2 15 33 5 18
2 38 42 15 33
2 15 34 5 18
2 10 42 15 34
2 15 35 5 18
2 23 7 15 35
2 15 38 5 18
2 4 32 15 38
2 15 40 4 32
2 11 37 15 40
2 15 42 5 40
2 29 43 15 42
2 15 43 5 41
2 20 20 15 43
2 15 45 5 42
2 16 50 15 45
2 15 47 5 42
2 39 25 15 47
2 15 48 5 42
2 15 50 15 48
2 15 50 5 43
2 1 35 15 50
2 16 1 1 35
2 5 41 16 1
2 16 2 1 35
2 36 20 16 2
2 16 3 5 41
2 18 20 16 3
2 16 4 5 43
2 5 10 16 4
2 16 6 5 10
2 16 22 16 6
2 16 7 5 10
2 4 1 16 7
2 16 9 4 1
2 25 8 16 9
2 16 10 4 1
2 30 38 16 10
2 16 11 5 10
2 15 46 16 11
2 16 12 5 10
2 31 35 16 12
2 16 15 5 43
2 3 50 16 15
2 16 17 3 50
2 5 11 16 17
2 16 20 3 50
2 22 10 16 20
2 16 21 3 50
2 3 13 16 21
2 16 22 3 13
2 3 9 16 22
2 16 23 3 9
2 20 50 16 23
2 16 24 3 9
2 2 39 16 24
2 16 28 2 39
2 19 36 16 28
2 16 29 2 39
2 8 43 16 29
2 16 30 3 9
2 15 3 16 30
2 16 31 3 13
2 4 44 16 31
2 16 32 3 13
2 4 6 16 32
2 16 34 3 13
2 18 13 16 34
2 16 35 3 13
2 4 18 16 35
2 16 37 3 13
2 15 10 16 37
2 16 42 3 13
2 26 40 16 42
2 16 43 3 13
2 27 32 16 43
2 16 44 3 13
2 32 5 16 44
2 16 46 3 13
2 31 8 16 46
2 16 47 3 13
2 2 39 16 47
2 16 48 2 39
2 28 32 16 48
2 17 1 3 13
2 15 44 17 1
2 17 2 3 50
2 5 21 17 2
2 17 3 4 6
2 5 32 17 3
2 17 4 4 6
2 4 1 17 4
2 17 8 4 1
2 3 37 17 8
2 17 9 3 37
2 28 10 17 9
2 17 10 3 37
2 38 35 17 10
2 17 11 3 37
2 31 12 17 11
2 17 13 4 1
2 18 7 17 13
2 17 14 4 1
2 20 38 17 14
2 17 19 4 6
2 23 49 17 19
2 17 23 4 6
2 11 9 17 23
2 17 24 4 18
2 1 24 17 24
2 17 25 1 24
2 2 39 17 25
2 17 27 2 39
2 23 47 17 27
2 17 29 4 18
2 35 18 17 29
2 17 31 4 44
2 17 46 17 31
2 17 32 5 11
2 7 32 17 32
2 17 33 5 21
2 26 9 17 33
2 17 34 5 21
2 39 15 17 34
2 17 35 5 32
2 14 12 17 35
2 17 36 5 32
2 29 6 17 36
2 17 38 5 32
2 22 15 17 38
2 17 40 5 32
2 24 39 17 40
2 17 41 5 32
2 12 14 17 41
2 17 42 5 32
2 4 16 17 42
2 17 43 4 16
2 20 43 17 43
2 17 47 4 16
2 18 18 17 47
2 17 49 5 43
2 3 37 17 49
2 17 50 3 37
2 15 6 17 50
2 18 3 3 37
2 24 41 18 3
2 18 4 3 37
2 19 24 18 4
2 18 5 3 37
2 18 15 18 5
2 18 6 3 37
2 47 4 18 6
2 18 7 3 37
2 22 5 18 7
2 18 9 3 37
2 9 1 18 9
2 18 10 5 43
2 17 22 18 10
2 18 11 5 43
2 5 8 18 11
2 18 15 5 8
2 32 11 18 15
2 18 17 5 8
2 24 34 18 17
2 18 18 5 8
2 5 39 18 18
2 18 20 5 8
2 26 5 18 20
2 18 21 5 8
2 4 44 18 21
2 18 22 4 44
2 11 26 18 22
2 18 23 4 44
2 38 7 18 23
2 18 24 4 44
2 5 41 18 24
2 18 25 5 8
2 1 46 18 25
2 18 26 1 46
2 20 3 18 26
2 18 28 1 46
2 25 28 18 28
2 18 29 5 39
2 2 10 18 29
2 18 30 2 10
2 30 43 18 30
2 18 32 2 10
2 24 26 18 32
2 18 33 5 41
2 22 20 18 33
2 18 36 5 44
2 27 25 18 36
2 18 42 5 44
2 11 50 18 42
2 18 45 5 44
2 36 23 18 45
2 18 48 5 44
2 25 9 18 48
2 18 49 6 2
2 33 7 18 49
2 18 50 6 2
2 26 30 18 50
2 19 1 6 3
2 28 42 19 1
2 19 3 6 3
2 22 16 19 3
2 19 4 6 3
2 21 17 19 4
2 19 5 6 3
2 2 37 19 5
2 19 7 2 37
2 2 39 19 7
2 19 8 2 39
2 1 3 19 8
2 19 10 1 3
2 18 44 19 10
2 19 12 2 39
2 22 30 19 12
2 19 14 6 3
2 4 50 19 14
2 19 15 4 50
2 37 49 19 15
2 19 20 4 50
2 1 15 19 20
2 19 21 1 15
2 28 8 19 21
2 19 23 1 15
2 1 39 19 23
2 19 24 1 39
2 2 39 19 24
2 19 26 1 39
2 30 33 19 26
2 19 27 1 39
2 40 27 19 27
2 19 28 2 39
2 44 32 19 28
2 19 30 6 3
2 2 6 19 30
2 19 31 2 6
2 5 40 19 31
2 19 35 2 6
2 3 35 19 35
2 19 37 2 6
2 31 50 19 37
2 19 38 2 6
2 25 33 19 38
2 19 40 3 35
2 22 8 19 40
2 19 41 3 35
2 17 5 19 41
2 19 42 3 35
2 5 10 19 42
2 19 43 3 35
2 5 1 19 43
2 19 44 5 1
2 22 36 19 44
2 19 45 5 10
2 1 14 19 45
2 19 47 1 14
2 26 21 19 47
2 19 49 5 40
2 35 33 19 49
2 19 50 5 40
2 24 38 19 50
2 20 4 5 40
2 36 18 20 4
2 20 5 6 3
2 18 34 20 5
2 20 6 6 3
2 28 19 20 6
2 20 7 6 3
2 20 44 20 7
2 20 8 6 7
2 32 45 20 8
2 20 9 6 11
2 17 15 20 9
2 20 10 6 11
2 23 3 20 10
2 20 11 6 11
2 44 8 20 11
2 20 12 6 12
2 6 3 20 12
2 20 13 6 3
2 5 10 20 13
2 20 14 5 10
2 47 45 20 14
2 20 16 5 10
2 2 29 20 16
2 20 19 2 29
2 2 10 20 19
2 20 20 2 10
2 6 14 20 20
2 20 21 2 10
2 4 34 20 21
2 20 22 4 34
2 42 38 20 22
2 20 23 5 10
2 4 16 20 23
2 20 25 4 16
2 1 4 20 25
2 20 27 1 4
2 49 40 20 27
2 20 28 5 10
2 40 39 20 28
2 20 30 5 10
2 4 47 20 30
2 20 32 4 47
2 4 1 20 32
2 20 33 4 1
2 38 46 20 33
2 20 34 4 1
2 28 3 20 34
2 20 37 5 10
2 35 11 20 37
2 20 38 5 10
2 25 19 20 38
2 20 40 5 10
2 24 17 20 40
2 20 43 5 10
2 8 25 20 43
2 20 45 5 10
2 18 39 20 45
2 20 49 5 10
2 1 15 20 49
2 20 50 1 15
2 1 3 20 50
2 21 1 1 3
2 2 10 21 1
2 21 2 1 3
2 25 43 21 2
2 21 3 1 3
2 26 45 21 3
2 21 5 1 15
2 22 49 21 5
2 21 7 2 10
2 37 4 21 7
2 21 12 6 12
2 21 4 21 12
2 21 13 6 13
2 33 23 21 13
2 21 16 6 13
2 22 2 21 16
2 21 17 6 13
2 13 11 21 17
2 21 20 6 13
2 4 27 21 20
2 21 22 4 27
2 2 29 21 22
2 21 23 2 29
2 6 19 21 23
2 21 24 4 27
2 4 5 21 24
2 21 26 4 5
2 2 24 21 26
2 21 28 2 24
2 1 15 21 28
2 21 30 1 15
2 24 36 21 30
2 21 32 2 24
2 25 29 21 32
2 21 33 4 5
2 15 30 21 33
2 21 35 4 5
2 27 8 21 35
2 21 37 4 5
2 3 2 21 37
2 21 39 3 2
2 1 46 21 39
2 21 41 1 46
2 16 39 21 41
2 21 42 3 2
2 39 14 21 42
2 21 43 4 27
2 28 13 21 43
2 21 44 6 13
2 49 41 21 44
2 21 46 6 13
2 24 47 21 46
2 21 48 6 14
2 34 34 21 48
2 21 49 6 14
2 3 9 21 49
2 21 50 3 9
2 4 46 21 50
2 22 2 4 46
2 42 36 22 2
2 22 4 4 46
2 1 46 22 4
2 22 6 1 46
2 28 21 22 6
2 22 14 1 46
2 3 6 22 14
2 22 16 1 46
2 36 13 22 16
2 22 17 1 46
2 6 13 22 17
2 22 18 3 6
2 37 17 22 18
2 22 19 3 6
2 4 16 22 19
2 22 21 3 6
2 1 39 22 21
2 22 22 1 39
2 2 24 22 22
2 22 24 2 24
2 3 31 22 24
2 22 25 3 6
2 21 45 22 25
2 22 29 3 6
2 6 14 22 29
2 22 30 3 6
2 30 2 22 30
2 22 31 3 6
2 1 3 22 31
2 22 33 1 3
2 41 27 22 33
2 22 34 1 3
2 22 35 22 34
2 22 36 1 3
2 6 37 22 36
2 22 37 1 3
2 42 24 22 37
2 22 38 3 6
2 30 32 22 38
2 22 39 3 31
2 26 33 22 39
2 22 40 3 31
2 4 27 22 40
2 22 41 4 16
2 37 14 22 41
2 22 42 4 16
2 4 41 22 42
2 22 43 4 16
2 3 27 22 43
2 22 44 3 27
2 26 10 22 44
2 22 45 3 27
2 29 46 22 45
2 22 46 3 27
2 33 34 22 46
2 22 49 3 27
2 5 1 22 49
2 23 3 3 27
2 43 40 23 3
2 23 8 3 27
2 2 6 23 8
2 23 9 2 6
2 33 30 23 9
2 23 10 3 27
2 28 16 23 10
2 23 11 3 27
2 44 17 23 11
2 23 12 4 16
2 16 38 23 12
2 23 14 4 16
2 3 13 23 14
2 23 15 3 13
2 29 47 23 15
2 23 17 3 13
2 5 42 23 17
2 23 18 4 16
2 28 39 23 18
2 23 22 4 27
2 27 47 23 22
2 23 23 4 27
2 44 33 23 23
2 23 25 4 41
2 2 6 23 25
2 23 26 2 6
2 28 20 23 26
2 23 27 2 6
2 27 11 23 27
2 23 28 2 6
2 40 49 23 28
2 23 30 2 6
2 9 17 23 30
2 23 33 2 6
2 43 18 23 33
2 23 36 2 6
2 5 39 23 36
2 23 40 2 6
2 25 2 23 40
2 23 41 2 6
2 2 50 23 41
2 23 43 2 6
2 5 26 23 43
2 23 45 2 6
2 5 40 23 45
2 23 46 2 50
2 33 3 23 46
2 23 50 2 50
2 26 15 23 50
2 24 1 2 50
2 24 30 24 1
2 24 2 2 50
2 2 23 24 2
2 24 3 2 23
2 1 39 24 3
2 24 5 1 39
2 20 35 24 5
2 24 6 1 39
2 1 46 24 6
2 24 7 1 39
2 27 9 24 7
2 24 9 1 39
2 4 5 24 9
2 24 11 1 39
2 3 15 24 11
2 24 12 1 39
2 42 26 24 12
2 24 14 1 39
2 2 3 24 14
2 24 18 1 39
2 43 22 24 18
2 24 20 1 39
2 27 49 24 20
2 24 22 1 39
2 3 6 24 22
2 24 23 1 39
2 5 30 24 23
2 24 24 1 46
2 21 11 24 24
2 24 25 1 46
2 42 18 24 25
2 24 27 1 46
2 25 40 24 27
2 24 28 1 46
2 2 34 24 28
2 24 29 1 46
2 33 37 24 29
2 24 30 1 46
2 12 15 24 30
2 24 34 1 46
2 49 6 24 34
2 24 35 1 46
2 2 7 24 35
2 24 36 1 46
2 31 10 24 36
2 24 39 1 46
2 41 12 24 39
2 24 40 1 46
2 20 17 24 40
2 24 41 1 46
2 1 44 24 41
2 24 42 1 44
2 18 16 24 42
2 24 43 1 44
2 2 6 24 43
2 24 44 1 46
2 30 11 24 44
2 24 45 1 46
2 2 15 24 45
2 24 46 2 3
2 5 6 24 46
2 24 48 2 3
2 32 4 24 48
2 24 49 2 3
2 41 13 24 49
2 25 1 2 3
2 2 39 25 1
2 25 2 2 3
2 20 1 25 2
2 25 3 2 3
2 32 48 25 3
2 25 4 2 6
2 25 27 25 4
2 25 5 2 7
2 5 18 25 5
2 25 11 2 7
2 1 14 25 11
2 25 14 1 14
2 3 9 25 14
2 25 15 1 14
2 47 34 25 15
2 25 16 1 14
2 34 20 25 16
2 25 17 1 14
2 30 29 25 17
2 25 19 2 7
2 3 44 25 19
2 25 20 2 7
2 37 33 25 20
2 25 21 2 7
2 3 42 25 21
2 25 22 2 7
2 28 18 25 22
2 25 24 2 7
2 34 10 25 24
2 25 27 2 7
2 21 18 25 27
2 25 29 2 7
2 11 44 25 29
2 25 31 2 7
2 31 29 25 31
2 25 32 2 15
2 28 41 25 32
2 25 35 2 23
2 1 3 25 35
2 25 36 1 3
2 28 30 25 36
2 25 37 1 3
2 5 19 25 37
2 25 38 1 3
2 43 20 25 38
2 25 39 1 3
2 4 15 25 39
2 25 40 1 3
2 39 39 25 40
2 25 42 1 3
2 3 37 25 42
2 25 44 1 3
2 1 33 25 44
2 25 45 1 3
2 1 35 25 45
2 25 46 1 3
2 23 29 25 46
2 25 47 1 33
2 4 16 25 47
2 25 48 1 35
2 4 32 25 48
2 25 49 2 23
2 39 6 25 49
2 26 1 2 23
2 1 35 26 1
2 26 2 1 35
2 5 10 26 2
2 26 4 1 35
2 40 19 26 4
2 26 7 2 23
2 32 35 26 7
2 26 9 2 34
2 37 16 26 9
2 26 10 2 34
2 26 14 26 10
2 26 11 2 34
2 40 32 26 11
2 26 12 2 39
2 35 45 26 12
2 26 14 2 39
2 36 45 26 14
2 26 18 2 39
2 4 27 26 18
2 26 19 2 50
2 2 39 26 19
2 26 20 2 39
2 40 3 26 20
2 26 21 2 39
2 19 33 26 21
2 26 22 2 39
2 34 8 26 22
2 26 23 2 50
2 41 39 26 23
2 26 27 2 50
2 43 44 26 27
2 26 29 2 50
2 4 17 26 29
2 26 31 2 50
2 1 8 26 31
2 26 33 1 8
2 5 35 26 33
2 26 34 1 8
2 28 36 26 34
2 26 35 2 50
2 1 8 26 35
2 26 37 1 8
2 32 14 26 37
2 26 38 1 8
2 12 31 26 38
2 26 39 2 50
2 44 42 26 39
2 26 42 3 6
2 35 32 26 42
2 26 43 3 9
2 2 7 26 43
2 26 48 2 7
2 4 6 26 48
2 26 49 2 7
2 35 37 26 49
2 26 50 2 7
2 5 22 26 50
2 27 2 3 9
2 3 1 27 2
2 27 3 3 1
2 1 8 27 3
2 27 5 1 8
2 34 36 27 5
2 27 6 1 8
2 49 19 27 6
2 27 8 1 8
2 5 41 27 8
2 27 9 1 8
2 2 24 27 9
2 27 10 1 8
2 26 24 27 10
2 27 11 2 24
2 31 36 27 11
2 27 13 2 24
2 5 3 27 13
2 27 14 2 24
2 1 39 27 14
2 27 15 1 39
2 39 37 27 15
2 27 16 2 24
2 36 19 27 16
2 27 17 2 24
2 2 6 27 17
2 27 22 2 6
2 21 27 27 22
2 27 24 2 6
2 31 37 27 24
2 27 25 2 24
2 28 50 27 25
2 27 27 2 24
2 45 18 27 27
2 27 29 2 24
2 30 7 27 29
2 27 30 2 24
2 4 11 27 30
2 27 33 3 1
2 5 8 27 33
2 27 34 3 1
2 30 6 27 34
2 27 36 3 1
2 30 44 27 36
2 27 37 3 9
2 3 32 27 37
2 27 39 3 15
2 46 39 27 39
2 27 40 3 15
2 5 7 27 40
2 27 41 3 32
2 2 15 27 41
2 27 42 2 15
2 3 24 27 42
2 27 44 3 24
2 3 23 27 44
2 27 45 3 23
2 30 47 27 45
2 27 46 3 23
2 26 16 27 46
2 27 47 3 24
2 27 26 27 47
2 27 48 3 24
2 3 6 27 48
2 27 49 3 6
2 37 22 27 49
2 27 50 3 6
2 5 2 27 50
2 28 1 3 6
2 35 40 28 1
2 28 2 3 24
2 3 35 28 2
2 28 5 3 32
2 2 24 28 5
2 28 7 2 24
2 49 38 28 7
2 28 9 2 24
2 18 38 28 9
2 28 12 2 24
2 46 21 28 12
2 28 13 2 24
2 39 2 28 13
2 28 16 2 24
2 48 34 28 16
2 28 17 2 24
2 41 38 28 17
2 28 18 2 24
2 50 2 28 18
2 28 19 2 24
2 31 24 28 19
2 28 20 2 24
2 33 32 28 20
2 28 23 2 24
2 4 50 28 23
2 28 24 3 32
2 2 10 28 24
2 28 25 2 10
2 50 19 28 25
2 28 26 2 10
2 37 37 28 26
2 28 27 2 10
2 27 31 28 27
2 28 28 3 35
2 2 37 28 28
2 28 29 2 37
2 19 29 28 29
2 28 30 2 37
2 44 12 28 30
2 28 31 2 37
2 32 47 28 31
2 28 34 2 37
2 33 44 28 34
2 28 35 2 37
2 23 13 28 35
2 28 36 2 37
2 42 44 28 36
2 28 38 2 37
2 2 39 28 38
2 28 39 2 39
2 36 34 28 39
2 28 40 2 39
2 3 23 28 40
2 28 42 2 39
2 29 30 28 42
2 28 44 2 39
2 6 3 28 44
2 28 45 2 39
2 41 1 28 45
2 28 48 2 39
2 1 24 28 48
2 29 3 1 24
2 1 12 29 3
2 29 4 1 12
2 5 38 29 4
2 29 5 1 12
2 3 2 29 5
2 29 6 1 12
2 29 25 29 6
2 29 8 1 12
2 33 11 29 8
2 29 9 1 24
2 12 43 29 9
2 29 10 3 2
2 5 44 29 10
2 29 11 3 2
2 3 1 29 11
2 29 12 3 1
2 5 16 29 12
2 29 13 3 23
2 13 32 29 13
2 29 14 3 37
2 34 46 29 14
2 29 16 3 37
2 25 50 29 16
2 29 18 3 37
2 48 16 29 18
2 29 19 3 37
2 30 22 29 19
2 29 20 3 37
2 46 14 29 20
2 29 21 3 42
2 26 36 29 21
2 29 22 3 42
2 33 9 29 22
2 29 24 3 42
2 3 13 29 24
2 29 25 3 13
2 35 27 29 25
2 29 26 3 13
2 1 4 29 26
2 29 27 1 4
2 5 21 29 27
2 29 29 1 4
2 32 12 29 29
2 29 30 1 4
2 13 5 29 30
2 29 31 1 4
2 9 12 29 31
2 29 35 1 4
2 27 21 29 35
2 29 36 1 4
2 46 29 29 36
2 29 37 1 4
2 5 12 29 37
2 29 38 3 44
2 3 35 29 38
2 29 39 3 35
2 31 21 29 39
2 29 40 3 35
2 32 49 29 40
2 29 41 3 35
2 38 19 29 41
2 29 42 3 35
2 2 10 29 42
2 29 43 2 10
2 11 41 29 43
2 29 44 2 10
2 21 21 29 44
2 29 45 3 35
2 43 29 29 45
2 29 48 4 5
2 32 15 29 48
2 29 49 4 5
2 4 40 29 49
2 29 50 4 5
2 30 14 29 50
2 30 1 4 5
2 4 46 30 1
2 30 2 4 5
2 34 33 30 2
2 30 3 4 5
2 18 31 30 3
2 30 7 4 5
2 28 47 30 7
2 30 8 4 5
2 42 43 30 8
2 30 12 4 5
2 23 34 30 12
2 30 13 4 5
2 44 26 30 13
2 30 14 4 6
2 36 12 30 14
2 30 15 4 6
2 36 50 30 15
2 30 18 4 6
2 3 44 30 18
2 30 19 3 44
2 3 4 30 19
2 30 20 3 4
2 33 14 30 20
2 30 22 3 4
2 36 17 30 22
2 30 27 3 4
2 38 36 30 27
2 30 28 4 6
2 3 9 30 28
2 30 30 3 9
2 41 3 30 30
2 30 31 3 9
2 18 12 30 31
2 30 33 3 9
2 23 2 30 33
2 30 34 3 9
2 28 15 30 34
2 30 36 4 6
2 17 45 30 36
2 30 40 4 6
2 1 33 30 40
2 30 41 1 33
2 3 10 30 41
2 30 42 1 33
2 32 42 30 42
2 30 44 3 10
2 3 1 30 44
2 30 45 3 1
2 1 24 30 45
2 30 46 1 24
2 47 25 30 46
2 30 47 3 1
2 17 18 30 47
2 30 48 3 1
2 9 28 30 48
2 30 49 3 1
2 46 44 30 49
2 31 2 3 1
2 39 33 31 2
2 31 3 3 10
2 31 28 31 3
2 31 5 4 6
2 2 34 31 5
2 31 6 2 34
2 3 27 31 6
2 31 8 2 34
2 39 26 31 8
2 31 9 2 34
2 35 4 31 9
2 31 14 2 34
2 44 47 31 14
2 31 15 3 27
2 3 35 31 15
2 31 17 3 27
2 43 16 31 17
2 31 19 3 35
2 3 30 31 19
2 31 20 3 30
2 34 3 31 20
2 31 22 3 30
2 1 33 31 22
2 31 24 1 33
2 1 29 31 24
2 31 26 1 29
2 13 7 31 26
2 31 27 1 29
2 3 35 31 27
2 31 28 1 29
2 28 22 31 28
2 31 30 1 29
2 6 40 31 30
2 31 31 1 29
2 46 25 31 31
2 31 32 1 29
2 3 9 31 32
2 31 34 1 29
2 6 50 31 34
2 31 36 1 29
2 14 31 31 36
2 31 37 1 29
2 1 8 31 37
2 31 38 1 8
2 5 11 31 38
2 31 39 1 8
2 33 45 31 39
2 31 41 1 29
2 26 44 31 41
2 31 42 1 33
2 26 17 31 42
2 31 43 3 9
2 1 8 31 43
2 31 46 1 8
2 3 4 31 46
2 31 48 3 4
2 3 42 31 48
2 31 50 3 4
2 16 49 31 50
2 32 3 3 4
2 2 34 32 3
2 32 4 2 34
2 48 15 32 4
2 32 5 2 34
2 48 32 32 5
2 32 8 2 34
2 31 25 32 8
2 32 9 3 4
2 44 45 32 9
2 32 11 3 4
2 33 40 32 11
2 32 12 3 4
2 1 4 32 12
2 32 13 1 4
2 4 47 32 13
2 32 14 1 4
2 36 2 32 14
2 32 15 1 4
2 34 14 32 15
2 32 18 1 4
2 46 45 32 18
2 32 19 1 4
2 33 50 32 19
2 32 20 3 4
2 39 12 32 20
2 32 21 3 9
2 35 23 32 21
2 32 22 3 30
2 12 12 32 22
2 32 28 3 35
2 33 5 32 28
2 32 29 3 35
2 5 36 32 29
2 32 30 3 42
2 36 40 32 30
2 32 34 4 11
2 2 23 32 34
2 32 36 2 23
2 16 13 32 36
2 32 38 2 23
2 2 24 32 38
2 32 39 2 24
2 47 15 32 39
2 32 40 4 15
2 33 39 32 40
2 32 45 4 15
2 4 44 32 45
2 32 46 4 15
2 1 12 32 46
2 32 48 1 12
2 39 8 32 48
2 32 49 1 12
2 5 32 32 49
2 32 50 1 12
2 37 20 32 50
2 33 1 4 15
2 36 11 33 1
2 33 3 4 15
2 5 17 33 3
2 33 5 4 15
2 44 40 33 5
2 33 6 4 15
2 2 34 33 6
2 33 7 2 34
2 41 21 33 7
2 33 9 2 34
2 3 37 33 9
2 33 12 2 34
2 25 18 33 12
2 33 13 2 34
2 14 5 33 13
2 33 14 2 34
2 40 40 33 14
2 33 18 2 34
2 13 2 33 18
2 33 19 2 34
2 29 17 33 19
2 33 20 2 34
2 17 12 33 20
2 33 22 3 37
2 37 2 33 22
2 33 23 3 37
2 33 26 33 23
2 33 24 3 37
2 43 33 33 24
2 33 26 3 37
2 39 13 33 26
2 33 27 3 37
2 2 50 33 27
2 33 28 2 50
2 1 29 33 28
2 33 29 1 29
2 1 37 33 29
2 33 30 1 29
2 38 9 33 30
2 33 31 1 29
2 33 33 33 31
2 33 32 1 29
2 30 16 33 32
2 33 33 1 29
2 1 44 33 33
2 33 34 1 29
2 29 28 33 34
2 33 35 1 29
2 49 36 33 35
2 33 36 1 29
2 1 24 33 36
2 33 37 1 24
2 35 20 33 37
2 33 38 1 24
2 3 29 33 38
2 33 39 1 29
2 40 1 33 39
2 33 40 1 29
2 22 50 33 40
2 33 41 1 29
2 43 21 33 41
2 33 42 1 37
2 38 20 33 42
2 33 43 1 44
2 45 22 33 43
2 33 44 1 44
2 2 23 33 44
2 33 45 1 44
2 39 42 33 45
2 33 46 1 44
2 1 24 33 46
2 33 48 1 24
2 40 35 33 48
2 33 50 1 24
2 38 50 33 50
2 34 4 1 24
2 4 34 34 4
2 34 6 1 24
2 1 35 34 6
2 34 7 1 24
2 3 10 34 7
2 34 9 1 35
2 24 13 34 9
2 34 10 1 35
2 3 50 34 10
2 34 12 1 35
2 19 46 34 12
2 34 13 1 35
2 35 19 34 13
2 34 14 1 35
2 41 32 34 14
2 34 16 1 35
2 27 1 34 16
2 34 17 1 44
2 2 37 34 17
2 34 18 2 23
2 27 35 34 18
2 34 19 2 37
2 46 31 34 19
2 34 22 2 37
2 44 46 34 22
2 34 23 2 37
2 42 28 34 23
2 34 25 2 37
2 4 18 34 25
2 34 26 2 37
2 3 4 34 26
2 34 27 2 37
2 1 12 34 27
2 34 28 1 12
2 42 9 34 28
2 34 29 1 12
2 38 45 34 29
2 34 30 1 12
2 28 37 34 30
2 34 31 1 12
2 3 27 34 31
2 34 33 3 4
2 12 19 34 33
2 34 35 3 4
2 41 24 34 35
2 34 36 3 10
2 23 20 34 36
2 34 37 3 10
2 31 33 34 37
2 34 39 3 10
2 19 25 34 39
2 34 41 3 10
2 36 32 34 41
2 34 42 3 10
2 14 8 34 42
2 34 44 3 27
2 45 10 34 44
2 34 45 3 27
2 1 3 34 45
2 34 48 1 3
2 39 18 34 48
2 34 50 1 3
2 48 30 34 50
2 35 2 1 3
2 3 23 35 2
2 35 5 3 23
2 4 14 35 5
2 35 6 3 23
2 46 30 35 6
2 35 7 3 23
2 40 28 35 7
2 35 9 3 23
2 36 49 35 9
2 35 10 3 23
2 46 16 35 10
2 35 11 3 29
2 37 30 35 11
2 35 13 3 29
2 1 46 35 13
2 35 15 1 46
2 38 30 35 15
2 35 17 3 29
2 26 8 35 17
2 35 20 3 37
2 5 9 35 20
2 35 21 3 37
2 35 16 35 21
2 35 23 3 50
2 45 42 35 23
2 35 24 3 50
2 3 27 35 24
2 35 25 3 27
2 21 31 35 25
2 35 29 3 27
2 14 49 35 29
2 35 31 3 50
2 25 30 35 31
2 35 35 3 50
2 44 11 35 35
2 35 36 4 14
2 36 8 35 36
2 35 37 4 14
2 32 26 35 37
2 35 38 4 14
2 36 39 35 38
2 35 41 4 15
2 40 26 35 41
2 35 45 4 16
2 3 13 35 45
2 35 46 3 13
2 1 3 35 46
2 35 47 1 3
2 48 23 35 47
2 35 48 1 3
2 6 11 35 48
2 35 49 1 3
2 37 13 35 49
2 35 50 1 3
2 3 24 35 50
2 36 5 1 3
2 37 28 36 5
2 36 6 1 3
2 13 50 36 6
2 36 7 1 3
2 41 5 36 7
2 36 8 3 24
2 3 13 36 8
2 36 9 3 13
2 18 43 36 9
2 36 10 3 13
2 2 37 36 10
2 36 12 2 37
2 3 15 36 12
2 36 13 2 37
2 3 37 36 13
2 36 14 2 37
2 43 3 36 14
2 36 16 2 37
2 41 26 36 16
2 36 18 2 37
2 50 43 36 18
2 36 19 2 37
2 44 6 36 19
2 36 20 2 37
2 44 16 36 20
2 36 21 2 37
2 47 32 36 21
2 36 22 3 15
2 3 50 36 22
2 36 23 3 24
2 4 15 36 23
2 36 24 3 24
2 2 26 36 24
2 36 25 2 26
2 4 29 36 25
2 36 26 3 24
2 42 2 36 26
2 36 27 3 24
2 6 7 36 27
2 36 28 3 24
2 40 50 36 28
2 36 31 3 37
2 12 39 36 31
2 36 33 3 37
2 42 22 36 33
2 36 36 3 50
2 39 40 36 36
2 36 38 3 50
2 18 47 36 38
2 36 40 4 15
2 4 14 36 40
2 36 41 4 14
2 1 4 36 41
2 36 42 1 4
2 4 6 36 42
2 36 43 1 4
2 1 29 36 43
2 36 45 1 4
2 12 35 36 45
2 36 46 1 4
2 34 47 36 46
2 36 50 1 29
2 38 11 36 50
2 37 3 1 29
2 28 49 37 3
2 37 4 1 29
2 1 46 37 4
2 37 7 1 29
2 45 47 37 7
2 37 8 1 29
2 11 16 37 8
2 37 9 1 46
2 2 26 37 9
2 37 10 1 46
2 43 43 37 10
2 37 12 2 26
2 43 14 37 12
2 37 16 2 26
2 3 27 37 16
2 37 18 2 26
2 37 39 37 18
2 37 19 3 27
2 45 8 37 19
2 37 20 3 27
2 2 15 37 20
2 37 21 2 15
2 40 22 37 21
2 37 22 2 15
2 1 4 37 22
2 37 23 1 4
2 37 41 37 23
2 37 24 2 15
2 38 37 37 24
2 37 29 2 15
2 35 22 37 29
2 37 30 3 27
2 40 2 37 30
2 37 34 3 27
2 19 34 37 34
2 37 35 4 6
2 2 24 37 35
2 37 38 2 24
2 6 12 37 38
2 37 40 2 24
2 29 2 37 40
2 37 41 4 14
2 23 42 37 41
2 37 42 4 14
2 49 32 37 42
2 37 43 4 14
2 49 12 37 43
2 37 44 4 14
2 43 10 37 44
2 37 45 4 15
2 40 36 37 45
2 37 47 4 15
2 3 37 37 47
2 37 49 3 37
2 3 24 37 49
2 37 50 3 24
2 41 48 37 50
2 38 1 3 24
2 2 37 38 1
2 38 3 2 37
2 2 28 38 3
2 38 4 2 28
2 31 18 38 4
2 38 5 2 37
2 36 15 38 5
2 38 8 3 37
2 2 28 38 8
2 38 9 2 28
2 47 46 38 9
2 38 10 2 28
2 12 34 38 10
2 38 12 2 28
2 39 43 38 12
2 38 13 3 37
2 2 50 38 13
2 38 14 2 50
2 3 30 38 14
2 38 15 3 30
2 21 15 38 15
2 38 17 3 30
2 40 7 38 17
2 38 18 3 30
2 41 25 38 18
2 38 21 3 37
2 43 8 38 21
2 38 22 4 16
2 4 25 38 22
2 38 28 4 16
2 2 24 38 28
2 38 29 2 24
2 2 37 38 29
2 38 30 2 37
2 38 24 38 30
2 38 32 2 37
2 3 24 38 32
2 38 33 3 24
2 48 41 38 33
2 38 34 4 17
2 3 15 38 34
2 38 36 3 15
2 39 24 38 36
2 38 37 3 15
2 39 16 38 37
2 38 38 3 15
2 2 15 38 38
2 38 39 2 15
2 3 24 38 39
2 38 40 2 15
2 46 2 38 40
2 38 41 3 15
2 26 3 38 41
2 38 43 3 24
2 39 27 38 43
2 38 45 3 24
2 1 12 38 45
2 38 48 1 12
2 15 39 38 48
2 38 49 1 12
2 3 29 38 49
2 39 3 1 12
2 2 26 39 3
2 39 4 1 12
2 29 32 39 4
2 39 5 1 12
2 14 42 39 5
2 39 7 1 12
2 3 13 39 7
2 39 8 2 26
2 40 37 39 8
2 39 12 2 26
2 21 36 39 12
2 39 13 2 26
2 48 35 39 13
2 39 14 2 26
2 44 20 39 14
2 39 15 2 26
2 49 39 39 15
2 39 16 2 26
2 49 7 39 16
2 39 17 2 26
2 1 35 39 17
2 39 18 1 35
2 41 33 39 18
2 39 19 1 35
2 1 33 39 19
2 39 21 1 33
2 2 24 39 21
2 39 24 1 33
2 2 50 39 24
2 39 25 1 33
2 23 38 39 25
2 39 27 1 33
2 12 1 39 27
2 39 30 1 33
2 36 30 39 30
2 39 35 1 33
2 42 30 39 35
2 39 36 1 33
2 28 6 39 36
2 39 37 1 33
2 44 10 39 37
2 39 38 1 33
2 47 49 39 38
2 39 39 1 33
2 4 15 39 39
2 39 42 1 33
2 41 15 39 42
2 39 43 1 33
2 6 2 39 43
2 39 45 1 33
2 38 44 39 45
2 39 46 1 35
2 47 27 39 46
2 39 47 1 35
2 33 49 39 47
2 39 48 1 35
2 40 25 39 48
2 39 49 2 24
2 4 17 39 49
2 40 1 2 24
2 19 32 40 1
2 40 2 2 24
2 45 41 40 2
2 40 4 2 24
2 1 3 40 4
2 40 8 1 3
2 2 39 40 8
2 40 9 2 24
2 41 14 40 9
2 40 10 2 24
2 4 1 40 10
2 40 11 2 24
2 4 11 40 11
2 40 12 2 24
2 5 4 40 12
2 40 13 2 26
2 48 43 40 13
2 40 14 2 39
2 48 42 40 14
2 40 15 2 39
2 35 26 40 15
2 40 19 2 50
2 2 23 40 19
2 40 20 2 23
2 49 20 40 20
2 40 21 2 50
2 1 41 40 21
2 40 22 1 41
2 2 39 40 22
2 40 25 1 41
2 47 1 40 25
2 40 27 1 41
2 24 8 40 27
2 40 29 1 41
2 15 8 40 29
2 40 31 1 41
2 2 26 40 31
2 40 33 1 41
2 2 47 40 33
2 40 34 1 41
2 47 39 40 34
2 40 43 1 41
2 37 32 40 43
2 40 44 2 26
2 48 31 40 44
2 40 45 2 26
2 31 44 40 45
2 40 49 2 26
2 45 28 40 49
2 41 4 2 26
2 37 27 41 4
2 41 5 2 26
2 42 49 41 5
2 41 6 2 26
2 3 27 41 6
2 41 9 2 39
2 26 25 41 9
2 41 10 2 47
2 47 48 41 10
2 41 12 2 47
2 14 30 41 12
2 41 13 2 47
2 49 43 41 13
2 41 15 2 47
2 45 12 41 15
2 41 16 2 47
2 49 22 41 16
2 41 17 2 47
2 48 45 41 17
2 41 18 2 47
2 49 45 41 18
2 41 19 2 47
2 1 7 41 19
2 41 20 1 7
2 44 27 41 20
2 41 21 1 7
2 3 42 41 21
2 41 22 1 7
2 50 39 41 22
2 41 23 2 50
2 16 45 41 23
2 41 24 2 50
2 1 3 41 24
2 41 28 1 3
2 42 23 41 28
2 41 32 1 3
2 1 8 41 32
2 41 33 1 3
2 1 33 41 33
2 41 34 1 3
2 3 10 41 34
2 41 35 1 8
2 45 13 41 35
2 41 36 1 8
2 43 13 41 36
2 41 37 1 8
2 47 18 41 37
2 41 38 1 33
2 46 40 41 38
2 41 40 1 33
2 34 5 41 40
2 41 45 1 33
2 50 24 41 45
2 41 46 1 33
2 43 36 41 46
2 41 49 1 33
2 43 42 41 49
2 42 1 1 33
2 48 25 42 1
2 42 5 1 33
2 46 22 42 5
2 42 6 1 33
2 42 4 42 6
2 42 7 1 33
2 3 2 42 7
2 42 10 2 50
2 3 32 42 10
2 42 14 2 50
2 22 26 42 14
2 42 15 2 50
2 43 49 42 15
2 42 16 2 50
2 50 17 42 16
2 42 17 2 50
2 42 25 42 17
2 42 18 3 2
2 2 47 42 18
2 42 20 2 47
2 1 42 42 20
2 42 24 1 42
2 36 37 42 24
2 42 26 1 42
2 46 27 42 26
2 42 27 1 42
2 44 15 42 27
2 42 29 1 42
2 3 23 42 29
2 42 30 3 2
2 43 26 42 30
2 42 31 3 2
2 45 34 42 31
2 42 36 3 2
2 44 19 42 36
2 42 37 3 2
2 48 37 42 37
2 42 41 3 2
2 30 37 42 41
2 42 43 3 2
2 2 50 42 43
2 42 45 2 50
2 1 44 42 45
2 42 48 1 44
2 26 6 42 48
2 42 50 3 2
2 42 13 42 50
2 43 3 3 2
2 45 50 43 3
2 43 4 3 2
2 3 50 43 4
2 43 6 3 2
2 2 50 43 6
2 43 9 2 50
2 50 28 43 9
2 43 10 2 50
2 2 6 43 10
2 43 11 2 6
2 3 15 43 11
2 43 12 2 6
2 1 37 43 12
2 43 14 1 37
2 49 46 43 14
2 43 17 1 37
2 49 13 43 17
2 43 20 1 37
2 1 14 43 20
2 43 22 1 14
2 21 40 43 22
2 43 23 1 14
2 2 34 43 23
2 43 24 1 37
2 50 46 43 24
2 43 26 1 37
2 49 31 43 26
2 43 27 1 37
2 1 14 43 27
2 43 28 1 14
2 31 23 43 28
2 43 31 1 14
2 45 46 43 31
2 43 32 1 14
2 3 4 43 32
2 43 33 1 14
2 4 9 43 33
2 43 39 1 14
2 46 49 43 39
2 43 40 1 14
2 33 10 43 40
2 43 41 1 14
2 23 39 43 41
2 43 43 1 37
2 3 31 43 43
2 43 47 1 37
2 42 19 43 47
2 43 48 1 37
2 1 15 43 48
2 43 49 1 15
2 1 8 43 49
2 44 2 1 8
2 32 2 44 2
2 44 3 1 15
2 40 17 44 3
2 44 4 1 15
2 2 10 44 4
2 44 5 1 37
2 47 20 44 5
2 44 6 1 37
2 27 7 44 6
2 44 7 1 37
2 1 41 44 7
2 44 8 1 41
2 1 42 44 8
2 44 10 1 41
2 31 40 44 10
2 44 11 1 41
2 2 26 44 11
2 44 12 1 41
2 23 16 44 12
2 44 13 1 41
2 46 46 44 13
2 44 15 1 41
2 49 48 44 15
2 44 17 1 41
2 48 21 44 17
2 44 18 1 41
2 48 39 44 18
2 44 19 1 41
2 2 3 44 19
2 44 20 1 41
2 29 34 44 20
2 44 21 1 41
2 45 21 44 21
2 44 24 1 41
2 49 49 44 24
2 44 29 1 41
2 1 33 44 29
2 44 31 1 33
2 2 15 44 31
2 44 32 1 33
2 43 1 44 32
2 44 33 1 33
2 1 29 44 33
2 44 36 1 29
2 13 47 44 36
2 44 38 1 29
2 32 31 44 38
2 44 39 1 33
2 50 48 44 39
2 44 43 1 33
2 19 48 44 43
2 44 45 1 41
2 32 17 44 45
2 44 46 1 41
2 1 4 44 46
2 44 47 1 4
2 45 43 44 47
2 44 50 1 4
2 41 30 44 50
2 45 1 1 4
2 34 2 45 1
2 45 2 1 4
2 17 17 45 2
2 45 3 1 4
2 15 20 45 3
2 45 7 1 41
2 33 21 45 7
2 45 9 1 42
2 46 1 45 9
2 45 11 2 3
2 47 31 45 11
2 45 12 2 3
2 49 3 45 12
2 45 16 2 3
2 43 38 45 16
2 45 18 2 3
2 45 14 45 18
2 45 19 2 3
2 35 44 45 19
2 45 20 2 3
2 1 7 45 20
2 45 21 1 7
2 34 43 45 21
2 45 22 1 7
2 32 1 45 22
2 45 23 1 7
2 32 24 45 23
2 45 25 2 6
2 50 36 45 25
2 45 26 2 6
2 33 17 45 26
2 45 28 2 6
2 47 12 45 28
2 45 29 2 6
2 1 35 45 29
2 45 31 1 35
2 1 4 45 31
2 45 32 1 4
2 49 11 45 32
2 45 34 1 35
2 1 19 45 34
2 45 36 1 19
2 50 47 45 36
2 45 39 1 19
2 2 39 45 39
2 45 41 1 35
2 41 31 45 41
2 45 42 1 35
2 34 15 45 42
2 45 43 1 35
2 48 3 45 43
2 45 44 1 35
2 5 34 45 44
2 45 45 1 35
2 39 44 45 45
2 45 46 2 6
2 1 8 45 46
2 45 47 1 8
2 1 4 45 47
2 46 1 1 4
2 19 22 46 1
2 46 3 1 4
2 49 50 46 3
2 46 4 1 8
2 46 33 46 4
2 46 5 1 8
2 45 40 46 5
2 46 7 2 6
2 35 14 46 7
2 46 8 2 10
2 4 6 46 8
2 46 9 2 10
2 37 6 46 9
2 46 10 2 10
2 3 44 46 10
2 46 11 2 15
2 1 8 46 11
2 46 14 1 8
2 2 23 46 14
2 46 15 1 8
2 47 40 46 15
2 46 16 2 15
2 1 7 46 16
2 46 18 1 7
2 31 47 46 18
2 46 19 1 7
2 28 14 46 19
2 46 20 1 7
2 39 23 46 20
2 46 21 2 15
2 1 3 46 21
2 46 22 1 3
2 1 42 46 22
2 46 23 1 3
2 43 15 46 23
2 46 25 1 3
2 46 6 46 25
2 46 26 1 3
2 49 33 46 26
2 46 28 1 3
2 2 8 46 28
2 46 29 1 3
2 2 6 46 29
2 46 31 1 3
2 50 9 46 31
2 46 33 1 3
2 45 48 46 33
2 46 34 1 3
2 47 37 46 34
2 46 35 1 3
2 1 39 46 35
2 46 36 1 3
2 1 24 46 36
2 46 37 1 3
2 49 8 46 37
2 46 38 1 3
2 46 17 46 38
2 46 41 1 3
2 48 46 46 41
2 46 44 1 3
2 4 14 46 44
2 46 45 1 3
2 35 42 46 45
2 46 46 1 3
2 3 30 46 46
2 46 50 1 3
2 48 47 46 50
2 47 3 1 24
2 45 35 47 3
2 47 4 1 39
2 3 9 47 4
2 47 6 1 39
2 1 8 47 6
2 47 7 1 8
2 1 3 47 7
2 47 8 1 3
2 47 2 47 8
2 47 9 1 3
2 47 21 47 9
2 47 10 1 3
2 2 28 47 10
2 47 12 1 3
2 32 16 47 12
2 47 13 1 3
2 36 35 47 13
2 47 14 1 3
2 2 3 47 14
2 47 15 1 3
2 49 2 47 15
2 47 16 1 3
2 48 20 47 16
2 47 17 1 3
2 49 34 47 17
2 47 18 1 3
2 46 32 47 18
2 47 20 1 3
2 50 26 47 20
2 47 21 1 3
2 30 25 47 21
2 47 24 1 3
2 48 10 47 24
2 47 26 1 3
2 38 16 47 26
2 47 27 1 3
2 2 43 47 27
2 47 31 1 3
2 38 47 47 31
2 47 32 1 3
2 49 24 47 32
2 47 34 1 3
2 3 1 47 34
2 47 35 1 3
2 7 43 47 35
2 47 37 1 3
2 50 32 47 37
2 47 40 1 3
2 1 7 47 40
2 47 41 1 3
2 1 37 47 41
2 47 42 1 7
2 42 8 47 42
2 47 43 1 7
2 4 5 47 43
2 47 44 1 8
2 49 37 47 44
2 47 45 1 37
2 49 25 47 45
2 47 46 1 37
2 48 33 47 46
2 47 47 1 37
2 4 16 47 47
2 47 48 1 37
2 1 7 47 48
2 47 49 1 7
2 27 12 47 49
2 47 50 1 7
2 49 35 47 50
2 48 1 1 7
2 1 4 48 1
2 48 2 1 4
2 26 41 48 2
2 48 3 1 4
2 43 7 48 3
2 48 4 1 4
2 32 7 48 4
2 48 5 1 7
2 1 14 48 5
2 48 7 1 7
2 38 2 48 7
2 48 8 1 7
2 1 44 48 8
2 48 9 1 7
2 1 33 48 9
2 48 12 1 7
2 49 29 48 12
2 48 13 1 7
2 2 24 48 13
2 48 16 1 7
2 50 41 48 16
2 48 17 1 7
2 50 29 48 17
2 48 20 1 7
2 8 47 48 20
2 48 22 1 7
2 38 23 48 22
2 48 23 1 7
2 49 42 48 23
2 48 24 1 7
2 50 35 48 24
2 48 25 1 14
2 1 35 48 25
2 48 26 1 14
2 44 41 48 26
2 48 28 1 14
2 50 44 48 28
2 48 30 1 33
2 24 4 48 30
2 48 32 1 33
2 1 24 48 32
2 48 33 1 24
2 3 37 48 33
2 48 34 1 24
2 31 7 48 34
2 48 36 1 24
2 42 39 48 36
2 48 39 1 24
2 44 1 48 39
2 48 40 1 24
2 43 30 48 40
2 48 42 1 33
2 1 7 48 42
2 48 44 1 7
2 45 30 48 44
2 48 45 1 7
2 5 15 48 45
2 48 48 1 7
2 1 15 48 48
2 48 49 1 7
2 45 49 48 49
2 49 3 1 7
2 4 49 49 3
2 49 4 1 7
2 44 44 49 4
2 49 5 1 7
2 49 30 49 5
2 49 6 1 7
2 29 7 49 6
2 49 8 1 7
2 39 31 49 8
2 49 10 1 7
2 1 3 49 10
2 49 12 1 3
2 49 26 49 12
2 49 14 1 3
2 50 40 49 14
2 49 16 1 3
2 5 45 49 16
2 49 17 1 3
2 2 10 49 17
2 49 20 1 3
2 2 47 49 20
2 49 21 1 3
2 25 23 49 21
2 49 23 1 3
2 3 6 49 23
2 49 24 1 3
2 1 41 49 24
2 49 26 1 3
2 39 34 49 26
2 49 27 1 3
2 50 34 49 27
2 49 28 1 7
2 47 38 49 28
2 49 30 1 7
2 48 14 49 30
2 49 32 1 7
2 24 19 49 32
2 49 33 1 7
2 2 37 49 33
2 49 36 1 7
2 44 35 49 36
2 49 37 1 7
2 1 12 49 37
2 49 38 1 7
2 48 19 49 38
2 49 40 1 7
2 43 50 49 40
2 49 42 1 7
2 3 35 49 42
2 49 43 1 7
2 40 16 49 43
2 49 44 1 7
2 44 23 49 44
2 49 45 1 7
2 16 36 49 45
2 49 47 1 7
2 2 7 49 47
2 49 48 1 7
2 47 30 49 48
2 50 2 1 7
2 34 24 50 2
2 50 4 1 7
2 3 20 50 4
2 50 7 1 7
2 50 11 50 7
2 50 9 1 7
2 4 21 50 9
2 50 10 1 7
2 50 27 50 10
2 50 11 1 7
2 48 50 50 11
2 50 13 1 7
2 1 8 50 13
2 50 14 1 7
2 50 49 50 14
2 50 17 1 7
2 1 46 50 17
2 50 18 1 7
2 1 3 50 18
2 50 24 1 3
2 21 34 50 24
2 50 26 1 3
2 50 16 50 26
2 50 27 1 3
2 15 49 50 27
2 50 29 1 3
2 1 4 50 29
2 50 32 1 3
2 5 43 50 32
2 50 33 1 3
2 1 14 50 33
2 50 34 1 3
2 50 22 50 34
2 50 35 1 3
2 1 19 50 35
2 50 39 1 3
2 50 21 50 39
2 50 42 1 3
2 1 29 50 42
2 50 44 1 3
2 2 29 50 44
2 50 47 1 3
2 50 37 50 47
2 50 50 1 3
2 1 24 50 50
