80
2 1 1 1 1
2 1 13 1 1
2 1 3 1 2
2 1 15 1 3
2 1 6 1 2
2 2 14 1 6
2 1 10 1 2
2 2 15 1 10
2 2 1 1 2
2 4 4 2 1
2 2 5 1 2
2 4 12 2 5
2 3 4 1 2
2 5 6 3 4
2 3 8 1 2
2 5 7 3 8
2 4 2 1 2
2 5 10 4 2
2 4 8 1 2
2 5 11 4 8
2 4 13 1 2
2 6 3 4 13
2 5 4 1 2
2 6 9 5 4
2 5 5 1 2
2 7 5 5 5
2 5 8 1 2
2 7 6 5 8
2 5 14 1 2
2 7 13 5 14
2 6 10 1 2
2 8 4 6 10
2 6 13 1 2
2 8 9 6 13
2 7 9 1 2
2 8 12 7 9
2 7 14 1 2
2 8 13 7 14
2 8 3 1 2
2 9 7 8 3
2 8 5 1 2
2 9 10 8 5
2 8 7 1 2
2 9 12 8 7
2 8 11 1 2
2 9 13 8 11
2 10 8 1 2
2 9 15 10 8
2 10 10 1 2
2 10 14 10 10
2 10 15 1 2
2 11 3 10 15
2 11 1 1 2
2 11 4 11 1
2 12 6 1 2
2 12 4 12 6
2 12 8 1 2
2 12 9 12 8
2 12 10 1 2
2 12 11 12 10
2 12 15 1 2
2 12 13 12 15
2 13 7 1 2
2 13 3 13 7
2 13 8 1 2
2 13 4 13 8
2 13 9 1 2
2 13 6 13 9
2 13 13 1 2
2 13 12 13 13
2 14 3 1 2
2 14 7 14 3
2 14 10 1 2
2 14 15 14 10
2 14 14 1 2
2 15 1 14 14
2 15 11 1 2
2 15 6 15 11
2 15 13 1 2
2 15 8 15 13
