162
2 1 4 1 3
2 1 2 1 4
2 1 10 1 2
2 1 9 1 10
2 1 16 1 2
2 2 19 1 16
2 2 3 1 2
2 3 4 2 3
2 2 8 1 2
2 3 6 2 8
2 2 9 1 2
2 3 9 2 9
2 2 12 1 2
2 3 11 2 12
2 2 13 1 2
2 3 13 2 13
2 2 18 1 2
2 3 19 2 18
2 3 10 1 2
2 3 20 3 10
2 3 17 1 2
2 4 2 3 17
2 5 8 1 2
2 4 7 5 8
2 5 9 1 2
2 4 13 5 9
2 5 12 1 2
2 5 13 5 12
2 5 19 1 2
2 6 2 5 19
2 6 9 1 2
2 6 13 6 9
2 6 11 1 2
2 6 15 6 11
2 6 12 1 2
2 6 17 6 12
2 6 14 1 2
2 7 1 6 14
2 6 16 1 2
2 7 8 6 16
2 6 18 1 2
2 7 9 6 18
2 6 19 1 2
2 7 12 6 19
2 7 6 1 2
2 7 16 7 6
2 7 7 1 2
2 7 19 7 7
2 8 1 1 2
2 7 20 8 1
2 8 2 1 2
2 8 6 8 2
2 8 7 1 2
2 8 13 8 7
2 8 9 1 2
2 8 16 8 9
2 8 10 1 2
2 9 1 8 10
2 8 12 1 2
2 9 7 8 12
2 8 17 1 2
2 10 1 8 17
2 8 18 1 2
2 10 2 8 18
2 9 4 1 2
2 10 3 9 4
2 9 5 1 2
2 10 12 9 5
2 9 12 1 2
2 10 14 9 12
2 9 13 1 2
2 10 18 9 13
2 9 19 1 2
2 10 19 9 19
2 10 4 1 2
2 11 4 10 4
2 10 7 1 2
2 11 11 10 7
2 10 10 1 2
2 11 19 10 10
2 11 3 1 2
2 12 1 11 3
2 11 9 1 2
2 12 3 11 9
2 11 13 1 2
2 12 14 11 13
2 11 14 1 2
2 12 15 11 14
2 11 15 1 2
2 12 18 11 15
2 11 20 1 2
2 12 20 11 20
2 12 19 1 2
2 13 3 12 19
2 13 5 1 2
2 13 6 13 5
2 13 7 1 2
2 13 19 13 7
2 13 9 1 2
2 14 19 13 9
2 13 10 1 2
2 15 5 13 10
2 13 11 1 2
2 15 7 13 11
2 13 16 1 2
2 15 12 13 16
2 13 17 1 2
2 16 1 13 17
2 14 7 1 2
2 16 3 14 7
2 14 9 1 2
2 16 4 14 9
2 14 13 1 2
2 16 9 14 13
2 14 14 1 2
2 16 10 14 14
2 15 1 1 2
2 16 13 15 1
2 15 2 1 2
2 16 14 15 2
2 15 6 1 2
2 17 4 15 6
2 15 9 1 2
2 17 8 15 9
2 15 10 1 2
2 17 13 15 10
2 15 17 1 2
2 17 15 15 17
2 16 17 1 2
2 17 17 16 17
2 16 20 1 2
2 17 20 16 20
2 17 7 1 2
2 18 3 17 7
2 17 9 1 2
2 18 8 17 9
2 18 1 1 2
2 18 13 18 1
2 18 7 1 2
2 18 14 18 7
2 18 10 1 2
2 18 16 18 10
2 18 11 1 2
2 19 6 18 11
2 18 15 1 2
2 19 11 18 15
2 18 19 1 2
2 19 13 18 19
2 19 3 1 2
2 19 14 19 3
2 19 12 1 2
2 19 16 19 12
2 20 1 1 2
2 19 18 20 1
2 20 2 1 2
2 19 20 20 2
2 20 7 1 2
2 20 8 20 7
2 20 14 1 2
2 20 9 20 14
2 20 17 1 2
2 20 11 20 17
