342
2 1 7 1 7
2 10 8 1 7
2 1 17 1 14
2 17 5 1 17
2 1 20 2 6
2 9 8 1 20
2 1 33 2 13
2 18 28 1 33
2 2 2 2 33
2 12 23 2 2
2 2 4 7 20
2 9 27 2 4
2 2 6 8 20
2 3 5 2 6
2 2 13 3 5
2 6 25 2 13
2 2 15 6 25
2 4 30 2 15
2 2 30 4 30
2 21 2 2 30
2 3 5 9 8
2 2 33 3 5
2 3 13 2 33
2 14 13 3 13
2 3 20 9 13
2 3 27 3 20
2 3 33 3 27
2 1 14 3 33
2 4 1 1 14
2 5 34 4 1
2 4 9 5 34
2 17 26 4 9
2 4 24 9 27
2 8 35 4 24
2 4 29 8 35
2 10 13 4 29
2 5 4 10 8
2 16 4 5 4
2 5 9 10 13
2 20 10 5 9
2 5 19 10 18
2 15 35 5 19
2 5 30 10 22
2 18 29 5 30
2 5 33 12 5
2 1 14 5 33
2 5 34 1 14
2 8 20 5 34
2 6 11 8 20
2 17 22 6 11
2 6 22 12 23
2 25 12 6 22
2 6 28 13 9
2 7 2 6 28
2 7 1 7 2
2 4 10 7 1
2 7 4 4 10
2 23 7 7 4
2 7 6 14 5
2 18 11 7 6
2 7 20 14 13
2 4 30 7 20
2 7 33 4 30
2 10 13 7 33
2 8 6 10 13
2 4 10 8 6
2 8 18 4 10
2 8 20 8 18
2 8 20 8 20
2 9 13 8 20
2 8 23 9 13
2 11 23 8 23
2 8 25 11 23
2 1 14 8 25
2 9 8 1 14
2 24 31 9 8
2 9 13 14 25
2 8 35 9 13
2 9 20 8 35
2 4 10 9 20
2 9 27 4 10
2 13 30 9 27
2 10 5 13 30
2 10 13 10 5
2 10 8 10 13
2 22 19 10 8
2 10 13 14 35
2 23 13 10 13
2 10 18 15 3
2 3 27 10 18
2 10 22 3 27
2 5 17 10 22
2 11 3 5 17
2 4 35 11 3
2 11 27 4 35
2 6 25 11 27
2 11 31 6 25
2 8 29 11 31
2 12 19 8 29
2 1 14 12 19
2 12 28 1 14
2 3 27 12 28
2 13 9 3 27
2 15 28 13 9
2 13 14 15 6
2 14 19 13 14
2 13 20 14 19
2 10 12 13 20
2 13 26 10 12
2 16 17 13 26
2 13 30 15 28
2 14 10 13 30
2 14 5 14 10
2 21 30 14 5
2 14 10 15 35
2 5 17 14 10
2 14 13 5 17
2 22 3 14 13
2 14 19 16 4
2 2 33 14 19
2 14 25 2 33
2 18 14 14 25
2 14 35 16 15
2 26 5 14 35
2 15 3 16 17
2 15 30 15 3
2 15 6 15 30
2 4 35 15 6
2 15 9 4 35
2 5 17 15 9
2 15 22 5 17
2 4 30 15 22
2 15 28 4 30
2 19 20 15 28
2 15 29 16 26
2 7 2 15 29
2 15 30 7 2
2 25 26 15 30
2 15 34 17 5
2 10 12 15 34
2 15 35 10 12
2 10 23 15 35
2 16 23 10 23
2 19 13 16 23
2 16 26 17 22
2 11 23 16 26
2 17 5 11 23
2 7 34 17 5
2 17 7 7 34
2 12 5 17 7
2 17 19 12 5
2 8 35 17 19
2 17 22 8 35
2 26 22 17 22
2 17 26 17 26
2 12 5 17 26
2 17 30 12 5
2 3 27 17 30
2 18 6 3 27
2 4 10 18 6
2 18 7 4 10
2 6 25 18 7
2 18 11 6 25
2 31 18 18 11
2 18 28 6 25
2 24 22 18 28
2 18 29 6 25
2 8 35 18 29
2 18 30 6 25
2 10 23 18 30
2 18 31 8 35
2 6 8 18 31
2 18 34 6 8
2 3 27 18 34
2 19 9 3 27
2 32 8 19 9
2 19 13 6 8
2 20 21 19 13
2 19 20 6 8
2 21 33 19 20
2 20 10 6 8
2 33 15 20 10
2 20 21 6 8
2 34 31 20 21
2 21 2 6 8
2 23 5 21 2
2 21 14 6 8
2 24 4 21 14
2 21 15 10 23
2 22 26 21 15
2 21 23 10 23
2 16 17 21 23
2 21 29 16 17
2 32 23 21 29
2 22 3 18 14
2 6 8 22 3
2 22 14 6 8
2 21 5 22 14
2 22 19 18 14
2 3 27 22 19
2 22 22 3 27
2 1 14 22 22
2 22 26 1 14
2 5 1 22 26
2 22 29 1 14
2 4 30 22 29
2 22 33 1 14
2 24 8 22 33
2 23 5 1 14
2 7 23 23 5
2 23 7 1 14
2 26 34 23 7
2 23 9 1 14
2 8 29 23 9
2 23 13 1 14
2 27 7 23 13
2 23 14 1 14
2 8 5 23 14
2 23 15 1 14
2 10 23 23 15
2 23 16 3 27
2 7 2 23 16
2 24 4 3 27
2 27 29 24 4
2 24 7 3 27
2 24 23 24 7
2 24 15 4 30
2 1 14 24 15
2 24 17 1 14
2 24 35 24 17
2 24 22 1 14
2 26 7 24 22
2 24 23 1 14
2 32 31 24 23
2 24 25 1 14
2 10 12 24 25
2 25 12 5 1
2 28 30 25 12
2 25 18 5 1
2 7 34 25 18
2 25 20 5 1
2 1 14 25 20
2 25 21 1 14
2 28 35 25 21
2 25 24 7 2
2 28 2 25 24
2 25 26 7 23
2 16 17 25 26
2 25 32 7 23
2 29 25 25 32
2 26 1 7 23
2 5 17 26 1
2 26 5 5 17
2 12 23 26 5
2 26 7 5 17
2 6 25 26 7
2 26 20 5 17
2 4 30 26 20
2 26 22 4 30
2 7 2 26 22
2 26 30 4 30
2 34 7 26 30
2 26 34 4 30
2 3 27 26 34
2 27 2 3 27
2 26 10 27 2
2 27 10 4 30
2 26 17 27 10
2 27 18 4 30
2 4 10 27 18
2 27 29 4 10
2 5 17 27 29
2 27 32 4 10
2 28 21 27 32
2 27 34 4 10
2 4 30 27 34
2 28 2 4 30
2 28 7 28 2
2 28 7 4 30
2 12 5 28 7
2 28 21 4 30
2 16 4 28 21
2 28 24 4 30
2 4 10 28 24
2 28 31 4 10
2 1 14 28 31
2 28 35 1 14
2 6 8 28 35
2 29 11 1 14
2 17 13 29 11
2 29 25 4 10
2 3 27 29 25
2 29 34 3 27
2 35 28 29 34
2 30 8 3 27
2 8 35 30 8
2 30 13 4 10
2 4 30 30 13
2 30 17 4 10
2 15 15 30 17
2 30 27 4 10
2 27 25 30 27
2 30 31 4 30
2 4 10 30 31
2 31 18 4 10
2 22 11 31 18
2 32 1 4 10
2 32 29 32 1
2 32 12 5 17
2 33 13 32 12
2 32 29 5 17
2 11 23 32 29
2 32 31 5 17
2 4 35 32 31
2 32 34 4 35
2 16 15 32 34
2 33 3 5 17
2 33 20 33 3
2 33 13 5 17
2 1 14 33 13
2 33 14 1 14
2 4 30 33 14
2 33 15 4 30
2 2 33 33 15
2 33 17 2 33
2 1 14 33 17
2 33 20 1 14
2 2 33 33 20
2 33 31 1 14
2 5 1 33 31
2 33 34 1 14
2 4 35 33 34
2 34 7 1 14
2 34 22 34 7
2 34 31 1 14
2 3 27 34 31
2 34 35 1 14
2 30 22 34 35
2 35 26 1 14
2 4 10 35 26
2 35 28 1 14
2 33 5 35 28
