1192
2 1 9 1 1
2 5 30 1 9
2 1 12 1 2
2 2 32 1 12
2 1 13 1 2
2 1 26 1 13
2 1 15 1 2
2 7 8 1 15
2 1 23 1 2
2 19 4 1 23
2 1 27 1 2
2 1 8 1 27
2 1 29 1 2
2 2 37 1 29
2 1 32 1 4
2 4 25 1 32
2 1 36 1 5
2 1 28 1 36
2 1 37 1 5
2 2 17 1 37
2 1 38 1 5
2 3 3 1 38
2 1 39 1 5
2 11 7 1 39
2 2 7 1 5
2 3 12 2 7
2 2 11 1 5
2 4 15 2 11
2 2 13 1 7
2 1 31 2 13
2 2 15 1 7
2 15 15 2 15
2 2 19 1 8
2 4 18 2 19
2 2 21 1 8
2 12 17 2 21
2 2 22 1 8
2 6 14 2 22
2 2 24 1 8
2 3 38 2 24
2 2 26 1 8
2 1 4 2 26
2 2 31 1 4
2 3 26 2 31
2 2 36 1 8
2 3 14 2 36
2 2 37 1 8
2 30 23 2 37
2 2 38 1 8
2 2 29 2 38
2 3 1 1 10
2 7 20 3 1
2 3 2 1 10
2 3 7 3 2
2 3 3 1 10
2 7 36 3 3
2 3 6 1 10
2 4 32 3 6
2 3 8 1 10
2 2 16 3 8
2 3 9 1 10
2 4 31 3 9
2 3 10 1 10
2 3 25 3 10
2 3 11 1 10
2 13 13 3 11
2 3 12 1 10
2 20 24 3 12
2 3 14 1 10
2 4 9 3 14
2 3 16 1 10
2 3 37 3 16
2 3 17 1 11
2 9 39 3 17
2 3 21 1 14
2 7 28 3 21
2 3 24 1 18
2 11 15 3 24
2 3 25 1 18
2 13 37 3 25
2 3 29 1 18
2 6 2 3 29
2 3 32 1 19
2 9 1 3 32
2 3 33 1 19
2 4 2 3 33
2 4 3 1 19
2 8 20 4 3
2 4 4 1 19
2 1 10 4 4
2 4 5 1 10
2 1 14 4 5
2 4 6 1 14
2 6 10 4 6
2 4 9 1 14
2 15 17 4 9
2 4 13 1 14
2 13 1 4 13
2 4 16 1 19
2 3 5 4 16
2 4 19 1 19
2 1 3 4 19
2 4 21 1 3
2 9 13 4 21
2 4 22 1 3
2 22 19 4 22
2 4 24 1 3
2 11 12 4 24
2 4 26 1 3
2 1 10 4 26
2 4 28 1 3
2 5 22 4 28
2 4 31 1 3
2 5 4 4 31
2 4 33 1 3
2 17 31 4 33
2 4 35 1 3
2 7 7 4 35
2 4 36 1 3
2 3 35 4 36
2 5 2 1 3
2 30 25 5 2
2 5 5 1 3
2 1 8 5 5
2 5 7 1 3
2 3 13 5 7
2 5 9 1 8
2 18 2 5 9
2 5 11 1 8
2 7 6 5 11
2 5 13 1 8
2 31 23 5 13
2 5 15 1 8
2 8 11 5 15
2 5 17 1 8
2 1 1 5 17
2 5 26 1 1
2 9 23 5 26
2 5 30 1 1
2 1 2 5 30
2 5 31 1 1
2 20 32 5 31
2 5 33 1 1
2 8 25 5 33
2 5 34 1 1
2 24 17 5 34
2 5 35 1 1
2 2 23 5 35
2 5 36 1 2
2 22 3 5 36
2 5 37 1 2
2 12 10 5 37
2 6 1 1 10
2 10 9 6 1
2 6 10 1 10
2 7 14 6 10
2 6 12 1 10
2 17 26 6 12
2 6 14 1 10
2 7 39 6 14
2 6 15 1 10
2 7 30 6 15
2 6 16 1 10
2 3 22 6 16
2 6 18 1 19
2 9 9 6 18
2 6 25 1 19
2 9 10 6 25
2 6 26 1 19
2 12 39 6 26
2 6 27 1 19
2 8 15 6 27
2 6 35 1 20
2 1 5 6 35
2 6 37 1 5
2 11 23 6 37
2 6 38 1 20
2 6 8 6 38
2 6 39 1 20
2 2 30 6 39
2 6 40 1 20
2 8 5 6 40
2 7 3 1 20
2 2 18 7 3
2 7 11 1 20
2 1 18 7 11
2 7 12 1 18
2 6 17 7 12
2 7 13 1 18
2 10 13 7 13
2 7 15 1 18
2 8 23 7 15
2 7 17 1 18
2 6 13 7 17
2 7 21 1 18
2 10 25 7 21
2 7 22 1 18
2 11 4 7 22
2 7 23 1 18
2 2 39 7 23
2 7 26 1 18
2 21 24 7 26
2 7 27 1 18
2 9 24 7 27
2 7 28 1 20
2 16 17 7 28
2 7 31 1 20
2 5 38 7 31
2 8 2 1 21
2 15 39 8 2
2 8 4 1 21
2 8 7 8 4
2 8 6 1 21
2 29 33 8 6
2 8 8 1 22
2 15 33 8 8
2 8 14 1 22
2 1 20 8 14
2 8 17 1 20
2 25 8 8 17
2 8 19 1 22
2 1 20 8 19
2 8 20 1 20
2 11 14 8 20
2 8 21 1 20
2 8 31 8 21
2 8 22 1 20
2 1 2 8 22
2 8 24 1 2
2 10 26 8 24
2 8 26 1 2
2 8 1 8 26
2 8 27 1 2
2 7 24 8 27
2 8 28 1 2
2 18 36 8 28
2 8 33 1 2
2 21 11 8 33
2 8 35 1 2
2 10 14 8 35
2 8 38 1 2
2 16 3 8 38
2 8 39 1 2
2 12 18 8 39
2 9 3 1 2
2 16 7 9 3
2 9 4 1 2
2 13 22 9 4
2 9 5 1 2
2 15 28 9 5
2 9 11 1 20
2 4 8 9 11
2 9 12 1 20
2 6 22 9 12
2 9 15 1 20
2 7 10 9 15
2 9 16 1 20
2 1 1 9 16
2 9 17 1 1
2 5 32 9 17
2 9 19 1 1
2 12 35 9 19
2 9 20 1 1
2 16 23 9 20
2 9 21 1 1
2 5 20 9 21
2 9 22 1 20
2 20 2 9 22
2 9 23 1 20
2 1 8 9 23
2 9 30 1 8
2 12 31 9 30
2 9 39 1 8
2 8 12 9 39
2 9 40 1 8
2 1 17 9 40
2 10 8 1 8
2 22 2 10 8
2 10 12 1 8
2 19 37 10 12
2 10 14 1 8
2 21 35 10 14
2 10 15 1 8
2 1 3 10 15
2 10 16 1 3
2 1 19 10 16
2 10 18 1 3
2 25 12 10 18
2 10 20 1 3
2 7 18 10 20
2 10 21 1 3
2 1 6 10 21
2 10 25 1 3
2 16 31 10 25
2 10 28 1 3
2 17 33 10 28
2 10 29 1 3
2 20 29 10 29
2 10 30 1 3
2 23 24 10 30
2 10 32 1 3
2 11 26 10 32
2 10 34 1 3
2 15 37 10 34
2 10 35 1 3
2 17 30 10 35
2 10 36 1 6
2 7 37 10 36
2 10 37 1 6
2 3 18 10 37
2 10 40 1 6
2 17 36 10 40
2 11 4 1 8
2 9 34 11 4
2 11 8 1 8
2 11 24 11 8
2 11 12 1 8
2 32 7 11 12
2 11 14 1 8
2 17 35 11 14
2 11 18 1 8
2 21 19 11 18
2 11 21 1 8
2 19 31 11 21
2 11 28 1 8
2 18 23 11 28
2 11 37 1 8
2 6 9 11 37
2 11 38 1 8
2 1 2 11 38
2 12 4 1 2
2 17 23 12 4
2 12 5 1 17
2 11 39 12 5
2 12 7 1 17
2 13 17 12 7
2 12 10 1 17
2 1 4 12 10
2 12 11 1 4
2 24 2 12 11
2 12 12 1 4
2 25 5 12 12
2 12 15 1 4
2 14 20 12 15
2 12 16 1 4
2 20 36 12 16
2 12 22 1 17
2 1 1 12 22
2 12 23 1 1
2 1 2 12 23
2 12 24 1 1
2 33 6 12 24
2 12 26 1 1
2 36 17 12 26
2 12 28 1 1
2 12 19 12 28
2 12 31 1 1
2 20 40 12 31
2 12 33 1 1
2 17 25 12 33
2 12 34 1 2
2 10 22 12 34
2 12 36 1 17
2 5 39 12 36
2 13 7 1 17
2 18 30 13 7
2 13 9 1 19
2 24 29 13 9
2 13 14 1 20
2 19 18 13 14
2 13 17 1 20
2 28 5 13 17
2 13 23 1 20
2 11 22 13 23
2 13 24 1 20
2 1 3 13 24
2 13 26 1 3
2 1 11 13 26
2 13 28 1 11
2 18 28 13 28
2 13 30 1 11
2 33 34 13 30
2 13 32 1 20
2 1 8 13 32
2 13 33 1 8
2 1 21 13 33
2 13 34 1 8
2 20 35 13 34
2 13 37 1 8
2 21 38 13 37
2 13 38 1 8
2 13 27 13 38
2 14 1 1 8
2 17 20 14 1
2 14 2 1 8
2 24 3 14 2
2 14 4 1 21
2 37 12 14 4
2 14 5 1 22
2 32 31 14 5
2 14 6 1 24
2 23 16 14 6
2 14 8 1 25
2 2 33 14 8
2 14 13 1 25
2 1 14 14 13
2 14 14 1 14
2 1 1 14 14
2 14 17 1 1
2 1 4 14 17
2 14 19 1 1
2 27 12 14 19
2 14 21 1 1
2 7 35 14 21
2 14 30 1 1
2 2 12 14 30
2 14 32 1 1
2 25 1 14 32
2 14 35 1 1
2 31 21 14 35
2 15 4 1 1
2 17 10 15 4
2 15 7 1 4
2 1 20 15 7
2 15 9 1 4
2 5 23 15 9
2 15 20 1 4
2 21 9 15 20
2 15 21 1 4
2 1 2 15 21
2 15 22 1 2
2 26 9 15 22
2 15 30 1 2
2 14 3 15 30
2 15 32 1 2
2 33 9 15 32
2 15 33 1 14
2 1 19 15 33
2 15 36 1 14
2 9 18 15 36
2 15 40 1 14
2 5 12 15 40
2 16 1 1 14
2 1 18 16 1
2 16 2 1 18
2 5 25 16 2
2 16 6 1 19
2 11 31 16 6
2 16 7 1 19
2 1 2 16 7
2 16 9 1 2
2 10 31 16 9
2 16 10 1 19
2 34 13 16 10
2 16 11 1 20
2 21 30 16 11
2 16 13 1 20
2 13 18 16 13
2 16 16 1 20
2 1 11 16 16
2 16 17 1 11
2 16 37 16 17
2 16 19 1 11
2 1 5 16 19
2 16 21 1 5
2 1 1 16 21
2 16 27 1 1
2 1 16 16 27
2 16 32 1 1
2 11 35 16 32
2 16 33 1 1
2 18 5 16 33
2 16 34 1 1
2 15 27 16 34
2 16 35 1 1
2 23 17 16 35
2 16 37 1 5
2 19 5 16 37
2 16 39 1 5
2 1 2 16 39
2 16 40 1 2
2 17 8 16 40
2 17 2 1 2
2 34 31 17 2
2 17 6 1 2
2 1 10 17 6
2 17 7 1 2
2 1 3 17 7
2 17 12 1 3
2 1 19 17 12
2 17 13 1 3
2 28 8 17 13
2 17 14 1 3
2 20 28 17 14
2 17 15 1 3
2 21 20 17 15
2 17 20 1 3
2 23 34 17 20
2 17 21 1 3
2 18 18 17 21
2 17 25 1 3
2 1 34 17 25
2 17 27 1 3
2 19 16 17 27
2 17 38 1 3
2 28 34 17 38
2 18 1 1 3
2 23 7 18 1
2 18 5 1 10
2 1 7 18 5
2 18 9 1 7
2 14 40 18 9
2 18 11 1 7
2 23 15 18 11
2 18 17 1 7
2 33 20 18 17
2 18 21 1 7
2 20 3 18 21
2 18 22 1 10
2 1 4 18 22
2 18 24 1 4
2 32 38 18 24
2 18 25 1 4
2 29 40 18 25
2 18 27 1 4
2 21 16 18 27
2 18 28 1 4
2 1 21 18 28
2 18 30 1 4
2 37 15 18 30
2 18 34 1 4
2 33 19 18 34
2 18 35 1 4
2 34 29 18 35
2 18 36 1 4
2 25 6 18 36
2 18 38 1 4
2 1 18 18 38
2 18 39 1 10
2 29 12 18 39
2 19 2 1 10
2 1 2 19 2
2 19 3 1 2
2 7 33 19 3
2 19 4 1 2
2 22 13 19 4
2 19 5 1 2
2 19 29 19 5
2 19 13 1 2
2 14 23 19 13
2 19 17 1 10
2 9 27 19 17
2 19 20 1 10
2 18 29 19 20
2 19 22 1 10
2 21 13 19 22
2 19 23 1 11
2 13 5 19 23
2 19 24 1 11
2 34 18 19 24
2 19 27 1 16
2 22 26 19 27
2 19 28 1 16
2 22 11 19 28
2 19 33 1 16
2 18 6 19 33
2 19 36 1 18
2 1 5 19 36
2 19 38 1 5
2 34 6 19 38
2 19 40 1 5
2 16 24 19 40
2 20 3 1 5
2 19 11 20 3
2 20 5 1 5
2 29 35 20 5
2 20 6 1 5
2 31 8 20 6
2 20 9 1 5
2 30 28 20 9
2 20 11 1 5
2 14 16 20 11
2 20 15 1 5
2 22 23 20 15
2 20 19 1 18
2 28 38 20 19
2 20 20 1 18
2 11 19 20 20
2 20 21 1 18
2 31 15 20 21
2 20 23 1 18
2 29 31 20 23
2 20 26 1 18
2 26 17 20 26
2 20 27 1 18
2 28 3 20 27
2 20 28 1 18
2 20 39 20 28
2 20 29 1 18
2 24 8 20 29
2 20 32 1 18
2 30 2 20 32
2 20 33 1 18
2 15 24 20 33
2 20 34 1 18
2 19 8 20 34
2 21 1 1 18
2 17 22 21 1
2 21 6 1 18
2 24 5 21 6
2 21 10 1 18
2 12 1 21 10
2 21 11 1 18
2 30 20 21 11
2 21 12 1 18
2 1 2 21 12
2 21 14 1 2
2 1 1 21 14
2 21 15 1 1
2 31 40 21 15
2 21 16 1 1
2 1 10 21 16
2 21 18 1 1
2 26 10 21 18
2 21 23 1 10
2 14 24 21 23
2 21 24 1 10
2 29 7 21 24
2 21 34 1 10
2 1 3 21 34
2 21 38 1 3
2 33 37 21 38
2 22 1 1 3
2 1 20 22 1
2 22 6 1 3
2 36 34 22 6
2 22 7 1 3
2 34 9 22 7
2 22 10 1 3
2 28 29 22 10
2 22 13 1 3
2 30 8 22 13
2 22 20 1 3
2 24 12 22 20
2 22 23 1 3
2 34 22 22 23
2 22 27 1 3
2 1 6 22 27
2 22 30 1 3
2 33 2 22 30
2 22 31 1 3
2 30 18 22 31
2 22 34 1 3
2 3 31 22 34
2 22 36 1 3
2 31 28 22 36
2 22 37 1 3
2 23 9 22 37
2 22 38 1 3
2 33 7 22 38
2 22 40 1 3
2 19 39 22 40
2 23 18 1 6
2 35 10 23 18
2 23 20 1 6
2 27 19 23 20
2 23 21 1 6
2 24 24 23 21
2 23 24 1 6
2 16 8 23 24
2 23 28 1 6
2 28 20 23 28
2 23 31 1 10
2 1 11 23 31
2 23 34 1 11
2 36 12 23 34
2 23 35 1 11
2 1 2 23 35
2 23 39 1 2
2 25 24 23 39
2 23 40 1 2
2 2 27 23 40
2 24 6 1 2
2 34 30 24 6
2 24 8 1 19
2 18 19 24 8
2 24 11 1 19
2 31 36 24 11
2 24 14 1 19
2 38 25 24 14
2 24 16 1 19
2 18 10 24 16
2 24 20 1 19
2 24 28 24 20
2 24 22 1 20
2 1 11 24 22
2 24 23 1 11
2 26 34 24 23
2 24 27 1 11
2 20 31 24 27
2 24 40 1 11
2 37 4 24 40
2 25 3 1 11
2 18 3 25 3
2 25 7 1 11
2 10 19 25 7
2 25 10 1 11
2 30 15 25 10
2 25 12 1 11
2 32 11 25 12
2 25 14 1 11
2 27 38 25 14
2 25 16 1 11
2 27 15 25 16
2 25 18 1 11
2 1 2 25 18
2 25 19 1 2
2 1 19 25 19
2 25 31 1 11
2 33 5 25 31
2 25 32 1 11
2 26 3 25 32
2 25 37 1 11
2 15 16 25 37
2 25 38 1 19
2 36 31 25 38
2 26 4 1 19
2 35 6 26 4
2 26 8 1 19
2 31 22 26 8
2 26 13 1 19
2 11 5 26 13
2 26 14 1 20
2 4 20 26 14
2 26 15 1 20
2 1 24 26 15
2 26 17 1 20
2 32 36 26 17
2 26 26 1 20
2 22 5 26 26
2 26 28 1 21
2 1 18 26 28
2 26 29 1 18
2 24 9 26 29
2 26 30 1 21
2 1 3 26 30
2 26 31 1 3
2 28 23 26 31
2 26 35 1 3
2 1 18 26 35
2 26 39 1 3
2 1 8 26 39
2 27 3 1 3
2 14 27 27 3
2 27 9 1 3
2 36 38 27 9
2 27 10 1 3
2 12 2 27 10
2 27 11 1 3
2 15 34 27 11
2 27 12 1 3
2 1 1 27 12
2 27 15 1 1
2 33 17 27 15
2 27 17 1 1
2 40 19 27 17
2 27 19 1 1
2 35 23 27 19
2 27 20 1 1
2 22 21 27 20
2 27 27 1 1
2 24 7 27 27
2 27 29 1 3
2 10 4 27 29
2 27 30 1 3
2 37 31 27 30
2 27 32 1 3
2 32 26 27 32
2 27 34 1 3
2 28 13 27 34
2 27 35 1 3
2 19 1 27 35
2 27 39 1 3
2 22 32 27 39
2 28 1 1 3
2 27 37 28 1
2 28 3 1 3
2 36 7 28 3
2 28 6 1 3
2 1 22 28 6
2 28 7 1 3
2 14 39 28 7
2 28 9 1 3
2 36 25 28 9
2 28 14 1 3
2 1 1 28 14
2 28 20 1 1
2 1 10 28 20
2 28 22 1 1
2 21 8 28 22
2 28 30 1 1
2 22 24 28 30
2 28 33 1 1
2 10 38 28 33
2 28 34 1 1
2 34 33 28 34
2 28 39 1 1
2 26 40 28 39
2 28 40 1 3
2 26 32 28 40
2 29 6 1 3
2 21 40 29 6
2 29 7 1 3
2 30 29 29 7
2 29 9 1 3
2 35 3 29 9
2 29 10 1 3
2 27 28 29 10
2 29 12 1 3
2 28 27 29 12
2 29 13 1 3
2 30 36 29 13
2 29 14 1 3
2 1 19 29 14
2 29 18 1 3
2 31 12 29 18
2 29 19 1 3
2 31 38 29 19
2 29 22 1 3
2 15 8 29 22
2 29 23 1 3
2 11 9 29 23
2 29 24 1 3
2 24 21 29 24
2 29 25 1 3
2 32 35 29 25
2 29 26 1 3
2 1 11 29 26
2 29 28 1 8
2 29 15 29 28
2 29 31 1 8
2 12 20 29 31
2 29 36 1 8
2 35 24 29 36
2 29 39 1 8
2 27 22 29 39
2 30 1 1 8
2 22 35 30 1
2 30 4 1 8
2 30 12 30 4
2 30 5 1 8
2 37 13 30 5
2 30 6 1 10
2 37 20 30 6
2 30 7 1 10
2 31 34 30 7
2 30 9 1 10
2 15 31 30 9
2 30 11 1 10
2 33 1 30 11
2 30 14 1 10
2 12 21 30 14
2 30 18 1 10
2 1 3 30 18
2 30 21 1 3
2 26 12 30 21
2 30 25 1 3
2 20 22 30 25
2 30 26 1 3
2 23 11 30 26
2 30 27 1 10
2 24 10 30 27
2 30 31 1 10
2 40 14 30 31
2 30 32 1 10
2 1 5 30 32
2 30 35 1 5
2 31 17 30 35
2 30 36 1 11
2 1 17 30 36
2 31 1 1 11
2 35 14 31 1
2 31 3 1 11
2 1 1 31 3
2 31 13 1 1
2 25 40 31 13
2 31 14 1 1
2 26 7 31 14
2 31 18 1 11
2 32 25 31 18
2 31 21 1 11
2 34 34 31 21
2 31 23 1 11
2 37 16 31 23
2 31 24 1 11
2 15 10 31 24
2 31 27 1 11
2 40 30 31 27
2 31 30 1 17
2 38 28 31 30
2 31 32 1 17
2 1 6 31 32
2 31 35 1 6
2 34 32 31 35
2 31 37 1 6
2 24 35 31 37
2 31 38 1 17
2 12 30 31 38
2 31 40 1 17
2 39 34 31 40
2 32 1 1 17
2 40 5 32 1
2 32 2 1 17
2 39 31 32 2
2 32 5 1 17
2 27 33 32 5
2 32 7 1 17
2 31 2 32 7
2 32 8 1 17
2 24 4 32 8
2 32 15 1 17
2 30 24 32 15
2 32 17 1 17
2 22 8 32 17
2 32 18 1 18
2 36 35 32 18
2 32 19 1 18
2 31 20 32 19
2 32 21 1 18
2 25 25 32 21
2 32 22 1 18
2 19 10 32 22
2 32 27 1 18
2 14 18 32 27
2 32 29 1 18
2 30 39 32 29
2 32 31 1 18
2 1 8 32 31
2 32 32 1 8
2 34 40 32 32
2 32 35 1 8
2 26 18 32 35
2 32 38 1 8
2 36 22 32 38
2 33 6 1 8
2 15 11 33 6
2 33 10 1 8
2 37 35 33 10
2 33 11 1 8
2 28 31 33 11
2 33 21 1 8
2 1 2 33 21
2 33 23 1 2
2 2 8 33 23
2 33 27 1 2
2 1 10 33 27
2 33 29 1 2
2 39 8 33 29
2 33 31 1 2
2 37 40 33 31
2 33 33 1 2
2 1 11 33 33
2 33 38 1 2
2 1 20 33 38
2 33 39 1 2
2 1 5 33 39
2 34 7 1 2
2 19 26 34 7
2 34 9 1 5
2 39 35 34 9
2 34 11 1 5
2 37 25 34 11
2 34 12 1 5
2 40 1 34 12
2 34 13 1 5
2 32 24 34 13
2 34 15 1 5
2 20 7 34 15
2 34 16 1 5
2 36 18 34 16
2 34 22 1 5
2 37 10 34 22
2 34 24 1 5
2 38 14 34 24
2 34 26 1 5
2 32 9 34 26
2 34 27 1 5
2 40 24 34 27
2 34 29 1 5
2 33 12 34 29
2 34 38 1 5
2 37 29 34 38
2 34 39 1 5
2 1 2 34 39
2 35 6 1 2
2 35 38 35 6
2 35 7 1 2
2 39 12 35 7
2 35 8 1 2
2 20 13 35 8
2 35 9 1 5
2 38 19 35 9
2 35 10 1 5
2 22 16 35 10
2 35 11 1 5
2 21 21 35 11
2 35 12 1 5
2 1 17 35 12
2 35 15 1 5
2 33 8 35 15
2 35 19 1 5
2 30 38 35 19
2 35 20 1 5
2 24 39 35 20
2 35 21 1 5
2 23 13 35 21
2 35 22 1 5
2 25 4 35 22
2 35 24 1 5
2 40 27 35 24
2 35 25 1 5
2 39 2 35 25
2 35 27 1 5
2 31 19 35 27
2 35 29 1 5
2 28 36 35 29
2 35 30 1 8
2 1 4 35 30
2 35 31 1 4
2 1 3 35 31
2 35 32 1 3
2 39 3 35 32
2 35 36 1 4
2 23 14 35 36
2 35 37 1 4
2 27 6 35 37
2 35 40 1 8
2 1 3 35 40
2 36 4 1 3
2 22 39 36 4
2 36 8 1 3
2 36 21 36 8
2 36 11 1 3
2 32 39 36 11
2 36 12 1 3
2 38 39 36 12
2 36 14 1 3
2 11 1 36 14
2 36 17 1 3
2 1 7 36 17
2 36 18 1 3
2 36 32 36 18
2 36 20 1 3
2 10 39 36 20
2 36 21 1 3
2 39 16 36 21
2 36 32 1 3
2 38 29 36 32
2 36 35 1 3
2 32 20 36 35
2 36 37 1 3
2 37 28 36 37
2 36 38 1 3
2 9 7 36 38
2 36 39 1 3
2 36 28 36 39
2 36 40 1 7
2 38 21 36 40
2 37 3 1 7
2 27 8 37 3
2 37 4 1 7
2 22 12 37 4
2 37 5 1 7
2 25 9 37 5
2 37 6 1 7
2 30 30 37 6
2 37 8 1 7
2 1 3 37 8
2 37 12 1 3
2 1 5 37 12
2 37 17 1 3
2 34 5 37 17
2 37 19 1 3
2 28 35 37 19
2 37 23 1 3
2 33 40 37 23
2 37 24 1 3
2 1 1 37 24
2 37 26 1 1
2 1 2 37 26
2 37 33 1 1
2 40 35 37 33
2 37 36 1 1
2 33 14 37 36
2 38 1 1 1
2 1 6 38 1
2 38 8 1 1
2 1 4 38 8
2 38 10 1 1
2 30 33 38 10
2 38 14 1 1
2 40 38 38 14
2 38 17 1 1
2 33 25 38 17
2 38 19 1 2
2 39 37 38 19
2 38 21 1 2
2 28 21 38 21
2 38 24 1 2
2 1 1 38 24
2 38 29 1 1
2 38 34 38 29
2 38 31 1 1
2 37 32 38 31
2 38 32 1 1
2 1 14 38 32
2 38 34 1 1
2 32 40 38 34
2 38 38 1 1
2 34 4 38 38
2 39 1 1 1
2 33 3 39 1
2 39 2 1 1
2 24 32 39 2
2 39 3 1 1
2 26 21 39 3
2 39 6 1 1
2 26 24 39 6
2 39 8 1 1
2 39 14 39 8
2 39 12 1 1
2 40 2 39 12
2 39 13 1 1
2 27 31 39 13
2 39 15 1 1
2 38 36 39 15
2 39 16 1 1
2 38 4 39 16
2 39 22 1 1
2 25 27 39 22
2 39 23 1 1
2 31 26 39 23
2 39 24 1 1
2 40 3 39 24
2 39 26 1 1
2 34 20 39 26
2 39 29 1 1
2 11 20 39 29
2 39 31 1 1
2 38 35 39 31
2 39 34 1 1
2 40 29 39 34
2 39 35 1 1
2 1 16 39 35
2 39 36 1 1
2 40 23 39 36
2 39 37 1 1
2 40 17 39 37
2 39 39 1 1
2 30 17 39 39
2 39 40 1 2
2 29 27 39 40
2 40 1 1 2
2 35 1 40 1
2 40 8 1 2
2 39 21 40 8
2 40 9 1 2
2 31 33 40 9
2 40 10 1 2
2 40 31 40 10
2 40 11 1 3
2 38 9 40 11
2 40 12 1 3
2 40 34 40 12
2 40 13 1 3
2 1 1 40 13
2 40 17 1 1
2 37 2 40 17
2 40 18 1 1
2 40 33 40 18
2 40 20 1 1
2 1 2 40 20
2 40 22 1 1
2 35 13 40 22
2 40 29 1 1
2 36 9 40 29
2 40 31 1 1
2 40 16 40 31
2 40 38 1 1
2 37 30 40 38
2 40 39 1 1
2 38 22 40 39
