1050
2 1 3 1 1
2 42 41 1 3
2 1 6 1 2
2 24 37 1 6
2 1 9 1 4
2 26 24 1 9
2 1 34 1 5
2 26 41 1 34
2 1 39 1 7
2 34 42 1 39
2 1 40 1 8
2 29 9 1 40
2 1 41 1 8
2 8 5 1 41
2 2 10 1 8
2 31 34 2 10
2 2 15 1 8
2 26 38 2 15
2 2 24 1 8
2 16 22 2 24
2 2 26 1 8
2 13 28 2 26
2 2 44 1 8
2 1 31 2 44
2 3 2 1 10
2 8 41 3 2
2 3 6 1 10
2 8 35 3 6
2 3 12 1 10
2 16 32 3 12
2 3 14 1 10
2 19 15 3 14
2 3 15 1 12
2 13 16 3 15
2 3 17 1 12
2 32 27 3 17
2 3 18 1 12
2 9 25 3 18
2 3 25 1 12
2 40 2 3 25
2 3 28 1 13
2 41 21 3 28
2 3 29 1 13
2 33 13 3 29
2 3 30 1 18
2 24 20 3 30
2 3 32 1 19
2 11 44 3 32
2 3 35 1 19
2 21 8 3 35
2 3 43 1 19
2 17 11 3 43
2 3 45 1 21
2 39 32 3 45
2 4 5 1 22
2 23 37 4 5
2 4 7 1 22
2 1 14 4 7
2 4 17 1 14
2 21 21 4 17
2 4 19 1 22
2 44 37 4 19
2 4 22 1 22
2 28 3 4 22
2 4 23 1 22
2 1 4 4 23
2 4 28 1 4
2 30 44 4 28
2 4 34 1 4
2 6 27 4 34
2 4 35 1 4
2 26 6 4 35
2 4 43 1 4
2 13 3 4 43
2 5 1 1 22
2 23 10 5 1
2 5 3 1 22
2 27 14 5 3
2 5 7 1 22
2 20 43 5 7
2 5 10 1 22
2 42 25 5 10
2 5 11 1 23
2 10 3 5 11
2 5 14 1 23
2 32 43 5 14
2 5 16 1 23
2 33 3 5 16
2 5 17 1 23
2 22 12 5 17
2 5 19 1 23
2 31 27 5 19
2 5 20 1 23
2 45 33 5 20
2 5 23 1 26
2 27 5 5 23
2 5 29 1 28
2 38 23 5 29
2 5 36 1 28
2 27 11 5 36
2 5 43 1 28
2 44 20 5 43
2 6 2 1 28
2 21 43 6 2
2 6 3 1 28
2 13 42 6 3
2 6 6 1 28
2 24 21 6 6
2 6 7 1 28
2 21 33 6 7
2 6 12 1 28
2 1 23 6 12
2 6 15 1 23
2 20 39 6 15
2 6 22 1 23
2 9 30 6 22
2 6 25 1 23
2 37 44 6 25
2 6 30 1 23
2 23 35 6 30
2 6 31 1 23
2 20 18 6 31
2 6 32 1 28
2 6 26 6 32
2 6 33 1 28
2 33 18 6 33
2 6 34 1 28
2 18 7 6 34
2 6 36 1 28
2 19 6 6 36
2 6 40 1 29
2 1 25 6 40
2 6 43 1 25
2 38 27 6 43
2 6 45 1 25
2 33 19 6 45
2 7 17 1 25
2 2 2 7 17
2 7 34 1 30
2 10 15 7 34
2 7 36 1 30
2 41 30 7 36
2 7 37 1 30
2 12 16 7 37
2 8 1 1 30
2 11 34 8 1
2 8 7 1 31
2 39 21 8 7
2 8 8 1 31
2 41 4 8 8
2 8 9 1 31
2 16 42 8 9
2 8 12 1 31
2 20 9 8 12
2 8 13 1 31
2 35 22 8 13
2 8 14 1 31
2 31 10 8 14
2 8 19 1 31
2 20 36 8 19
2 8 20 1 31
2 17 27 8 20
2 8 22 1 31
2 1 42 8 22
2 8 32 1 32
2 38 8 8 32
2 8 33 1 32
2 26 30 8 33
2 8 34 1 33
2 1 2 8 34
2 9 3 1 2
2 37 36 9 3
2 9 11 1 2
2 39 44 9 11
2 9 14 1 2
2 42 11 9 14
2 9 15 1 33
2 44 31 9 15
2 9 17 1 33
2 22 45 9 17
2 9 26 1 33
2 23 24 9 26
2 9 35 1 33
2 44 8 9 35
2 9 37 1 35
2 31 22 9 37
2 9 41 1 35
2 26 44 9 41
2 9 42 1 35
2 18 32 9 42
2 10 1 1 35
2 36 16 10 1
2 10 8 1 36
2 30 2 10 8
2 10 9 1 36
2 15 2 10 9
2 10 10 1 36
2 1 27 10 10
2 10 11 1 27
2 16 40 10 11
2 10 15 1 27
2 37 1 10 15
2 10 25 1 27
2 7 43 10 25
2 10 28 1 27
2 10 5 10 28
2 10 34 1 27
2 10 4 10 34
2 10 36 1 27
2 34 23 10 36
2 10 37 1 27
2 35 31 10 37
2 10 38 1 27
2 40 21 10 38
2 10 39 1 36
2 25 8 10 39
2 11 2 1 36
2 6 35 11 2
2 11 7 1 36
2 33 45 11 7
2 11 10 1 36
2 32 29 11 10
2 11 14 1 36
2 24 40 11 14
2 11 24 1 37
2 23 25 11 24
2 11 26 1 37
2 1 11 11 26
2 11 29 1 11
2 18 13 11 29
2 11 31 1 11
2 43 44 11 31
2 11 34 1 11
2 23 20 11 34
2 11 36 1 11
2 13 32 11 36
2 11 39 1 11
2 36 2 11 39
2 11 40 1 37
2 25 24 11 40
2 12 3 1 38
2 40 20 12 3
2 12 21 1 42
2 6 19 12 21
2 12 23 1 42
2 38 32 12 23
2 12 24 1 42
2 34 8 12 24
2 12 25 1 43
2 29 26 12 25
2 12 28 1 43
2 3 42 12 28
2 12 41 1 44
2 16 4 12 41
2 12 44 1 44
2 39 15 12 44
2 13 4 1 44
2 17 1 13 4
2 13 5 1 44
2 12 34 13 5
2 13 9 1 44
2 1 33 13 9
2 13 11 1 33
2 1 35 13 11
2 13 15 1 35
2 44 35 13 15
2 13 16 1 35
2 21 36 13 16
2 13 19 1 35
2 14 29 13 19
2 13 24 1 35
2 4 10 13 24
2 13 25 1 44
2 1 1 13 25
2 13 29 1 1
2 44 24 13 29
2 13 34 2 1
2 21 14 13 34
2 13 40 2 1
2 28 11 13 40
2 13 42 2 1
2 44 29 13 42
2 14 4 2 1
2 36 33 14 4
2 14 8 2 1
2 43 39 14 8
2 14 16 2 2
2 1 4 14 16
2 14 19 1 4
2 15 35 14 19
2 14 21 1 4
2 1 38 14 21
2 14 22 1 4
2 7 32 14 22
2 14 30 1 4
2 43 9 14 30
2 14 32 1 4
2 11 33 14 32
2 14 39 1 4
2 1 11 14 39
2 14 43 1 4
2 29 28 14 43
2 15 3 1 4
2 3 39 15 3
2 15 4 1 4
2 11 3 15 4
2 15 9 1 4
2 17 29 15 9
2 15 12 1 4
2 34 26 15 12
2 15 13 1 4
2 1 44 15 13
2 15 15 1 4
2 33 15 15 15
2 15 18 1 4
2 13 39 15 18
2 15 24 1 4
2 41 5 15 24
2 15 25 1 11
2 20 31 15 25
2 15 28 1 11
2 19 45 15 28
2 15 29 1 11
2 4 44 15 29
2 15 32 1 11
2 7 22 15 32
2 16 3 1 11
2 21 10 16 3
2 16 7 1 11
2 41 10 16 7
2 16 9 1 11
2 38 7 16 9
2 16 21 1 11
2 37 21 16 21
2 16 23 1 11
2 1 22 16 23
2 16 26 1 11
2 27 33 16 26
2 16 28 1 11
2 32 24 16 28
2 16 32 1 11
2 34 11 16 32
2 16 34 1 11
2 1 1 16 34
2 16 45 1 1
2 17 12 16 45
2 17 2 1 1
2 38 36 17 2
2 17 7 1 11
2 22 34 17 7
2 17 8 1 11
2 35 38 17 8
2 17 9 1 11
2 38 40 17 9
2 17 13 1 11
2 35 20 17 13
2 17 19 1 11
2 13 31 17 19
2 17 21 1 11
2 39 28 17 21
2 17 26 1 22
2 9 9 17 26
2 17 37 1 22
2 25 14 17 37
2 17 38 1 22
2 43 12 17 38
2 18 4 1 22
2 13 17 18 4
2 18 7 1 38
2 31 44 18 7
2 18 9 1 38
2 1 8 18 9
2 18 11 1 8
2 44 14 18 11
2 18 20 1 8
2 25 11 18 20
2 18 25 1 8
2 31 33 18 25
2 18 28 1 8
2 10 26 18 28
2 18 38 1 8
2 23 19 18 38
2 18 43 1 8
2 43 2 18 43
2 19 6 1 8
2 36 5 19 6
2 19 8 1 8
2 38 6 19 8
2 19 9 1 8
2 27 44 19 9
2 19 14 1 38
2 29 10 19 14
2 19 15 1 38
2 43 15 19 15
2 19 21 1 38
2 21 1 19 21
2 19 24 1 38
2 1 11 19 24
2 19 28 1 11
2 37 20 19 28
2 19 30 1 11
2 14 12 19 30
2 19 32 1 11
2 7 39 19 32
2 19 35 1 11
2 1 13 19 35
2 19 39 1 11
2 22 7 19 39
2 19 44 1 11
2 25 35 19 44
2 20 4 1 11
2 37 11 20 4
2 20 6 1 11
2 1 19 20 6
2 20 11 1 11
2 35 8 20 11
2 20 12 1 11
2 25 20 20 12
2 20 13 1 11
2 43 17 20 13
2 20 20 1 11
2 4 30 20 20
2 20 26 1 11
2 10 19 20 26
2 20 29 1 13
2 40 36 20 29
2 20 30 1 13
2 38 45 20 30
2 20 35 1 13
2 26 35 20 35
2 20 42 1 13
2 39 13 20 42
2 20 45 1 13
2 4 37 20 45
2 21 3 1 13
2 4 16 21 3
2 21 4 1 13
2 29 2 21 4
2 21 9 1 13
2 16 20 21 9
2 21 11 1 13
2 34 3 21 11
2 21 18 1 19
2 25 34 21 18
2 21 20 1 19
2 1 12 21 20
2 21 29 1 12
2 45 43 21 29
2 21 31 1 12
2 1 21 21 31
2 21 33 1 12
2 7 8 21 33
2 21 34 1 12
2 18 19 21 34
2 21 39 1 12
2 2 14 21 39
2 21 40 1 12
2 34 27 21 40
2 21 44 1 12
2 29 41 21 44
2 21 45 1 19
2 1 17 21 45
2 22 5 1 17
2 23 5 22 5
2 22 17 1 17
2 30 30 22 17
2 22 18 1 17
2 25 45 22 18
2 22 29 1 17
2 1 45 22 29
2 22 30 1 17
2 41 15 22 30
2 22 31 1 17
2 24 2 22 31
2 22 35 1 17
2 1 1 22 35
2 22 37 1 1
2 43 28 22 37
2 22 41 1 1
2 17 34 22 41
2 23 2 1 1
2 1 29 23 2
2 23 10 1 17
2 28 42 23 10
2 23 11 1 17
2 32 42 23 11
2 23 13 1 17
2 2 16 23 13
2 23 21 1 17
2 31 1 23 21
2 23 24 1 17
2 30 42 23 24
2 23 25 1 17
2 29 35 23 25
2 23 29 1 17
2 34 41 23 29
2 23 31 1 17
2 27 19 23 31
2 23 33 1 17
2 33 38 23 33
2 23 34 1 17
2 27 3 23 34
2 23 38 1 17
2 10 45 23 38
2 23 40 1 17
2 42 8 23 40
2 23 44 1 17
2 34 25 23 44
2 24 1 1 17
2 24 41 24 1
2 24 3 1 17
2 37 19 24 3
2 24 11 1 17
2 24 7 24 11
2 24 18 1 17
2 11 42 24 18
2 24 19 1 17
2 25 30 24 19
2 24 25 1 19
2 43 14 24 25
2 24 26 1 19
2 4 40 24 26
2 24 38 1 19
2 18 36 24 38
2 24 44 1 19
2 1 33 24 44
2 25 1 1 19
2 39 31 25 1
2 25 2 1 19
2 32 41 25 2
2 25 7 1 21
2 34 19 25 7
2 25 8 1 29
2 28 4 25 8
2 25 9 1 29
2 11 4 25 9
2 25 19 1 29
2 30 36 25 19
2 25 22 1 29
2 8 31 25 22
2 25 25 1 33
2 43 41 25 25
2 25 30 1 33
2 19 16 25 30
2 25 35 1 33
2 29 33 25 35
2 25 39 1 33
2 11 15 25 39
2 25 42 1 33
2 1 12 25 42
2 25 44 1 12
2 7 23 25 44
2 25 45 1 12
2 42 27 25 45
2 26 5 1 12
2 8 23 26 5
2 26 8 1 12
2 45 39 26 8
2 26 12 1 12
2 7 2 26 12
2 26 14 1 12
2 20 32 26 14
2 26 16 1 12
2 29 1 26 16
2 26 18 1 33
2 12 37 26 18
2 26 19 1 33
2 2 27 26 19
2 26 20 1 33
2 44 44 26 20
2 26 25 1 38
2 1 4 26 25
2 26 29 1 4
2 3 7 26 29
2 26 39 1 4
2 3 26 26 39
2 27 1 1 38
2 26 2 27 1
2 27 6 1 44
2 7 3 27 6
2 27 10 1 44
2 15 16 27 10
2 27 12 1 44
2 21 12 27 12
2 27 18 1 44
2 30 43 27 18
2 27 19 1 44
2 1 38 27 19
2 27 21 1 38
2 23 26 27 21
2 27 28 1 38
2 2 1 27 28
2 27 29 1 44
2 5 21 27 29
2 27 31 1 44
2 42 18 27 31
2 27 37 1 44
2 27 24 27 37
2 27 44 1 44
2 5 42 27 44
2 28 11 1 44
2 7 31 28 11
2 28 13 1 44
2 37 10 28 13
2 28 15 1 44
2 16 30 28 15
2 28 23 1 44
2 43 11 28 23
2 28 27 1 44
2 4 9 28 27
2 28 28 1 44
2 8 18 28 28
2 28 39 1 44
2 17 28 28 39
2 28 42 1 44
2 36 20 28 42
2 29 3 1 44
2 26 3 29 3
2 29 4 1 44
2 1 12 29 4
2 29 9 1 12
2 1 14 29 9
2 29 13 1 12
2 22 1 29 13
2 29 15 1 12
2 37 29 29 15
2 29 18 1 12
2 24 29 29 18
2 29 21 1 12
2 6 23 29 21
2 29 26 1 12
2 1 22 29 26
2 29 30 1 12
2 45 9 29 30
2 29 32 1 12
2 2 2 29 32
2 29 36 1 12
2 26 31 29 36
2 29 37 1 12
2 13 14 29 37
2 29 38 1 12
2 35 15 29 38
2 29 41 1 12
2 7 7 29 41
2 29 42 1 12
2 45 3 29 42
2 30 4 1 12
2 1 17 30 4
2 30 6 1 12
2 7 33 30 6
2 30 10 1 12
2 45 26 30 10
2 30 21 1 12
2 29 44 30 21
2 30 22 1 12
2 19 18 30 22
2 30 38 1 12
2 27 30 30 38
2 30 40 1 12
2 4 8 30 40
2 30 41 1 14
2 28 20 30 41
2 30 44 1 17
2 43 7 30 44
2 31 1 1 17
2 11 21 31 1
2 31 3 1 17
2 34 2 31 3
2 31 11 1 17
2 32 2 31 11
2 31 18 1 17
2 43 25 31 18
2 31 19 1 17
2 31 15 31 19
2 31 21 1 17
2 1 24 31 21
2 31 22 1 17
2 1 11 31 22
2 31 24 1 11
2 32 7 31 24
2 31 26 1 11
2 14 42 31 26
2 31 33 1 17
2 29 8 31 33
2 31 38 1 17
2 42 12 31 38
2 31 39 1 17
2 42 43 31 39
2 31 40 1 17
2 19 22 31 40
2 31 44 1 17
2 42 14 31 44
2 32 1 1 17
2 1 14 32 1
2 32 11 1 14
2 33 27 32 11
2 32 14 1 14
2 41 42 32 14
2 32 23 1 14
2 7 19 32 23
2 32 24 1 14
2 29 12 32 24
2 32 26 1 14
2 1 23 32 26
2 32 29 1 17
2 1 31 32 29
2 32 34 1 17
2 1 12 32 34
2 32 39 1 12
2 1 33 32 39
2 32 45 1 12
2 44 6 32 45
2 33 2 1 17
2 20 2 33 2
2 33 4 1 17
2 11 8 33 4
2 33 6 1 17
2 7 14 33 6
2 33 10 1 17
2 8 2 33 10
2 33 13 1 17
2 11 17 33 13
2 33 17 1 17
2 37 7 33 17
2 33 20 1 17
2 29 29 33 20
2 33 22 1 17
2 27 15 33 22
2 33 23 1 17
2 44 36 33 23
2 33 26 1 17
2 10 31 33 26
2 33 30 1 17
2 2 31 33 30
2 33 41 1 17
2 1 7 33 41
2 33 42 1 7
2 45 19 33 42
2 33 45 1 7
2 28 8 33 45
2 34 2 1 7
2 3 5 34 2
2 34 3 1 7
2 27 20 34 3
2 34 13 1 7
2 23 18 34 13
2 34 14 1 17
2 1 21 34 14
2 34 15 1 21
2 1 30 34 15
2 34 21 1 21
2 1 16 34 21
2 34 25 1 16
2 38 34 34 25
2 34 27 1 16
2 36 29 34 27
2 34 29 1 16
2 16 8 34 29
2 34 37 1 16
2 39 37 34 37
2 34 38 1 16
2 1 29 34 38
2 34 40 1 16
2 35 37 34 40
2 34 42 1 16
2 24 27 34 42
2 35 1 1 16
2 45 17 35 1
2 35 7 1 16
2 1 14 35 7
2 35 8 1 14
2 9 1 35 8
2 35 9 1 14
2 1 37 35 9
2 35 11 1 16
2 42 7 35 11
2 35 12 1 16
2 12 35 35 12
2 35 14 1 16
2 23 6 35 14
2 35 15 1 16
2 2 43 35 15
2 35 21 1 16
2 26 11 35 21
2 35 29 1 16
2 33 1 35 29
2 35 31 1 16
2 5 39 35 31
2 35 34 1 16
2 25 3 35 34
2 35 38 1 16
2 6 5 35 38
2 35 40 1 16
2 1 19 35 40
2 35 45 1 16
2 38 13 35 45
2 36 2 1 16
2 8 39 36 2
2 36 7 1 16
2 1 32 36 7
2 36 9 1 16
2 30 8 36 9
2 36 12 1 16
2 2 45 36 12
2 36 14 1 16
2 25 12 36 14
2 36 16 1 16
2 5 27 36 16
2 36 20 1 16
2 1 2 36 20
2 36 22 1 2
2 41 41 36 22
2 36 24 1 2
2 45 1 36 24
2 36 39 1 2
2 15 11 36 39
2 36 41 1 2
2 1 1 36 41
2 36 42 1 1
2 11 43 36 42
2 37 3 1 1
2 4 3 37 3
2 37 5 1 2
2 6 4 37 5
2 37 7 1 16
2 35 26 37 7
2 37 8 1 16
2 14 2 37 8
2 37 9 1 16
2 15 1 37 9
2 37 12 1 16
2 36 15 37 12
2 37 18 1 16
2 17 14 37 18
2 37 25 1 16
2 20 16 37 25
2 37 28 1 16
2 31 31 37 28
2 37 29 1 16
2 4 2 37 29
2 37 30 1 16
2 1 27 37 30
2 37 36 1 16
2 44 19 37 36
2 37 41 1 16
2 31 17 37 41
2 37 42 1 16
2 31 16 37 42
2 37 44 1 16
2 30 11 37 44
2 37 45 1 16
2 7 27 37 45
2 38 5 1 16
2 12 38 38 5
2 38 6 1 16
2 43 30 38 6
2 38 7 1 16
2 1 8 38 7
2 38 9 1 8
2 41 16 38 9
2 38 15 1 8
2 5 38 38 15
2 38 25 1 8
2 13 2 38 25
2 38 28 1 8
2 1 36 38 28
2 38 30 1 8
2 1 42 38 30
2 38 32 1 8
2 45 28 38 32
2 38 36 1 8
2 11 1 38 36
2 38 42 1 8
2 16 15 38 42
2 38 43 1 8
2 30 32 38 43
2 39 5 1 16
2 9 33 39 5
2 39 9 1 16
2 30 13 39 9
2 39 11 1 19
2 28 44 39 11
2 39 13 1 19
2 27 22 39 13
2 39 15 1 19
2 33 8 39 15
2 39 16 1 19
2 1 20 39 16
2 39 24 1 19
2 1 1 39 24
2 39 26 1 1
2 2 33 39 26
2 39 29 1 1
2 42 13 39 29
2 39 31 1 1
2 7 41 39 31
2 39 36 1 1
2 31 45 39 36
2 39 40 1 1
2 1 15 39 40
2 39 45 1 1
2 1 18 39 45
2 40 3 1 1
2 5 6 40 3
2 40 4 1 1
2 20 41 40 4
2 40 6 1 1
2 33 12 40 6
2 40 7 1 1
2 22 33 40 7
2 40 13 1 1
2 2 22 40 13
2 40 15 1 1
2 43 22 40 15
2 40 18 1 1
2 6 39 40 18
2 40 20 1 1
2 35 32 40 20
2 40 24 1 1
2 7 20 40 24
2 40 31 1 1
2 41 31 40 31
2 40 37 1 1
2 27 2 40 37
2 40 40 1 1
2 1 14 40 40
2 40 43 1 1
2 2 41 40 43
2 41 2 1 1
2 5 8 41 2
2 41 8 1 1
2 3 37 41 8
2 41 9 1 1
2 9 18 41 9
2 41 13 1 1
2 38 39 41 13
2 41 14 1 1
2 1 8 41 14
2 41 29 1 1
2 15 8 41 29
2 41 31 1 1
2 2 42 41 31
2 41 32 1 1
2 22 14 41 32
2 41 37 1 1
2 1 28 41 37
2 41 38 1 1
2 37 4 41 38
2 41 40 1 1
2 40 29 41 40
2 41 41 1 1
2 15 22 41 41
2 42 6 1 1
2 2 3 42 6
2 42 9 1 1
2 1 26 42 9
2 42 13 1 1
2 15 41 42 13
2 42 14 1 1
2 1 10 42 14
2 42 23 1 1
2 1 13 42 23
2 42 34 1 1
2 17 17 42 34
2 42 36 1 1
2 1 11 42 36
2 42 40 1 1
2 4 15 42 40
2 42 41 1 1
2 40 22 42 41
2 42 42 1 1
2 22 40 42 42
2 43 9 1 1
2 20 33 43 9
2 43 13 1 1
2 13 23 43 13
2 43 20 1 1
2 6 24 43 20
2 43 24 1 1
2 28 12 43 24
2 43 32 1 1
2 22 36 43 32
2 43 35 1 1
2 24 13 43 35
2 43 39 1 1
2 7 18 43 39
2 43 43 1 1
2 1 35 43 43
2 44 1 1 1
2 34 28 44 1
2 44 3 1 1
2 7 15 44 3
2 44 4 1 1
2 1 5 44 4
2 44 5 1 1
2 1 25 44 5
2 44 7 1 1
2 1 7 44 7
2 44 10 1 1
2 38 44 44 10
2 44 16 1 1
2 1 38 44 16
2 44 17 1 1
2 37 38 44 17
2 44 18 1 1
2 1 16 44 18
2 44 19 1 1
2 21 32 44 19
2 44 20 1 1
2 1 17 44 20
2 44 25 1 1
2 37 34 44 25
2 44 27 1 1
2 1 12 44 27
2 44 30 1 1
2 7 40 44 30
2 44 33 1 1
2 19 29 44 33
2 44 34 1 1
2 1 2 44 34
2 44 44 1 1
2 1 43 44 44
2 45 7 1 1
2 22 13 45 7
2 45 11 1 1
2 45 2 45 11
2 45 15 1 1
2 1 4 45 15
2 45 16 1 1
2 33 36 45 16
2 45 21 1 1
2 4 6 45 21
2 45 22 1 1
2 24 36 45 22
2 45 23 1 1
2 9 8 45 23
2 45 25 1 1
2 40 10 45 25
2 45 27 1 1
2 39 39 45 27
2 45 28 1 1
2 23 43 45 28
2 45 33 1 1
2 28 22 45 33
2 45 39 1 1
2 43 40 45 39
2 45 40 1 1
2 2 25 45 40
2 45 41 1 1
2 12 40 45 41
