3032
2 1 1 1 3
2 35 4 1 1
2 1 2 2 41
2 41 13 1 2
2 1 4 3 43
2 7 42 1 4
2 1 5 4 7
2 31 41 1 5
2 1 6 5 18
2 10 38 1 6
2 1 7 6 22
2 28 2 1 7
2 1 9 7 21
2 1 33 1 9
2 1 10 1 33
2 25 13 1 10
2 1 12 7 42
2 46 41 1 12
2 1 13 7 44
2 44 38 1 13
2 1 14 8 9
2 35 33 1 14
2 1 16 8 10
2 15 21 1 16
2 1 18 8 40
2 34 11 1 18
2 1 21 8 42
2 12 39 1 21
2 1 22 9 27
2 3 25 1 22
2 1 25 3 25
2 15 19 1 25
2 1 27 10 20
2 1 42 1 27
2 1 29 1 42
2 41 10 1 29
2 1 31 10 36
2 42 41 1 31
2 1 32 10 38
2 5 30 1 32
2 1 33 5 30
2 44 31 1 33
2 1 34 11 9
2 33 16 1 34
2 1 35 11 17
2 31 36 1 35
2 1 36 11 39
2 17 41 1 36
2 1 38 12 15
2 43 23 1 38
2 1 40 12 19
2 38 11 1 40
2 1 41 12 39
2 3 34 1 41
2 1 42 3 34
2 8 29 1 42
2 1 43 8 29
2 2 9 1 43
2 1 46 2 9
2 4 22 1 46
2 2 1 4 22
2 34 16 2 1
2 2 2 13 11
2 34 9 2 2
2 2 4 13 46
2 36 40 2 4
2 2 5 14 4
2 38 13 2 5
2 2 6 14 8
2 5 22 2 6
2 2 7 5 22
2 42 34 2 7
2 2 9 14 30
2 30 28 2 9
2 2 13 14 43
2 35 24 2 13
2 2 14 14 46
2 12 33 2 14
2 2 16 12 33
2 11 27 2 16
2 2 17 11 27
2 17 33 2 17
2 2 20 15 19
2 26 30 2 20
2 2 22 15 21
2 37 20 2 22
2 2 27 15 41
2 23 24 2 27
2 2 29 16 29
2 12 7 2 29
2 2 30 12 7
2 11 32 2 30
2 2 32 11 32
2 45 33 2 32
2 2 33 17 22
2 41 41 2 33
2 2 36 17 24
2 32 2 2 36
2 2 37 17 33
2 20 39 2 37
2 2 38 17 35
2 11 25 2 38
2 2 41 11 25
2 7 45 2 41
2 2 42 7 45
2 8 21 2 42
2 2 44 8 21
2 43 35 2 44
2 2 46 17 37
2 11 41 2 46
2 3 2 11 41
2 12 35 3 2
2 3 3 12 35
2 21 28 3 3
2 3 5 17 41
2 19 39 3 5
2 3 7 18 1
2 12 14 3 7
2 3 8 12 14
2 38 2 3 8
2 3 10 18 9
2 33 17 3 10
2 3 12 18 17
2 17 26 3 12
2 3 13 17 26
2 36 14 3 13
2 3 14 18 26
2 28 44 3 14
2 3 15 18 28
2 20 20 3 15
2 3 16 19 13
2 29 12 3 16
2 3 17 19 26
2 21 18 3 17
2 3 18 19 28
2 14 4 3 18
2 3 19 14 4
2 16 11 3 19
2 3 20 16 11
2 38 8 3 20
2 3 21 19 39
2 8 10 3 21
2 3 23 8 10
2 6 31 3 23
2 3 24 6 31
2 15 40 3 24
2 3 25 15 40
2 21 31 3 25
2 3 26 20 7
2 42 7 3 26
2 3 27 20 20
2 33 8 3 27
2 3 28 20 24
2 5 15 3 28
2 3 29 5 15
2 4 17 3 29
2 3 30 4 17
2 25 8 3 30
2 3 31 20 39
2 34 40 3 31
2 3 32 21 13
2 17 34 3 32
2 3 33 17 34
2 37 32 3 33
2 3 34 21 18
2 35 2 3 34
2 3 35 21 28
2 11 24 3 35
2 3 36 11 24
2 38 9 3 36
2 3 39 21 31
2 39 38 3 39
2 3 41 22 6
2 39 8 3 41
2 3 42 22 44
2 16 21 3 42
2 3 43 16 21
2 21 33 3 43
2 3 44 21 33
2 14 35 3 44
2 3 45 14 35
2 45 1 3 45
2 3 46 23 24
2 19 21 3 46
2 4 2 19 21
2 10 29 4 2
2 4 3 10 29
2 13 29 4 3
2 4 5 13 29
2 19 41 4 5
2 4 6 19 41
2 35 10 4 6
2 4 7 23 26
2 43 39 4 7
2 4 8 23 28
2 26 28 4 8
2 4 9 23 36
2 41 44 4 9
2 4 13 23 40
2 27 24 4 13
2 4 14 24 1
2 9 10 4 14
2 4 16 9 10
2 5 1 4 16
2 4 17 5 1
2 43 4 4 17
2 4 18 24 30
2 28 21 4 18
2 4 19 24 34
2 6 29 4 19
2 4 20 6 29
2 11 41 4 20
2 4 22 11 41
2 10 16 4 22
2 4 23 10 16
2 43 38 4 23
2 4 24 25 8
2 7 29 4 24
2 4 25 7 29
2 15 13 4 25
2 4 26 15 13
2 39 22 4 26
2 4 27 25 13
2 41 28 4 27
2 4 28 26 11
2 17 33 4 28
2 4 30 17 33
2 25 18 4 30
2 4 31 25 18
2 20 34 4 31
2 4 32 20 34
2 9 42 4 32
2 4 33 9 42
2 23 46 4 33
2 4 34 23 46
2 24 29 4 34
2 4 36 24 29
2 21 25 4 36
2 4 39 21 25
2 23 1 4 39
2 4 40 23 1
2 19 13 4 40
2 4 41 19 13
2 38 5 4 41
2 4 42 26 23
2 7 38 4 42
2 4 43 7 38
2 35 28 4 43
2 4 44 26 26
2 34 32 4 44
2 4 45 26 28
2 12 34 4 45
2 5 1 12 34
2 37 8 5 1
2 5 2 26 30
2 39 34 5 2
2 5 3 26 33
2 11 22 5 3
2 5 4 11 22
2 8 28 5 4
2 5 8 8 28
2 11 17 5 8
2 5 9 11 17
2 28 4 5 9
2 5 10 26 34
2 27 34 5 10
2 5 12 27 24
2 11 22 5 12
2 5 13 11 22
2 44 13 5 13
2 5 14 27 29
2 8 23 5 14
2 5 15 8 23
2 11 27 5 15
2 5 17 11 27
2 20 43 5 17
2 5 18 20 43
2 27 32 5 18
2 5 20 27 32
2 21 43 5 20
2 5 21 21 43
2 29 13 5 21
2 5 22 27 34
2 42 26 5 22
2 5 24 27 39
2 19 23 5 24
2 5 25 19 23
2 13 8 5 25
2 5 26 13 8
2 14 9 5 26
2 5 27 14 9
2 17 24 5 27
2 5 28 17 24
2 13 11 5 28
2 5 30 13 11
2 15 37 5 30
2 5 33 15 37
2 10 24 5 33
2 5 34 10 24
2 37 6 5 34
2 5 35 27 44
2 41 14 5 35
2 5 38 28 2
2 41 43 5 38
2 5 39 28 4
2 29 41 5 39
2 5 42 28 6
2 29 24 5 42
2 5 43 28 19
2 11 36 5 43
2 5 44 11 36
2 27 40 5 44
2 5 45 27 40
2 13 11 5 45
2 5 46 13 11
2 27 18 5 46
2 6 2 27 18
2 30 34 6 2
2 6 4 28 21
2 16 23 6 4
2 6 5 16 23
2 19 30 6 5
2 6 6 19 30
2 23 39 6 6
2 6 7 23 39
2 38 26 6 7
2 6 8 28 35
2 14 3 6 8
2 6 11 14 3
2 35 9 6 11
2 6 12 28 44
2 42 42 6 12
2 6 14 29 6
2 16 16 6 14
2 6 15 16 16
2 21 27 6 15
2 6 19 21 27
2 24 35 6 19
2 6 20 24 35
2 22 20 6 20
2 6 21 22 20
2 26 3 6 21
2 6 22 26 3
2 28 26 6 22
2 6 24 28 26
2 43 17 6 24
2 6 25 29 8
2 9 42 6 25
2 6 27 9 42
2 7 7 6 27
2 6 29 7 7
2 27 21 6 29
2 6 30 27 21
2 42 18 6 30
2 6 31 29 12
2 19 19 6 31
2 6 34 19 19
2 15 1 6 34
2 6 35 15 1
2 10 43 6 35
2 6 36 10 43
2 42 16 6 36
2 6 37 29 13
2 18 40 6 37
2 6 38 18 40
2 27 44 6 38
2 6 39 27 44
2 43 3 6 39
2 6 40 29 16
2 8 17 6 40
2 6 41 8 17
2 20 29 6 41
2 6 43 20 29
2 42 22 6 43
2 6 44 29 24
2 13 42 6 44
2 6 45 13 42
2 25 37 6 45
2 6 46 25 37
2 19 28 6 46
2 7 1 19 28
2 27 12 7 1
2 7 3 27 12
2 20 46 7 3
2 7 4 20 46
2 14 27 7 4
2 7 5 14 27
2 22 16 7 5
2 7 8 22 16
2 26 6 7 8
2 7 12 26 6
2 31 42 7 12
2 7 14 29 26
2 42 21 7 14
2 7 15 29 27
2 28 35 7 15
2 7 16 28 35
2 21 44 7 16
2 7 18 21 44
2 37 31 7 18
2 7 19 29 28
2 20 16 7 19
2 7 21 20 16
2 30 11 7 21
2 7 23 29 41
2 10 10 7 23
2 7 29 10 10
2 11 40 7 29
2 7 31 11 40
2 11 6 7 31
2 7 32 11 6
2 8 14 7 32
2 7 33 8 14
2 14 7 7 33
2 7 34 14 7
2 41 30 7 34
2 7 37 30 11
2 18 36 7 37
2 7 38 18 36
2 10 20 7 38
2 7 39 10 20
2 20 24 7 39
2 7 40 20 24
2 32 42 7 40
2 7 42 30 28
2 21 13 7 42
2 7 44 21 13
2 20 23 7 44
2 7 45 20 23
2 41 5 7 45
2 7 46 30 34
2 15 31 7 46
2 8 1 15 31
2 31 1 8 1
2 8 2 31 1
2 25 33 8 2
2 8 4 25 33
2 23 35 8 4
2 8 5 23 35
2 23 25 8 5
2 8 7 23 25
2 10 45 8 7
2 8 8 10 45
2 46 6 8 8
2 8 9 31 36
2 43 40 8 9
2 8 10 31 41
2 16 31 8 10
2 8 11 16 31
2 17 36 8 11
2 8 12 17 36
2 40 7 8 12
2 8 13 31 42
2 29 17 8 13
2 8 14 29 17
2 40 16 8 14
2 8 15 32 2
2 16 16 8 15
2 8 16 16 16
2 16 22 8 16
2 8 17 16 22
2 46 13 8 17
2 8 18 32 8
2 25 6 8 18
2 8 19 25 6
2 16 16 8 19
2 8 20 16 16
2 36 5 8 20
2 8 21 32 16
2 35 38 8 21
2 8 22 32 24
2 24 40 8 22
2 8 23 24 40
2 29 45 8 23
2 8 24 29 45
2 38 40 8 24
2 8 25 32 30
2 18 20 8 25
2 8 27 18 20
2 30 5 8 27
2 8 28 30 5
2 15 27 8 28
2 8 29 15 27
2 46 33 8 29
2 8 32 32 42
2 15 27 8 32
2 8 33 15 27
2 40 14 8 33
2 8 36 32 44
2 33 11 8 36
2 8 40 33 8
2 29 38 8 40
2 8 41 29 38
2 22 5 8 41
2 8 42 22 5
2 11 42 8 42
2 8 43 11 42
2 13 9 8 43
2 8 44 13 9
2 20 44 8 44
2 8 46 20 44
2 39 4 8 46
2 9 1 33 11
2 30 33 9 1
2 9 4 30 33
2 21 22 9 4
2 9 5 21 22
2 44 2 9 5
2 9 6 33 16
2 32 3 9 6
2 9 8 32 3
2 26 5 9 8
2 9 9 26 5
2 38 44 9 9
2 9 10 33 17
2 11 27 9 10
2 9 11 11 27
2 29 20 9 11
2 9 14 29 20
2 11 6 9 14
2 9 15 11 6
2 34 30 9 15
2 9 16 34 9
2 33 40 9 16
2 9 18 33 40
2 27 20 9 18
2 9 20 27 20
2 10 9 9 20
2 9 26 10 9
2 32 44 9 26
2 9 27 32 44
2 16 16 9 27
2 9 28 16 16
2 34 44 9 28
2 9 29 34 11
2 45 14 9 29
2 9 30 34 16
2 36 11 9 30
2 9 31 34 30
2 24 1 9 31
2 9 33 24 1
2 10 17 9 33
2 9 37 10 17
2 33 32 9 37
2 9 38 33 32
2 11 10 9 38
2 9 39 11 10
2 19 34 9 39
2 9 40 19 34
2 40 43 9 40
2 9 41 34 32
2 26 37 9 41
2 9 42 26 37
2 13 16 9 42
2 9 44 13 16
2 17 26 9 44
2 9 45 17 26
2 22 28 9 45
2 10 1 22 28
2 30 2 10 1
2 10 4 30 2
2 22 27 10 4
2 10 7 22 27
2 11 27 10 7
2 10 10 11 27
2 17 27 10 10
2 10 11 17 27
2 19 7 10 11
2 10 12 19 7
2 38 29 10 12
2 10 14 34 40
2 14 2 10 14
2 10 15 14 2
2 36 46 10 15
2 10 16 34 44
2 46 5 10 16
2 10 17 35 2
2 46 36 10 17
2 10 18 35 4
2 17 46 10 18
2 10 20 17 46
2 35 23 10 20
2 10 21 35 9
2 30 11 10 21
2 10 23 30 11
2 17 28 10 23
2 10 24 17 28
2 20 38 10 24
2 10 27 20 38
2 25 22 10 27
2 10 28 25 22
2 43 43 10 28
2 10 29 35 10
2 12 44 10 29
2 10 30 12 44
2 14 22 10 30
2 10 31 14 22
2 16 17 10 31
2 10 32 16 17
2 21 13 10 32
2 10 33 21 13
2 12 6 10 33
2 10 34 12 6
2 44 8 10 34
2 10 35 35 23
2 29 14 10 35
2 10 36 29 14
2 46 32 10 36
2 10 37 35 24
2 45 34 10 37
2 10 38 35 28
2 21 18 10 38
2 10 40 21 18
2 35 27 10 40
2 10 43 35 27
2 22 37 10 43
2 10 44 22 37
2 39 35 10 44
2 10 45 35 33
2 15 40 10 45
2 10 46 15 40
2 21 8 10 46
2 11 1 21 8
2 20 34 11 1
2 11 2 20 34
2 34 41 11 2
2 11 3 34 41
2 17 8 11 3
2 11 4 17 8
2 46 7 11 4
2 11 5 35 38
2 19 37 11 5
2 11 6 19 37
2 34 39 11 6
2 11 7 34 39
2 18 11 11 7
2 11 8 18 11
2 22 10 11 8
2 11 9 22 10
2 45 11 11 9
2 11 10 36 5
2 24 11 11 10
2 11 11 24 11
2 14 4 11 11
2 11 12 14 4
2 21 7 11 12
2 11 13 21 7
2 28 24 11 13
2 11 14 28 24
2 25 27 11 14
2 11 15 25 27
2 23 26 11 15
2 11 16 23 26
2 17 7 11 16
2 11 17 17 7
2 17 6 11 17
2 11 19 17 6
2 41 25 11 19
2 11 20 36 11
2 42 39 11 20
2 11 21 36 14
2 23 2 11 21
2 11 22 23 2
2 40 5 11 22
2 11 23 36 22
2 17 37 11 23
2 11 24 17 37
2 29 41 11 24
2 11 25 29 41
2 17 5 11 25
2 11 26 17 5
2 27 45 11 26
2 11 27 27 45
2 45 32 11 27
2 11 32 36 40
2 36 11 11 32
2 11 33 36 11
2 14 4 11 33
2 11 35 14 4
2 21 18 11 35
2 11 36 21 18
2 31 22 11 36
2 11 38 31 22
2 35 29 11 38
2 11 40 35 29
2 23 6 11 40
2 11 41 23 6
2 16 20 11 41
2 11 42 16 20
2 18 41 11 42
2 11 43 18 41
2 42 13 11 43
2 11 44 36 46
2 13 22 11 44
2 11 45 13 22
2 22 43 11 45
2 12 1 22 43
2 20 43 12 1
2 12 2 20 43
2 28 29 12 2
2 12 5 28 29
2 12 40 12 5
2 12 6 12 40
2 14 27 12 6
2 12 7 14 27
2 19 39 12 7
2 12 8 19 39
2 41 40 12 8
2 12 11 37 6
2 18 10 12 11
2 12 12 18 10
2 18 4 12 12
2 12 13 18 4
2 30 5 12 13
2 12 14 30 5
2 18 35 12 14
2 12 15 18 35
2 1 15 12 15
2 12 16 1 15
2 22 40 12 16
2 12 17 22 40
2 37 10 12 17
2 12 18 37 8
2 42 9 12 18
2 12 19 37 9
2 28 27 12 19
2 12 22 28 27
2 43 6 12 22
2 12 23 37 10
2 36 36 12 23
2 12 26 36 36
2 29 20 12 26
2 12 27 29 20
2 24 35 12 27
2 12 29 24 35
2 10 9 12 29
2 12 31 10 9
2 19 12 12 31
2 12 32 19 12
2 19 38 12 32
2 12 33 19 38
2 26 11 12 33
2 12 34 26 11
2 34 12 12 34
2 12 35 34 12
2 26 24 12 35
2 12 36 26 24
2 19 1 12 36
2 12 38 19 1
2 22 17 12 38
2 12 39 22 17
2 34 45 12 39
2 12 40 34 45
2 39 25 12 40
2 12 41 37 13
2 20 46 12 41
2 12 42 20 46
2 23 5 12 42
2 12 43 23 5
2 15 12 12 43
2 12 44 15 12
2 37 3 12 44
2 12 45 37 3
2 25 36 12 45
2 12 46 25 36
2 38 30 12 46
2 13 1 37 15
2 39 36 13 1
2 13 3 37 20
2 33 8 13 3
2 13 4 33 8
2 14 5 13 4
2 13 5 14 5
2 42 6 13 5
2 13 6 37 31
2 34 42 13 6
2 13 8 34 42
2 30 46 13 8
2 13 9 30 46
2 29 34 13 9
2 13 11 29 34
2 17 31 13 11
2 13 12 17 31
2 39 14 13 12
2 13 13 37 32
2 34 35 13 13
2 13 14 34 35
2 17 24 13 14
2 13 16 17 24
2 35 25 13 16
2 13 17 35 25
2 45 38 13 17
2 13 18 37 46
2 28 24 13 18
2 13 19 28 24
2 44 4 13 19
2 13 20 38 2
2 21 45 13 20
2 13 21 21 45
2 5 32 13 21
2 13 22 5 32
2 24 26 13 22
2 13 23 24 26
2 32 44 13 23
2 13 27 32 44
2 22 24 13 27
2 13 29 22 24
2 18 24 13 29
2 13 30 18 24
2 25 38 13 30
2 13 31 25 38
2 27 24 13 31
2 13 33 27 24
2 46 12 13 33
2 13 35 38 5
2 29 2 13 35
2 13 37 29 2
2 29 46 13 37
2 13 38 29 46
2 19 35 13 38
2 13 41 19 35
2 41 24 13 41
2 13 42 38 8
2 24 25 13 42
2 13 43 24 25
2 26 32 13 43
2 13 44 26 32
2 15 34 13 44
2 13 45 15 34
2 38 18 13 45
2 13 46 38 9
2 30 45 13 46
2 14 1 30 45
2 41 33 14 1
2 14 2 38 11
2 41 2 14 2
2 14 3 38 13
2 28 23 14 3
2 14 5 28 23
2 21 41 14 5
2 14 7 21 41
2 28 43 14 7
2 14 8 28 43
2 44 18 14 8
2 14 9 38 18
2 23 16 14 9
2 14 10 23 16
2 31 15 14 10
2 14 11 31 15
2 43 11 14 11
2 14 12 38 26
2 18 18 14 12
2 14 13 18 18
2 36 2 14 13
2 14 14 36 2
2 21 44 14 14
2 14 16 21 44
2 28 21 14 16
2 14 17 28 21
2 20 17 14 17
2 14 22 20 17
2 29 39 14 22
2 14 23 29 39
2 30 34 14 23
2 14 24 30 34
2 21 3 14 24
2 14 26 21 3
2 24 31 14 26
2 14 27 24 31
2 20 1 14 27
2 14 28 20 1
2 18 17 14 28
2 14 30 18 17
2 23 37 14 30
2 14 32 23 37
2 29 14 14 32
2 14 33 29 14
2 37 18 14 33
2 14 34 37 18
2 25 2 14 34
2 14 35 25 2
2 24 10 14 35
2 14 36 24 10
2 22 30 14 36
2 14 37 22 30
2 35 2 14 37
2 14 39 35 2
2 28 8 14 39
2 14 41 28 8
2 25 7 14 41
2 14 42 25 7
2 22 25 14 42
2 14 43 22 25
2 44 42 14 43
2 14 44 38 29
2 22 20 14 44
2 14 46 22 20
2 35 9 14 46
2 15 1 35 9
2 27 5 15 1
2 15 3 27 5
2 18 13 15 3
2 15 4 18 13
2 30 26 15 4
2 15 8 30 26
2 21 30 15 8
2 15 9 21 30
2 34 27 15 9
2 15 12 34 27
2 29 43 15 12
2 15 13 29 43
2 16 3 15 13
2 15 14 16 3
2 46 39 15 14
2 15 15 38 30
2 27 31 15 15
2 15 18 27 31
2 29 14 15 18
2 15 19 29 14
2 25 28 15 19
2 15 20 25 28
2 35 19 15 20
2 15 21 35 19
2 29 18 15 21
2 15 22 29 18
2 38 23 15 22
2 15 23 38 23
2 40 13 15 23
2 15 27 38 40
2 36 19 15 27
2 15 29 36 19
2 21 33 15 29
2 15 31 21 33
2 16 2 15 31
2 15 32 16 2
2 36 31 15 32
2 15 33 36 31
2 16 11 15 33
2 15 35 16 11
2 34 32 15 35
2 15 36 34 32
2 25 13 15 36
2 15 37 25 13
2 36 6 15 37
2 15 38 36 6
2 16 23 15 38
2 15 39 16 23
2 16 12 15 39
2 15 40 16 12
2 17 20 15 40
2 15 41 17 20
2 36 23 15 41
2 15 44 36 23
2 16 16 15 44
2 16 1 16 16
2 38 39 16 1
2 16 2 38 39
2 23 31 16 2
2 16 3 23 31
2 28 11 16 3
2 16 4 28 11
2 46 25 16 4
2 16 5 38 44
2 41 11 16 5
2 16 8 39 4
2 35 18 16 8
2 16 11 35 18
2 41 19 16 11
2 16 12 39 8
2 36 17 16 12
2 16 15 36 17
2 38 39 16 15
2 16 16 38 39
2 34 34 16 16
2 16 17 34 34
2 20 28 16 17
2 16 19 20 28
2 30 18 16 19
2 16 20 30 18
2 46 45 16 20
2 16 21 39 14
2 30 30 16 21
2 16 22 30 30
2 30 40 16 22
2 16 23 30 40
2 19 14 16 23
2 16 24 19 14
2 22 30 16 24
2 16 27 22 30
2 32 11 16 27
2 16 28 32 11
2 36 10 16 28
2 16 29 36 10
2 25 25 16 29
2 16 30 25 25
2 21 24 16 30
2 16 31 21 24
2 41 23 16 31
2 16 32 39 15
2 21 28 16 32
2 16 34 21 28
2 39 8 16 34
2 16 35 39 8
2 44 3 16 35
2 16 39 39 22
2 35 26 16 39
2 16 40 35 26
2 27 10 16 40
2 16 42 27 10
2 22 22 16 42
2 16 43 22 22
2 20 28 16 43
2 16 45 20 28
2 35 36 16 45
2 16 46 35 36
2 38 25 16 46
2 17 2 38 25
2 24 36 17 2
2 17 4 24 36
2 33 3 17 4
2 17 5 33 3
2 26 4 17 5
2 17 6 26 4
2 35 28 17 6
2 17 7 35 28
2 26 26 17 7
2 17 8 26 26
2 21 37 17 8
2 17 9 21 37
2 36 10 17 9
2 17 10 36 10
2 34 5 17 10
2 17 11 34 5
2 29 2 17 11
2 17 12 29 2
2 28 37 17 12
2 17 13 28 37
2 25 13 17 13
2 17 14 25 13
2 30 15 17 14
2 17 17 30 15
2 29 45 17 17
2 17 19 29 45
2 32 5 17 19
2 17 20 32 5
2 42 1 17 20
2 17 21 39 23
2 16 18 17 21
2 17 22 16 18
2 32 17 17 22
2 17 23 32 17
2 28 38 17 23
2 17 24 28 38
2 27 24 17 24
2 17 26 27 24
2 36 44 17 26
2 17 27 36 44
2 38 37 17 27
2 17 28 38 37
2 35 38 17 28
2 17 29 35 38
2 19 22 17 29
2 17 30 19 22
2 19 46 17 30
2 17 31 19 46
2 46 14 17 31
2 17 32 39 25
2 28 43 17 32
2 17 33 28 43
2 25 32 17 33
2 17 34 25 32
2 18 4 17 34
2 17 35 18 4
2 22 15 17 35
2 17 36 22 15
2 20 46 17 36
2 17 37 20 46
2 29 39 17 37
2 17 38 29 39
2 29 15 17 38
2 17 39 29 15
2 30 12 17 39
2 17 40 30 12
2 20 14 17 40
2 17 41 20 14
2 37 16 17 41
2 17 43 37 16
2 35 31 17 43
2 17 44 35 31
2 25 28 17 44
2 17 46 25 28
2 1 3 17 46
2 18 1 1 3
2 18 27 18 1
2 18 2 18 27
2 24 43 18 2
2 18 4 24 43
2 31 21 18 4
2 18 5 31 21
2 37 14 18 5
2 18 7 37 14
2 27 31 18 7
2 18 8 27 31
2 45 18 18 8
2 18 9 39 34
2 36 40 18 9
2 18 10 36 40
2 36 17 18 10
2 18 12 36 17
2 28 26 18 12
2 18 13 28 26
2 40 35 18 13
2 18 15 39 35
2 40 4 18 15
2 18 16 39 36
2 41 26 18 16
2 18 17 39 38
2 39 5 18 17
2 18 18 39 5
2 27 25 18 18
2 18 20 27 25
2 29 22 18 20
2 18 23 29 22
2 36 20 18 23
2 18 24 36 20
2 34 14 18 24
2 18 26 34 14
2 36 22 18 26
2 18 27 36 22
2 41 36 18 27
2 18 28 39 40
2 31 37 18 28
2 18 30 31 37
2 23 23 18 30
2 18 32 23 23
2 22 30 18 32
2 18 33 22 30
2 36 3 18 33
2 18 34 36 3
2 26 5 18 34
2 18 35 26 5
2 20 5 18 35
2 18 36 20 5
2 23 46 18 36
2 18 38 23 46
2 40 33 18 38
2 18 40 40 4
2 25 7 18 40
2 18 41 25 7
2 45 22 18 41
2 18 42 40 5
2 46 19 18 42
2 18 44 40 7
2 23 21 18 44
2 18 45 23 21
2 25 18 18 45
2 18 46 25 18
2 20 27 18 46
2 19 1 20 27
2 34 1 19 1
2 19 4 34 1
2 32 35 19 4
2 19 6 32 35
2 33 45 19 6
2 19 7 33 45
2 42 25 19 7
2 19 8 40 13
2 30 2 19 8
2 19 9 30 2
2 37 4 19 9
2 19 10 37 4
2 32 24 19 10
2 19 11 32 24
2 29 6 19 11
2 19 12 29 6
2 40 27 19 12
2 19 13 40 14
2 34 30 19 13
2 19 14 34 30
2 27 37 19 14
2 19 17 27 37
2 34 14 19 17
2 19 18 34 14
2 43 30 19 18
2 19 19 40 16
2 42 8 19 19
2 19 21 40 22
2 33 30 19 21
2 19 22 33 30
2 35 35 19 22
2 19 23 35 35
2 34 40 19 23
2 19 24 34 40
2 45 35 19 24
2 19 25 40 27
2 38 19 19 25
2 19 26 38 19
2 33 15 19 26
2 19 30 33 15
2 36 40 19 30
2 19 31 36 40
2 35 4 19 31
2 19 32 35 4
2 33 18 19 32
2 19 35 33 18
2 41 34 19 35
2 19 37 40 33
2 23 2 19 37
2 19 38 23 2
2 38 40 19 38
2 19 39 38 40
2 24 32 19 39
2 19 40 24 32
2 28 7 19 40
2 19 41 28 7
2 30 42 19 41
2 19 42 30 42
2 24 26 19 42
2 19 44 24 26
2 30 14 19 44
2 19 46 30 14
2 23 9 19 46
2 20 1 23 9
2 37 2 20 1
2 20 2 37 2
2 22 6 20 2
2 20 3 22 6
2 34 10 20 3
2 20 5 34 10
2 21 44 20 5
2 20 6 21 44
2 30 23 20 6
2 20 7 30 23
2 38 2 20 7
2 20 8 38 2
2 24 1 20 8
2 20 9 24 1
2 28 24 20 9
2 20 11 28 24
2 45 6 20 11
2 20 12 40 34
2 45 15 20 12
2 20 13 40 35
2 40 7 20 13
2 20 14 40 7
2 23 33 20 14
2 20 15 23 33
2 37 41 20 15
2 20 16 37 41
2 23 15 20 16
2 20 17 23 15
2 44 25 20 17
2 20 18 40 43
2 9 36 20 18
2 20 20 9 36
2 38 12 20 20
2 20 23 38 12
2 30 33 20 23
2 20 24 30 33
2 27 10 20 24
2 20 26 27 10
2 33 34 20 26
2 20 27 33 34
2 35 22 20 27
2 20 28 35 22
2 29 14 20 28
2 20 31 29 14
2 36 11 20 31
2 20 32 36 11
2 36 5 20 32
2 20 34 36 5
2 33 16 20 34
2 20 35 33 16
2 31 13 20 35
2 20 36 31 13
2 34 44 20 36
2 20 38 34 44
2 35 45 20 38
2 20 39 35 45
2 26 18 20 39
2 20 41 26 18
2 46 11 20 41
2 20 42 41 2
2 34 12 20 42
2 20 43 34 12
2 36 21 20 43
2 20 44 36 21
2 23 10 20 44
2 20 45 23 10
2 41 22 20 45
2 20 46 41 5
2 24 29 20 46
2 21 1 24 29
2 33 16 21 1
2 21 2 33 16
2 34 10 21 2
2 21 3 34 10
2 42 3 21 3
2 21 4 41 7
2 35 26 21 4
2 21 7 35 26
2 46 10 21 7
2 21 9 41 10
2 35 45 21 9
2 21 10 35 45
2 24 15 21 10
2 21 13 24 15
2 29 41 21 13
2 21 14 29 41
2 28 5 21 14
2 21 15 28 5
2 31 34 21 15
2 21 16 31 34
2 5 5 21 16
2 21 17 5 5
2 31 26 21 17
2 21 18 31 26
2 39 31 21 18
2 21 19 39 31
2 7 7 21 19
2 21 21 7 7
2 21 22 21 21
2 21 22 21 22
2 46 27 21 22
2 21 23 41 11
2 24 28 21 23
2 21 24 24 28
2 25 1 21 24
2 21 25 25 1
2 24 38 21 25
2 21 27 24 38
2 37 43 21 27
2 21 29 37 43
2 41 12 21 29
2 21 31 41 12
2 23 19 21 31
2 21 33 23 19
2 46 1 21 33
2 21 34 41 13
2 44 19 21 34
2 21 36 41 14
2 33 16 21 36
2 21 37 33 16
2 38 15 21 37
2 21 39 38 15
2 26 18 21 39
2 21 40 26 18
2 10 9 21 40
2 21 41 10 9
2 25 33 21 41
2 21 42 25 33
2 22 24 21 42
2 21 43 22 24
2 1 15 21 43
2 21 44 1 15
2 36 15 21 44
2 21 45 36 15
2 40 7 21 45
2 21 46 40 7
2 8 30 21 46
2 22 1 8 30
2 36 20 22 1
2 22 2 36 20
2 33 28 22 2
2 22 3 33 28
2 26 13 22 3
2 22 4 26 13
2 38 6 22 4
2 22 5 38 6
2 34 21 22 5
2 22 6 34 21
2 30 34 22 6
2 22 7 30 34
2 35 24 22 7
2 22 8 35 24
2 26 34 22 8
2 22 9 26 34
2 40 7 22 9
2 22 10 40 7
2 32 12 22 10
2 22 11 32 12
2 37 36 22 11
2 22 12 37 36
2 27 30 22 12
2 22 14 27 30
2 25 5 22 14
2 22 15 25 5
2 33 28 22 15
2 22 16 33 28
2 38 13 22 16
2 22 17 38 13
2 39 32 22 17
2 22 18 39 32
2 30 26 22 18
2 22 19 30 26
2 36 32 22 19
2 22 20 36 32
2 26 5 22 20
2 22 21 26 5
2 45 4 22 21
2 22 23 41 19
2 27 26 22 23
2 22 24 27 26
2 33 32 22 24
2 22 25 33 32
2 10 9 22 25
2 22 26 10 9
2 38 27 22 26
2 22 27 38 27
2 28 17 22 27
2 22 28 28 17
2 33 2 22 28
2 22 29 33 2
2 30 37 22 29
2 22 30 30 37
2 29 23 22 30
2 22 34 29 23
2 31 17 22 34
2 22 35 31 17
2 28 2 22 35
2 22 36 28 2
2 39 25 22 36
2 22 37 39 25
2 34 15 22 37
2 22 38 34 15
2 25 27 22 38
2 22 39 25 27
2 42 27 22 39
2 22 40 41 22
2 37 6 22 40
2 22 41 37 6
2 29 20 22 41
2 22 43 29 20
2 39 16 22 43
2 22 44 39 16
2 30 21 22 44
2 22 45 30 21
2 33 16 22 45
2 23 1 33 16
2 37 40 23 1
2 23 2 37 40
2 44 24 23 2
2 23 3 41 23
2 28 25 23 3
2 23 4 28 25
2 23 7 23 4
2 23 5 23 7
2 35 18 23 5
2 23 7 35 18
2 43 26 23 7
2 23 9 41 24
2 38 41 23 9
2 23 10 38 41
2 41 2 23 10
2 23 13 41 2
2 40 8 23 13
2 23 14 40 8
2 38 34 23 14
2 23 15 38 34
2 1 44 23 15
2 23 16 1 44
2 40 16 23 16
2 23 17 40 16
2 37 28 23 17
2 23 19 37 28
2 36 23 23 19
2 23 20 36 23
2 29 39 23 20
2 23 21 29 39
2 29 3 23 21
2 23 22 29 3
2 5 37 23 22
2 23 23 5 37
2 32 3 23 23
2 23 24 32 3
2 36 28 23 24
2 23 25 36 28
2 35 19 23 25
2 23 26 35 19
2 24 37 23 26
2 23 28 24 37
2 25 44 23 28
2 23 29 25 44
2 27 2 23 29
2 23 30 27 2
2 36 30 23 30
2 23 31 36 30
2 37 10 23 31
2 23 33 37 10
2 28 5 23 33
2 23 35 28 5
2 38 3 23 35
2 23 36 38 3
2 28 31 23 36
2 23 37 28 31
2 32 40 23 37
2 23 38 32 40
2 37 26 23 38
2 23 39 37 26
2 35 45 23 39
2 23 40 35 45
2 27 21 23 40
2 23 42 27 21
2 46 44 23 42
2 23 43 41 25
2 31 29 23 43
2 23 45 31 29
2 43 19 23 45
2 23 46 41 26
2 34 45 23 46
2 24 1 34 45
2 24 2 24 1
2 24 2 24 2
2 41 4 24 2
2 24 3 41 4
2 37 6 24 3
2 24 4 37 6
2 25 16 24 4
2 24 5 25 16
2 45 19 24 5
2 24 6 41 28
2 39 16 24 6
2 24 9 39 16
2 26 11 24 9
2 24 10 26 11
2 27 19 24 10
2 24 11 27 19
2 44 29 24 11
2 24 14 41 30
2 38 30 24 14
2 24 15 38 30
2 21 28 24 15
2 24 16 21 28
2 33 28 24 16
2 24 17 33 28
2 27 44 24 17
2 24 19 27 44
2 26 11 24 19
2 24 20 26 11
2 36 1 24 20
2 24 22 36 1
2 34 22 24 22
2 24 23 34 22
2 31 17 24 23
2 24 24 31 17
2 33 45 24 24
2 24 25 33 45
2 21 5 24 25
2 24 26 21 5
2 29 35 24 26
2 24 27 29 35
2 42 23 24 27
2 24 28 41 33
2 36 23 24 28
2 24 29 36 23
2 15 34 24 29
2 24 31 15 34
2 37 25 24 31
2 24 32 37 25
2 43 45 24 32
2 24 34 41 34
2 30 20 24 34
2 24 35 30 20
2 35 42 24 35
2 24 36 35 42
2 38 42 24 36
2 24 37 38 42
2 1 23 24 37
2 24 38 1 23
2 40 14 24 38
2 24 40 40 14
2 26 16 24 40
2 24 41 26 16
2 32 24 24 41
2 24 43 32 24
2 32 40 24 43
2 24 44 32 40
2 28 41 24 44
2 24 45 28 41
2 26 41 24 45
2 24 46 26 41
2 30 12 24 46
2 25 1 30 12
2 32 20 25 1
2 25 2 32 20
2 26 41 25 2
2 25 4 26 41
2 29 22 25 4
2 25 5 29 22
2 39 15 25 5
2 25 6 39 15
2 40 8 25 6
2 25 7 40 8
2 38 2 25 7
2 25 8 38 2
2 33 38 25 8
2 25 9 33 38
2 46 42 25 9
2 25 11 41 36
2 29 19 25 11
2 25 12 29 19
2 28 7 25 12
2 25 13 28 7
2 37 19 25 13
2 25 14 37 19
2 43 1 25 14
2 25 15 41 38
2 46 29 25 15
2 25 16 41 40
2 29 22 25 16
2 25 17 29 22
2 41 6 25 17
2 25 18 41 6
2 33 32 25 18
2 25 19 33 32
2 37 30 25 19
2 25 22 37 30
2 25 36 25 22
2 25 25 25 36
2 39 42 25 25
2 25 26 39 42
2 14 15 25 26
2 25 27 14 15
2 30 17 25 27
2 25 28 30 17
2 39 6 25 28
2 25 32 39 6
2 42 35 25 32
2 25 33 41 41
2 26 19 25 33
2 25 34 26 19
2 45 36 25 34
2 25 35 41 43
2 31 37 25 35
2 25 36 31 37
2 31 21 25 36
2 25 37 31 21
2 31 36 25 37
2 25 38 31 36
2 29 19 25 38
2 25 39 29 19
2 39 24 25 39
2 25 40 39 24
2 32 24 25 40
2 25 44 32 24
2 31 15 25 44
2 25 45 31 15
2 30 43 25 45
2 25 46 30 43
2 34 16 25 46
2 26 1 34 16
2 39 22 26 1
2 26 3 39 22
2 33 30 26 3
2 26 4 33 30
2 37 24 26 4
2 26 5 37 24
2 41 15 26 5
2 26 6 41 15
2 32 17 26 6
2 26 7 32 17
2 31 6 26 7
2 26 8 31 6
2 27 8 26 8
2 26 10 27 8
2 28 37 26 10
2 26 11 28 37
2 34 27 26 11
2 26 13 34 27
2 35 32 26 13
2 26 14 35 32
2 28 43 26 14
2 26 16 28 43
2 33 37 26 16
2 26 17 33 37
2 28 6 26 17
2 26 18 28 6
2 41 27 26 18
2 26 22 41 27
2 31 17 26 22
2 26 23 31 17
2 40 33 26 23
2 26 24 40 33
2 42 19 26 24
2 26 25 41 44
2 45 20 26 25
2 26 26 42 1
2 34 13 26 26
2 26 27 34 13
2 35 4 26 27
2 26 28 35 4
2 38 22 26 28
2 26 29 38 22
2 37 18 26 29
2 26 30 37 18
2 30 12 26 30
2 26 31 30 12
2 5 37 26 31
2 26 32 5 37
2 38 45 26 32
2 26 33 38 45
2 28 34 26 33
2 26 34 28 34
2 34 11 26 34
2 26 35 34 11
2 38 7 26 35
2 26 37 38 7
2 39 14 26 37
2 26 38 39 14
2 35 28 26 38
2 26 40 35 28
2 4 4 26 40
2 26 41 4 4
2 37 42 26 41
2 26 43 37 42
2 30 37 26 43
2 26 44 30 37
2 29 41 26 44
2 26 45 29 41
2 36 21 26 45
2 27 1 36 21
2 33 23 27 1
2 27 2 33 23
2 36 20 27 2
2 27 4 36 20
2 34 23 27 4
2 27 5 34 23
2 30 32 27 5
2 27 6 30 32
2 38 37 27 6
2 27 7 38 37
2 44 35 27 7
2 27 8 42 3
2 31 9 27 8
2 27 9 31 9
2 26 19 27 9
2 27 10 26 19
2 41 25 27 10
2 27 11 41 25
2 35 25 27 11
2 27 12 35 25
2 34 10 27 12
2 27 15 34 10
2 39 2 27 15
2 27 17 39 2
2 38 31 27 17
2 27 18 38 31
2 38 39 27 18
2 27 19 38 39
2 46 8 27 19
2 27 20 42 6
2 33 39 27 20
2 27 21 33 39
2 35 24 27 21
2 27 22 35 24
2 45 8 27 22
2 27 24 42 7
2 7 17 27 24
2 27 25 7 17
2 40 38 27 25
2 27 26 40 38
2 45 9 27 26
2 27 27 42 8
2 38 36 27 27
2 27 29 38 36
2 28 2 27 29
2 27 30 28 2
2 41 3 27 30
2 27 31 41 3
2 37 43 27 31
2 27 32 37 43
2 29 16 27 32
2 27 34 29 16
2 30 40 27 34
2 27 35 30 40
2 34 39 27 35
2 27 38 34 39
2 32 7 27 38
2 27 39 32 7
2 36 33 27 39
2 27 40 36 33
2 40 13 27 40
2 27 41 40 13
2 30 30 27 41
2 27 42 30 30
2 39 11 27 42
2 27 43 39 11
2 41 24 27 43
2 27 44 41 24
2 38 46 27 44
2 27 45 38 46
2 38 46 27 45
2 27 46 38 46
2 33 3 27 46
2 28 2 33 3
2 23 6 28 2
2 28 5 23 6
2 30 34 28 5
2 28 6 30 34
2 30 10 28 6
2 28 7 30 10
2 33 30 28 7
2 28 8 33 30
2 35 2 28 8
2 28 10 35 2
2 32 30 28 10
2 28 11 32 30
2 37 8 28 11
2 28 12 37 8
2 42 5 28 12
2 28 13 42 5
2 31 1 28 13
2 28 14 31 1
2 20 29 28 14
2 28 16 20 29
2 33 38 28 16
2 28 17 33 38
2 26 9 28 17
2 28 19 26 9
2 44 46 28 19
2 28 20 42 9
2 33 29 28 20
2 28 22 33 29
2 36 24 28 22
2 28 23 36 24
2 41 36 28 23
2 28 24 41 36
2 37 41 28 24
2 28 25 37 41
2 43 13 28 25
2 28 26 42 13
2 40 12 28 26
2 28 27 40 12
2 32 25 28 27
2 28 29 32 25
2 31 14 28 29
2 28 30 31 14
2 42 4 28 30
2 28 31 42 4
2 40 11 28 31
2 28 33 40 11
2 38 8 28 33
2 28 34 38 8
2 32 3 28 34
2 28 35 32 3
2 35 3 28 35
2 28 36 35 3
2 32 37 28 36
2 28 37 32 37
2 34 9 28 37
2 28 38 34 9
2 21 28 28 38
2 28 41 21 28
2 34 44 28 41
2 28 42 34 44
2 42 32 28 42
2 28 43 42 16
2 31 1 28 43
2 28 44 31 1
2 35 16 28 44
2 28 45 35 16
2 39 24 28 45
2 28 46 39 24
2 32 23 28 46
2 29 2 32 23
2 31 45 29 2
2 29 3 31 45
2 31 40 29 3
2 29 4 31 40
2 41 19 29 4
2 29 6 41 19
2 37 32 29 6
2 29 7 37 32
2 29 41 29 7
2 29 8 29 41
2 9 36 29 8
2 29 12 9 36
2 32 29 29 12
2 29 13 32 29
2 36 1 29 13
2 29 14 36 1
2 31 12 29 14
2 29 15 31 12
2 40 32 29 15
2 29 16 40 32
2 32 17 29 16
2 29 17 32 17
2 30 22 29 17
2 29 18 30 22
2 41 3 29 18
2 29 19 41 3
2 39 40 29 19
2 29 20 39 40
2 34 46 29 20
2 29 21 34 46
2 41 3 29 21
2 29 22 41 3
2 46 20 29 22
2 29 23 42 18
2 38 19 29 23
2 29 24 38 19
2 36 19 29 24
2 29 25 36 19
2 39 16 29 25
2 29 26 39 16
2 30 28 29 26
2 29 27 30 28
2 33 23 29 27
2 29 33 33 23
2 30 9 29 33
2 29 34 30 9
2 41 33 29 34
2 29 35 41 33
2 40 3 29 35
2 29 38 40 3
2 32 2 29 38
2 29 39 32 2
2 34 21 29 39
2 29 40 34 21
2 36 19 29 40
2 29 41 36 19
2 32 10 29 41
2 29 43 32 10
2 38 43 29 43
2 29 44 38 43
2 40 38 29 44
2 29 45 40 38
2 42 5 29 45
2 29 46 42 5
2 37 10 29 46
2 30 1 37 10
2 35 36 30 1
2 30 2 35 36
2 30 21 30 2
2 30 3 30 21
2 31 9 30 3
2 30 4 31 9
2 35 3 30 4
2 30 5 35 3
2 34 3 30 5
2 30 7 34 3
2 38 33 30 7
2 30 8 38 33
2 31 45 30 8
2 30 9 31 45
2 32 37 30 9
2 30 11 32 37
2 32 40 30 11
2 30 14 32 40
2 24 30 30 14
2 30 15 24 30
2 36 5 30 15
2 30 16 36 5
2 33 32 30 16
2 30 17 33 32
2 14 45 30 17
2 30 18 14 45
2 43 29 30 18
2 30 20 42 19
2 40 4 30 20
2 30 21 40 4
2 34 46 30 21
2 30 22 34 46
2 38 14 30 22
2 30 23 38 14
2 40 3 30 23
2 30 25 40 3
2 31 21 30 25
2 30 26 31 21
2 34 20 30 26
2 30 28 34 20
2 42 12 30 28
2 30 29 42 12
2 33 7 30 29
2 30 30 33 7
2 37 2 30 30
2 30 32 37 2
2 35 23 30 32
2 30 33 35 23
2 35 38 30 33
2 30 34 35 38
2 42 17 30 34
2 30 36 42 17
2 20 29 30 36
2 30 37 20 29
2 37 30 30 37
2 30 38 37 30
2 34 24 30 38
2 30 39 34 24
2 37 15 30 39
2 30 40 37 15
2 36 23 30 40
2 30 42 36 23
2 34 9 30 42
2 30 43 34 9
2 41 36 30 43
2 30 44 41 36
2 21 26 30 44
2 30 45 21 26
2 45 17 30 45
2 30 46 42 20
2 31 26 30 46
2 31 1 31 26
2 36 25 31 1
2 31 5 36 25
2 28 4 31 5
2 31 6 28 4
2 33 38 31 6
2 31 7 33 38
2 46 34 31 7
2 31 9 42 21
2 41 40 31 9
2 31 11 41 40
2 16 33 31 11
2 31 12 16 33
2 38 41 31 12
2 31 13 38 41
2 39 23 31 13
2 31 14 39 23
2 39 32 31 14
2 31 15 39 32
2 34 19 31 15
2 31 16 34 19
2 40 14 31 16
2 31 17 40 14
2 32 9 31 17
2 31 21 32 9
2 39 42 31 21
2 31 22 39 42
2 32 35 31 22
2 31 25 32 35
2 41 25 31 25
2 31 26 41 25
2 36 19 31 26
2 31 29 36 19
2 41 22 31 29
2 31 30 41 22
2 42 33 31 30
2 31 32 42 22
2 43 22 31 32
2 31 33 42 23
2 36 33 31 33
2 31 34 36 33
2 38 42 31 34
2 31 35 38 42
2 38 22 31 35
2 31 36 38 22
2 43 27 31 36
2 31 37 42 25
2 41 17 31 37
2 31 40 41 17
2 1 23 31 40
2 31 41 1 23
2 36 8 31 41
2 31 42 36 8
2 34 19 31 42
2 31 45 34 19
2 38 42 31 45
2 31 46 38 42
2 37 13 31 46
2 32 2 37 13
2 23 6 32 2
2 32 3 23 6
2 36 31 32 3
2 32 6 36 31
2 39 39 32 6
2 32 7 39 39
2 40 40 32 7
2 32 8 40 40
2 41 29 32 8
2 32 9 41 29
2 37 43 32 9
2 32 10 37 43
2 36 24 32 10
2 32 11 36 24
2 35 23 32 11
2 32 12 35 23
2 3 4 32 12
2 32 15 3 4
2 27 23 32 15
2 32 16 27 23
2 4 4 32 16
2 32 17 4 4
2 38 42 32 17
2 32 19 38 42
2 19 34 32 19
2 32 21 19 34
2 33 7 32 21
2 32 22 33 7
2 40 7 32 22
2 32 23 40 7
2 33 29 32 23
2 32 24 33 29
2 38 22 32 24
2 32 25 38 22
2 42 22 32 25
2 32 28 42 22
2 35 3 32 28
2 32 29 35 3
2 39 11 32 29
2 32 33 39 11
2 41 25 32 33
2 32 34 41 25
2 34 20 32 34
2 32 35 34 20
2 39 16 32 35
2 32 36 39 16
2 40 28 32 36
2 32 37 40 28
2 44 26 32 37
2 32 38 42 26
2 38 25 32 38
2 32 39 38 25
2 35 9 32 39
2 32 40 35 9
2 40 42 32 40
2 32 44 40 42
2 39 43 32 44
2 32 45 39 43
2 39 6 32 45
2 33 1 39 6
2 37 16 33 1
2 33 2 37 16
2 13 26 33 2
2 33 3 13 26
2 38 35 33 3
2 33 5 38 35
2 42 21 33 5
2 33 6 42 21
2 38 45 33 6
2 33 7 38 45
2 33 17 33 7
2 33 8 33 17
2 35 29 33 8
2 33 9 35 29
2 41 9 33 9
2 33 10 41 9
2 35 10 33 10
2 33 11 35 10
2 41 9 33 11
2 33 13 41 9
2 39 42 33 13
2 33 14 39 42
2 33 44 33 14
2 33 15 33 44
2 38 11 33 15
2 33 16 38 11
2 38 23 33 16
2 33 17 38 23
2 39 37 33 17
2 33 18 39 37
2 35 16 33 18
2 33 20 35 16
2 38 13 33 20
2 33 22 38 13
2 7 7 33 22
2 33 23 7 7
2 43 7 33 23
2 33 24 42 27
2 34 33 33 24
2 33 28 34 33
2 41 10 33 28
2 33 29 41 10
2 38 43 33 29
2 33 30 38 43
2 43 37 33 30
2 33 31 42 32
2 37 21 33 31
2 33 32 37 21
2 36 36 33 32
2 33 33 36 36
2 35 10 33 33
2 33 34 35 10
2 33 40 33 34
2 33 35 33 40
2 35 29 33 35
2 33 37 35 29
2 45 23 33 37
2 33 38 42 33
2 39 32 33 38
2 33 39 39 32
2 29 32 33 39
2 33 40 29 32
2 36 7 33 40
2 33 41 36 7
2 46 31 33 41
2 33 42 42 34
2 37 1 33 42
2 33 44 37 1
2 34 5 33 44
2 33 45 34 5
2 45 21 33 45
2 34 1 42 35
2 36 40 34 1
2 34 2 36 40
2 38 13 34 2
2 34 3 38 13
2 42 29 34 3
2 34 5 42 29
2 39 4 34 5
2 34 8 39 4
2 41 22 34 8
2 34 9 41 22
2 37 2 34 9
2 34 10 37 2
2 42 33 34 10
2 34 11 42 33
2 41 19 34 11
2 34 12 41 19
2 41 29 34 12
2 34 13 41 29
2 41 23 34 13
2 34 14 41 23
2 35 34 34 14
2 34 15 35 34
2 43 15 34 15
2 34 16 42 39
2 41 1 34 16
2 34 21 41 1
2 42 29 34 21
2 34 22 42 29
2 37 1 34 22
2 34 23 37 1
2 36 21 34 23
2 34 27 36 21
2 41 10 34 27
2 34 29 41 10
2 35 18 34 29
2 34 30 35 18
2 40 12 34 30
2 34 31 40 12
2 24 30 34 31
2 34 32 24 30
2 39 11 34 32
2 34 33 39 11
2 21 26 34 33
2 34 34 21 26
2 38 3 34 34
2 34 35 38 3
2 36 36 34 35
2 34 36 36 36
2 42 13 34 36
2 34 37 42 13
2 38 36 34 37
2 34 39 38 36
2 27 23 34 39
2 34 40 27 23
2 38 44 34 40
2 34 41 38 44
2 8 30 34 41
2 34 42 8 30
2 37 21 34 42
2 34 44 37 21
2 5 32 34 44
2 34 45 5 32
2 36 23 34 45
2 34 46 36 23
2 46 38 34 46
2 35 1 42 41
2 43 25 35 1
2 35 2 42 42
2 37 33 35 2
2 35 3 37 33
2 39 8 35 3
2 35 4 39 8
2 37 36 35 4
2 35 7 37 36
2 13 26 35 7
2 35 9 13 26
2 41 7 35 9
2 35 10 41 7
2 37 20 35 10
2 35 14 37 20
2 38 13 35 14
2 35 16 38 13
2 37 26 35 16
2 35 17 37 26
2 44 6 35 17
2 35 18 42 46
2 19 16 35 18
2 35 19 19 16
2 39 8 35 19
2 35 20 39 8
2 43 36 35 20
2 35 21 43 1
2 38 31 35 21
2 35 22 38 31
2 28 4 35 22
2 35 23 28 4
2 39 36 35 23
2 35 24 39 36
2 38 12 35 24
2 35 25 38 12
2 42 37 35 25
2 35 26 42 37
2 30 6 35 26
2 35 27 30 6
2 37 40 35 27
2 35 29 37 40
2 37 11 35 29
2 35 31 37 11
2 35 32 35 31
2 35 32 35 32
2 45 44 35 32
2 35 33 43 3
2 44 23 35 33
2 35 34 43 4
2 36 11 35 34
2 35 35 36 11
2 37 6 35 35
2 35 36 37 6
2 39 21 35 36
2 35 38 39 21
2 37 31 35 38
2 35 42 37 31
2 40 13 35 42
2 35 43 40 13
2 11 46 35 43
2 35 45 11 46
2 37 29 35 45
2 35 46 37 29
2 39 23 35 46
2 36 1 39 23
2 37 21 36 1
2 36 2 37 21
2 46 24 36 2
2 36 3 43 6
2 10 9 36 3
2 36 5 10 9
2 42 2 36 5
2 36 6 42 2
2 37 21 36 6
2 36 7 37 21
2 36 9 36 7
2 36 9 36 9
2 10 9 36 9
2 36 10 10 9
2 36 46 36 10
2 36 11 36 46
2 45 41 36 11
2 36 14 43 7
2 16 18 36 14
2 36 17 16 18
2 19 34 36 17
2 36 18 19 34
2 44 45 36 18
2 36 19 43 9
2 42 46 36 19
2 36 21 42 46
2 37 19 36 21
2 36 22 37 19
2 44 43 36 22
2 36 23 43 11
2 37 20 36 23
2 36 24 37 20
2 39 2 36 24
2 36 25 39 2
2 42 26 36 25
2 36 26 42 26
2 37 36 36 26
2 36 28 37 36
2 41 14 36 28
2 36 30 41 14
2 37 28 36 30
2 36 31 37 28
2 38 39 36 31
2 36 32 38 39
2 42 38 36 32
2 36 33 42 38
2 13 26 36 33
2 36 35 13 26
2 45 3 36 35
2 36 36 43 12
2 19 28 36 36
2 36 40 19 28
2 39 28 36 40
2 36 41 39 28
2 42 46 36 41
2 36 42 42 46
2 40 14 36 42
2 36 44 40 14
2 39 33 36 44
2 36 46 39 33
2 38 35 36 46
2 37 1 38 35
2 37 42 37 1
2 37 2 37 42
2 41 23 37 2
2 37 3 41 23
2 38 41 37 3
2 37 4 38 41
2 41 29 37 4
2 37 6 41 29
2 41 3 37 6
2 37 8 41 3
2 38 17 37 8
2 37 9 38 17
2 43 12 37 9
2 37 10 43 12
2 39 43 37 10
2 37 11 39 43
2 43 18 37 11
2 37 13 43 13
2 33 4 37 13
2 37 14 33 4
2 39 24 37 14
2 37 15 39 24
2 39 30 37 15
2 37 18 39 30
2 41 33 37 18
2 37 19 41 33
2 43 34 37 19
2 37 20 43 15
2 38 32 37 20
2 37 21 38 32
2 4 4 37 21
2 37 24 4 4
2 32 20 37 24
2 37 25 32 20
2 38 25 37 25
2 37 26 38 25
2 7 17 37 26
2 37 28 7 17
2 42 12 37 28
2 37 29 42 12
2 41 32 37 29
2 37 30 41 32
2 42 28 37 30
2 37 31 42 28
2 40 3 37 31
2 37 32 40 3
2 36 8 37 32
2 37 33 36 8
2 40 17 37 33
2 37 35 40 17
2 39 13 37 35
2 37 36 39 13
2 30 10 37 36
2 37 39 30 10
2 31 44 37 39
2 37 40 31 44
2 41 39 37 40
2 37 41 41 39
2 4 4 37 41
2 37 42 4 4
2 42 41 37 42
2 37 43 42 41
2 33 4 37 43
2 37 46 33 4
2 43 32 37 46
2 38 2 43 17
2 35 28 38 2
2 38 3 35 28
2 42 20 38 3
2 38 4 42 20
2 40 28 38 4
2 38 5 40 28
2 29 32 38 5
2 38 6 29 32
2 40 11 38 6
2 38 7 40 11
2 5 37 38 7
2 38 8 5 37
2 31 44 38 8
2 38 9 31 44
2 3 22 38 9
2 38 15 3 22
2 39 5 38 15
2 38 16 39 5
2 40 18 38 16
2 38 17 40 18
2 34 24 38 17
2 38 18 34 24
2 39 18 38 18
2 38 19 39 18
2 43 12 38 19
2 38 22 43 12
2 21 8 38 22
2 38 23 21 8
2 41 13 38 23
2 38 25 41 13
2 42 46 38 25
2 38 26 42 46
2 36 8 38 26
2 38 27 36 8
2 41 37 38 27
2 38 29 41 37
2 44 16 38 29
2 38 30 43 18
2 45 37 38 30
2 38 31 43 19
2 40 24 38 31
2 38 32 40 24
2 41 44 38 32
2 38 34 41 44
2 33 4 38 34
2 38 35 33 4
2 38 11 38 35
2 38 36 38 11
2 43 15 38 36
2 38 37 43 15
2 39 43 38 37
2 38 38 39 43
2 43 18 38 38
2 38 39 43 18
2 42 32 38 39
2 38 40 42 32
2 39 26 38 40
2 38 41 39 26
2 41 10 38 41
2 38 42 41 10
2 42 43 38 42
2 38 44 42 43
2 45 24 38 44
2 38 45 43 22
2 36 8 38 45
2 38 46 36 8
2 30 6 38 46
2 39 1 30 6
2 43 1 39 1
2 39 2 43 1
2 40 31 39 2
2 39 3 40 31
2 42 26 39 3
2 39 4 42 26
2 43 8 39 4
2 39 5 43 8
2 9 36 39 5
2 39 6 9 36
2 30 6 39 6
2 39 8 30 6
2 38 43 39 8
2 39 13 38 43
2 5 5 39 13
2 39 14 5 5
2 41 26 39 14
2 39 15 41 26
2 36 39 39 15
2 39 16 36 39
2 43 9 39 16
2 39 18 43 9
2 30 10 39 18
2 39 20 30 10
2 41 14 39 20
2 39 21 41 14
2 40 14 39 21
2 39 22 40 14
2 26 36 39 22
2 39 24 26 36
2 41 40 39 24
2 39 25 41 40
2 41 13 39 25
2 39 26 41 13
2 41 38 39 26
2 39 28 41 38
2 42 28 39 28
2 39 29 42 28
2 42 8 39 29
2 39 30 42 8
2 43 18 39 30
2 39 31 43 18
2 40 7 39 31
2 39 32 40 7
2 41 9 39 32
2 39 33 41 9
2 46 26 39 33
2 39 34 43 23
2 42 20 39 34
2 39 35 42 20
2 42 13 39 35
2 39 36 42 13
2 41 11 39 36
2 39 37 41 11
2 1 44 39 37
2 39 38 1 44
2 27 23 39 38
2 39 39 27 23
2 40 13 39 39
2 39 40 40 13
2 36 8 39 40
2 39 41 36 8
2 30 10 39 41
2 39 42 30 10
2 11 39 39 42
2 39 43 11 39
2 40 8 39 43
2 39 44 40 8
2 40 24 39 44
2 40 2 40 24
2 42 33 40 2
2 40 4 42 33
2 40 7 40 4
2 40 5 40 7
2 42 46 40 5
2 40 6 42 46
2 42 7 40 6
2 40 7 42 7
2 41 38 40 7
2 40 8 41 38
2 43 31 40 8
2 40 10 43 25
2 16 33 40 10
2 40 11 16 33
2 26 36 40 11
2 40 12 26 36
2 34 19 40 12
2 40 13 34 19
2 46 15 40 13
2 40 14 43 26
2 26 19 40 14
2 40 16 26 19
2 42 42 40 16
2 40 17 42 42
2 42 18 40 17
2 40 18 42 18
2 43 26 40 18
2 40 22 43 26
2 18 11 40 22
2 40 24 18 11
2 42 9 40 24
2 40 27 42 9
2 21 8 40 27
2 40 28 21 8
2 3 22 40 28
2 40 29 3 22
2 42 8 40 29
2 40 31 42 8
2 11 34 40 31
2 40 32 11 34
2 40 36 40 32
2 40 33 40 36
2 46 17 40 33
2 40 34 43 27
2 41 8 40 34
2 40 37 41 8
2 42 21 40 37
2 40 38 42 21
2 41 40 40 38
2 40 39 41 40
2 25 20 40 39
2 40 42 25 20
2 42 33 40 42
2 41 1 42 33
2 44 30 41 1
2 41 2 43 29
2 34 19 41 2
2 41 3 34 19
2 41 9 41 3
2 41 4 41 9
2 43 7 41 4
2 41 5 43 7
2 41 12 41 5
2 41 6 41 12
2 38 13 41 6
2 41 7 38 13
2 42 35 41 7
2 41 8 42 35
2 29 28 41 8
2 41 9 29 28
2 42 5 41 9
2 41 10 42 5
2 40 36 41 10
2 41 11 40 36
2 43 6 41 11
2 41 12 43 6
2 39 11 41 12
2 41 13 39 11
2 41 26 41 13
2 41 14 41 26
2 45 27 41 14
2 41 15 43 30
2 21 28 41 15
2 41 17 21 28
2 42 34 41 17
2 41 19 42 34
2 42 46 41 19
2 41 21 42 46
2 9 36 41 21
2 41 22 9 36
2 42 16 41 22
2 41 23 42 16
2 3 22 41 23
2 41 24 3 22
2 31 44 41 24
2 41 25 31 44
2 13 26 41 25
2 41 27 13 26
2 41 38 41 27
2 41 28 41 38
2 28 21 41 28
2 41 29 28 21
2 16 33 41 29
2 41 30 16 33
2 43 8 41 30
2 41 32 43 8
2 42 10 41 32
2 41 33 42 10
2 43 17 41 33
2 41 34 43 17
2 43 9 41 34
2 41 36 43 9
2 43 12 41 36
2 41 37 43 12
2 1 15 41 37
2 41 38 1 15
2 43 11 41 38
2 41 39 43 11
2 5 37 41 39
2 41 40 5 37
2 43 1 41 40
2 41 42 43 1
2 37 16 41 42
2 41 43 37 16
2 43 8 41 43
2 41 44 43 8
2 42 32 41 44
2 41 46 42 32
2 3 22 41 46
2 42 1 3 22
2 46 43 42 1
2 42 2 43 31
2 42 27 42 2
2 42 3 42 27
2 38 33 42 3
2 42 4 38 33
2 43 8 42 4
2 42 5 43 8
2 42 19 42 5
2 42 6 42 19
2 44 5 42 6
2 42 7 43 32
2 7 7 42 7
2 42 9 7 7
2 38 14 42 9
2 42 10 38 14
2 22 22 42 10
2 42 12 22 22
2 26 19 42 12
2 42 13 26 19
2 43 22 42 13
2 42 16 43 22
2 45 42 42 16
2 42 17 43 34
2 35 28 42 17
2 42 18 35 28
2 43 22 42 18
2 42 19 43 22
2 1 44 42 19
2 42 20 1 44
2 36 20 42 20
2 42 21 36 20
2 13 26 42 21
2 42 22 13 26
2 6 16 42 22
2 42 23 6 16
2 15 34 42 23
2 42 25 15 34
2 46 37 42 25
2 42 26 43 35
2 6 16 42 26
2 42 27 6 16
2 8 30 42 27
2 42 28 8 30
2 43 15 42 28
2 42 29 43 15
2 7 7 42 29
2 42 32 7 7
2 42 42 42 32
2 42 33 42 42
2 42 8 42 33
2 42 34 42 8
2 5 5 42 34
2 42 35 5 5
2 27 37 42 35
2 42 37 27 37
2 15 34 42 37
2 42 38 15 34
2 43 14 42 38
2 42 39 43 14
2 43 31 42 39
2 42 41 43 31
2 19 28 42 41
2 42 42 19 28
2 42 43 42 42
2 42 46 42 43
2 19 34 42 46
2 43 1 19 34
2 16 18 43 1
2 43 4 16 18
2 43 9 43 4
2 43 6 43 9
2 31 44 43 6
2 43 7 31 44
2 32 41 43 7
2 43 8 32 41
2 26 9 43 8
2 43 9 26 9
2 44 14 43 9
2 43 11 43 36
2 11 46 43 11
2 43 12 11 46
2 38 11 43 12
2 43 13 38 11
2 27 37 43 13
2 43 14 27 37
2 1 44 43 14
2 43 15 1 44
2 43 26 43 15
2 43 17 43 26
2 23 6 43 17
2 43 19 23 6
2 37 12 43 19
2 43 22 37 12
2 43 36 43 22
2 43 23 43 36
2 6 16 43 23
2 43 25 6 16
2 43 18 43 25
2 43 26 43 18
2 38 12 43 26
2 43 28 38 12
2 44 21 43 28
2 43 30 43 37
2 18 11 43 30
2 43 31 18 11
2 5 37 43 31
2 43 32 5 37
2 43 35 43 32
2 43 34 43 35
2 32 5 43 34
2 43 35 32 5
2 37 16 43 35
2 43 36 37 16
2 43 27 43 36
2 43 38 43 27
2 40 3 43 38
2 43 39 40 3
2 34 19 43 39
2 43 40 34 19
2 5 32 43 40
2 43 41 5 32
2 14 15 43 41
2 43 42 5 32
2 37 16 43 42
2 43 43 5 32
2 11 46 43 43
2 43 44 5 32
2 43 37 43 44
2 43 45 5 32
2 1 3 43 45
2 43 46 1 3
2 40 35 43 46
2 44 2 5 32
2 30 6 44 2
2 44 3 5 32
2 34 20 44 3
2 44 4 5 32
2 40 36 44 4
2 44 5 5 32
2 21 28 44 5
2 44 6 5 32
2 1 44 44 6
2 44 8 1 44
2 44 27 44 8
2 44 13 1 44
2 38 11 44 13
2 44 14 1 44
2 30 12 44 14
2 44 16 1 44
2 25 20 44 16
2 44 18 1 44
2 32 5 44 18
2 44 19 1 44
2 36 20 44 19
2 44 21 1 44
2 32 30 44 21
2 44 23 1 44
2 46 46 44 23
2 44 24 1 44
2 41 26 44 24
2 44 25 1 44
2 3 22 44 25
2 44 26 1 44
2 32 42 44 26
2 44 27 1 44
2 26 36 44 27
2 44 29 1 44
2 43 29 44 29
2 44 30 1 44
2 21 8 44 30
2 44 31 1 44
2 3 38 44 31
2 44 35 1 44
2 27 37 44 35
2 44 36 1 44
2 9 36 44 36
2 44 38 1 44
2 13 26 44 38
2 44 42 1 44
2 40 43 44 42
2 44 43 1 44
2 8 30 44 43
2 44 46 1 44
2 36 39 44 46
2 45 1 1 44
2 31 44 45 1
2 45 3 1 44
2 14 45 45 3
2 45 4 1 44
2 46 28 45 4
2 45 5 1 44
2 43 3 45 5
2 45 6 1 44
2 11 34 45 6
2 45 8 1 44
2 28 4 45 8
2 45 9 1 44
2 43 18 45 9
2 45 11 1 44
2 19 16 45 11
2 45 14 1 44
2 23 6 45 14
2 45 15 1 44
2 5 37 45 15
2 45 17 1 44
2 42 8 45 17
2 45 18 1 44
2 36 8 45 18
2 45 19 1 44
2 14 4 45 19
2 45 20 1 44
2 36 15 45 20
2 45 21 1 44
2 16 33 45 21
2 45 22 1 44
2 20 29 45 22
2 45 23 1 44
2 40 40 45 23
2 45 24 1 44
2 38 33 45 24
2 45 27 1 44
2 7 7 45 27
2 45 29 1 44
2 39 11 45 29
2 45 30 1 44
2 6 16 45 30
2 45 32 1 44
2 30 10 45 32
2 45 33 1 44
2 37 12 45 33
2 45 34 1 44
2 19 34 45 34
2 45 35 1 44
2 19 28 45 35
2 45 36 1 44
2 22 22 45 36
2 45 37 1 44
2 38 12 45 37
2 45 38 1 44
2 27 23 45 38
2 45 41 1 44
2 4 4 45 41
2 45 42 1 44
2 39 23 45 42
2 45 44 1 44
2 35 28 45 44
2 46 1 1 44
2 10 9 46 1
2 46 5 1 44
2 18 11 46 5
2 46 7 1 44
2 46 30 46 7
2 46 9 1 44
2 21 30 46 9
2 46 10 1 44
2 15 34 46 10
2 46 11 1 44
2 28 21 46 11
2 46 12 1 44
2 26 19 46 12
2 46 13 1 44
2 29 28 46 13
2 46 14 1 44
2 34 24 46 14
2 46 15 1 44
2 1 23 46 15
2 46 16 1 23
2 21 5 46 16
2 46 17 1 23
2 24 39 46 17
2 46 19 1 23
2 21 26 46 19
2 46 20 1 23
2 42 43 46 20
2 46 24 1 23
2 33 4 46 24
2 46 26 1 23
2 24 30 46 26
2 46 27 1 23
2 32 20 46 27
2 46 28 1 23
2 5 5 46 28
2 46 29 1 23
2 11 39 46 29
2 46 30 1 23
2 26 9 46 30
2 46 31 1 23
2 2 40 46 31
2 46 32 1 23
2 1 3 46 32
2 46 33 1 3
2 3 4 46 33
2 46 34 1 3
2 38 14 46 34
2 46 36 1 3
2 1 15 46 36
2 46 37 1 3
2 29 32 46 37
2 46 38 1 3
2 7 17 46 38
2 46 41 1 3
2 32 41 46 41
2 46 42 1 3
2 46 2 46 42
2 46 43 1 3
2 41 41 46 43
2 46 44 1 3
2 38 43 46 44
2 46 45 1 3
2 38 13 46 45
2 46 46 1 3
2 16 18 46 46
