4796
2 1 1 14 19
2 25 10 1 1
2 1 2 25 10
2 23 45 1 2
2 1 3 23 45
2 36 4 1 3
2 1 4 36 4
2 42 10 1 4
2 1 5 42 10
2 16 44 1 5
2 1 6 16 44
2 8 45 1 6
2 1 7 8 45
2 18 3 1 7
2 1 8 18 3
2 10 1 1 8
2 1 9 10 1
2 46 23 1 9
2 1 10 46 23
2 17 42 1 10
2 1 11 17 42
2 22 7 1 11
2 1 12 22 7
2 2 45 1 12
2 1 13 2 45
2 8 14 1 13
2 1 14 8 14
2 42 44 1 14
2 1 15 42 44
2 8 33 1 15
2 1 16 8 33
2 2 28 1 16
2 1 17 2 28
2 43 28 1 17
2 1 18 43 28
2 45 41 1 18
2 1 19 45 41
2 27 26 1 19
2 1 20 27 26
2 4 25 1 20
2 1 21 4 25
2 8 8 1 21
2 1 22 8 8
2 23 48 1 22
2 1 23 23 48
2 45 21 1 23
2 1 24 45 21
2 3 1 1 24
2 1 25 3 1
2 8 27 1 25
2 1 26 8 27
2 26 9 1 26
2 1 27 26 9
2 39 2 1 27
2 1 28 39 2
2 13 22 1 28
2 1 29 13 22
2 25 30 1 29
2 1 30 25 30
2 24 5 1 30
2 1 31 24 5
2 10 42 1 31
2 1 32 10 42
2 20 7 1 32
2 1 33 20 7
2 21 28 1 33
2 1 34 21 28
2 11 41 1 34
2 1 35 11 41
2 37 1 1 35
2 1 36 37 1
2 7 10 1 36
2 1 37 7 10
2 23 14 1 37
2 1 38 23 14
2 39 18 1 38
2 1 39 39 18
2 36 30 1 39
2 1 40 36 30
2 10 46 1 40
2 1 41 10 46
2 47 36 1 41
2 1 42 47 36
2 18 44 1 42
2 1 43 18 44
2 14 5 1 43
2 1 44 14 5
2 20 23 1 44
2 1 45 20 23
2 37 37 1 45
2 1 46 37 37
2 46 25 1 46
2 1 47 46 25
2 14 32 1 47
2 1 48 14 32
2 25 18 1 48
2 1 49 25 18
2 43 28 1 49
2 2 1 43 28
2 11 14 2 1
2 2 2 11 14
2 6 30 2 2
2 2 3 6 30
2 31 6 2 3
2 2 4 31 6
2 47 30 2 4
2 2 5 47 30
2 16 49 2 5
2 2 6 16 49
2 29 24 2 6
2 2 7 29 24
2 36 23 2 7
2 2 8 36 23
2 23 19 2 8
2 2 9 23 19
2 38 34 2 9
2 2 10 38 34
2 33 39 2 10
2 2 11 33 39
2 38 13 2 11
2 2 12 38 13
2 27 2 2 12
2 2 13 27 2
2 19 12 2 13
2 2 14 19 12
2 28 5 2 14
2 2 15 28 5
2 24 46 2 15
2 2 16 24 46
2 18 41 2 16
2 2 17 18 41
2 32 49 2 17
2 2 18 32 49
2 42 41 2 18
2 2 19 42 41
2 18 4 2 19
2 2 20 18 4
2 34 34 2 20
2 2 21 34 34
2 47 42 2 21
2 2 22 47 42
2 19 36 2 22
2 2 23 19 36
2 16 34 2 23
2 2 24 16 34
2 8 36 2 24
2 2 25 8 36
2 35 23 2 25
2 2 26 35 23
2 11 29 2 26
2 2 27 11 29
2 9 14 2 27
2 2 28 9 14
2 30 1 2 28
2 2 29 30 1
2 26 45 2 29
2 2 30 26 45
2 19 19 2 30
2 2 31 19 19
2 6 31 2 31
2 2 32 6 31
2 20 4 2 32
2 2 33 20 4
2 5 45 2 33
2 2 34 5 45
2 7 38 2 34
2 2 35 7 38
2 27 7 2 35
2 2 36 27 7
2 47 44 2 36
2 2 37 47 44
2 44 41 2 37
2 2 38 44 41
2 16 47 2 38
2 2 39 16 47
2 17 38 2 39
2 2 40 17 38
2 33 17 2 40
2 2 41 33 17
2 21 14 2 41
2 2 42 21 14
2 45 21 2 42
2 2 43 45 21
2 30 23 2 43
2 2 44 30 23
2 20 38 2 44
2 2 45 20 38
2 19 15 2 45
2 2 46 19 15
2 45 47 2 46
2 2 47 45 47
2 39 13 2 47
2 2 48 39 13
2 5 1 2 48
2 2 49 5 1
2 35 46 2 49
2 3 1 35 46
2 17 47 3 1
2 3 2 17 47
2 4 4 3 2
2 3 3 4 4
2 19 11 3 3
2 3 4 19 11
2 40 18 3 4
2 3 5 40 18
2 8 13 3 5
2 3 6 8 13
2 15 44 3 6
2 3 7 15 44
2 27 14 3 7
2 3 8 27 14
2 35 14 3 8
2 3 9 35 14
2 18 45 3 9
2 3 10 18 45
2 33 31 3 10
2 3 11 33 31
2 27 4 3 11
2 3 12 27 4
2 12 5 3 12
2 3 13 12 5
2 32 36 3 13
2 3 14 32 36
2 41 45 3 14
2 3 15 41 45
2 36 14 3 15
2 3 16 36 14
2 43 25 3 16
2 3 17 43 25
2 47 22 3 17
2 3 18 47 22
2 19 37 3 18
2 3 19 19 37
2 31 28 3 19
2 3 20 31 28
2 19 31 3 20
2 3 21 19 31
2 25 2 3 21
2 3 22 25 2
2 12 7 3 22
2 3 23 12 7
2 26 25 3 23
2 3 24 26 25
2 15 25 3 24
2 3 25 15 25
2 43 15 3 25
2 3 26 43 15
2 35 19 3 26
2 3 27 35 19
2 34 15 3 27
2 3 28 34 15
2 10 35 3 28
2 3 29 10 35
2 37 1 3 29
2 3 30 37 1
2 9 40 3 30
2 3 31 9 40
2 4 23 3 31
2 3 32 4 23
2 8 33 3 32
2 3 33 8 33
2 46 36 3 33
2 3 34 46 36
2 43 49 3 34
2 3 35 43 49
2 23 15 3 35
2 3 36 23 15
2 45 6 3 36
2 3 37 45 6
2 34 47 3 37
2 3 38 34 47
2 47 29 3 38
2 3 39 47 29
2 21 2 3 39
2 3 40 21 2
2 49 46 3 40
2 3 41 49 46
2 35 40 3 41
2 3 42 35 40
2 29 19 3 42
2 3 43 29 19
2 5 45 3 43
2 3 44 5 45
2 39 47 3 44
2 3 45 39 47
2 48 8 3 45
2 3 46 48 8
2 29 45 3 46
2 3 47 29 45
2 39 6 3 47
2 3 48 39 6
2 26 6 3 48
2 3 49 26 6
2 26 43 3 49
2 4 1 26 43
2 45 24 4 1
2 4 2 45 24
2 4 19 4 2
2 4 3 4 19
2 12 4 4 3
2 4 4 12 4
2 46 23 4 4
2 4 5 46 23
2 33 15 4 5
2 4 6 33 15
2 14 44 4 6
2 4 7 14 44
2 8 24 4 7
2 4 8 8 24
2 19 37 4 8
2 4 9 19 37
2 17 4 4 9
2 4 10 17 4
2 35 14 4 10
2 4 11 35 14
2 15 2 4 11
2 4 12 15 2
2 21 24 4 12
2 4 13 21 24
2 37 7 4 13
2 4 14 37 7
2 8 36 4 14
2 4 15 8 36
2 30 3 4 15
2 4 16 30 3
2 30 35 4 16
2 4 17 30 35
2 30 14 4 17
2 4 18 30 14
2 28 16 4 18
2 4 19 28 16
2 26 32 4 19
2 4 20 26 32
2 19 36 4 20
2 4 21 19 36
2 29 23 4 21
2 4 22 29 23
2 18 46 4 22
2 4 23 18 46
2 13 31 4 23
2 4 24 13 31
2 49 28 4 24
2 4 25 49 28
2 43 48 4 25
2 4 26 43 48
2 11 16 4 26
2 4 27 11 16
2 49 39 4 27
2 4 28 49 39
2 9 29 4 28
2 4 29 9 29
2 17 9 4 29
2 4 30 17 9
2 36 6 4 30
2 4 31 36 6
2 21 46 4 31
2 4 32 21 46
2 25 5 4 32
2 4 33 25 5
2 47 7 4 33
2 4 34 47 7
2 44 35 4 34
2 4 35 44 35
2 4 49 4 35
2 4 36 4 49
2 49 36 4 36
2 4 37 49 36
2 47 13 4 37
2 4 38 47 13
2 36 19 4 38
2 4 39 36 19
2 14 1 4 39
2 4 40 14 1
2 7 40 4 40
2 4 41 7 40
2 39 28 4 41
2 4 42 39 28
2 30 2 4 42
2 4 43 30 2
2 10 16 4 43
2 4 44 10 16
2 47 39 4 44
2 4 45 47 39
2 25 16 4 45
2 4 46 25 16
2 49 43 4 46
2 4 47 49 43
2 10 10 4 47
2 4 48 10 10
2 45 18 4 48
2 4 49 45 18
2 24 42 4 49
2 5 1 24 42
2 42 31 5 1
2 5 2 42 31
2 49 41 5 2
2 5 3 49 41
2 20 26 5 3
2 5 5 20 26
2 9 43 5 5
2 5 6 9 43
2 25 11 5 6
2 5 7 25 11
2 26 37 5 7
2 5 8 26 37
2 32 49 5 8
2 5 9 32 49
2 28 23 5 9
2 5 10 28 23
2 12 9 5 10
2 5 11 12 9
2 10 15 5 11
2 5 12 10 15
2 17 34 5 12
2 5 13 17 34
2 25 19 5 13
2 5 14 25 19
2 10 33 5 14
2 5 15 10 33
2 49 45 5 15
2 5 16 49 45
2 23 34 5 16
2 5 17 23 34
2 16 49 5 17
2 5 18 16 49
2 17 3 5 18
2 5 19 17 3
2 47 21 5 19
2 5 20 47 21
2 44 11 5 20
2 5 21 44 11
2 47 38 5 21
2 5 22 47 38
2 39 18 5 22
2 5 23 39 18
2 31 5 5 23
2 5 24 31 5
2 23 37 5 24
2 5 25 23 37
2 39 43 5 25
2 5 26 39 43
2 18 18 5 26
2 5 27 18 18
2 29 18 5 27
2 5 28 29 18
2 43 33 5 28
2 5 29 43 33
2 30 34 5 29
2 5 30 30 34
2 48 15 5 30
2 5 31 48 15
2 10 37 5 31
2 5 32 10 37
2 37 39 5 32
2 5 33 37 39
2 40 42 5 33
2 5 34 40 42
2 13 38 5 34
2 5 35 13 38
2 47 47 5 35
2 5 36 47 47
2 16 10 5 36
2 5 37 16 10
2 31 15 5 37
2 5 38 31 15
2 8 14 5 38
2 5 39 8 14
2 33 49 5 39
2 5 40 33 49
2 36 40 5 40
2 5 41 36 40
2 17 11 5 41
2 5 42 17 11
2 27 40 5 42
2 5 43 27 40
2 10 9 5 43
2 5 44 10 9
2 40 46 5 44
2 5 45 40 46
2 16 49 5 45
2 5 46 16 49
2 10 4 5 46
2 5 47 10 4
2 7 39 5 47
2 5 48 7 39
2 9 37 5 48
2 5 49 9 37
2 11 37 5 49
2 6 1 11 37
2 17 15 6 1
2 6 2 17 15
2 38 41 6 2
2 6 3 38 41
2 44 11 6 3
2 6 4 44 11
2 39 42 6 4
2 6 5 39 42
2 32 12 6 5
2 6 6 32 12
2 23 11 6 6
2 6 7 23 11
2 6 33 6 7
2 6 8 6 33
2 45 23 6 8
2 6 9 45 23
2 48 13 6 9
2 6 10 48 13
2 45 9 6 10
2 6 11 45 9
2 24 32 6 11
2 6 12 24 32
2 43 48 6 12
2 6 13 43 48
2 19 46 6 13
2 6 14 19 46
2 43 46 6 14
2 6 15 43 46
2 20 13 6 15
2 6 16 20 13
2 40 36 6 16
2 6 17 40 36
2 11 44 6 17
2 6 18 11 44
2 29 33 6 18
2 6 19 29 33
2 24 4 6 19
2 6 20 24 4
2 28 46 6 20
2 6 21 28 46
2 15 41 6 21
2 6 22 15 41
2 18 49 6 22
2 6 23 18 49
2 27 43 6 23
2 6 24 27 43
2 36 23 6 24
2 6 25 36 23
2 11 16 6 25
2 6 26 11 16
2 28 1 6 26
2 6 27 28 1
2 20 5 6 27
2 6 28 20 5
2 43 14 6 28
2 6 29 43 14
2 12 46 6 29
2 6 30 12 46
2 43 35 6 30
2 6 31 43 35
2 44 40 6 31
2 6 32 44 40
2 30 4 6 32
2 6 33 30 4
2 24 11 6 33
2 6 34 24 11
2 40 18 6 34
2 6 35 40 18
2 38 8 6 35
2 6 36 38 8
2 49 37 6 36
2 6 37 49 37
2 14 31 6 37
2 6 38 14 31
2 47 39 6 38
2 6 39 47 39
2 35 17 6 39
2 6 40 35 17
2 32 39 6 40
2 6 41 32 39
2 29 11 6 41
2 6 42 29 11
2 34 19 6 42
2 6 43 34 19
2 28 33 6 43
2 6 44 28 33
2 9 17 6 44
2 6 45 9 17
2 21 6 6 45
2 6 46 21 6
2 44 30 6 46
2 6 47 44 30
2 35 46 6 47
2 6 48 35 46
2 18 33 6 48
2 6 49 18 33
2 12 25 6 49
2 7 1 12 25
2 46 47 7 1
2 7 2 46 47
2 9 43 7 2
2 7 3 9 43
2 48 46 7 3
2 7 4 48 46
2 20 44 7 4
2 7 5 20 44
2 16 49 7 5
2 7 6 16 49
2 21 38 7 6
2 7 7 21 38
2 13 6 7 7
2 7 8 13 6
2 24 9 7 8
2 7 9 24 9
2 40 33 7 9
2 7 10 40 33
2 15 26 7 10
2 7 11 15 26
2 19 21 7 11
2 7 12 19 21
2 49 4 7 12
2 7 13 49 4
2 29 18 7 13
2 7 14 29 18
2 7 22 7 14
2 7 15 7 22
2 40 1 7 15
2 7 16 40 1
2 39 9 7 16
2 7 17 39 9
2 18 9 7 17
2 7 18 18 9
2 34 30 7 18
2 7 19 34 30
2 8 28 7 19
2 7 20 8 28
2 13 40 7 20
2 7 21 13 40
2 31 26 7 21
2 7 22 31 26
2 43 7 7 22
2 7 23 43 7
2 43 19 7 23
2 7 24 43 19
2 39 2 7 24
2 7 25 39 2
2 41 3 7 25
2 7 26 41 3
2 40 2 7 26
2 7 27 40 2
2 20 9 7 27
2 7 28 20 9
2 23 16 7 28
2 7 29 23 16
2 27 32 7 29
2 7 30 27 32
2 36 45 7 30
2 7 31 36 45
2 7 47 7 31
2 7 32 7 47
2 27 48 7 32
2 7 33 27 48
2 8 7 7 33
2 7 34 8 7
2 10 21 7 34
2 7 35 10 21
2 40 30 7 35
2 7 36 40 30
2 42 4 7 36
2 7 37 42 4
2 42 45 7 37
2 7 38 42 45
2 45 47 7 38
2 7 39 45 47
2 18 47 7 39
2 7 40 18 47
2 30 34 7 40
2 7 41 30 34
2 17 23 7 41
2 7 42 17 23
2 23 7 7 42
2 7 43 23 7
2 26 39 7 43
2 7 44 26 39
2 35 9 7 44
2 7 45 35 9
2 38 27 7 45
2 7 46 38 27
2 8 12 7 46
2 7 47 8 12
2 30 47 7 47
2 7 48 30 47
2 19 2 7 48
2 7 49 19 2
2 35 40 7 49
2 8 1 35 40
2 15 37 8 1
2 8 2 15 37
2 37 1 8 2
2 8 3 37 1
2 22 24 8 3
2 8 4 22 24
2 33 39 8 4
2 8 5 33 39
2 26 12 8 5
2 8 6 26 12
2 39 38 8 6
2 8 7 39 38
2 49 42 8 7
2 8 8 49 42
2 35 10 8 8
2 8 9 35 10
2 17 5 8 9
2 8 10 17 5
2 41 34 8 10
2 8 11 41 34
2 37 9 8 11
2 8 12 37 9
2 26 4 8 12
2 8 13 26 4
2 14 33 8 13
2 8 14 14 33
2 37 17 8 14
2 8 15 37 17
2 28 30 8 15
2 8 16 28 30
2 18 17 8 16
2 8 17 18 17
2 21 45 8 17
2 8 18 21 45
2 41 29 8 18
2 8 19 41 29
2 9 20 8 19
2 8 20 9 20
2 49 46 8 20
2 8 21 49 46
2 32 42 8 21
2 8 22 32 42
2 19 15 8 22
2 8 23 19 15
2 24 14 8 23
2 8 24 24 14
2 33 30 8 24
2 8 25 33 30
2 36 27 8 25
2 8 26 36 27
2 27 39 8 26
2 8 27 27 39
2 22 40 8 27
2 8 28 22 40
2 36 6 8 28
2 8 29 36 6
2 39 30 8 29
2 8 30 39 30
2 20 1 8 30
2 8 31 20 1
2 32 8 8 31
2 8 32 32 8
2 19 21 8 32
2 8 33 19 21
2 41 17 8 33
2 8 34 41 17
2 34 19 8 34
2 8 35 34 19
2 41 17 8 35
2 8 36 41 17
2 13 3 8 36
2 8 37 13 3
2 14 36 8 37
2 8 38 14 36
2 46 14 8 38
2 8 39 46 14
2 29 33 8 39
2 8 40 29 33
2 43 44 8 40
2 8 41 43 44
2 48 12 8 41
2 8 42 48 12
2 15 11 8 42
2 8 43 15 11
2 26 31 8 43
2 8 44 26 31
2 48 47 8 44
2 8 45 48 47
2 49 23 8 45
2 8 46 49 23
2 18 17 8 46
2 8 47 18 17
2 45 31 8 47
2 8 48 45 31
2 9 49 8 48
2 8 49 9 49
2 13 22 8 49
2 9 1 13 22
2 31 6 9 1
2 9 2 31 6
2 20 1 9 2
2 9 3 20 1
2 10 49 9 3
2 9 4 10 49
2 23 4 9 4
2 9 5 23 4
2 34 40 9 5
2 9 6 34 40
2 23 25 9 6
2 9 7 23 25
2 46 32 9 7
2 9 8 46 32
2 13 29 9 8
2 9 9 13 29
2 35 14 9 9
2 9 10 35 14
2 24 8 9 10
2 9 11 24 8
2 41 20 9 11
2 9 12 41 20
2 42 2 9 12
2 9 13 42 2
2 39 2 9 13
2 9 14 39 2
2 48 19 9 14
2 9 15 48 19
2 26 29 9 15
2 9 16 26 29
2 18 31 9 16
2 9 17 18 31
2 48 33 9 17
2 9 18 48 33
2 20 29 9 18
2 9 19 20 29
2 36 2 9 19
2 9 20 36 2
2 45 18 9 20
2 9 21 45 18
2 12 49 9 21
2 9 22 12 49
2 30 27 9 22
2 9 23 30 27
2 27 25 9 23
2 9 24 27 25
2 47 13 9 24
2 9 25 47 13
2 46 29 9 25
2 9 26 46 29
2 25 5 9 26
2 9 27 25 5
2 43 29 9 27
2 9 28 43 29
2 22 43 9 28
2 9 29 22 43
2 49 14 9 29
2 9 30 49 14
2 31 27 9 30
2 9 31 31 27
2 31 6 9 31
2 9 32 31 6
2 44 33 9 32
2 9 33 44 33
2 21 43 9 33
2 9 34 21 43
2 21 7 9 34
2 9 35 21 7
2 33 36 9 35
2 9 36 33 36
2 30 30 9 36
2 9 37 30 30
2 27 34 9 37
2 9 38 27 34
2 16 24 9 38
2 9 39 16 24
2 41 49 9 39
2 9 40 41 49
2 26 42 9 40
2 9 41 26 42
2 30 4 9 41
2 9 42 30 4
2 30 12 9 42
2 9 43 30 12
2 30 47 9 43
2 9 44 30 47
2 34 14 9 44
2 9 45 34 14
2 44 37 9 45
2 9 46 44 37
2 12 4 9 46
2 9 47 12 4
2 14 22 9 47
2 9 48 14 22
2 34 12 9 48
2 9 49 34 12
2 39 10 9 49
2 10 1 39 10
2 25 28 10 1
2 10 2 25 28
2 44 7 10 2
2 10 3 44 7
2 49 1 10 3
2 10 4 49 1
2 20 9 10 4
2 10 5 20 9
2 18 20 10 5
2 10 6 18 20
2 36 21 10 6
2 10 7 36 21
2 25 5 10 7
2 10 8 25 5
2 16 42 10 8
2 10 9 16 42
2 12 43 10 9
2 10 10 12 43
2 27 23 10 10
2 10 11 27 23
2 43 28 10 11
2 10 12 43 28
2 34 39 10 12
2 10 13 34 39
2 45 31 10 13
2 10 14 45 31
2 27 13 10 14
2 10 15 27 13
2 22 33 10 15
2 10 16 22 33
2 39 30 10 16
2 10 17 39 30
2 20 45 10 17
2 10 18 20 45
2 47 28 10 18
2 10 19 47 28
2 25 6 10 19
2 10 20 25 6
2 36 29 10 20
2 10 21 36 29
2 11 23 10 21
2 10 22 11 23
2 37 17 10 22
2 10 23 37 17
2 48 15 10 23
2 10 24 48 15
2 12 1 10 24
2 10 25 12 1
2 14 7 10 25
2 10 26 14 7
2 43 30 10 26
2 10 27 43 30
2 35 3 10 27
2 10 28 35 3
2 12 42 10 28
2 10 29 12 42
2 19 19 10 29
2 10 30 19 19
2 31 9 10 30
2 10 31 31 9
2 46 38 10 31
2 10 33 46 38
2 29 39 10 33
2 10 34 29 39
2 21 9 10 34
2 10 35 21 9
2 17 40 10 35
2 10 36 17 40
2 21 23 10 36
2 10 37 21 23
2 41 19 10 37
2 10 38 41 19
2 22 16 10 38
2 10 39 22 16
2 22 29 10 39
2 10 40 22 29
2 26 25 10 40
2 10 41 26 25
2 20 14 10 41
2 10 42 20 14
2 17 37 10 42
2 10 43 17 37
2 46 20 10 43
2 10 44 46 20
2 30 45 10 44
2 10 45 30 45
2 35 7 10 45
2 10 46 35 7
2 23 16 10 46
2 10 47 23 16
2 48 9 10 47
2 10 48 48 9
2 11 13 10 48
2 10 49 11 13
2 35 2 10 49
2 11 1 35 2
2 20 8 11 1
2 11 2 20 8
2 24 31 11 2
2 11 3 24 31
2 22 17 11 3
2 11 4 22 17
2 13 10 11 4
2 11 5 13 10
2 48 29 11 5
2 11 6 48 29
2 19 48 11 6
2 11 7 19 48
2 26 44 11 7
2 11 8 26 44
2 49 18 11 8
2 11 9 49 18
2 27 4 11 9
2 11 10 27 4
2 14 17 11 10
2 11 11 14 17
2 32 13 11 11
2 11 12 32 13
2 41 5 11 12
2 11 13 41 5
2 25 15 11 13
2 11 14 25 15
2 19 24 11 14
2 11 15 19 24
2 20 21 11 15
2 11 16 20 21
2 29 2 11 16
2 11 17 29 2
2 45 3 11 17
2 11 18 45 3
2 22 14 11 18
2 11 19 22 14
2 17 3 11 19
2 11 20 17 3
2 35 38 11 20
2 11 21 35 38
2 25 28 11 21
2 11 22 25 28
2 37 16 11 22
2 11 23 37 16
2 39 49 11 23
2 11 24 39 49
2 14 20 11 24
2 11 25 14 20
2 12 44 11 25
2 11 26 12 44
2 34 8 11 26
2 11 27 34 8
2 42 7 11 27
2 11 28 42 7
2 33 47 11 28
2 11 29 33 47
2 42 8 11 29
2 11 30 42 8
2 20 10 11 30
2 11 31 20 10
2 23 9 11 31
2 11 32 23 9
2 49 26 11 32
2 11 33 49 26
2 40 39 11 33
2 11 34 40 39
2 34 43 11 34
2 11 35 34 43
2 30 31 11 35
2 11 36 30 31
2 46 35 11 36
2 11 37 46 35
2 25 16 11 37
2 11 38 25 16
2 25 47 11 38
2 11 39 25 47
2 24 13 11 39
2 11 40 24 13
2 16 23 11 40
2 11 41 16 23
2 48 25 11 41
2 11 42 48 25
2 43 26 11 42
2 11 43 43 26
2 47 29 11 43
2 11 44 47 29
2 17 16 11 44
2 11 45 17 16
2 25 29 11 45
2 11 46 25 29
2 25 14 11 46
2 11 47 25 14
2 46 27 11 47
2 11 48 46 27
2 45 29 11 48
2 11 49 45 29
2 24 49 11 49
2 12 1 24 49
2 44 6 12 1
2 12 2 44 6
2 39 39 12 2
2 12 3 39 39
2 37 11 12 3
2 12 4 37 11
2 17 17 12 4
2 12 5 17 17
2 39 47 12 5
2 12 6 39 47
2 37 37 12 6
2 12 7 37 37
2 26 32 12 7
2 12 8 26 32
2 36 15 12 8
2 12 9 36 15
2 17 11 12 9
2 12 10 17 11
2 17 36 12 10
2 12 11 17 36
2 37 8 12 11
2 12 12 37 8
2 42 36 12 12
2 12 13 42 36
2 16 44 12 13
2 12 14 16 44
2 18 38 12 14
2 12 15 18 38
2 17 49 12 15
2 12 16 17 49
2 26 37 12 16
2 12 17 26 37
2 48 9 12 17
2 12 18 48 9
2 27 19 12 18
2 12 19 27 19
2 27 25 12 19
2 12 20 27 25
2 12 49 12 20
2 12 21 12 49
2 20 16 12 21
2 12 22 20 16
2 41 29 12 22
2 12 23 41 29
2 18 1 12 23
2 12 24 18 1
2 22 45 12 24
2 12 25 22 45
2 48 20 12 25
2 12 26 48 20
2 40 12 12 26
2 12 27 40 12
2 37 20 12 27
2 12 28 37 20
2 40 37 12 28
2 12 29 40 37
2 44 12 12 29
2 12 30 44 12
2 13 28 12 30
2 12 31 13 28
2 45 3 12 31
2 12 32 45 3
2 18 42 12 32
2 12 33 18 42
2 39 11 12 33
2 12 34 39 11
2 40 18 12 34
2 12 35 40 18
2 18 2 12 35
2 12 36 18 2
2 47 15 12 36
2 12 37 47 15
2 46 2 12 37
2 12 38 46 2
2 42 49 12 38
2 12 39 42 49
2 49 23 12 39
2 12 40 49 23
2 14 44 12 40
2 12 41 14 44
2 17 23 12 41
2 12 42 17 23
2 22 20 12 42
2 12 43 22 20
2 41 35 12 43
2 12 44 41 35
2 48 49 12 44
2 12 45 48 49
2 43 30 12 45
2 12 46 43 30
2 16 24 12 46
2 12 47 16 24
2 18 48 12 47
2 12 48 18 48
2 21 3 12 48
2 12 49 21 3
2 22 3 12 49
2 13 1 22 3
2 24 33 13 1
2 13 2 24 33
2 26 19 13 2
2 13 3 26 19
2 29 45 13 3
2 13 4 29 45
2 27 7 13 4
2 13 5 27 7
2 15 22 13 5
2 13 6 15 22
2 14 37 13 6
2 13 7 14 37
2 47 46 13 7
2 13 8 47 46
2 19 27 13 8
2 13 9 19 27
2 38 4 13 9
2 13 10 38 4
2 14 33 13 10
2 13 11 14 33
2 15 20 13 11
2 13 12 15 20
2 26 44 13 12
2 13 13 26 44
2 19 38 13 13
2 13 14 19 38
2 45 22 13 14
2 13 15 45 22
2 33 17 13 15
2 13 16 33 17
2 13 43 13 16
2 13 17 13 43
2 48 27 13 17
2 13 18 48 27
2 37 17 13 18
2 13 19 37 17
2 29 45 13 19
2 13 20 29 45
2 24 4 13 20
2 13 21 24 4
2 41 15 13 21
2 13 22 41 15
2 34 5 13 22
2 13 23 34 5
2 42 8 13 23
2 13 24 42 8
2 33 5 13 24
2 13 25 33 5
2 23 26 13 25
2 13 26 23 26
2 41 48 13 26
2 13 27 41 48
2 22 4 13 27
2 13 28 22 4
2 38 15 13 28
2 13 29 38 15
2 37 7 13 29
2 13 30 37 7
2 31 31 13 30
2 13 31 31 31
2 44 29 13 31
2 13 32 44 29
2 44 20 13 32
2 13 33 44 20
2 15 14 13 33
2 13 34 15 14
2 36 25 13 34
2 13 35 36 25
2 44 44 13 35
2 13 36 44 44
2 30 6 13 36
2 13 37 30 6
2 17 24 13 37
2 13 38 17 24
2 49 11 13 38
2 13 39 49 11
2 38 2 13 39
2 13 40 38 2
2 18 31 13 40
2 13 41 18 31
2 40 23 13 41
2 13 42 40 23
2 31 4 13 42
2 13 43 31 4
2 40 5 13 43
2 13 44 40 5
2 36 25 13 44
2 13 45 36 25
2 15 46 13 45
2 13 46 15 46
2 39 10 13 46
2 13 47 39 10
2 24 1 13 47
2 13 48 24 1
2 28 43 13 48
2 13 49 28 43
2 31 12 13 49
2 14 1 31 12
2 31 35 14 1
2 14 2 31 35
2 38 33 14 2
2 14 3 38 33
2 29 35 14 3
2 14 4 29 35
2 17 27 14 4
2 14 5 17 27
2 33 5 14 5
2 14 6 33 5
2 20 18 14 6
2 14 7 20 18
2 21 17 14 7
2 14 8 21 17
2 24 20 14 8
2 14 9 24 20
2 32 15 14 9
2 14 10 32 15
2 18 49 14 10
2 14 11 18 49
2 32 26 14 11
2 14 12 32 26
2 39 47 14 12
2 14 13 39 47
2 38 33 14 13
2 14 14 38 33
2 25 21 14 14
2 14 15 25 21
2 32 21 14 15
2 14 16 32 21
2 23 22 14 16
2 14 17 23 22
2 20 46 14 17
2 14 18 20 46
2 44 19 14 18
2 14 19 44 19
2 17 11 14 19
2 14 20 17 11
2 22 9 14 20
2 14 21 22 9
2 23 12 14 21
2 14 22 23 12
2 31 16 14 22
2 14 23 31 16
2 28 42 14 23
2 14 24 28 42
2 17 23 14 24
2 14 25 17 23
2 26 8 14 25
2 14 26 26 8
2 18 30 14 26
2 14 27 18 30
2 26 44 14 27
2 14 28 26 44
2 46 7 14 28
2 14 29 46 7
2 43 30 14 29
2 14 30 43 30
2 36 41 14 30
2 14 31 36 41
2 39 48 14 31
2 14 32 39 48
2 31 11 14 32
2 14 33 31 11
2 30 22 14 33
2 14 34 30 22
2 15 23 14 34
2 14 35 15 23
2 28 37 14 35
2 14 36 28 37
2 35 47 14 36
2 14 37 35 47
2 34 38 14 37
2 14 38 34 38
2 48 18 14 38
2 14 39 48 18
2 14 41 14 39
2 14 40 14 41
2 40 42 14 40
2 14 41 40 42
2 29 40 14 41
2 14 42 29 40
2 38 5 14 42
2 14 43 38 5
2 44 35 14 43
2 14 44 44 35
2 30 11 14 44
2 14 45 30 11
2 45 25 14 45
2 14 46 45 25
2 20 18 14 46
2 14 47 20 18
2 23 45 14 47
2 14 48 23 45
2 25 32 14 48
2 14 49 25 32
2 24 36 14 49
2 15 1 24 36
2 43 36 15 1
2 15 2 43 36
2 43 39 15 2
2 15 3 43 39
2 34 6 15 3
2 15 4 34 6
2 20 29 15 4
2 15 5 20 29
2 27 20 15 5
2 15 6 27 20
2 40 17 15 6
2 15 7 40 17
2 48 46 15 7
2 15 8 48 46
2 22 27 15 8
2 15 9 22 27
2 40 39 15 9
2 15 10 40 39
2 30 16 15 10
2 15 11 30 16
2 21 37 15 11
2 15 12 21 37
2 26 10 15 12
2 15 13 26 10
2 48 35 15 13
2 15 14 48 35
2 42 1 15 14
2 15 15 42 1
2 42 10 15 15
2 15 16 42 10
2 35 4 15 16
2 15 17 35 4
2 36 3 15 17
2 15 18 36 3
2 20 22 15 18
2 15 19 20 22
2 31 48 15 19
2 15 20 31 48
2 16 23 15 20
2 15 21 16 23
2 49 32 15 21
2 15 22 49 32
2 31 11 15 22
2 15 23 31 11
2 38 25 15 23
2 15 24 38 25
2 25 28 15 24
2 15 25 25 28
2 43 17 15 25
2 15 26 43 17
2 35 37 15 26
2 15 27 35 37
2 25 26 15 27
2 15 28 25 26
2 18 23 15 28
2 15 29 18 23
2 15 49 15 29
2 15 30 15 49
2 24 48 15 30
2 15 31 24 48
2 36 19 15 31
2 15 32 36 19
2 42 23 15 32
2 15 33 42 23
2 47 22 15 33
2 15 34 47 22
2 39 26 15 34
2 15 35 39 26
2 22 10 15 35
2 15 36 22 10
2 27 28 15 36
2 15 37 27 28
2 45 4 15 37
2 15 38 45 4
2 46 25 15 38
2 15 39 46 25
2 45 29 15 39
2 15 40 45 29
2 29 19 15 40
2 15 41 29 19
2 34 31 15 41
2 15 42 34 31
2 40 37 15 42
2 15 43 40 37
2 16 43 15 43
2 15 44 16 43
2 19 34 15 44
2 15 45 19 34
2 41 43 15 45
2 15 46 41 43
2 48 24 15 46
2 15 47 48 24
2 38 32 15 47
2 15 48 38 32
2 28 46 15 48
2 15 49 28 46
2 47 9 15 49
2 16 1 47 9
2 37 38 16 1
2 16 2 37 38
2 37 11 16 2
2 16 3 37 11
2 48 24 16 3
2 16 4 48 24
2 21 22 16 4
2 16 5 21 22
2 23 1 16 5
2 16 6 23 1
2 49 27 16 6
2 16 7 49 27
2 28 39 16 7
2 16 8 28 39
2 37 17 16 8
2 16 9 37 17
2 45 49 16 9
2 16 10 45 49
2 39 21 16 10
2 16 11 39 21
2 31 13 16 11
2 16 12 31 13
2 33 21 16 12
2 16 13 33 21
2 32 19 16 13
2 16 14 32 19
2 37 5 16 14
2 16 15 37 5
2 41 7 16 15
2 16 16 41 7
2 49 40 16 16
2 16 17 49 40
2 42 2 16 17
2 16 18 42 2
2 44 4 16 18
2 16 19 44 4
2 17 14 16 19
2 16 20 17 14
2 45 15 16 20
2 16 21 45 15
2 47 10 16 21
2 16 22 47 10
2 20 28 16 22
2 16 23 20 28
2 30 8 16 23
2 16 24 30 8
2 46 23 16 24
2 16 25 46 23
2 40 17 16 25
2 16 26 40 17
2 22 7 16 26
2 16 27 22 7
2 19 13 16 27
2 16 28 19 13
2 36 16 16 28
2 16 29 36 16
2 36 13 16 29
2 16 30 36 13
2 32 5 16 30
2 16 31 32 5
2 46 14 16 31
2 16 32 46 14
2 30 18 16 32
2 16 33 30 18
2 34 12 16 33
2 16 34 34 12
2 34 9 16 34
2 16 35 34 9
2 17 21 16 35
2 16 36 17 21
2 34 46 16 36
2 16 37 34 46
2 29 6 16 37
2 16 38 29 6
2 43 16 16 38
2 16 39 43 16
2 21 10 16 39
2 16 40 21 10
2 36 5 16 40
2 16 41 36 5
2 30 37 16 41
2 16 42 30 37
2 17 13 16 42
2 16 43 17 13
2 42 12 16 43
2 16 44 42 12
2 25 38 16 44
2 16 45 25 38
2 49 5 16 45
2 16 46 49 5
2 45 28 16 46
2 16 47 45 28
2 37 4 16 47
2 16 48 37 4
2 31 4 16 48
2 16 49 31 4
2 29 6 16 49
2 17 1 29 6
2 22 30 17 1
2 17 2 22 30
2 39 3 17 2
2 17 3 39 3
2 25 41 17 3
2 17 4 25 41
2 47 10 17 4
2 17 5 47 10
2 38 30 17 5
2 17 6 38 30
2 46 40 17 6
2 17 7 46 40
2 47 36 17 7
2 17 8 47 36
2 49 36 17 8
2 17 9 49 36
2 41 17 17 9
2 17 10 41 17
2 23 7 17 10
2 17 11 23 7
2 30 14 17 11
2 17 12 30 14
2 47 41 17 12
2 17 13 47 41
2 36 14 17 13
2 17 14 36 14
2 42 48 17 14
2 17 15 42 48
2 22 41 17 15
2 17 16 22 41
2 38 42 17 16
2 17 17 38 42
2 32 36 17 17
2 17 18 32 36
2 33 46 17 18
2 17 19 33 46
2 28 48 17 19
2 17 20 28 48
2 32 32 17 20
2 17 21 32 32
2 18 27 17 21
2 17 22 18 27
2 34 48 17 22
2 17 23 34 48
2 30 47 17 23
2 17 24 30 47
2 43 28 17 24
2 17 25 43 28
2 29 36 17 25
2 17 26 29 36
2 27 5 17 26
2 17 27 27 5
2 39 47 17 27
2 17 28 39 47
2 23 32 17 28
2 17 29 23 32
2 40 38 17 29
2 17 30 40 38
2 49 3 17 30
2 17 31 49 3
2 33 3 17 31
2 17 32 33 3
2 36 26 17 32
2 17 33 36 26
2 41 10 17 33
2 17 34 41 10
2 48 31 17 34
2 17 35 48 31
2 39 37 17 35
2 17 36 39 37
2 22 36 17 36
2 17 37 22 36
2 46 35 17 37
2 17 38 46 35
2 29 14 17 38
2 17 39 29 14
2 40 21 17 39
2 17 40 40 21
2 28 24 17 40
2 17 41 28 24
2 19 29 17 41
2 17 42 19 29
2 31 44 17 42
2 17 43 31 44
2 25 43 17 43
2 17 44 25 43
2 36 32 17 44
2 17 45 36 32
2 49 27 17 45
2 17 46 49 27
2 25 1 17 46
2 17 47 25 1
2 24 11 17 47
2 17 48 24 11
2 31 4 17 48
2 17 49 31 4
2 47 23 17 49
2 18 1 47 23
2 43 23 18 1
2 18 2 43 23
2 42 7 18 2
2 18 3 42 7
2 19 48 18 3
2 18 4 19 48
2 28 25 18 4
2 18 5 28 25
2 31 33 18 5
2 18 6 31 33
2 49 42 18 6
2 18 7 49 42
2 47 27 18 7
2 18 8 47 27
2 45 34 18 8
2 18 9 45 34
2 43 11 18 9
2 18 10 43 11
2 31 33 18 10
2 18 11 31 33
2 49 20 18 11
2 18 12 49 20
2 33 11 18 12
2 18 13 33 11
2 32 49 18 13
2 18 14 32 49
2 41 45 18 14
2 18 15 41 45
2 42 3 18 15
2 18 16 42 3
2 31 14 18 16
2 18 17 31 14
2 30 34 18 17
2 18 18 30 34
2 42 48 18 18
2 18 20 42 48
2 49 4 18 20
2 18 21 49 4
2 19 11 18 21
2 18 22 19 11
2 49 5 18 22
2 18 23 49 5
2 46 13 18 23
2 18 24 46 13
2 43 26 18 24
2 18 25 43 26
2 32 23 18 25
2 18 26 32 23
2 29 36 18 26
2 18 27 29 36
2 27 37 18 27
2 18 28 27 37
2 30 1 18 28
2 18 29 30 1
2 38 46 18 29
2 18 30 38 46
2 34 5 18 30
2 18 31 34 5
2 33 37 18 31
2 18 32 33 37
2 27 14 18 32
2 18 33 27 14
2 38 15 18 33
2 18 34 38 15
2 29 14 18 34
2 18 35 29 14
2 35 14 18 35
2 18 36 35 14
2 31 2 18 36
2 18 37 31 2
2 26 16 18 37
2 18 38 26 16
2 39 35 18 38
2 18 39 39 35
2 35 14 18 39
2 18 40 35 14
2 42 1 18 40
2 18 41 42 1
2 43 45 18 41
2 18 42 43 45
2 30 8 18 42
2 18 43 30 8
2 37 21 18 43
2 18 44 37 21
2 45 33 18 44
2 18 45 45 33
2 40 15 18 45
2 18 46 40 15
2 46 49 18 46
2 18 47 46 49
2 40 35 18 47
2 18 48 40 35
2 35 43 18 48
2 18 49 35 43
2 32 41 18 49
2 19 1 32 41
2 21 8 19 1
2 19 2 21 8
2 43 1 19 2
2 19 3 43 1
2 20 7 19 3
2 19 4 20 7
2 26 38 19 4
2 19 5 26 38
2 24 39 19 5
2 19 6 24 39
2 36 6 19 6
2 19 7 36 6
2 30 2 19 7
2 19 8 30 2
2 20 18 19 8
2 19 9 20 18
2 32 7 19 9
2 19 10 32 7
2 42 34 19 10
2 19 11 42 34
2 24 9 19 11
2 19 12 24 9
2 42 4 19 12
2 19 13 42 4
2 22 25 19 13
2 19 14 22 25
2 42 15 19 14
2 19 15 42 15
2 28 23 19 15
2 19 16 28 23
2 19 26 19 16
2 19 17 19 26
2 25 28 19 17
2 19 18 25 28
2 22 21 19 18
2 19 19 22 21
2 40 11 19 19
2 19 20 40 11
2 37 39 19 20
2 19 21 37 39
2 46 20 19 21
2 19 22 46 20
2 40 18 19 22
2 19 23 40 18
2 47 17 19 23
2 19 24 47 17
2 43 49 19 24
2 19 25 43 49
2 35 44 19 25
2 19 26 35 44
2 41 3 19 26
2 19 27 41 3
2 28 22 19 27
2 19 28 28 22
2 43 1 19 28
2 19 29 43 1
2 21 47 19 29
2 19 30 21 47
2 34 37 19 30
2 19 31 34 37
2 32 6 19 31
2 19 32 32 6
2 28 22 19 32
2 19 33 28 22
2 39 30 19 33
2 19 34 39 30
2 35 1 19 34
2 19 35 35 1
2 29 33 19 35
2 19 36 29 33
2 41 24 19 36
2 19 37 41 24
2 44 42 19 37
2 19 38 44 42
2 21 1 19 38
2 19 39 21 1
2 26 46 19 39
2 19 40 26 46
2 21 7 19 40
2 19 41 21 7
2 20 14 19 41
2 19 42 20 14
2 35 14 19 42
2 19 43 35 14
2 41 11 19 43
2 19 44 41 11
2 22 23 19 44
2 19 45 22 23
2 39 20 19 45
2 19 46 39 20
2 22 42 19 46
2 19 47 22 42
2 26 1 19 47
2 19 48 26 1
2 29 19 19 48
2 19 49 29 19
2 30 26 19 49
2 20 1 30 26
2 27 21 20 1
2 20 2 27 21
2 45 2 20 2
2 20 3 45 2
2 20 27 20 3
2 20 4 20 27
2 49 16 20 4
2 20 5 49 16
2 22 7 20 5
2 20 6 22 7
2 48 27 20 6
2 20 7 48 27
2 47 26 20 7
2 20 8 47 26
2 43 33 20 8
2 20 9 43 33
2 24 48 20 9
2 20 10 24 48
2 47 36 20 10
2 20 11 47 36
2 43 28 20 11
2 20 12 43 28
2 27 14 20 12
2 20 13 27 14
2 36 9 20 13
2 20 14 36 9
2 40 41 20 14
2 20 15 40 41
2 40 9 20 15
2 20 16 40 9
2 31 16 20 16
2 20 17 31 16
2 27 18 20 17
2 20 18 27 18
2 34 46 20 18
2 20 19 34 46
2 41 33 20 19
2 20 20 41 33
2 44 48 20 20
2 20 21 44 48
2 34 1 20 21
2 20 22 34 1
2 27 5 20 22
2 20 23 27 5
2 34 13 20 23
2 20 24 34 13
2 49 16 20 24
2 20 25 49 16
2 21 18 20 25
2 20 26 21 18
2 31 11 20 26
2 20 27 31 11
2 20 32 20 27
2 20 28 20 32
2 44 27 20 28
2 20 29 44 27
2 47 46 20 29
2 20 30 47 46
2 33 8 20 30
2 20 31 33 8
2 42 37 20 31
2 20 32 42 37
2 40 14 20 32
2 20 33 40 14
2 28 49 20 33
2 20 34 28 49
2 31 37 20 34
2 20 35 31 37
2 27 40 20 35
2 20 36 27 40
2 48 41 20 36
2 20 37 48 41
2 47 19 20 37
2 20 38 47 19
2 30 9 20 38
2 20 39 30 9
2 34 8 20 39
2 20 40 34 8
2 28 11 20 40
2 20 41 28 11
2 22 41 20 41
2 20 42 22 41
2 29 30 20 42
2 20 43 29 30
2 37 32 20 43
2 20 44 37 32
2 23 2 20 44
2 20 45 23 2
2 48 20 20 45
2 20 46 48 20
2 21 46 20 46
2 20 47 21 46
2 29 12 20 47
2 20 48 29 12
2 22 41 20 48
2 20 49 22 41
2 28 16 20 49
2 21 1 28 16
2 32 13 21 1
2 21 2 32 13
2 31 15 21 2
2 21 3 31 15
2 39 26 21 3
2 21 4 39 26
2 44 7 21 4
2 21 5 44 7
2 47 49 21 5
2 21 6 47 49
2 33 30 21 6
2 21 7 33 30
2 46 2 21 7
2 21 8 46 2
2 22 28 21 8
2 21 9 22 28
2 26 27 21 9
2 21 10 26 27
2 32 23 21 10
2 21 11 32 23
2 32 18 21 11
2 21 12 32 18
2 30 3 21 12
2 21 13 30 3
2 26 8 21 13
2 21 14 26 8
2 23 40 21 14
2 21 15 23 40
2 26 2 21 15
2 21 16 26 2
2 47 35 21 16
2 21 17 47 35
2 32 33 21 17
2 21 18 32 33
2 36 44 21 18
2 21 19 36 44
2 47 49 21 19
2 21 20 47 49
2 37 13 21 20
2 21 21 37 13
2 25 24 21 21
2 21 22 25 24
2 41 18 21 22
2 21 23 41 18
2 42 15 21 23
2 21 24 42 15
2 47 18 21 24
2 21 25 47 18
2 30 16 21 25
2 21 26 30 16
2 31 27 21 26
2 21 27 31 27
2 41 17 21 27
2 21 28 41 17
2 31 25 21 28
2 21 29 31 25
2 45 5 21 29
2 21 30 45 5
2 25 20 21 30
2 21 31 25 20
2 44 38 21 31
2 21 32 44 38
2 24 29 21 32
2 21 33 24 29
2 39 11 21 33
2 21 34 39 11
2 41 25 21 34
2 21 35 41 25
2 38 17 21 35
2 21 36 38 17
2 28 40 21 36
2 21 37 28 40
2 40 30 21 37
2 21 38 40 30
2 31 4 21 38
2 21 39 31 4
2 22 37 21 39
2 21 40 22 37
2 23 41 21 40
2 21 41 23 41
2 27 47 21 41
2 21 42 27 47
2 28 23 21 42
2 21 43 28 23
2 46 16 21 43
2 21 44 46 16
2 44 39 21 44
2 21 45 44 39
2 36 9 21 45
2 21 46 36 9
2 23 28 21 46
2 21 47 23 28
2 39 35 21 47
2 21 48 39 35
2 46 32 21 48
2 21 49 46 32
2 42 34 21 49
2 22 1 42 34
2 22 38 22 1
2 22 2 22 38
2 38 25 22 2
2 22 3 38 25
2 40 15 22 3
2 22 4 40 15
2 40 20 22 4
2 22 5 40 20
2 41 14 22 5
2 22 6 41 14
2 40 41 22 6
2 22 7 40 41
2 36 40 22 7
2 22 8 36 40
2 25 34 22 8
2 22 9 25 34
2 48 24 22 9
2 22 10 48 24
2 25 5 22 10
2 22 11 25 5
2 35 4 22 11
2 22 12 35 4
2 33 45 22 12
2 22 13 33 45
2 30 48 22 13
2 22 14 30 48
2 29 13 22 14
2 22 15 29 13
2 24 16 22 15
2 22 16 24 16
2 31 36 22 16
2 22 17 31 36
2 23 2 22 17
2 22 18 23 2
2 46 30 22 18
2 22 19 46 30
2 32 8 22 19
2 22 20 32 8
2 26 42 22 20
2 22 21 26 42
2 44 14 22 21
2 22 22 44 14
2 44 6 22 22
2 22 23 44 6
2 26 27 22 23
2 22 24 26 27
2 30 4 22 24
2 22 25 30 4
2 47 15 22 25
2 22 26 47 15
2 24 27 22 26
2 22 27 24 27
2 39 12 22 27
2 22 28 39 12
2 33 17 22 28
2 22 29 33 17
2 42 45 22 29
2 22 30 42 45
2 32 27 22 30
2 22 31 32 27
2 35 2 22 31
2 22 32 35 2
2 30 17 22 32
2 22 33 30 17
2 40 22 22 33
2 22 34 40 22
2 42 44 22 34
2 22 35 42 44
2 47 24 22 35
2 22 36 47 24
2 34 23 22 36
2 22 37 34 23
2 39 11 22 37
2 22 38 39 11
2 36 21 22 38
2 22 39 36 21
2 43 28 22 39
2 22 40 43 28
2 26 25 22 40
2 22 41 26 25
2 46 48 22 41
2 22 42 46 48
2 28 19 22 42
2 22 43 28 19
2 33 22 22 43
2 22 44 33 22
2 36 38 22 44
2 22 45 36 38
2 34 18 22 45
2 22 46 34 18
2 47 12 22 46
2 22 47 47 12
2 44 26 22 47
2 22 48 44 26
2 37 24 22 48
2 22 49 37 24
2 26 35 22 49
2 23 1 26 35
2 25 4 23 1
2 23 2 25 4
2 32 8 23 2
2 23 3 32 8
2 31 30 23 3
2 23 4 31 30
2 44 2 23 4
2 23 5 44 2
2 24 2 23 5
2 23 6 24 2
2 29 28 23 6
2 23 7 29 28
2 27 22 23 7
2 23 8 27 22
2 27 15 23 8
2 23 9 27 15
2 38 37 23 9
2 23 10 38 37
2 48 44 23 10
2 23 11 48 44
2 25 14 23 11
2 23 12 25 14
2 24 5 23 12
2 23 13 24 5
2 37 46 23 13
2 23 14 37 46
2 42 37 23 14
2 23 15 42 37
2 25 21 23 15
2 23 16 25 21
2 45 10 23 16
2 23 17 45 10
2 37 7 23 17
2 23 18 37 7
2 42 25 23 18
2 23 19 42 25
2 36 28 23 19
2 23 20 36 28
2 34 14 23 20
2 23 21 34 14
2 27 24 23 21
2 23 22 27 24
2 42 2 23 22
2 23 23 42 2
2 32 16 23 23
2 23 24 32 16
2 28 21 23 24
2 23 25 28 21
2 33 33 23 25
2 23 26 33 33
2 41 33 23 26
2 23 27 41 33
2 47 12 23 27
2 23 28 47 12
2 33 39 23 28
2 23 29 33 39
2 43 46 23 29
2 23 30 43 46
2 45 10 23 30
2 23 31 45 10
2 32 12 23 31
2 23 32 32 12
2 27 43 23 32
2 23 33 27 43
2 39 40 23 33
2 23 34 39 40
2 34 49 23 34
2 23 35 34 49
2 42 29 23 35
2 23 36 42 29
2 35 37 23 36
2 23 37 35 37
2 40 29 23 37
2 23 38 40 29
2 35 24 23 38
2 23 39 35 24
2 43 13 23 39
2 23 40 43 13
2 33 41 23 40
2 23 41 33 41
2 31 22 23 41
2 23 42 31 22
2 36 27 23 42
2 23 43 36 27
2 40 20 23 43
2 23 44 40 20
2 29 48 23 44
2 23 45 29 48
2 44 39 23 45
2 23 46 44 39
2 25 32 23 46
2 23 47 25 32
2 45 15 23 47
2 23 48 45 15
2 30 6 23 48
2 23 49 30 6
2 34 12 23 49
2 24 1 34 12
2 45 40 24 1
2 24 2 45 40
2 24 10 24 2
2 24 3 24 10
2 47 33 24 3
2 24 4 47 33
2 24 5 24 4
2 24 5 24 5
2 31 32 24 5
2 24 6 31 32
2 38 23 24 6
2 24 7 38 23
2 46 49 24 7
2 24 8 46 49
2 40 16 24 8
2 24 9 40 16
2 49 3 24 9
2 24 10 49 3
2 49 19 24 10
2 24 11 49 19
2 46 19 24 11
2 24 12 46 19
2 40 39 24 12
2 24 13 40 39
2 36 18 24 13
2 24 14 36 18
2 26 49 24 14
2 24 15 26 49
2 29 1 24 15
2 24 16 29 1
2 41 30 24 16
2 24 17 41 30
2 36 3 24 17
2 24 18 36 3
2 41 23 24 18
2 24 19 41 23
2 32 28 24 19
2 24 20 32 28
2 35 19 24 20
2 24 21 35 19
2 48 38 24 21
2 24 22 48 38
2 40 47 24 22
2 24 23 40 47
2 36 34 24 23
2 24 24 36 34
2 24 36 24 24
2 24 25 24 36
2 30 39 24 25
2 24 26 30 39
2 48 34 24 26
2 24 27 48 34
2 44 21 24 27
2 24 28 44 21
2 34 33 24 28
2 24 29 34 33
2 37 29 24 29
2 24 30 37 29
2 49 16 24 30
2 24 31 49 16
2 34 38 24 31
2 24 32 34 38
2 47 21 24 32
2 24 33 47 21
2 28 10 24 33
2 24 34 28 10
2 41 10 24 34
2 24 35 41 10
2 49 47 24 35
2 24 36 49 47
2 47 13 24 36
2 24 37 47 13
2 42 35 24 37
2 24 38 42 35
2 31 9 24 38
2 24 39 31 9
2 35 5 24 39
2 24 40 35 5
2 31 4 24 40
2 24 41 31 4
2 48 23 24 41
2 24 42 48 23
2 29 29 24 42
2 24 43 29 29
2 29 32 24 43
2 24 44 29 32
2 28 37 24 44
2 24 45 28 37
2 29 30 24 45
2 24 46 29 30
2 35 13 24 46
2 24 47 35 13
2 26 42 24 47
2 24 48 26 42
2 41 16 24 48
2 24 49 41 16
2 48 11 24 49
2 25 1 48 11
2 37 4 25 1
2 25 2 37 4
2 30 42 25 2
2 25 3 30 42
2 33 30 25 3
2 25 4 33 30
2 42 27 25 4
2 25 5 42 27
2 27 15 25 5
2 25 6 27 15
2 25 27 25 6
2 25 7 25 27
2 32 18 25 7
2 25 8 32 18
2 28 25 25 8
2 25 9 28 25
2 27 20 25 9
2 25 10 27 20
2 32 14 25 10
2 25 11 32 14
2 49 13 25 11
2 25 12 49 13
2 39 47 25 12
2 25 13 39 47
2 37 8 25 13
2 25 14 37 8
2 29 17 25 14
2 25 15 29 17
2 28 23 25 15
2 25 16 28 23
2 39 39 25 16
2 25 17 39 39
2 27 45 25 17
2 25 18 27 45
2 42 29 25 18
2 25 19 42 29
2 37 49 25 19
2 25 20 37 49
2 27 46 25 20
2 25 21 27 46
2 46 49 25 21
2 25 22 46 49
2 25 37 25 22
2 25 23 25 37
2 35 7 25 23
2 25 24 35 7
2 38 21 25 24
2 25 25 38 21
2 48 17 25 25
2 25 26 48 17
2 31 23 25 26
2 25 27 31 23
2 42 14 25 27
2 25 28 42 14
2 47 22 25 28
2 25 29 47 22
2 44 48 25 29
2 25 30 44 48
2 34 28 25 30
2 25 31 34 28
2 45 2 25 31
2 25 32 45 2
2 41 28 25 32
2 25 33 41 28
2 45 49 25 33
2 25 34 45 49
2 27 4 25 34
2 25 35 27 4
2 49 40 25 35
2 25 36 49 40
2 41 3 25 36
2 25 37 41 3
2 39 25 25 37
2 25 38 39 25
2 27 44 25 38
2 25 39 27 44
2 41 29 25 39
2 25 40 41 29
2 42 23 25 40
2 25 41 42 23
2 35 37 25 41
2 25 42 35 37
2 33 48 25 42
2 25 43 33 48
2 47 6 25 43
2 25 44 47 6
2 46 12 25 44
2 25 45 46 12
2 49 19 25 45
2 25 46 49 19
2 29 23 25 46
2 25 47 29 23
2 28 19 25 47
2 25 48 28 19
2 45 8 25 48
2 25 49 45 8
2 42 19 25 49
2 26 1 42 19
2 37 41 26 1
2 26 2 37 41
2 37 29 26 2
2 26 3 37 29
2 27 5 26 3
2 26 4 27 5
2 27 4 26 4
2 26 5 27 4
2 48 26 26 5
2 26 6 48 26
2 30 39 26 6
2 26 7 30 39
2 43 9 26 7
2 26 8 43 9
2 26 22 26 8
2 26 9 26 22
2 49 35 26 9
2 26 10 49 35
2 33 16 26 10
2 26 11 33 16
2 34 31 26 11
2 26 12 34 31
2 44 19 26 12
2 26 13 44 19
2 39 46 26 13
2 26 14 39 46
2 26 44 26 14
2 26 15 26 44
2 27 12 26 15
2 26 16 27 12
2 48 41 26 16
2 26 17 48 41
2 27 23 26 17
2 26 18 27 23
2 39 18 26 18
2 26 19 39 18
2 37 32 26 19
2 26 20 37 32
2 38 19 26 20
2 26 21 38 19
2 47 17 26 21
2 26 22 47 17
2 48 28 26 22
2 26 23 48 28
2 28 36 26 23
2 26 24 28 36
2 38 32 26 24
2 26 25 38 32
2 27 17 26 25
2 26 26 27 17
2 39 43 26 26
2 26 27 39 43
2 45 16 26 27
2 26 28 45 16
2 36 16 26 28
2 26 29 36 16
2 28 36 26 29
2 26 30 28 36
2 47 37 26 30
2 26 31 47 37
2 37 39 26 31
2 26 32 37 39
2 27 19 26 32
2 26 33 27 19
2 49 49 26 33
2 26 34 49 49
2 30 23 26 34
2 26 35 30 23
2 35 3 26 35
2 26 36 35 3
2 38 36 26 36
2 26 37 38 36
2 36 26 26 37
2 26 38 36 26
2 39 24 26 38
2 26 39 39 24
2 29 48 26 39
2 26 40 29 48
2 32 46 26 40
2 26 41 32 46
2 40 10 26 41
2 26 42 40 10
2 29 45 26 42
2 26 43 29 45
2 30 21 26 43
2 26 44 30 21
2 36 22 26 44
2 26 45 36 22
2 43 9 26 45
2 26 46 43 9
2 30 13 26 46
2 26 47 30 13
2 43 39 26 47
2 26 48 43 39
2 48 21 26 48
2 26 49 48 21
2 27 16 26 49
2 27 1 27 16
2 41 42 27 1
2 27 2 41 42
2 31 17 27 2
2 27 3 31 17
2 34 42 27 3
2 27 4 34 42
2 43 36 27 4
2 27 5 43 36
2 41 45 27 5
2 27 6 41 45
2 27 41 27 6
2 27 7 27 41
2 41 14 27 7
2 27 8 41 14
2 38 15 27 8
2 27 9 38 15
2 37 5 27 9
2 27 10 37 5
2 46 47 27 10
2 27 11 46 47
2 34 6 27 11
2 27 12 34 6
2 40 33 27 12
2 27 13 40 33
2 30 33 27 13
2 27 14 30 33
2 41 46 27 14
2 27 15 41 46
2 32 40 27 15
2 27 16 32 40
2 46 35 27 16
2 27 17 46 35
2 40 24 27 17
2 27 18 40 24
2 29 36 27 18
2 27 19 29 36
2 47 40 27 19
2 27 20 47 40
2 45 18 27 20
2 27 21 45 18
2 43 32 27 21
2 27 22 43 32
2 44 33 27 22
2 27 23 44 33
2 28 8 27 23
2 27 24 28 8
2 48 26 27 24
2 27 25 48 26
2 49 10 27 25
2 27 26 49 10
2 34 37 27 26
2 27 27 34 37
2 39 48 27 27
2 27 28 39 48
2 38 3 27 28
2 27 29 38 3
2 33 19 27 29
2 27 30 33 19
2 40 24 27 30
2 27 31 40 24
2 45 29 27 31
2 27 32 45 29
2 28 29 27 32
2 27 33 28 29
2 34 46 27 33
2 27 34 34 46
2 32 15 27 34
2 27 35 32 15
2 30 18 27 35
2 27 36 30 18
2 41 38 27 36
2 27 37 41 38
2 45 7 27 37
2 27 38 45 7
2 30 19 27 38
2 27 39 30 19
2 31 12 27 39
2 27 40 31 12
2 45 18 27 40
2 27 41 45 18
2 43 42 27 41
2 27 42 43 42
2 33 44 27 42
2 27 43 33 44
2 34 21 27 43
2 27 44 34 21
2 47 47 27 44
2 27 45 47 47
2 42 33 27 45
2 27 46 42 33
2 36 16 27 46
2 27 47 36 16
2 47 3 27 47
2 27 48 47 3
2 42 44 27 48
2 27 49 42 44
2 32 24 27 49
2 28 1 32 24
2 29 45 28 1
2 28 2 29 45
2 32 12 28 2
2 28 3 32 12
2 44 46 28 3
2 28 4 44 46
2 30 26 28 4
2 28 5 30 26
2 49 16 28 5
2 28 6 49 16
2 32 15 28 6
2 28 7 32 15
2 49 37 28 7
2 28 8 49 37
2 33 37 28 8
2 28 9 33 37
2 30 28 28 9
2 28 10 30 28
2 29 1 28 10
2 28 11 29 1
2 42 45 28 11
2 28 12 42 45
2 44 17 28 12
2 28 13 44 17
2 35 30 28 13
2 28 14 35 30
2 40 34 28 14
2 28 15 40 34
2 42 32 28 15
2 28 16 42 32
2 30 45 28 16
2 28 17 30 45
2 29 33 28 17
2 28 18 29 33
2 28 19 28 18
2 28 19 28 19
2 35 25 28 19
2 28 20 35 25
2 49 32 28 20
2 28 21 49 32
2 38 33 28 21
2 28 22 38 33
2 42 36 28 22
2 28 23 42 36
2 38 43 28 23
2 28 24 38 43
2 44 30 28 24
2 28 25 44 30
2 46 49 28 25
2 28 26 46 49
2 29 42 28 26
2 28 27 29 42
2 45 32 28 27
2 28 28 45 32
2 46 33 28 28
2 28 29 46 33
2 33 28 28 29
2 28 30 33 28
2 41 39 28 30
2 28 31 41 39
2 40 47 28 31
2 28 32 40 47
2 48 4 28 32
2 28 33 48 4
2 46 10 28 33
2 28 34 46 10
2 41 41 28 34
2 28 35 41 41
2 31 3 28 35
2 28 36 31 3
2 34 18 28 36
2 28 37 34 18
2 30 36 28 37
2 28 38 30 36
2 31 23 28 38
2 28 39 31 23
2 49 35 28 39
2 28 40 49 35
2 43 39 28 40
2 28 41 43 39
2 39 38 28 41
2 28 42 39 38
2 47 26 28 42
2 28 43 47 26
2 33 27 28 43
2 28 44 33 27
2 32 38 28 44
2 28 45 32 38
2 49 12 28 45
2 28 46 49 12
2 43 10 28 46
2 28 47 43 10
2 32 25 28 47
2 28 48 32 25
2 34 29 28 48
2 28 49 34 29
2 49 33 28 49
2 29 1 49 33
2 35 4 29 1
2 29 2 35 4
2 49 40 29 2
2 29 3 49 40
2 29 19 29 3
2 29 4 29 19
2 44 38 29 4
2 29 5 44 38
2 29 12 29 5
2 29 6 29 12
2 43 47 29 6
2 29 7 43 47
2 45 2 29 7
2 29 8 45 2
2 29 21 29 8
2 29 9 29 21
2 47 4 29 9
2 29 10 47 4
2 33 7 29 10
2 29 11 33 7
2 34 28 29 11
2 29 12 34 28
2 42 30 29 12
2 29 13 42 30
2 46 6 29 13
2 29 14 46 6
2 44 4 29 14
2 29 15 44 4
2 36 1 29 15
2 29 16 36 1
2 34 24 29 16
2 29 17 34 24
2 48 14 29 17
2 29 18 48 14
2 49 41 29 18
2 29 19 49 41
2 39 43 29 19
2 29 20 39 43
2 29 39 29 20
2 29 21 29 39
2 38 39 29 21
2 29 22 38 39
2 47 17 29 22
2 29 23 47 17
2 46 44 29 23
2 29 24 46 44
2 35 14 29 24
2 29 25 35 14
2 33 29 29 25
2 29 26 33 29
2 42 19 29 26
2 29 27 42 19
2 35 3 29 27
2 29 28 35 3
2 43 45 29 28
2 29 29 43 45
2 40 44 29 29
2 29 30 40 44
2 43 43 29 30
2 29 31 43 43
2 32 12 29 31
2 29 32 32 12
2 31 24 29 32
2 29 33 31 24
2 44 42 29 33
2 29 34 44 42
2 31 45 29 34
2 29 35 31 45
2 31 26 29 35
2 29 36 31 26
2 33 4 29 36
2 29 37 33 4
2 29 40 29 37
2 29 38 29 40
2 42 36 29 38
2 29 39 42 36
2 39 48 29 39
2 29 40 39 48
2 38 5 29 40
2 29 41 38 5
2 39 2 29 41
2 29 42 39 2
2 45 33 29 42
2 29 43 45 33
2 38 48 29 43
2 29 44 38 48
2 35 41 29 44
2 29 45 35 41
2 49 25 29 45
2 29 46 49 25
2 49 26 29 46
2 29 47 49 26
2 35 30 29 47
2 29 48 35 30
2 36 19 29 48
2 29 49 36 19
2 37 40 29 49
2 30 1 37 40
2 34 5 30 1
2 30 2 34 5
2 45 18 30 2
2 30 3 45 18
2 49 5 30 3
2 30 4 49 5
2 38 14 30 4
2 30 5 38 14
2 39 2 30 5
2 30 6 39 2
2 44 4 30 6
2 30 7 44 4
2 39 16 30 7
2 30 8 39 16
2 30 38 30 8
2 30 9 30 38
2 33 40 30 9
2 30 10 33 40
2 34 25 30 10
2 30 11 34 25
2 33 40 30 11
2 30 12 33 40
2 39 28 30 12
2 30 13 39 28
2 42 31 30 13
2 30 14 42 31
2 37 13 30 14
2 30 15 37 13
2 45 28 30 15
2 30 16 45 28
2 46 3 30 16
2 30 17 46 3
2 41 32 30 17
2 30 18 41 32
2 35 23 30 18
2 30 19 35 23
2 34 23 30 19
2 30 20 34 23
2 39 48 30 20
2 30 21 39 48
2 49 21 30 21
2 30 22 49 21
2 32 40 30 22
2 30 23 32 40
2 40 9 30 23
2 30 24 40 9
2 49 4 30 24
2 30 25 49 4
2 42 11 30 25
2 30 26 42 11
2 37 19 30 26
2 30 27 37 19
2 32 43 30 27
2 30 28 32 43
2 47 1 30 28
2 30 29 47 1
2 31 43 30 29
2 30 30 31 43
2 47 46 30 30
2 30 31 47 46
2 33 9 30 31
2 30 32 33 9
2 39 13 30 32
2 30 33 39 13
2 47 40 30 33
2 30 34 47 40
2 38 7 30 34
2 30 35 38 7
2 32 26 30 35
2 30 36 32 26
2 39 22 30 36
2 30 37 39 22
2 33 3 30 37
2 30 38 33 3
2 38 18 30 38
2 30 39 38 18
2 38 45 30 39
2 30 40 38 45
2 46 16 30 40
2 30 41 46 16
2 41 12 30 41
2 30 42 41 12
2 46 48 30 42
2 30 43 46 48
2 46 18 30 43
2 30 44 46 18
2 33 33 30 44
2 30 45 33 33
2 49 34 30 45
2 30 46 49 34
2 31 2 30 46
2 30 47 31 2
2 31 3 30 47
2 30 48 31 3
2 43 12 30 48
2 30 49 43 12
2 46 24 30 49
2 31 1 46 24
2 41 40 31 1
2 31 2 41 40
2 31 16 31 2
2 31 3 31 16
2 44 11 31 3
2 31 4 44 11
2 45 12 31 4
2 31 5 45 12
2 43 17 31 5
2 31 6 43 17
2 43 35 31 6
2 31 7 43 35
2 34 17 31 7
2 31 8 34 17
2 48 8 31 8
2 31 9 48 8
2 48 34 31 9
2 31 10 48 34
2 47 38 31 10
2 31 11 47 38
2 41 44 31 11
2 31 12 41 44
2 45 7 31 12
2 31 13 45 7
2 34 41 31 13
2 31 14 34 41
2 43 19 31 14
2 31 15 43 19
2 45 49 31 15
2 31 16 45 49
2 49 24 31 16
2 31 17 49 24
2 34 23 31 17
2 31 18 34 23
2 44 39 31 18
2 31 19 44 39
2 43 39 31 19
2 31 20 43 39
2 45 10 31 20
2 31 21 45 10
2 49 27 31 21
2 31 22 49 27
2 46 34 31 22
2 31 23 46 34
2 44 31 31 23
2 31 24 44 31
2 34 15 31 24
2 31 25 34 15
2 33 13 31 25
2 31 26 33 13
2 42 30 31 26
2 31 27 42 30
2 36 44 31 27
2 31 28 36 44
2 47 46 31 28
2 31 29 47 46
2 37 37 31 29
2 31 30 37 37
2 41 3 31 30
2 31 31 41 3
2 45 46 31 31
2 31 32 45 46
2 48 16 31 32
2 31 33 48 16
2 39 47 31 33
2 31 34 39 47
2 34 31 31 34
2 31 35 34 31
2 37 43 31 35
2 31 36 37 43
2 49 11 31 36
2 31 37 49 11
2 33 24 31 37
2 31 38 33 24
2 48 9 31 38
2 31 39 48 9
2 45 18 31 39
2 31 40 45 18
2 48 45 31 40
2 31 41 48 45
2 48 48 31 41
2 31 42 48 48
2 31 45 31 42
2 31 43 31 45
2 40 14 31 43
2 31 44 40 14
2 44 12 31 44
2 31 45 44 12
2 40 28 31 45
2 31 46 40 28
2 46 13 31 46
2 31 47 46 13
2 49 32 31 47
2 31 48 49 32
2 42 9 31 48
2 31 49 42 9
2 38 10 31 49
2 32 1 38 10
2 37 30 32 1
2 32 2 37 30
2 36 31 32 2
2 32 3 36 31
2 45 25 32 3
2 32 4 45 25
2 47 9 32 4
2 32 5 47 9
2 44 43 32 5
2 32 6 44 43
2 43 2 32 6
2 32 7 43 2
2 42 33 32 7
2 32 8 42 33
2 47 37 32 8
2 32 9 47 37
2 32 38 32 9
2 32 10 32 38
2 33 46 32 10
2 32 11 33 46
2 47 38 32 11
2 32 12 47 38
2 40 32 32 12
2 32 13 40 32
2 35 41 32 13
2 32 14 35 41
2 33 40 32 14
2 32 15 33 40
2 39 15 32 15
2 32 16 39 15
2 39 29 32 16
2 32 17 39 29
2 40 16 32 17
2 32 18 40 16
2 49 41 32 18
2 32 19 49 41
2 49 48 32 19
2 32 20 49 48
2 38 47 32 20
2 32 21 38 47
2 36 7 32 21
2 32 22 36 7
2 44 15 32 22
2 32 23 44 15
2 33 26 32 23
2 32 24 33 26
2 41 17 32 24
2 32 25 41 17
2 33 14 32 25
2 32 26 33 14
2 37 1 32 26
2 32 27 37 1
2 43 49 32 27
2 32 28 43 49
2 37 43 32 28
2 32 29 37 43
2 40 11 32 29
2 32 30 40 11
2 44 36 32 30
2 32 31 44 36
2 38 48 32 31
2 32 32 38 48
2 46 34 32 32
2 32 33 46 34
2 34 44 32 33
2 32 34 34 44
2 46 35 32 34
2 32 35 46 35
2 45 46 32 35
2 32 36 45 46
2 47 9 32 36
2 32 37 47 9
2 43 10 32 37
2 32 38 43 10
2 47 41 32 38
2 32 39 47 41
2 49 25 32 39
2 32 40 49 25
2 41 8 32 40
2 32 41 41 8
2 38 26 32 41
2 32 42 38 26
2 34 16 32 42
2 32 43 34 16
2 47 33 32 43
2 32 44 47 33
2 33 22 32 44
2 32 45 33 22
2 36 20 32 45
2 32 46 36 20
2 43 38 32 46
2 32 47 43 38
2 44 41 32 47
2 32 48 44 41
2 39 45 32 48
2 32 49 39 45
2 49 35 32 49
2 33 1 49 35
2 46 44 33 1
2 33 2 46 44
2 36 46 33 2
2 33 3 36 46
2 41 33 33 3
2 33 4 41 33
2 45 37 33 4
2 33 5 45 37
2 36 40 33 5
2 33 6 36 40
2 45 37 33 6
2 33 7 45 37
2 37 19 33 7
2 33 8 37 19
2 40 20 33 8
2 33 9 40 20
2 47 25 33 9
2 33 10 47 25
2 34 10 33 10
2 33 11 34 10
2 49 10 33 11
2 33 12 49 10
2 35 20 33 12
2 33 13 35 20
2 43 15 33 13
2 33 14 43 15
2 41 33 33 14
2 33 15 41 33
2 36 41 33 15
2 33 16 36 41
2 38 16 33 16
2 33 17 38 16
2 44 19 33 17
2 33 18 44 19
2 46 36 33 18
2 33 19 46 36
2 47 6 33 19
2 33 20 47 6
2 36 30 33 20
2 33 21 36 30
2 35 46 33 21
2 33 22 35 46
2 35 27 33 22
2 33 23 35 27
2 48 34 33 23
2 33 24 48 34
2 45 32 33 24
2 33 25 45 32
2 42 9 33 25
2 33 26 42 9
2 39 16 33 26
2 33 27 39 16
2 42 3 33 27
2 33 28 42 3
2 39 24 33 28
2 33 29 39 24
2 37 37 33 29
2 33 30 37 37
2 44 21 33 30
2 33 31 44 21
2 39 1 33 31
2 33 32 39 1
2 49 42 33 32
2 33 33 49 42
2 42 11 33 33
2 33 34 42 11
2 45 49 33 34
2 33 35 45 49
2 36 17 33 35
2 33 36 36 17
2 36 36 33 36
2 33 37 36 36
2 33 38 33 37
2 33 38 33 38
2 46 4 33 38
2 33 39 46 4
2 41 19 33 39
2 33 40 41 19
2 40 3 33 40
2 33 41 40 3
2 45 4 33 41
2 33 42 45 4
2 35 13 33 42
2 33 43 35 13
2 35 7 33 43
2 33 44 35 7
2 35 26 33 44
2 33 45 35 26
2 43 8 33 45
2 33 46 43 8
2 37 33 33 46
2 33 47 37 33
2 46 6 33 47
2 33 48 46 6
2 35 22 33 48
2 33 49 35 22
2 41 2 33 49
2 34 1 41 2
2 40 1 34 1
2 34 2 40 1
2 36 8 34 2
2 34 3 36 8
2 43 38 34 3
2 34 4 43 38
2 35 9 34 4
2 34 5 35 9
2 45 47 34 5
2 34 6 45 47
2 43 18 34 6
2 34 7 43 18
2 36 48 34 7
2 34 8 36 48
2 35 41 34 8
2 34 9 35 41
2 38 48 34 9
2 34 10 38 48
2 48 4 34 10
2 34 11 48 4
2 46 48 34 11
2 34 12 46 48
2 45 31 34 12
2 34 13 45 31
2 47 21 34 13
2 34 14 47 21
2 41 28 34 14
2 34 15 41 28
2 46 29 34 15
2 34 16 46 29
2 40 1 34 16
2 34 17 40 1
2 34 44 34 17
2 34 18 34 44
2 46 19 34 18
2 34 19 46 19
2 39 17 34 19
2 34 20 39 17
2 36 20 34 20
2 34 21 36 20
2 38 7 34 21
2 34 22 38 7
2 35 22 34 22
2 34 23 35 22
2 36 1 34 23
2 34 24 36 1
2 42 3 34 24
2 34 25 42 3
2 44 32 34 25
2 34 26 44 32
2 41 2 34 26
2 34 27 41 2
2 44 4 34 27
2 34 28 44 4
2 48 12 34 28
2 34 29 48 12
2 35 38 34 29
2 34 30 35 38
2 46 43 34 30
2 34 31 46 43
2 48 45 34 31
2 34 32 48 45
2 43 39 34 32
2 34 33 43 39
2 48 47 34 33
2 34 34 48 47
2 46 9 34 34
2 34 35 46 9
2 48 20 34 35
2 34 36 48 20
2 38 32 34 36
2 34 37 38 32
2 42 3 34 37
2 34 38 42 3
2 38 9 34 38
2 34 39 38 9
2 39 10 34 39
2 34 40 39 10
2 48 15 34 40
2 34 41 48 15
2 44 2 34 41
2 34 42 44 2
2 46 46 34 42
2 34 43 46 46
2 39 5 34 43
2 34 44 39 5
2 48 27 34 44
2 34 45 48 27
2 43 44 34 45
2 34 46 43 44
2 47 46 34 46
2 34 47 47 46
2 40 35 34 47
2 34 48 40 35
2 47 39 34 48
2 34 49 47 39
2 40 9 34 49
2 35 1 40 9
2 40 4 35 1
2 35 2 40 4
2 38 17 35 2
2 35 3 38 17
2 48 7 35 3
2 35 4 48 7
2 41 15 35 4
2 35 5 41 15
2 48 13 35 5
2 35 6 48 13
2 38 39 35 6
2 35 7 38 39
2 48 18 35 7
2 35 8 48 18
2 43 29 35 8
2 35 9 43 29
2 48 11 35 9
2 35 10 48 11
2 41 19 35 10
2 35 11 41 19
2 44 29 35 11
2 35 12 44 29
2 35 27 35 12
2 35 13 35 27
2 41 29 35 13
2 35 14 41 29
2 47 26 35 14
2 35 15 47 26
2 44 38 35 15
2 35 16 44 38
2 44 13 35 16
2 35 17 44 13
2 37 10 35 17
2 35 18 37 10
2 47 28 35 18
2 35 19 47 28
2 48 12 35 19
2 35 20 48 12
2 39 23 35 20
2 35 21 39 23
2 37 48 35 21
2 35 22 37 48
2 39 14 35 22
2 35 23 39 14
2 45 40 35 23
2 35 24 45 40
2 49 22 35 24
2 35 25 49 22
2 47 6 35 25
2 35 26 47 6
2 38 25 35 26
2 35 27 38 25
2 42 49 35 27
2 35 28 42 49
2 37 5 35 28
2 35 29 37 5
2 49 47 35 29
2 35 30 49 47
2 48 7 35 30
2 35 31 48 7
2 39 36 35 31
2 35 32 39 36
2 49 13 35 32
2 35 33 49 13
2 41 15 35 33
2 35 34 41 15
2 45 15 35 34
2 35 35 45 15
2 45 29 35 35
2 35 36 45 29
2 44 28 35 36
2 35 37 44 28
2 40 11 35 37
2 35 38 40 11
2 41 43 35 38
2 35 39 41 43
2 41 30 35 39
2 35 40 41 30
2 36 18 35 40
2 35 41 36 18
2 44 16 35 41
2 35 42 44 16
2 40 41 35 42
2 35 43 40 41
2 48 36 35 43
2 35 44 48 36
2 42 3 35 44
2 35 45 42 3
2 48 2 35 45
2 35 46 48 2
2 48 22 35 46
2 35 47 48 22
2 46 20 35 47
2 35 48 46 20
2 40 30 35 48
2 35 49 40 30
2 38 36 35 49
2 36 1 38 36
2 44 11 36 1
2 36 2 44 11
2 40 39 36 2
2 36 3 40 39
2 46 25 36 3
2 36 4 46 25
2 48 20 36 4
2 36 5 48 20
2 48 35 36 5
2 36 6 48 35
2 41 48 36 6
2 36 7 41 48
2 36 21 36 7
2 36 8 36 21
2 39 22 36 8
2 36 9 39 22
2 39 33 36 9
2 36 10 39 33
2 42 8 36 10
2 36 11 42 8
2 40 45 36 11
2 36 12 40 45
2 44 49 36 12
2 36 13 44 49
2 37 31 36 13
2 36 14 37 31
2 38 49 36 14
2 36 15 38 49
2 39 41 36 15
2 36 16 39 41
2 46 48 36 16
2 36 17 46 48
2 44 9 36 17
2 36 18 44 9
2 41 43 36 18
2 36 19 41 43
2 48 7 36 19
2 36 20 48 7
2 39 5 36 20
2 36 21 39 5
2 46 18 36 21
2 36 22 46 18
2 36 31 36 22
2 36 23 36 31
2 45 28 36 23
2 36 24 45 28
2 44 21 36 24
2 36 25 44 21
2 48 40 36 25
2 36 26 48 40
2 45 10 36 26
2 36 27 45 10
2 48 10 36 27
2 36 28 48 10
2 37 45 36 28
2 36 29 37 45
2 37 8 36 29
2 36 30 37 8
2 42 25 36 30
2 36 31 42 25
2 47 12 36 31
2 36 32 47 12
2 42 49 36 32
2 36 33 42 49
2 46 22 36 33
2 36 34 46 22
2 42 2 36 34
2 36 35 42 2
2 45 14 36 35
2 36 36 45 14
2 37 10 36 36
2 36 37 37 10
2 38 36 36 37
2 36 38 38 36
2 38 44 36 38
2 36 39 38 44
2 46 36 36 39
2 36 40 46 36
2 37 39 36 40
2 36 41 37 39
2 41 32 36 41
2 36 42 41 32
2 44 36 36 42
2 36 43 44 36
2 43 16 36 43
2 36 44 43 16
2 46 45 36 44
2 36 45 46 45
2 44 28 36 45
2 36 46 44 28
2 38 38 36 46
2 36 47 38 38
2 41 13 36 47
2 36 48 41 13
2 47 28 36 48
2 36 49 47 28
2 38 14 36 49
2 37 1 38 14
2 41 25 37 1
2 37 2 41 25
2 39 43 37 2
2 37 3 39 43
2 43 15 37 3
2 37 4 43 15
2 40 49 37 4
2 37 5 40 49
2 39 32 37 5
2 37 6 39 32
2 42 30 37 6
2 37 7 42 30
2 45 20 37 7
2 37 8 45 20
2 42 21 37 8
2 37 9 42 21
2 38 48 37 9
2 37 10 38 48
2 45 31 37 10
2 37 11 45 31
2 39 40 37 11
2 37 12 39 40
2 38 45 37 12
2 37 13 38 45
2 43 33 37 13
2 37 14 43 33
2 38 47 37 14
2 37 15 38 47
2 46 23 37 15
2 37 16 46 23
2 49 18 37 16
2 37 17 49 18
2 37 26 37 17
2 37 18 37 26
2 47 34 37 18
2 37 19 47 34
2 45 39 37 19
2 37 20 45 39
2 46 36 37 20
2 37 21 46 36
2 39 29 37 21
2 37 22 39 29
2 48 46 37 22
2 37 23 48 46
2 43 17 37 23
2 37 24 43 17
2 42 15 37 24
2 37 25 42 15
2 38 5 37 25
2 37 26 38 5
2 41 21 37 26
2 37 27 41 21
2 39 9 37 27
2 37 28 39 9
2 43 7 37 28
2 37 29 43 7
2 42 3 37 29
2 37 30 42 3
2 49 36 37 30
2 37 31 49 36
2 49 7 37 31
2 37 32 49 7
2 41 2 37 32
2 37 33 41 2
2 42 43 37 33
2 37 34 42 43
2 48 20 37 34
2 37 35 48 20
2 43 25 37 35
2 37 36 43 25
2 47 3 37 36
2 37 37 47 3
2 47 15 37 37
2 37 38 47 15
2 46 21 37 38
2 37 39 46 21
2 38 1 37 39
2 37 40 38 1
2 48 27 37 40
2 37 41 48 27
2 38 3 37 41
2 37 42 38 3
2 45 26 37 42
2 37 43 45 26
2 49 49 37 43
2 37 44 49 49
2 48 9 37 44
2 37 45 48 9
2 49 15 37 45
2 37 46 49 15
2 49 45 37 46
2 37 47 49 45
2 38 36 37 47
2 37 48 38 36
2 38 15 37 48
2 37 49 38 15
2 46 25 37 49
2 38 1 46 25
2 41 41 38 1
2 38 2 41 41
2 42 6 38 2
2 38 3 42 6
2 38 38 38 3
2 38 4 38 38
2 38 6 38 4
2 38 5 38 6
2 42 31 38 5
2 38 6 42 31
2 38 42 38 6
2 38 7 38 42
2 44 36 38 7
2 38 8 44 36
2 43 17 38 8
2 38 9 43 17
2 42 20 38 9
2 38 10 42 20
2 48 18 38 10
2 38 11 48 18
2 41 45 38 11
2 38 12 41 45
2 46 22 38 12
2 38 13 46 22
2 49 47 38 13
2 38 14 49 47
2 38 18 38 14
2 38 15 38 18
2 49 46 38 15
2 38 16 49 46
2 48 44 38 16
2 38 17 48 44
2 42 16 38 17
2 38 18 42 16
2 42 40 38 18
2 38 19 42 40
2 41 33 38 19
2 38 20 41 33
2 40 7 38 20
2 38 21 40 7
2 43 38 38 21
2 38 22 43 38
2 38 25 38 22
2 38 23 38 25
2 44 32 38 23
2 38 24 44 32
2 46 42 38 24
2 38 25 46 42
2 41 49 38 25
2 38 26 41 49
2 44 40 38 26
2 38 27 44 40
2 44 33 38 27
2 38 28 44 33
2 46 15 38 28
2 38 29 46 15
2 48 17 38 29
2 38 30 48 17
2 48 9 38 30
2 38 31 48 9
2 48 5 38 31
2 38 32 48 5
2 44 41 38 32
2 38 33 44 41
2 46 26 38 33
2 38 34 46 26
2 43 14 38 34
2 38 35 43 14
2 39 6 38 35
2 38 36 39 6
2 47 14 38 36
2 38 37 47 14
2 39 27 38 37
2 38 38 39 27
2 42 9 38 38
2 38 39 42 9
2 44 20 38 39
2 38 40 44 20
2 46 31 38 40
2 38 41 46 31
2 45 36 38 41
2 38 42 45 36
2 42 22 38 42
2 38 43 42 22
2 47 30 38 43
2 38 44 47 30
2 39 30 38 44
2 38 45 39 30
2 47 18 38 45
2 38 46 47 18
2 43 11 38 46
2 38 47 43 11
2 49 31 38 47
2 38 48 49 31
2 43 43 38 48
2 38 49 43 43
2 39 38 38 49
2 39 1 39 38
2 46 41 39 1
2 39 2 46 41
2 46 23 39 2
2 39 3 46 23
2 46 47 39 3
2 39 4 46 47
2 40 31 39 4
2 39 5 40 31
2 45 38 39 5
2 39 6 45 38
2 42 39 39 6
2 39 7 42 39
2 49 2 39 7
2 39 8 49 2
2 44 42 39 8
2 39 9 44 42
2 41 49 39 9
2 39 10 41 49
2 40 35 39 10
2 39 11 40 35
2 43 23 39 11
2 39 12 43 23
2 42 9 39 12
2 39 13 42 9
2 46 47 39 13
2 39 14 46 47
2 43 14 39 14
2 39 15 43 14
2 44 1 39 15
2 39 16 44 1
2 40 25 39 16
2 39 17 40 25
2 44 38 39 17
2 39 18 44 38
2 41 37 39 18
2 39 19 41 37
2 41 28 39 19
2 39 20 41 28
2 45 18 39 20
2 39 21 45 18
2 40 17 39 21
2 39 22 40 17
2 47 21 39 22
2 39 23 47 21
2 48 40 39 23
2 39 24 48 40
2 47 27 39 24
2 39 25 47 27
2 42 44 39 25
2 39 26 42 44
2 45 21 39 26
2 39 27 45 21
2 41 26 39 27
2 39 28 41 26
2 43 15 39 28
2 39 29 43 15
2 43 10 39 29
2 39 30 43 10
2 45 13 39 30
2 39 31 45 13
2 46 26 39 31
2 39 32 46 26
2 48 27 39 32
2 39 33 48 27
2 40 42 39 33
2 39 34 40 42
2 43 23 39 34
2 39 35 43 23
2 48 47 39 35
2 39 36 48 47
2 45 44 39 36
2 39 37 45 44
2 47 45 39 37
2 39 38 47 45
2 46 36 39 38
2 39 39 46 36
2 43 4 39 39
2 39 40 43 4
2 42 12 39 40
2 39 41 42 12
2 42 4 39 41
2 39 42 42 4
2 40 32 39 42
2 39 43 40 32
2 41 9 39 43
2 39 44 41 9
2 45 32 39 44
2 39 45 45 32
2 49 26 39 45
2 39 46 49 26
2 46 8 39 46
2 39 47 46 8
2 41 49 39 47
2 39 48 41 49
2 47 25 39 48
2 39 49 47 25
2 42 7 39 49
2 40 1 42 7
2 40 6 40 1
2 40 2 40 6
2 46 49 40 2
2 40 3 46 49
2 42 40 40 3
2 40 4 42 40
2 45 23 40 4
2 40 5 45 23
2 43 40 40 5
2 40 6 43 40
2 42 40 40 6
2 40 7 42 40
2 45 11 40 7
2 40 8 45 11
2 48 29 40 8
2 40 9 48 29
2 42 21 40 9
2 40 10 42 21
2 40 16 40 10
2 40 11 40 16
2 42 9 40 11
2 40 12 42 9
2 47 12 40 12
2 40 13 47 12
2 41 33 40 13
2 40 14 41 33
2 44 11 40 14
2 40 15 44 11
2 42 38 40 15
2 40 16 42 38
2 45 4 40 16
2 40 17 45 4
2 47 13 40 17
2 40 18 47 13
2 46 20 40 18
2 40 19 46 20
2 46 4 40 19
2 40 20 46 4
2 46 42 40 20
2 40 21 46 42
2 44 35 40 21
2 40 22 44 35
2 44 6 40 22
2 40 23 44 6
2 42 45 40 23
2 40 24 42 45
2 41 5 40 24
2 40 25 41 5
2 47 15 40 25
2 40 26 47 15
2 43 11 40 26
2 40 27 43 11
2 42 40 40 27
2 40 28 42 40
2 49 1 40 28
2 40 29 49 1
2 49 20 40 29
2 40 30 49 20
2 49 30 40 30
2 40 31 49 30
2 48 33 40 31
2 40 32 48 33
2 42 4 40 32
2 40 33 42 4
2 41 35 40 33
2 40 34 41 35
2 48 20 40 34
2 40 35 48 20
2 48 3 40 35
2 40 36 48 3
2 45 24 40 36
2 40 37 45 24
2 45 23 40 37
2 40 38 45 23
2 41 1 40 38
2 40 39 41 1
2 48 47 40 39
2 40 40 48 47
2 46 7 40 40
2 40 41 46 7
2 45 41 40 41
2 40 42 45 41
2 44 3 40 42
2 40 43 44 3
2 43 16 40 43
2 40 44 43 16
2 44 27 40 44
2 40 45 44 27
2 43 40 40 45
2 40 46 43 40
2 47 6 40 46
2 40 47 47 6
2 41 43 40 47
2 40 48 41 43
2 49 24 40 48
2 40 49 49 24
2 48 27 40 49
2 41 1 48 27
2 47 9 41 1
2 41 2 47 9
2 41 37 41 2
2 41 3 41 37
2 41 11 41 3
2 41 4 41 11
2 49 47 41 4
2 41 5 49 47
2 49 38 41 5
2 41 6 49 38
2 48 17 41 6
2 41 7 48 17
2 43 47 41 7
2 41 8 43 47
2 49 31 41 8
2 41 9 49 31
2 42 11 41 9
2 41 10 42 11
2 44 28 41 10
2 41 11 44 28
2 48 24 41 11
2 41 12 48 24
2 48 29 41 12
2 41 13 48 29
2 46 36 41 13
2 41 14 46 36
2 43 12 41 14
2 41 15 43 12
2 43 35 41 15
2 41 16 43 35
2 44 12 41 16
2 41 17 44 12
2 44 40 41 17
2 41 18 44 40
2 46 15 41 18
2 41 19 46 15
2 41 32 41 19
2 41 20 41 32
2 47 48 41 20
2 41 21 47 48
2 49 34 41 21
2 41 22 49 34
2 46 10 41 22
2 41 23 46 10
2 44 10 41 23
2 41 24 44 10
2 44 37 41 24
2 41 25 44 37
2 41 47 41 25
2 41 26 41 47
2 47 18 41 26
2 41 27 47 18
2 45 10 41 27
2 41 28 45 10
2 48 14 41 28
2 41 29 48 14
2 42 28 41 29
2 41 30 42 28
2 42 3 41 30
2 41 31 42 3
2 49 25 41 31
2 41 32 49 25
2 43 42 41 32
2 41 33 43 42
2 45 37 41 33
2 41 34 45 37
2 41 41 41 34
2 41 35 41 41
2 44 35 41 35
2 41 36 44 35
2 42 33 41 36
2 41 37 42 33
2 43 35 41 37
2 41 38 43 35
2 46 18 41 38
2 41 39 46 18
2 49 41 41 39
2 41 40 49 41
2 44 46 41 40
2 41 41 44 46
2 48 29 41 41
2 41 42 48 29
2 47 5 41 42
2 41 43 47 5
2 48 7 41 43
2 41 44 48 7
2 43 31 41 44
2 41 45 43 31
2 42 48 41 45
2 41 46 42 48
2 45 13 41 46
2 41 47 45 13
2 47 25 41 47
2 41 48 47 25
2 46 11 41 48
2 41 49 46 11
2 47 39 41 49
2 42 1 47 39
2 48 35 42 1
2 42 2 48 35
2 46 19 42 2
2 42 3 46 19
2 46 30 42 3
2 42 4 46 30
2 44 3 42 4
2 42 5 44 3
2 45 31 42 5
2 42 6 45 31
2 49 28 42 6
2 42 7 49 28
2 48 18 42 7
2 42 8 48 18
2 48 15 42 8
2 42 9 48 15
2 48 49 42 9
2 42 10 48 49
2 45 25 42 10
2 42 11 45 25
2 46 23 42 11
2 42 12 46 23
2 44 2 42 12
2 42 13 44 2
2 47 35 42 13
2 42 14 47 35
2 48 39 42 14
2 42 15 48 39
2 49 14 42 15
2 42 16 49 14
2 49 24 42 16
2 42 17 49 24
2 45 10 42 17
2 42 18 45 10
2 45 14 42 18
2 42 19 45 14
2 43 13 42 19
2 42 20 43 13
2 48 2 42 20
2 42 21 48 2
2 48 47 42 21
2 42 22 48 47
2 46 6 42 22
2 42 23 46 6
2 45 10 42 23
2 42 24 45 10
2 46 33 42 24
2 42 25 46 33
2 47 24 42 25
2 42 26 47 24
2 47 25 42 26
2 42 27 47 25
2 43 23 42 27
2 42 28 43 23
2 46 30 42 28
2 42 29 46 30
2 43 28 42 29
2 42 30 43 28
2 49 35 42 30
2 42 31 49 35
2 42 40 42 31
2 42 32 42 40
2 43 39 42 32
2 42 33 43 39
2 48 33 42 33
2 42 34 48 33
2 47 47 42 34
2 42 35 47 47
2 47 36 42 35
2 42 36 47 36
2 46 30 42 36
2 42 37 46 30
2 46 2 42 37
2 42 38 46 2
2 44 41 42 38
2 42 39 44 41
2 44 21 42 39
2 42 40 44 21
2 49 14 42 40
2 42 41 49 14
2 47 41 42 41
2 42 42 47 41
2 46 40 42 42
2 42 43 46 40
2 43 13 42 43
2 42 44 43 13
2 43 46 42 44
2 42 45 43 46
2 45 18 42 45
2 42 46 45 18
2 48 48 42 46
2 42 47 48 48
2 45 44 42 47
2 42 48 45 44
2 46 40 42 48
2 42 49 46 40
2 45 38 42 49
2 43 1 45 38
2 43 49 43 1
2 43 2 43 49
2 44 10 43 2
2 43 3 44 10
2 48 18 43 3
2 43 4 48 18
2 49 3 43 4
2 43 5 49 3
2 43 18 43 5
2 43 6 43 18
2 49 49 43 6
2 43 7 49 49
2 47 46 43 7
2 43 8 47 46
2 44 37 43 8
2 43 9 44 37
2 48 32 43 9
2 43 10 48 32
2 45 6 43 10
2 43 11 45 6
2 49 45 43 11
2 43 12 49 45
2 45 41 43 12
2 43 13 45 41
2 44 35 43 13
2 43 14 44 35
2 48 46 43 14
2 43 15 48 46
2 46 16 43 15
2 43 16 46 16
2 46 45 43 16
2 43 17 46 45
2 48 40 43 17
2 43 18 48 40
2 47 16 43 18
2 43 19 47 16
2 49 41 43 19
2 43 20 49 41
2 46 22 43 20
2 43 21 46 22
2 47 43 43 21
2 43 22 47 43
2 44 48 43 22
2 43 23 44 48
2 44 30 43 23
2 43 24 44 30
2 48 16 43 24
2 43 25 48 16
2 48 35 43 25
2 43 26 48 35
2 45 14 43 26
2 43 27 45 14
2 43 41 43 27
2 43 28 43 41
2 45 29 43 28
2 43 29 45 29
2 44 28 43 29
2 43 30 44 28
2 43 38 43 30
2 43 31 43 38
2 49 44 43 31
2 43 32 49 44
2 49 27 43 32
2 43 33 49 27
2 44 19 43 33
2 43 34 44 19
2 44 11 43 34
2 43 35 44 11
2 46 23 43 35
2 43 36 46 23
2 46 43 43 36
2 43 37 46 43
2 46 30 43 37
2 43 38 46 30
2 48 33 43 38
2 43 39 48 33
2 45 17 43 39
2 43 40 45 17
2 47 34 43 40
2 43 41 47 34
2 48 24 43 41
2 43 42 48 24
2 47 1 43 42
2 43 43 47 1
2 46 44 43 43
2 43 44 46 44
2 44 35 43 44
2 43 45 44 35
2 48 38 43 45
2 43 46 48 38
2 45 7 43 46
2 43 47 45 7
2 47 21 43 47
2 43 48 47 21
2 47 4 43 48
2 43 49 47 4
2 46 31 43 49
2 44 1 46 31
2 45 20 44 1
2 44 2 45 20
2 44 22 44 2
2 44 3 44 22
2 45 29 44 3
2 44 4 45 29
2 47 23 44 4
2 44 5 47 23
2 47 1 44 5
2 44 6 47 1
2 46 27 44 6
2 44 7 46 27
2 46 10 44 7
2 44 8 46 10
2 46 14 44 8
2 44 9 46 14
2 45 15 44 9
2 44 10 45 15
2 47 23 44 10
2 44 11 47 23
2 47 30 44 11
2 44 12 47 30
2 46 45 44 12
2 44 13 46 45
2 47 48 44 13
2 44 14 47 48
2 45 9 44 14
2 44 15 45 9
2 44 34 44 15
2 44 16 44 34
2 45 40 44 16
2 44 17 45 40
2 47 49 44 17
2 44 18 47 49
2 49 27 44 18
2 44 19 49 27
2 48 7 44 19
2 44 20 48 7
2 48 28 44 20
2 44 21 48 28
2 44 43 44 21
2 44 22 44 43
2 46 15 44 22
2 44 23 46 15
2 45 19 44 23
2 44 24 45 19
2 46 42 44 24
2 44 25 46 42
2 48 10 44 25
2 44 26 48 10
2 46 35 44 26
2 44 27 46 35
2 47 39 44 27
2 44 28 47 39
2 46 44 44 28
2 44 29 46 44
2 46 37 44 29
2 44 30 46 37
2 45 11 44 30
2 44 31 45 11
2 45 36 44 31
2 44 32 45 36
2 47 38 44 32
2 44 33 47 38
2 46 42 44 33
2 44 34 46 42
2 49 39 44 34
2 44 35 49 39
2 48 22 44 35
2 44 36 48 22
2 45 23 44 36
2 44 37 45 23
2 46 39 44 37
2 44 38 46 39
2 48 28 44 38
2 44 39 48 28
2 49 26 44 39
2 44 40 49 26
2 49 7 44 40
2 44 41 49 7
2 48 27 44 41
2 44 42 48 27
2 49 42 44 42
2 44 43 49 42
2 45 7 44 43
2 44 44 45 7
2 49 47 44 44
2 44 45 49 47
2 49 3 44 45
2 44 46 49 3
2 49 14 44 46
2 44 47 49 14
2 48 5 44 47
2 44 48 48 5
2 48 14 44 48
2 44 49 48 14
2 45 1 44 49
2 45 1 45 1
2 48 9 45 1
2 45 2 48 9
2 47 41 45 2
2 45 3 47 41
2 49 8 45 3
2 45 4 49 8
2 46 37 45 4
2 45 5 46 37
2 47 18 45 5
2 45 6 47 18
2 49 33 45 6
2 45 7 49 33
2 48 13 45 7
2 45 8 48 13
2 45 26 45 8
2 45 9 45 26
2 47 19 45 9
2 45 10 47 19
2 46 28 45 10
2 45 11 46 28
2 45 23 45 11
2 45 12 45 23
2 47 20 45 12
2 45 13 47 20
2 46 49 45 13
2 45 14 46 49
2 48 9 45 14
2 45 15 48 9
2 46 20 45 15
2 45 16 46 20
2 47 28 45 16
2 45 17 47 28
2 48 23 45 17
2 45 18 48 23
2 48 5 45 18
2 45 19 48 5
2 48 6 45 19
2 45 20 48 6
2 46 35 45 20
2 45 21 46 35
2 47 41 45 21
2 45 22 47 41
2 47 20 45 22
2 45 23 47 20
2 49 13 45 23
2 45 24 49 13
2 48 2 45 24
2 45 25 48 2
2 48 13 45 25
2 45 26 48 13
2 45 41 45 26
2 45 27 45 41
2 48 15 45 27
2 45 28 48 15
2 47 11 45 28
2 45 29 47 11
2 46 31 45 29
2 45 30 46 31
2 49 45 45 30
2 45 31 49 45
2 47 42 45 31
2 45 32 47 42
2 46 13 45 32
2 45 33 46 13
2 47 4 45 33
2 45 34 47 4
2 49 2 45 34
2 45 35 49 2
2 45 37 45 35
2 45 36 45 37
2 46 28 45 36
2 45 37 46 28
2 48 10 45 37
2 45 38 48 10
2 49 3 45 38
2 45 39 49 3
2 49 29 45 39
2 45 40 49 29
2 47 47 45 40
2 45 41 47 47
2 48 40 45 41
2 45 42 48 40
2 46 35 45 42
2 45 43 46 35
2 49 43 45 43
2 45 44 49 43
2 46 8 45 44
2 45 45 46 8
2 46 30 45 45
2 45 46 46 30
2 48 4 45 46
2 45 47 48 4
2 47 45 45 47
2 45 48 47 45
2 48 7 45 48
2 45 49 48 7
2 49 1 45 49
2 46 1 49 1
2 48 7 46 1
2 46 2 48 7
2 49 9 46 2
2 46 3 49 9
2 47 49 46 3
2 46 4 47 49
2 47 20 46 4
2 46 5 47 20
2 47 12 46 5
2 46 6 47 12
2 46 41 46 6
2 46 7 46 41
2 49 35 46 7
2 46 8 49 35
2 46 40 46 8
2 46 9 46 40
2 48 14 46 9
2 46 10 48 14
2 47 24 46 10
2 46 11 47 24
2 49 8 46 11
2 46 12 49 8
2 46 39 46 12
2 46 13 46 39
2 49 20 46 13
2 46 14 49 20
2 47 32 46 14
2 46 15 47 32
2 49 30 46 15
2 46 16 49 30
2 46 34 46 16
2 46 17 46 34
2 47 49 46 17
2 46 18 47 49
2 48 28 46 18
2 46 19 48 28
2 47 19 46 19
2 46 20 47 19
2 49 44 46 20
2 46 21 49 44
2 47 20 46 21
2 46 22 47 20
2 48 40 46 22
2 46 23 48 40
2 48 19 46 23
2 46 24 48 19
2 49 7 46 24
2 46 25 49 7
2 47 4 46 25
2 46 26 47 4
2 49 45 46 26
2 46 27 49 45
2 49 45 46 27
2 46 28 49 45
2 47 11 46 28
2 46 29 47 11
2 49 37 46 29
2 46 30 49 37
2 47 5 46 30
2 46 31 47 5
2 49 47 46 31
2 46 32 49 47
2 49 2 46 32
2 46 33 49 2
2 47 28 46 33
2 46 34 47 28
2 48 15 46 34
2 46 35 48 15
2 48 1 46 35
2 46 36 48 1
2 47 37 46 36
2 46 37 47 37
2 47 5 46 37
2 46 38 47 5
2 48 4 46 38
2 46 39 48 4
2 47 16 46 39
2 46 40 47 16
2 47 47 46 40
2 46 41 47 47
2 49 31 46 41
2 46 42 49 31
2 48 26 46 42
2 46 43 48 26
2 48 21 46 43
2 46 44 48 21
2 48 42 46 44
2 46 45 48 42
2 48 23 46 45
2 46 46 48 23
2 47 11 46 46
2 46 47 47 11
2 47 19 46 47
2 46 48 47 19
2 49 34 46 48
2 46 49 49 34
2 47 41 46 49
2 47 1 47 41
2 49 45 47 1
2 47 2 49 45
2 48 26 47 2
2 47 3 48 26
2 47 46 47 3
2 47 4 47 46
2 47 14 47 4
2 47 5 47 14
2 48 31 47 5
2 47 6 48 31
2 49 41 47 6
2 47 7 49 41
2 49 4 47 7
2 47 8 49 4
2 47 35 47 8
2 47 9 47 35
2 49 18 47 9
2 47 10 49 18
2 48 25 47 10
2 47 11 48 25
2 49 45 47 11
2 47 12 49 45
2 49 23 47 12
2 47 13 49 23
2 47 42 47 13
2 47 14 47 42
2 48 21 47 14
2 47 15 48 21
2 49 45 47 15
2 47 16 49 45
2 48 1 47 16
2 47 17 48 1
2 49 25 47 17
2 47 18 49 25
2 49 23 47 18
2 47 19 49 23
2 48 28 47 19
2 47 20 48 28
2 49 39 47 20
2 47 21 49 39
2 49 24 47 21
2 47 22 49 24
2 48 24 47 22
2 47 23 48 24
2 49 5 47 23
2 47 24 49 5
2 48 7 47 24
2 47 25 48 7
2 49 5 47 25
2 47 26 49 5
2 47 48 47 26
2 47 27 47 48
2 49 27 47 27
2 47 28 49 27
2 47 44 47 28
2 47 29 47 44
2 48 34 47 29
2 47 30 48 34
2 47 38 47 30
2 47 31 47 38
2 49 25 47 31
2 47 32 49 25
2 49 34 47 32
2 47 33 49 34
2 47 43 47 33
2 47 34 47 43
2 49 22 47 34
2 47 35 49 22
2 48 7 47 35
2 47 36 48 7
2 47 44 47 36
2 47 37 47 44
2 49 10 47 37
2 47 38 49 10
2 48 32 47 38
2 47 39 48 32
2 49 24 47 39
2 47 40 49 24
2 48 49 47 40
2 47 41 48 49
2 49 6 47 41
2 47 42 49 6
2 48 18 47 42
2 47 43 48 18
2 49 37 47 43
2 47 44 49 37
2 48 39 47 44
2 47 45 48 39
2 49 41 47 45
2 47 46 49 41
2 49 15 47 46
2 47 47 49 15
2 48 25 47 47
2 47 48 48 25
2 48 41 47 48
2 47 49 48 41
2 49 23 47 49
2 48 1 49 23
2 48 49 48 1
2 48 2 48 49
2 48 7 48 2
2 48 3 48 7
2 49 1 48 3
2 48 4 49 1
2 49 42 48 4
2 48 5 49 42
2 48 7 48 5
2 48 6 48 7
2 48 14 48 6
2 48 7 48 14
2 49 27 48 7
2 48 8 49 27
2 49 42 48 8
2 48 9 49 42
2 48 16 48 9
2 48 10 48 16
2 49 38 48 10
2 48 11 49 38
2 49 45 48 11
2 48 12 49 45
2 48 15 48 12
2 48 13 48 15
2 48 15 48 13
2 48 14 48 15
2 49 5 48 14
2 48 15 49 5
2 48 17 48 15
2 48 16 48 17
2 49 44 48 16
2 48 17 49 44
2 48 28 48 17
2 48 18 48 28
2 48 20 48 18
2 48 19 48 20
2 49 47 48 19
2 48 20 49 47
2 49 16 48 20
2 48 21 49 16
2 48 46 48 21
2 48 22 48 46
2 48 25 48 22
2 48 23 48 25
2 49 47 48 23
2 48 24 49 47
2 49 44 48 24
2 48 25 49 44
2 49 30 48 25
2 48 26 49 30
2 48 48 48 26
2 48 27 48 48
2 49 16 48 27
2 48 28 49 16
2 48 36 48 28
2 48 29 48 36
2 48 32 48 29
2 48 30 48 32
2 49 41 48 30
2 48 31 49 41
2 49 43 48 31
2 48 32 49 43
2 48 39 48 32
2 48 33 48 39
2 49 47 48 33
2 48 34 49 47
2 49 29 48 34
2 48 35 49 29
2 48 37 48 35
2 48 36 48 37
2 49 14 48 36
2 48 37 49 14
2 49 6 48 37
2 48 38 49 6
2 49 9 48 38
2 48 39 49 9
2 49 37 48 39
2 48 40 49 37
2 48 46 48 40
2 48 41 48 46
2 49 39 48 41
2 48 42 49 39
2 49 1 48 42
2 48 43 49 1
2 49 42 48 43
2 48 44 49 42
2 49 43 48 44
2 48 45 49 43
2 48 46 48 45
2 48 46 48 46
2 49 35 48 46
2 48 47 49 35
2 49 30 48 47
2 48 48 49 30
2 49 27 48 48
2 48 49 49 27
2 49 29 48 49
2 49 1 49 29
2 49 42 49 1
2 49 2 49 42
2 49 30 49 2
2 49 3 49 30
2 49 48 49 3
2 49 4 49 48
2 49 49 49 4
2 49 5 49 49
2 49 26 49 5
2 49 6 49 26
2 49 40 49 6
2 49 7 49 40
2 49 20 49 7
2 49 8 49 20
2 49 37 49 8
2 49 9 49 37
2 49 36 49 9
2 49 10 49 36
2 49 19 49 10
2 49 11 49 19
2 49 25 49 11
2 49 12 49 25
2 49 26 49 12
2 49 13 49 26
2 49 35 49 13
2 49 14 49 35
2 49 26 49 14
2 49 15 49 26
2 49 24 49 15
2 49 16 49 24
2 49 22 49 16
2 49 17 49 22
2 49 48 49 17
2 49 18 49 48
2 49 22 49 18
2 49 19 49 22
2 49 42 49 19
2 49 20 49 42
2 49 23 49 20
2 49 21 49 23
2 49 40 49 21
2 49 22 49 40
2 49 24 49 22
2 49 23 49 24
2 49 45 49 23
2 49 24 49 45
2 49 31 49 24
2 49 25 49 31
2 49 47 49 25
2 49 26 49 47
2 49 45 49 26
2 49 27 49 45
2 49 30 49 27
2 49 28 49 30
2 49 30 49 28
2 49 29 49 30
2 49 43 49 29
2 49 30 49 43
2 49 45 49 30
2 49 31 49 45
2 49 49 49 31
2 49 32 49 49
2 49 34 49 32
2 49 33 49 34
2 49 49 49 33
2 49 34 49 49
2 49 42 49 34
2 49 35 49 42
2 49 44 49 35
2 49 36 49 44
2 49 43 49 36
2 49 37 49 43
2 49 44 49 37
2 49 38 49 44
2 49 40 49 38
2 49 39 49 40
2 5 4 49 39
2 49 40 5 4
2 49 44 49 40
2 49 41 49 44
2 49 45 49 41
2 49 42 49 45
2 49 48 49 42
2 49 43 49 48
2 49 48 49 43
2 49 44 49 48
2 49 47 49 44
2 49 45 49 47
2 49 47 49 45
2 49 46 49 47
2 49 49 49 46
2 49 47 49 49
2 5 4 49 47
2 49 48 5 4
2 5 4 49 48
2 49 49 5 4
2 5 4 49 49
