2986
2 1 2 1 11
2 14 11 1 2
2 1 3 1 17
2 16 27 1 3
2 1 4 1 20
2 4 24 1 4
2 1 5 1 21
2 7 19 1 5
2 1 6 1 36
2 14 25 1 6
2 1 7 1 38
2 2 2 1 7
2 1 9 1 42
2 2 10 1 9
2 1 10 1 45
2 3 9 1 10
2 1 11 1 48
2 4 6 1 11
2 1 14 1 49
2 10 34 1 14
2 1 15 2 1
2 13 32 1 15
2 1 16 2 2
2 2 49 1 16
2 1 17 2 3
2 31 14 1 17
2 1 20 2 7
2 9 29 1 20
2 1 21 2 10
2 4 15 1 21
2 1 22 2 11
2 4 45 1 22
2 1 23 2 19
2 8 11 1 23
2 1 27 2 26
2 7 39 1 27
2 1 28 2 32
2 11 43 1 28
2 1 32 2 34
2 1 45 1 32
2 1 33 1 45
2 9 19 1 33
2 1 34 2 35
2 24 48 1 34
2 1 36 2 39
2 17 6 1 36
2 1 38 2 43
2 2 26 1 38
2 1 40 2 26
2 12 12 1 40
2 1 41 2 45
2 2 34 1 41
2 1 42 2 34
2 9 12 1 42
2 1 44 2 47
2 5 1 1 44
2 1 45 2 49
2 4 22 1 45
2 1 46 3 2
2 22 15 1 46
2 1 47 3 7
2 44 1 1 47
2 1 48 3 9
2 12 1 1 48
2 1 49 3 14
2 1 24 1 49
2 2 2 1 24
2 21 3 2 2
2 2 3 3 30
2 7 6 2 3
2 2 4 3 34
2 3 25 2 4
2 2 5 3 25
2 2 27 2 5
2 2 6 2 27
2 11 3 2 6
2 2 7 3 35
2 9 24 2 7
2 2 10 3 43
2 13 14 2 10
2 2 11 3 44
2 4 26 2 11
2 2 14 3 46
2 5 10 2 14
2 2 19 4 4
2 20 19 2 19
2 2 20 4 6
2 12 28 2 20
2 2 21 4 10
2 1 29 2 21
2 2 22 1 29
2 5 8 2 22
2 2 23 4 12
2 4 10 2 23
2 2 24 4 10
2 6 28 2 24
2 2 26 4 15
2 12 26 2 26
2 2 27 4 19
2 2 43 2 27
2 2 28 2 43
2 47 24 2 28
2 2 29 4 22
2 2 43 2 29
2 2 30 2 43
2 8 38 2 30
2 2 31 4 23
2 21 12 2 31
2 2 32 4 24
2 1 35 2 32
2 2 33 1 35
2 20 10 2 33
2 2 34 4 26
2 7 22 2 34
2 2 35 4 31
2 12 13 2 35
2 2 38 4 44
2 5 45 2 38
2 2 39 4 45
2 12 21 2 39
2 2 40 4 46
2 1 35 2 40
2 2 43 1 35
2 3 3 2 43
2 2 45 3 3
2 8 35 2 45
2 2 46 4 48
2 3 3 2 46
2 2 47 3 3
2 10 26 2 47
2 2 49 4 50
2 5 35 2 49
2 3 1 5 1
2 4 1 3 1
2 3 2 4 1
2 1 35 3 2
2 3 5 1 35
2 4 5 3 5
2 3 7 4 5
2 22 18 3 7
2 3 9 5 8
2 10 10 3 9
2 3 10 5 10
2 4 37 3 10
2 3 16 4 37
2 12 44 3 16
2 3 17 5 14
2 4 10 3 17
2 3 18 4 10
2 4 23 3 18
2 3 25 4 23
2 8 27 3 25
2 3 27 5 18
2 14 48 3 27
2 3 28 5 23
2 6 11 3 28
2 3 33 5 24
2 6 8 3 33
2 3 34 5 26
2 6 43 3 34
2 3 35 5 29
2 2 50 3 35
2 3 37 2 50
2 16 12 3 37
2 3 38 5 33
2 10 46 3 38
2 3 39 5 34
2 4 4 3 39
2 3 40 4 4
2 17 50 3 40
2 3 42 5 35
2 12 16 3 42
2 3 44 5 36
2 4 26 3 44
2 3 46 4 26
2 5 18 3 46
2 4 1 5 18
2 4 40 4 1
2 4 4 4 40
2 11 19 4 4
2 4 5 5 37
2 4 27 4 5
2 4 6 4 27
2 28 10 4 6
2 4 10 5 38
2 6 35 4 10
2 4 12 5 45
2 26 22 4 12
2 4 13 6 3
2 2 50 4 13
2 4 15 2 50
2 15 24 4 15
2 4 16 6 8
2 30 3 4 16
2 4 18 6 9
2 7 42 4 18
2 4 22 6 10
2 8 37 4 22
2 4 23 6 11
2 23 34 4 23
2 4 24 6 19
2 1 29 4 24
2 4 26 1 29
2 6 40 4 26
2 4 28 6 20
2 6 21 4 28
2 4 29 6 21
2 13 25 4 29
2 4 32 6 28
2 11 47 4 32
2 4 33 6 32
2 6 13 4 33
2 4 34 6 13
2 22 31 4 34
2 4 35 6 35
2 24 50 4 35
2 4 36 6 40
2 5 43 4 36
2 4 38 5 43
2 5 38 4 38
2 4 39 5 38
2 17 11 4 39
2 4 40 6 42
2 4 19 4 40
2 4 41 4 19
2 8 20 4 41
2 4 42 6 43
2 1 30 4 42
2 4 44 1 30
2 6 34 4 44
2 4 45 6 34
2 17 30 4 45
2 4 46 6 46
2 13 39 4 46
2 4 47 6 48
2 8 45 4 47
2 4 48 7 2
2 6 46 4 48
2 4 50 6 46
2 5 37 4 50
2 5 1 5 37
2 6 48 5 1
2 5 2 6 48
2 7 15 5 2
2 5 3 7 5
2 11 6 5 3
2 5 5 7 6
2 16 15 5 5
2 5 6 7 10
2 27 6 5 6
2 5 8 7 13
2 10 4 5 8
2 5 9 7 15
2 13 48 5 9
2 5 12 7 16
2 24 4 5 12
2 5 14 7 18
2 13 5 5 14
2 5 16 7 19
2 7 24 5 16
2 5 18 7 22
2 6 45 5 18
2 5 22 6 45
2 4 17 5 22
2 5 23 4 17
2 7 32 5 23
2 5 24 7 24
2 3 30 5 24
2 5 26 3 30
2 37 50 5 26
2 5 28 7 25
2 1 29 5 28
2 5 29 1 29
2 44 17 5 29
2 5 30 7 32
2 1 24 5 30
2 5 31 1 24
2 6 3 5 31
2 5 32 6 3
2 7 12 5 32
2 5 33 7 12
2 25 50 5 33
2 5 34 7 35
2 1 30 5 34
2 5 35 1 30
2 2 18 5 35
2 5 36 2 18
2 26 6 5 36
2 5 37 7 36
2 9 45 5 37
2 5 38 7 37
2 10 9 5 38
2 5 39 7 39
2 4 17 5 39
2 5 41 4 17
2 13 44 5 41
2 5 43 7 40
2 20 36 5 43
2 5 44 7 41
2 1 26 5 44
2 5 45 1 26
2 6 41 5 45
2 5 47 6 41
2 34 18 5 47
2 5 48 7 42
2 18 18 5 48
2 5 50 7 43
2 46 29 5 50
2 6 3 7 44
2 26 42 6 3
2 6 4 7 50
2 10 35 6 4
2 6 6 8 3
2 7 22 6 6
2 6 7 7 22
2 6 13 6 7
2 6 13 6 13
2 6 44 6 13
2 6 16 6 44
2 7 35 6 16
2 6 17 7 35
2 6 38 6 17
2 6 18 6 38
2 12 5 6 18
2 6 19 8 9
2 31 43 6 19
2 6 20 8 11
2 31 28 6 20
2 6 21 8 14
2 7 6 6 21
2 6 22 7 6
2 14 14 6 22
2 6 27 8 16
2 15 45 6 27
2 6 31 8 20
2 6 34 6 31
2 6 32 6 34
2 13 8 6 32
2 6 35 8 22
2 6 41 6 35
2 6 38 6 41
2 16 38 6 38
2 6 39 8 23
2 6 15 6 39
2 6 40 6 15
2 44 25 6 40
2 6 41 8 24
2 24 45 6 41
2 6 42 8 27
2 15 50 6 42
2 6 44 8 29
2 23 15 6 44
2 6 46 8 34
2 9 36 6 46
2 6 47 8 35
2 6 34 6 47
2 6 48 6 34
2 14 7 6 48
2 7 1 8 37
2 7 5 7 1
2 7 3 7 5
2 30 6 7 3
2 7 4 8 38
2 1 18 7 4
2 7 6 1 18
2 8 28 7 6
2 7 9 8 28
2 5 17 7 9
2 7 12 5 17
2 11 12 7 12
2 7 13 8 39
2 6 30 7 13
2 7 16 6 30
2 7 45 7 16
2 7 17 7 45
2 37 22 7 17
2 7 18 8 45
2 18 10 7 18
2 7 20 9 8
2 16 3 7 20
2 7 21 9 11
2 7 37 7 21
2 7 23 7 37
2 1 24 7 23
2 7 24 1 24
2 32 42 7 24
2 7 25 9 12
2 8 36 7 25
2 7 26 8 36
2 34 7 7 26
2 7 31 9 15
2 8 16 7 31
2 7 32 8 16
2 8 17 7 32
2 7 33 8 17
2 30 46 7 33
2 7 35 9 16
2 7 47 7 35
2 7 36 7 47
2 15 3 7 36
2 7 37 9 18
2 16 20 7 37
2 7 39 9 19
2 8 49 7 39
2 7 40 8 49
2 33 17 7 40
2 7 41 9 20
2 15 15 7 41
2 7 43 9 24
2 35 13 7 43
2 7 44 9 25
2 13 3 7 44
2 7 45 9 27
2 20 8 7 45
2 7 48 9 28
2 16 29 7 48
2 7 49 9 29
2 9 21 7 49
2 7 50 9 21
2 15 39 7 50
2 8 1 9 32
2 12 30 8 1
2 8 4 9 36
2 10 24 8 4
2 8 6 9 39
2 8 46 8 6
2 8 10 8 46
2 31 41 8 10
2 8 12 9 40
2 4 11 8 12
2 8 13 4 11
2 40 25 8 13
2 8 14 9 44
2 7 30 8 14
2 8 16 7 30
2 26 15 8 16
2 8 17 9 45
2 9 45 8 17
2 8 18 9 45
2 14 47 8 18
2 8 20 10 4
2 9 25 8 20
2 8 21 9 25
2 15 5 8 21
2 8 22 10 7
2 6 30 8 22
2 8 23 6 30
2 11 26 8 23
2 8 24 10 9
2 10 14 8 24
2 8 26 10 10
2 16 40 8 26
2 8 27 10 12
2 9 25 8 27
2 8 28 9 25
2 17 23 8 28
2 8 29 10 13
2 37 47 8 29
2 8 33 10 14
2 6 12 8 33
2 8 34 6 12
2 19 1 8 34
2 8 35 10 15
2 8 37 8 35
2 8 37 8 37
2 18 23 8 37
2 8 38 10 23
2 9 13 8 38
2 8 39 9 13
2 17 39 8 39
2 8 40 10 24
2 9 40 8 40
2 8 41 9 40
2 9 23 8 41
2 8 44 9 23
2 16 5 8 44
2 8 45 10 26
2 20 21 8 45
2 8 46 10 27
2 17 3 8 46
2 8 47 10 34
2 43 22 8 47
2 8 48 10 35
2 8 3 8 48
2 8 49 8 3
2 16 43 8 49
2 8 50 10 42
2 20 2 8 50
2 9 1 10 46
2 8 3 9 1
2 9 3 8 3
2 7 30 9 3
2 9 4 7 30
2 9 26 9 4
2 9 5 9 26
2 18 13 9 5
2 9 8 10 47
2 15 20 9 8
2 9 9 11 3
2 14 36 9 9
2 9 10 11 6
2 18 1 9 10
2 9 11 11 7
2 21 20 9 11
2 9 13 11 12
2 19 46 9 13
2 9 14 11 13
2 20 12 9 14
2 9 16 11 16
2 20 14 9 16
2 9 18 11 17
2 21 15 9 18
2 9 19 11 19
2 19 13 9 19
2 9 21 11 24
2 10 41 9 21
2 9 25 10 41
2 6 10 9 25
2 9 27 6 10
2 6 10 9 27
2 9 29 6 10
2 11 29 9 29
2 9 30 11 26
2 6 9 9 30
2 9 33 6 9
2 17 18 9 33
2 9 34 11 29
2 12 27 9 34
2 9 36 11 31
2 23 16 9 36
2 9 37 11 39
2 9 42 9 37
2 9 39 9 42
2 17 9 9 39
2 9 40 11 40
2 31 33 9 40
2 9 42 11 43
2 6 50 9 42
2 9 43 6 50
2 21 46 9 43
2 9 45 11 44
2 10 44 9 45
2 9 46 10 44
2 8 43 9 46
2 9 47 8 43
2 13 7 9 47
2 9 48 11 47
2 1 29 9 48
2 9 49 1 29
2 24 41 9 49
2 9 50 12 1
2 2 1 9 50
2 10 1 2 1
2 8 43 10 1
2 10 2 8 43
2 39 38 10 2
2 10 3 12 5
2 14 37 10 3
2 10 4 12 6
2 22 45 10 4
2 10 5 12 7
2 10 35 10 5
2 10 7 10 35
2 40 22 10 7
2 10 8 12 12
2 6 10 10 8
2 10 9 6 10
2 12 22 10 9
2 10 10 12 13
2 25 42 10 10
2 10 12 12 16
2 29 17 10 12
2 10 13 12 18
2 19 35 10 13
2 10 14 12 21
2 10 21 10 14
2 10 17 10 21
2 5 7 10 17
2 10 19 5 7
2 39 47 10 19
2 10 20 12 22
2 21 23 10 20
2 10 21 12 26
2 7 2 10 21
2 10 23 7 2
2 40 35 10 23
2 10 24 12 27
2 14 42 10 24
2 10 25 12 28
2 6 33 10 25
2 10 26 6 33
2 3 14 10 26
2 10 30 3 14
2 44 7 10 30
2 10 31 12 29
2 14 34 10 31
2 10 32 12 30
2 3 12 10 32
2 10 34 3 12
2 9 23 10 34
2 10 35 9 23
2 11 18 10 35
2 10 38 11 18
2 9 38 10 38
2 10 39 9 38
2 18 3 10 39
2 10 42 12 33
2 23 33 10 42
2 10 44 12 42
2 13 16 10 44
2 10 46 12 44
2 11 19 10 46
2 10 47 11 19
2 34 23 10 47
2 10 48 12 46
2 20 27 10 48
2 10 49 12 47
2 26 48 10 49
2 10 50 12 48
2 11 10 10 50
2 11 2 11 10
2 20 16 11 2
2 11 5 12 49
2 15 21 11 5
2 11 6 12 50
2 24 6 11 6
2 11 7 13 2
2 12 23 11 7
2 11 10 12 23
2 12 17 11 10
2 11 15 12 17
2 3 14 11 15
2 11 16 3 14
2 31 30 11 16
2 11 18 13 3
2 16 6 11 18
2 11 23 13 5
2 12 34 11 23
2 11 24 12 34
2 3 6 11 24
2 11 25 3 6
2 22 29 11 25
2 11 26 13 7
2 4 37 11 26
2 11 28 4 37
2 11 4 11 28
2 11 29 11 4
2 12 18 11 29
2 11 31 12 18
2 11 19 11 31
2 11 33 11 19
2 12 14 11 33
2 11 34 12 14
2 22 33 11 34
2 11 35 13 8
2 15 49 11 35
2 11 37 13 9
2 2 18 11 37
2 11 40 2 18
2 21 6 11 40
2 11 41 13 14
2 3 14 11 41
2 11 42 3 14
2 2 41 11 42
2 11 43 2 41
2 8 11 11 43
2 11 44 8 11
2 50 3 11 44
2 11 45 13 16
2 30 20 11 45
2 11 46 13 17
2 29 3 11 46
2 11 47 13 18
2 30 39 11 47
2 11 49 13 21
2 1 13 11 49
2 12 1 1 13
2 18 9 12 1
2 12 2 13 22
2 9 38 12 2
2 12 5 9 38
2 6 50 12 5
2 12 6 6 50
2 34 47 12 6
2 12 7 13 25
2 13 1 12 7
2 12 12 13 1
2 7 22 12 12
2 12 14 7 22
2 19 23 12 14
2 12 16 13 27
2 22 8 12 16
2 12 17 13 32
2 2 50 12 17
2 12 19 2 50
2 44 22 12 19
2 12 21 13 36
2 9 24 12 21
2 12 22 9 24
2 12 45 12 22
2 12 23 12 45
2 16 1 12 23
2 12 25 13 38
2 9 6 12 25
2 12 27 9 6
2 10 27 12 27
2 12 30 10 27
2 18 45 12 30
2 12 31 13 39
2 17 33 12 31
2 12 36 13 41
2 23 23 12 36
2 12 37 13 44
2 27 49 12 37
2 12 38 13 45
2 15 33 12 38
2 12 39 13 47
2 29 24 12 39
2 12 40 13 48
2 11 8 12 40
2 12 43 11 8
2 15 30 12 43
2 12 44 14 2
2 8 43 12 44
2 12 45 8 43
2 38 14 12 45
2 12 46 14 4
2 17 29 12 46
2 12 47 14 7
2 8 30 12 47
2 12 48 8 30
2 13 21 12 48
2 12 49 13 21
2 6 11 12 49
2 13 1 6 11
2 11 22 13 1
2 13 2 11 22
2 27 7 13 2
2 13 3 14 10
2 18 29 13 3
2 13 7 14 11
2 15 42 13 7
2 13 8 14 14
2 23 10 13 8
2 13 11 14 16
2 13 47 13 11
2 13 14 13 47
2 9 28 13 14
2 13 16 9 28
2 12 9 13 16
2 13 17 12 9
2 8 30 13 17
2 13 18 8 30
2 24 31 13 18
2 13 19 14 25
2 7 47 13 19
2 13 20 7 47
2 18 48 13 20
2 13 21 14 31
2 8 43 13 21
2 13 22 8 43
2 11 3 13 22
2 13 24 11 3
2 10 18 13 24
2 13 25 10 18
2 21 5 13 25
2 13 28 14 34
2 6 11 13 28
2 13 32 6 11
2 33 4 13 32
2 13 34 14 36
2 23 30 13 34
2 13 36 14 37
2 18 14 13 36
2 13 37 14 38
2 14 29 13 37
2 13 38 14 29
2 22 21 13 38
2 13 39 14 39
2 32 31 13 39
2 13 42 14 42
2 13 47 13 42
2 13 45 13 47
2 12 29 13 45
2 13 47 12 29
2 11 13 13 47
2 14 1 11 13
2 5 21 14 1
2 14 3 5 21
2 22 28 14 3
2 14 5 14 45
2 3 14 14 5
2 14 6 3 14
2 19 37 14 6
2 14 7 14 46
2 30 7 14 7
2 14 8 14 47
2 17 35 14 8
2 14 10 14 48
2 12 34 14 10
2 14 16 12 34
2 14 34 14 16
2 14 17 14 34
2 11 4 14 17
2 14 18 11 4
2 15 4 14 18
2 14 20 15 3
2 14 4 14 20
2 14 22 14 4
2 35 32 14 22
2 14 25 15 4
2 14 38 14 25
2 14 27 14 38
2 10 33 14 27
2 14 29 10 33
2 20 22 14 29
2 14 31 15 5
2 31 18 14 31
2 14 33 15 10
2 4 17 14 33
2 14 34 4 17
2 22 1 14 34
2 14 35 15 14
2 6 45 14 35
2 14 36 6 45
2 36 22 14 36
2 14 37 15 15
2 1 19 14 37
2 14 38 1 19
2 9 44 14 38
2 14 40 9 44
2 18 35 14 40
2 14 42 15 17
2 8 9 14 42
2 14 45 8 9
2 6 45 14 45
2 14 46 6 45
2 45 50 14 46
2 14 47 15 20
2 33 11 14 47
2 14 48 15 21
2 23 17 14 48
2 14 50 15 24
2 24 24 14 50
2 15 3 15 25
2 3 29 15 3
2 15 4 3 29
2 19 50 15 4
2 15 8 15 26
2 10 45 15 8
2 15 9 10 45
2 12 26 15 9
2 15 10 12 26
2 1 30 15 10
2 15 11 1 30
2 6 15 15 11
2 15 14 6 15
2 47 30 15 14
2 15 15 15 30
2 26 32 15 15
2 15 16 15 33
2 22 46 15 16
2 15 17 15 35
2 44 2 15 17
2 15 18 15 38
2 19 15 15 18
2 15 19 15 39
2 46 12 15 19
2 15 20 15 42
2 21 19 15 20
2 15 21 15 45
2 18 39 15 21
2 15 24 15 47
2 19 18 15 24
2 15 25 15 48
2 3 12 15 25
2 15 26 3 12
2 14 21 15 26
2 15 30 14 21
2 22 3 15 30
2 15 31 15 49
2 18 16 15 31
2 15 32 15 50
2 7 8 15 32
2 15 33 7 8
2 43 4 15 33
2 15 38 16 1
2 16 31 15 38
2 15 39 16 3
2 6 43 15 39
2 15 40 6 43
2 12 50 15 40
2 15 41 12 50
2 21 33 15 41
2 15 43 16 5
2 19 31 15 43
2 15 45 16 6
2 12 13 15 45
2 15 49 12 13
2 23 18 15 49
2 16 1 16 7
2 13 49 16 1
2 16 3 13 49
2 36 19 16 3
2 16 4 16 11
2 24 9 16 4
2 16 5 16 12
2 1 18 16 5
2 16 7 1 18
2 25 11 16 7
2 16 9 16 15
2 20 28 16 9
2 16 11 16 18
2 19 43 16 11
2 16 12 16 20
2 24 10 16 12
2 16 13 16 22
2 17 24 16 13
2 16 14 16 23
2 3 30 16 14
2 16 20 3 30
2 44 20 16 20
2 16 21 16 27
2 16 6 16 21
2 16 22 16 6
2 17 14 16 22
2 16 23 16 29
2 22 27 16 23
2 16 26 16 31
2 10 27 16 26
2 16 29 10 27
2 17 12 16 29
2 16 30 16 32
2 9 15 16 30
2 16 31 9 15
2 9 15 16 31
2 16 32 9 15
2 13 50 16 32
2 16 33 13 50
2 37 32 16 33
2 16 34 16 36
2 4 19 16 34
2 16 36 4 19
2 25 29 16 36
2 16 38 16 37
2 23 14 16 38
2 16 40 16 37
2 19 11 16 40
2 16 43 16 37
2 4 31 16 43
2 16 44 4 31
2 3 30 16 44
2 16 45 3 30
2 21 37 16 45
2 16 49 3 30
2 3 26 16 49
2 16 50 3 26
2 6 30 16 50
2 17 1 3 26
2 48 16 17 1
2 17 2 3 26
2 24 30 17 2
2 17 6 3 26
2 15 42 17 6
2 17 7 3 26
2 29 5 17 7
2 17 9 3 26
2 21 22 17 9
2 17 10 3 26
2 2 1 17 10
2 17 12 2 1
2 30 28 17 12
2 17 13 2 1
2 19 2 17 13
2 17 14 2 1
2 19 8 17 14
2 17 15 2 1
2 3 29 17 15
2 17 18 3 26
2 17 34 17 18
2 17 19 3 26
2 17 42 17 19
2 17 21 3 29
2 32 2 17 21
2 17 23 4 31
2 17 28 17 23
2 17 24 4 31
2 34 3 17 24
2 17 25 4 31
2 27 10 17 25
2 17 28 6 30
2 33 43 17 28
2 17 29 6 30
2 19 14 17 29
2 17 30 6 30
2 9 38 17 30
2 17 31 6 30
2 24 36 17 31
2 17 32 6 30
2 21 9 17 32
2 17 34 6 30
2 19 45 17 34
2 17 35 6 30
2 9 23 17 35
2 17 36 6 30
2 19 7 17 36
2 17 37 6 30
2 20 3 17 37
2 17 38 9 23
2 6 9 17 38
2 17 40 6 9
2 15 7 17 40
2 17 45 9 38
2 31 24 17 45
2 17 46 15 7
2 21 27 17 46
2 17 50 15 42
2 14 26 17 50
2 18 1 14 26
2 16 18 18 1
2 18 2 14 26
2 6 33 18 2
2 18 3 6 33
2 9 6 18 3
2 18 4 6 33
2 3 12 18 4
2 18 8 3 12
2 6 15 18 8
2 18 10 3 12
2 3 26 18 10
2 18 11 3 12
2 33 9 18 11
2 18 12 3 26
2 21 25 18 12
2 18 13 6 15
2 20 4 18 13
2 18 14 6 15
2 5 21 18 14
2 18 16 5 21
2 29 14 18 16
2 18 17 5 21
2 13 50 18 17
2 18 18 6 15
2 7 30 18 18
2 18 20 6 15
2 14 9 18 20
2 18 21 7 30
2 3 14 18 21
2 18 23 3 14
2 1 30 18 23
2 18 25 1 30
2 26 10 18 25
2 18 26 1 30
2 20 7 18 26
2 18 27 3 14
2 45 22 18 27
2 18 29 7 30
2 21 18 18 29
2 18 30 7 30
2 6 8 18 30
2 18 31 6 8
2 13 5 18 31
2 18 32 9 6
2 20 18 18 32
2 18 35 9 6
2 20 29 18 35
2 18 36 9 6
2 1 26 18 36
2 18 37 1 26
2 20 32 18 37
2 18 38 1 26
2 9 7 18 38
2 18 39 1 26
2 36 11 18 39
2 18 40 1 26
2 23 31 18 40
2 18 41 9 7
2 6 9 18 41
2 18 45 6 9
2 15 7 18 45
2 18 46 6 9
2 23 42 18 46
2 18 48 9 7
2 14 21 18 48
2 18 49 9 7
2 31 22 18 49
2 18 50 13 5
2 36 7 18 50
2 19 1 13 5
2 12 42 19 1
2 19 2 12 42
2 8 5 19 2
2 19 4 8 5
2 19 42 19 4
2 19 5 12 42
2 31 20 19 5
2 19 6 12 42
2 22 12 19 6
2 19 7 12 42
2 30 45 19 7
2 19 8 12 42
2 35 5 19 8
2 19 9 12 42
2 39 20 19 9
2 19 10 12 42
2 32 45 19 10
2 19 11 13 5
2 7 15 19 11
2 19 13 7 15
2 7 42 19 13
2 19 14 7 15
2 26 38 19 14
2 19 15 7 15
2 3 29 19 15
2 19 16 3 29
2 12 32 19 16
2 19 17 7 15
2 29 13 19 17
2 19 18 7 15
2 15 44 19 18
2 19 22 7 15
2 6 45 19 22
2 19 24 6 45
2 24 32 19 24
2 19 25 6 45
2 19 38 19 25
2 19 28 7 15
2 13 27 19 28
2 19 29 7 15
2 9 44 19 29
2 19 30 7 42
2 47 14 19 30
2 19 36 7 42
2 10 27 19 36
2 19 37 9 44
2 19 39 19 37
2 19 38 9 44
2 3 14 19 38
2 19 39 3 14
2 21 41 19 39
2 19 40 3 14
2 9 15 19 40
2 19 41 3 14
2 5 7 19 41
2 19 42 5 7
2 42 25 19 42
2 19 44 5 7
2 42 32 19 44
2 19 45 9 15
2 28 22 19 45
2 19 48 9 15
2 20 5 19 48
2 19 50 9 44
2 27 34 19 50
2 20 1 9 44
2 36 42 20 1
2 20 2 10 27
2 11 3 20 2
2 20 5 10 27
2 30 23 20 5
2 20 7 10 27
2 16 2 20 7
2 20 8 10 27
2 1 19 20 8
2 20 9 1 19
2 26 14 20 9
2 20 11 10 27
2 32 25 20 11
2 20 12 10 27
2 25 43 20 12
2 20 13 10 27
2 28 16 20 13
2 20 14 11 3
2 15 36 20 14
2 20 15 11 3
2 49 30 20 15
2 20 16 12 32
2 6 28 20 16
2 20 18 6 28
2 8 9 20 18
2 20 19 6 28
2 21 40 20 19
2 20 21 6 28
2 15 2 20 21
2 20 22 6 28
2 43 36 20 22
2 20 24 6 28
2 21 31 20 24
2 20 27 8 9
2 8 11 20 27
2 20 28 8 9
2 33 7 20 28
2 20 29 8 9
2 22 10 20 29
2 20 31 8 9
2 4 17 20 31
2 20 32 4 17
2 9 38 20 32
2 20 34 4 17
2 29 32 20 34
2 20 35 8 11
2 11 19 20 35
2 20 36 9 38
2 10 18 20 36
2 20 37 9 38
2 23 46 20 37
2 20 38 9 38
2 9 7 20 38
2 20 39 9 7
2 3 26 20 39
2 20 41 3 26
2 8 30 20 41
2 20 42 8 30
2 38 5 20 42
2 20 43 9 38
2 20 47 20 43
2 20 45 9 38
2 32 15 20 45
2 20 46 10 18
2 20 49 20 46
2 20 49 11 19
2 42 27 20 49
2 21 2 11 19
2 43 27 21 2
2 21 3 12 32
2 24 18 21 3
2 21 4 12 32
2 25 35 21 4
2 21 5 13 5
2 28 28 21 5
2 21 6 13 5
2 13 41 21 6
2 21 7 13 5
2 4 19 21 7
2 21 9 4 19
2 22 20 21 9
2 21 12 4 19
2 31 13 21 12
2 21 13 4 19
2 31 5 21 13
2 21 15 13 5
2 33 34 21 15
2 21 16 13 5
2 35 43 21 16
2 21 17 13 27
2 9 24 21 17
2 21 19 9 24
2 35 8 21 19
2 21 20 9 24
2 2 37 21 20
2 21 21 2 37
2 26 39 21 21
2 21 22 9 24
2 1 13 21 22
2 21 23 1 13
2 11 3 21 23
2 21 24 1 13
2 36 29 21 24
2 21 25 1 13
2 27 41 21 25
2 21 27 1 13
2 14 41 21 27
2 21 28 1 13
2 23 22 21 28
2 21 33 9 24
2 44 24 21 33
2 21 34 9 24
2 9 44 21 34
2 21 36 9 44
2 28 39 21 36
2 21 37 11 3
2 15 50 21 37
2 21 38 11 3
2 7 22 21 38
2 21 39 7 22
2 37 3 21 39
2 21 40 13 27
2 44 9 21 40
2 21 41 13 27
2 1 24 21 41
2 21 42 1 24
2 25 8 21 42
2 21 43 13 27
2 9 7 21 43
2 21 44 9 7
2 31 9 21 44
2 21 46 9 7
2 10 27 21 46
2 21 47 9 7
2 2 50 21 47
2 21 49 2 50
2 12 42 21 49
2 21 50 10 27
2 23 45 21 50
2 22 1 12 42
2 10 33 22 1
2 22 3 10 33
2 25 5 22 3
2 22 6 10 33
2 20 26 22 6
2 22 7 12 42
2 26 2 22 7
2 22 8 12 42
2 43 37 22 8
2 22 10 12 42
2 35 2 22 10
2 22 11 12 42
2 25 14 22 11
2 22 12 13 27
2 41 47 22 12
2 22 13 13 27
2 6 15 22 13
2 22 15 6 15
2 16 35 22 15
2 22 16 6 15
2 22 37 22 16
2 22 19 13 41
2 2 1 22 19
2 22 20 2 1
2 15 1 22 20
2 22 22 2 1
2 26 29 22 22
2 22 24 2 1
2 7 19 22 24
2 22 26 2 1
2 8 3 22 26
2 22 27 7 19
2 18 15 22 27
2 22 28 7 19
2 13 44 22 28
2 22 29 7 19
2 6 15 22 29
2 22 30 6 15
2 20 17 22 30
2 22 31 7 19
2 16 15 22 31
2 22 32 7 19
2 2 50 22 32
2 22 33 2 50
2 37 18 22 33
2 22 35 2 50
2 24 12 22 35
2 22 37 7 19
2 4 49 22 37
2 22 42 4 49
2 24 28 22 42
2 22 45 7 19
2 9 44 22 45
2 22 49 7 19
2 15 35 22 49
2 22 50 7 19
2 7 10 22 50
2 23 1 7 10
2 49 42 23 1
2 23 2 7 19
2 4 37 23 2
2 23 5 4 37
2 36 15 23 5
2 23 9 4 37
2 25 41 23 9
2 23 10 4 37
2 26 13 23 10
2 23 11 4 37
2 46 34 23 11
2 23 14 4 37
2 26 47 23 14
2 23 15 4 37
2 4 21 23 15
2 23 16 4 21
2 22 23 23 16
2 23 18 4 21
2 1 29 23 18
2 23 22 1 29
2 35 27 23 22
2 23 27 1 29
2 19 20 23 27
2 23 29 4 21
2 37 21 23 29
2 23 30 4 37
2 3 6 23 30
2 23 33 3 6
2 38 23 23 33
2 23 34 3 6
2 23 48 23 34
2 23 35 3 6
2 4 21 23 35
2 23 36 4 21
2 28 48 23 36
2 23 40 4 37
2 14 43 23 40
2 23 42 8 3
2 7 15 23 42
2 23 45 7 15
2 32 20 23 45
2 23 48 7 15
2 35 9 23 48
2 23 50 7 15
2 28 9 23 50
2 24 1 8 3
2 47 29 24 1
2 24 4 8 3
2 36 2 24 4
2 24 5 8 3
2 6 36 24 5
2 24 6 6 36
2 3 26 24 6
2 24 7 3 26
2 17 5 24 7
2 24 10 3 26
2 25 6 24 10
2 24 12 3 26
2 3 14 24 12
2 24 13 3 14
2 14 19 24 13
2 24 14 3 14
2 36 9 24 14
2 24 15 3 26
2 12 9 24 15
2 24 16 6 36
2 33 2 24 16
2 24 17 9 44
2 42 11 24 17
2 24 18 9 44
2 29 39 24 18
2 24 22 9 44
2 36 47 24 22
2 24 23 9 44
2 32 26 24 23
2 24 26 9 44
2 34 6 24 26
2 24 28 9 44
2 25 4 24 28
2 24 30 9 44
2 9 23 24 30
2 24 33 9 23
2 12 34 24 33
2 24 34 9 44
2 9 28 24 34
2 24 36 9 28
2 10 18 24 36
2 24 39 9 28
2 6 36 24 39
2 24 40 6 36
2 2 1 24 40
2 24 42 2 1
2 39 45 24 42
2 24 43 10 18
2 14 4 24 43
2 24 46 12 9
2 3 12 24 46
2 24 47 3 12
2 28 26 24 47
2 24 48 12 9
2 31 39 24 48
2 24 50 12 9
2 34 22 24 50
2 25 1 12 9
2 31 46 25 1
2 25 3 12 9
2 30 34 25 3
2 25 5 12 34
2 13 9 25 5
2 25 6 12 34
2 2 1 25 6
2 25 7 2 1
2 13 48 25 7
2 25 8 12 34
2 32 29 25 8
2 25 11 12 34
2 30 15 25 11
2 25 13 12 34
2 40 47 25 13
2 25 14 12 34
2 35 34 25 14
2 25 17 12 34
2 4 49 25 17
2 25 18 4 49
2 3 26 25 18
2 25 19 3 26
2 28 46 25 19
2 25 21 13 9
2 9 7 25 21
2 25 23 9 7
2 26 28 25 23
2 25 26 9 7
2 37 29 25 26
2 25 27 13 41
2 3 30 25 27
2 25 29 3 30
2 33 31 25 29
2 25 30 3 30
2 42 31 25 30
2 25 32 13 41
2 2 50 25 32
2 25 33 2 50
2 4 11 25 33
2 25 35 2 50
2 35 15 25 35
2 25 37 2 50
2 8 9 25 37
2 25 38 4 11
2 2 50 25 38
2 25 39 2 50
2 7 10 25 39
2 25 40 7 10
2 50 17 25 40
2 25 41 8 9
2 1 30 25 41
2 25 42 1 30
2 25 16 25 42
2 25 43 1 30
2 31 11 25 43
2 25 44 1 30
2 40 14 25 44
2 25 45 8 9
2 30 27 25 45
2 25 47 13 44
2 18 22 25 47
2 25 49 13 44
2 35 38 25 49
2 26 2 13 44
2 1 26 26 2
2 26 3 1 26
2 36 28 26 3
2 26 6 13 44
2 13 41 26 6
2 26 7 13 41
2 12 28 26 7
2 26 9 12 28
2 4 27 26 9
2 26 10 4 27
2 25 24 26 10
2 26 12 4 27
2 31 8 26 12
2 26 13 4 27
2 1 19 26 13
2 26 14 1 19
2 12 24 26 14
2 26 15 1 19
2 10 11 26 15
2 26 16 1 19
2 34 9 26 16
2 26 17 4 27
2 9 12 26 17
2 26 18 9 12
2 40 12 26 18
2 26 20 9 12
2 3 6 26 20
2 26 22 3 6
2 26 49 26 22
2 26 23 3 6
2 6 10 26 23
2 26 25 6 10
2 4 31 26 25
2 26 26 4 31
2 11 8 26 26
2 26 27 6 10
2 4 21 26 27
2 26 28 4 21
2 9 32 26 28
2 26 29 4 21
2 8 30 26 29
2 26 31 4 21
2 27 30 26 31
2 26 32 8 30
2 13 5 26 32
2 26 35 8 30
2 37 25 26 35
2 26 36 9 32
2 3 30 26 36
2 26 37 3 30
2 35 39 26 37
2 26 41 3 30
2 32 22 26 41
2 26 42 10 11
2 27 28 26 42
2 26 48 10 11
2 44 27 26 48
2 27 3 10 11
2 4 19 27 3
2 27 6 4 19
2 33 23 27 6
2 27 8 4 19
2 27 48 27 8
2 27 9 4 19
2 12 34 27 9
2 27 10 4 19
2 38 22 27 10
2 27 12 4 19
2 46 10 27 12
2 27 14 4 19
2 6 36 27 14
2 27 15 6 36
2 7 42 27 15
2 27 16 6 36
2 7 30 27 16
2 27 17 6 36
2 2 18 27 17
2 27 18 2 18
2 8 43 27 18
2 27 20 7 30
2 4 17 27 20
2 27 22 4 17
2 32 18 27 22
2 27 23 7 30
2 32 19 27 23
2 27 24 7 42
2 6 10 27 24
2 27 26 6 10
2 9 41 27 26
2 27 28 6 10
2 28 34 27 28
2 27 33 6 10
2 36 16 27 33
2 27 37 7 42
2 1 24 27 37
2 27 39 1 24
2 8 11 27 39
2 27 41 7 42
2 34 21 27 41
2 27 45 7 42
2 6 10 27 45
2 27 46 6 10
2 35 17 27 46
2 27 47 8 11
2 32 8 27 47
2 27 48 8 43
2 2 1 27 48
2 27 49 2 1
2 9 28 27 49
2 28 3 2 1
2 15 5 28 3
2 28 8 8 43
2 39 42 28 8
2 28 9 9 28
2 4 37 28 9
2 28 10 4 37
2 1 35 28 10
2 28 12 1 35
2 7 2 28 12
2 28 14 1 35
2 7 22 28 14
2 28 15 1 35
2 4 27 28 15
2 28 16 4 27
2 11 19 28 16
2 28 17 4 27
2 37 35 28 17
2 28 19 4 27
2 25 48 28 19
2 28 21 4 27
2 1 35 28 21
2 28 22 1 35
2 9 23 28 22
2 28 23 1 35
2 9 6 28 23
2 28 24 4 27
2 4 21 28 24
2 28 25 4 21
2 32 4 28 25
2 28 26 4 21
2 29 34 28 26
2 28 27 4 21
2 1 29 28 27
2 28 28 1 29
2 29 29 28 28
2 28 29 1 29
2 3 12 28 29
2 28 32 1 29
2 18 28 28 32
2 28 34 3 12
2 9 44 28 34
2 28 35 3 12
2 45 23 28 35
2 28 36 4 21
2 40 29 28 36
2 28 37 4 37
2 16 6 28 37
2 28 38 4 37
2 4 49 28 38
2 28 39 4 37
2 28 30 28 39
2 28 40 4 37
2 4 27 28 40
2 28 41 4 27
2 41 38 28 41
2 28 44 4 49
2 5 17 28 44
2 28 45 4 49
2 36 30 28 45
2 28 46 5 17
2 4 17 28 46
2 28 48 4 17
2 1 29 28 48
2 28 49 1 29
2 36 26 28 49
2 28 50 1 29
2 34 1 28 50
2 29 2 1 29
2 32 37 29 2
2 29 3 4 17
2 34 25 29 3
2 29 4 4 17
2 34 43 29 4
2 29 5 5 17
2 40 7 29 5
2 29 8 5 17
2 20 44 29 8
2 29 10 7 2
2 12 26 29 10
2 29 12 7 2
2 25 2 29 12
2 29 13 7 2
2 7 46 29 13
2 29 14 7 2
2 9 12 29 14
2 29 16 7 2
2 32 35 29 16
2 29 17 7 2
2 15 27 29 17
2 29 18 7 2
2 6 30 29 18
2 29 19 6 30
2 1 29 29 19
2 29 20 1 29
2 6 50 29 20
2 29 22 6 50
2 5 10 29 22
2 29 24 5 10
2 37 37 29 24
2 29 27 5 10
2 40 42 29 27
2 29 29 5 10
2 46 18 29 29
2 29 33 5 10
2 49 5 29 33
2 29 34 6 50
2 11 3 29 34
2 29 38 6 50
2 37 20 29 38
2 29 40 6 50
2 3 6 29 40
2 29 42 3 6
2 8 43 29 42
2 29 43 7 22
2 34 15 29 43
2 29 44 7 22
2 4 49 29 44
2 29 46 4 49
2 30 21 29 46
2 29 48 7 22
2 16 27 29 48
2 29 50 7 46
2 41 20 29 50
2 30 3 8 43
2 1 30 30 3
2 30 6 1 30
2 8 36 30 6
2 30 7 1 30
2 31 26 30 7
2 30 8 1 30
2 15 48 30 8
2 30 12 8 36
2 32 14 30 12
2 30 13 8 36
2 48 21 30 13
2 30 14 8 36
2 39 15 30 14
2 30 15 8 43
2 35 25 30 15
2 30 16 8 43
2 6 12 30 16
2 30 17 6 12
2 3 12 30 17
2 30 20 3 12
2 14 26 30 20
2 30 22 3 12
2 7 2 30 22
2 30 23 6 12
2 38 44 30 23
2 30 28 6 12
2 33 1 30 28
2 30 29 6 12
2 8 30 30 29
2 30 35 7 2
2 29 28 30 35
2 30 36 8 30
2 34 28 30 36
2 30 38 8 30
2 30 50 30 38
2 30 39 8 43
2 4 49 30 39
2 30 40 4 49
2 12 32 30 40
2 30 45 4 49
2 31 2 30 45
2 30 46 4 49
2 25 31 30 46
2 30 47 4 49
2 1 13 30 47
2 30 50 1 13
2 6 15 30 50
2 31 1 1 13
2 29 31 31 1
2 31 2 6 15
2 30 2 31 2
2 31 5 6 15
2 50 38 31 5
2 31 8 6 15
2 1 19 31 8
2 31 9 1 19
2 6 11 31 9
2 31 10 1 19
2 41 42 31 10
2 31 11 1 19
2 31 3 31 11
2 31 15 1 19
2 49 45 31 15
2 31 16 1 19
2 27 2 31 16
2 31 17 1 19
2 12 8 31 17
2 31 18 1 19
2 1 29 31 18
2 31 22 1 19
2 8 36 31 22
2 31 23 1 19
2 34 34 31 23
2 31 24 1 19
2 11 13 31 24
2 31 25 1 19
2 6 1 31 25
2 31 26 1 29
2 4 17 31 26
2 31 27 1 29
2 36 44 31 27
2 31 28 4 17
2 1 24 31 28
2 31 33 1 24
2 4 11 31 33
2 31 37 1 24
2 39 18 31 37
2 31 39 1 24
2 42 50 31 39
2 31 40 1 24
2 10 11 31 40
2 31 41 1 24
2 3 26 31 41
2 31 42 1 24
2 35 1 31 42
2 31 43 3 26
2 45 41 31 43
2 31 45 3 26
2 48 10 31 45
2 31 46 4 11
2 33 28 31 46
2 31 47 4 11
2 32 16 31 47
2 31 48 4 17
2 9 32 31 48
2 31 49 6 1
2 38 37 31 49
2 31 50 6 11
2 39 46 31 50
2 32 4 6 11
2 2 1 32 4
2 32 5 2 1
2 40 11 32 5
2 32 8 2 1
2 4 49 32 8
2 32 10 2 1
2 47 19 32 10
2 32 11 4 49
2 6 43 32 11
2 32 14 6 11
2 34 50 32 14
2 32 15 6 11
2 13 49 32 15
2 32 16 6 11
2 7 46 32 16
2 32 17 6 11
2 44 18 32 17
2 32 19 6 15
2 2 18 32 19
2 32 20 2 18
2 46 36 32 20
2 32 21 2 18
2 6 28 32 21
2 32 25 6 15
2 32 41 32 25
2 32 29 6 15
2 36 45 32 29
2 32 30 6 15
2 36 35 32 30
2 32 31 6 15
2 38 38 32 31
2 32 32 6 15
2 37 11 32 32
2 32 35 6 15
2 3 30 32 35
2 32 40 3 30
2 44 35 32 40
2 32 41 6 15
2 47 35 32 41
2 32 42 6 15
2 44 26 32 42
2 32 43 6 15
2 22 38 32 43
2 32 44 6 15
2 11 4 32 44
2 32 45 6 28
2 12 33 32 45
2 32 46 6 28
2 40 28 32 46
2 32 47 6 43
2 33 33 32 47
2 33 1 6 43
2 46 47 33 1
2 33 2 6 43
2 37 33 33 2
2 33 3 6 43
2 39 35 33 3
2 33 8 7 46
2 42 5 33 8
2 33 11 8 36
2 40 43 33 11
2 33 13 8 36
2 47 32 33 13
2 33 14 8 43
2 41 48 33 14
2 33 16 9 6
2 32 48 33 16
2 33 17 9 6
2 30 24 33 17
2 33 18 9 6
2 34 49 33 18
2 33 19 9 12
2 39 4 33 19
2 33 20 9 23
2 31 32 33 20
2 33 21 9 28
2 7 30 33 21
2 33 22 7 30
2 6 33 33 22
2 33 23 6 33
2 4 17 33 23
2 33 26 4 17
2 3 6 33 26
2 33 27 3 6
2 3 31 33 27
2 33 31 3 6
2 6 45 33 31
2 33 32 3 6
2 43 5 33 32
2 33 33 3 6
2 36 33 33 33
2 33 37 3 6
2 50 41 33 37
2 33 39 3 31
2 23 25 33 39
2 33 42 3 31
2 34 14 33 42
2 33 43 3 31
2 4 21 33 43
2 33 44 3 31
2 34 31 33 44
2 33 46 3 31
2 37 24 33 46
2 33 47 4 21
2 7 30 33 47
2 33 49 4 21
2 9 12 33 49
2 33 50 4 21
2 29 49 33 50
2 34 1 6 33
2 3 43 34 1
2 34 2 3 43
2 1 35 34 2
2 34 3 1 35
2 11 12 34 3
2 34 6 1 35
2 45 8 34 6
2 34 7 1 35
2 6 8 34 7
2 34 9 1 35
2 9 6 34 9
2 34 11 1 35
2 35 50 34 11
2 34 12 3 43
2 47 9 34 12
2 34 13 6 8
2 43 23 34 13
2 34 14 6 8
2 5 7 34 14
2 34 16 5 7
2 46 31 34 16
2 34 17 6 8
2 42 7 34 17
2 34 18 6 33
2 13 41 34 18
2 34 21 6 33
2 43 19 34 21
2 34 24 6 33
2 7 15 34 24
2 34 25 6 45
2 42 14 34 25
2 34 28 6 45
2 8 36 34 28
2 34 29 6 45
2 50 44 34 29
2 34 30 6 45
2 3 12 34 30
2 34 33 3 12
2 37 17 34 33
2 34 35 6 45
2 9 20 34 35
2 34 37 7 15
2 40 23 34 37
2 34 40 7 30
2 21 8 34 40
2 34 43 7 30
2 11 22 34 43
2 34 45 7 30
2 1 29 34 45
2 34 46 1 29
2 13 23 34 46
2 34 49 7 30
2 43 26 34 49
2 34 50 7 30
2 35 14 34 50
2 35 2 7 30
2 3 31 35 2
2 35 3 3 31
2 14 39 35 3
2 35 4 3 31
2 41 45 35 4
2 35 5 7 30
2 6 33 35 5
2 35 9 6 33
2 4 37 35 9
2 35 11 4 37
2 40 10 35 11
2 35 13 6 33
2 3 12 35 13
2 35 15 3 12
2 4 19 35 15
2 35 16 3 12
2 27 21 35 16
2 35 17 4 19
2 3 43 35 17
2 35 18 3 43
2 5 10 35 18
2 35 19 3 43
2 1 26 35 19
2 35 20 1 26
2 7 5 35 20
2 35 21 1 26
2 6 43 35 21
2 35 22 3 43
2 41 32 35 22
2 35 24 4 19
2 3 30 35 24
2 35 25 3 30
2 2 18 35 25
2 35 26 2 18
2 42 22 35 26
2 35 29 3 30
2 37 44 35 29
2 35 30 5 10
2 40 50 35 30
2 35 32 5 10
2 8 5 35 32
2 35 33 5 10
2 1 29 35 33
2 35 34 1 29
2 9 7 35 34
2 35 38 1 29
2 47 33 35 38
2 35 39 1 29
2 32 13 35 39
2 35 42 1 29
2 1 35 35 42
2 35 43 1 35
2 26 33 35 43
2 35 45 1 35
2 37 7 35 45
2 35 48 6 33
2 50 9 35 48
2 35 49 6 33
2 42 47 35 49
2 35 50 6 43
2 48 41 35 50
2 36 2 6 43
2 36 21 36 2
2 36 4 6 43
2 7 22 36 4
2 36 7 6 43
2 1 13 36 7
2 36 8 1 13
2 38 12 36 8
2 36 9 1 13
2 41 11 36 9
2 36 12 1 13
2 41 34 36 12
2 36 15 6 43
2 28 6 36 15
2 36 16 6 43
2 42 24 36 16
2 36 18 6 43
2 37 28 36 18
2 36 19 7 5
2 42 6 36 19
2 36 20 7 5
2 8 3 36 20
2 36 22 7 22
2 49 32 36 22
2 36 26 7 22
2 39 17 36 26
2 36 27 7 22
2 6 49 36 27
2 36 29 6 49
2 32 23 36 29
2 36 30 6 49
2 3 12 36 30
2 36 31 3 12
2 49 38 36 31
2 36 32 6 49
2 45 30 36 32
2 36 34 6 49
2 44 34 36 34
2 36 35 6 49
2 39 2 36 35
2 36 36 6 49
2 1 24 36 36
2 36 39 1 24
2 2 18 36 39
2 36 42 1 24
2 12 50 36 42
2 36 45 1 24
2 50 46 36 45
2 36 46 1 24
2 40 44 36 46
2 37 3 1 24
2 4 11 37 3
2 37 4 1 24
2 9 24 37 4
2 37 6 2 18
2 41 15 37 6
2 37 7 4 11
2 8 43 37 7
2 37 8 4 11
2 45 2 37 8
2 37 10 4 11
2 30 41 37 10
2 37 13 7 22
2 2 18 37 13
2 37 14 2 18
2 6 1 37 14
2 37 15 2 18
2 26 24 37 15
2 37 16 2 18
2 17 16 37 16
2 37 17 6 1
2 45 15 37 17
2 37 18 6 1
2 20 20 37 18
2 37 19 6 1
2 1 29 37 19
2 37 21 1 29
2 40 37 37 21
2 37 22 1 29
2 7 46 37 22
2 37 23 1 29
2 43 2 37 23
2 37 24 1 29
2 39 11 37 24
2 37 29 1 29
2 3 43 37 29
2 37 31 1 29
2 6 15 37 31
2 37 32 1 29
2 13 27 37 32
2 37 33 1 29
2 38 33 37 33
2 37 35 1 29
2 8 11 37 35
2 37 37 1 29
2 4 37 37 37
2 37 39 1 29
2 39 33 37 39
2 37 40 3 43
2 4 27 37 40
2 37 42 4 27
2 3 31 37 42
2 37 43 3 31
2 7 15 37 43
2 37 44 4 27
2 47 6 37 44
2 37 45 4 27
2 4 21 37 45
2 37 47 4 21
2 40 6 37 47
2 37 49 4 21
2 4 11 37 49
2 38 1 4 11
2 39 44 38 1
2 38 4 4 27
2 42 16 38 4
2 38 5 4 27
2 3 29 38 5
2 38 6 3 29
2 46 6 38 6
2 38 7 3 29
2 40 15 38 7
2 38 8 4 27
2 50 36 38 8
2 38 10 4 37
2 7 22 38 10
2 38 12 6 15
2 6 36 38 12
2 38 14 6 15
2 42 10 38 14
2 38 21 6 15
2 7 47 38 21
2 38 22 6 36
2 42 13 38 22
2 38 23 6 36
2 38 48 38 23
2 38 24 6 36
2 6 43 38 24
2 38 25 6 43
2 44 12 38 25
2 38 27 6 43
2 12 9 38 27
2 38 28 7 15
2 36 3 38 28
2 38 29 7 22
2 36 13 38 29
2 38 30 7 22
2 2 50 38 30
2 38 33 2 50
2 26 21 38 33
2 38 34 2 50
2 44 19 38 34
2 38 36 2 50
2 40 39 38 36
2 38 37 2 50
2 40 4 38 37
2 38 39 2 50
2 4 27 38 39
2 38 41 4 27
2 3 26 38 41
2 38 42 3 26
2 1 13 38 42
2 38 44 1 13
2 11 39 38 44
2 38 45 1 13
2 46 20 38 45
2 38 46 4 27
2 1 19 38 46
2 38 47 1 19
2 3 3 38 47
2 38 48 3 3
2 7 22 38 48
2 39 1 3 3
2 6 12 39 1
2 39 2 4 27
2 43 18 39 2
2 39 3 4 27
2 33 6 39 3
2 39 4 6 12
2 43 13 39 4
2 39 7 6 12
2 6 11 39 7
2 39 8 6 11
2 12 4 39 8
2 39 9 7 22
2 6 15 39 9
2 39 11 6 15
2 43 29 39 11
2 39 12 6 15
2 45 20 39 12
2 39 13 7 30
2 42 3 39 13
2 39 14 7 30
2 41 40 39 14
2 39 15 7 46
2 11 21 39 15
2 39 16 7 46
2 31 7 39 16
2 39 17 7 47
2 48 1 39 17
2 39 18 7 47
2 1 19 39 18
2 39 19 1 19
2 14 11 39 19
2 39 21 1 19
2 31 34 39 21
2 39 24 7 47
2 42 23 39 24
2 39 25 8 3
2 50 20 39 25
2 39 27 8 3
2 12 18 39 27
2 39 29 8 5
2 49 24 39 29
2 39 30 8 5
2 3 3 39 30
2 39 31 3 3
2 33 36 39 31
2 39 32 3 3
2 48 27 39 32
2 39 33 3 3
2 48 33 39 33
2 39 35 3 3
2 6 49 39 35
2 39 36 3 3
2 47 28 39 36
2 39 40 3 3
2 2 37 39 40
2 39 42 2 37
2 41 39 39 42
2 39 43 2 37
2 40 9 39 43
2 39 44 2 37
2 47 15 39 44
2 39 45 2 37
2 7 30 39 45
2 39 46 2 37
2 46 2 39 46
2 39 47 2 37
2 6 11 39 47
2 39 49 2 37
2 6 12 39 49
2 39 50 3 3
2 43 31 39 50
2 40 1 3 3
2 7 19 40 1
2 40 6 6 11
2 1 19 40 6
2 40 7 1 19
2 23 13 40 7
2 40 8 1 19
2 33 24 40 8
2 40 9 1 19
2 43 48 40 9
2 40 10 1 19
2 43 20 40 10
2 40 11 1 19
2 45 16 40 11
2 40 12 1 19
2 2 18 40 12
2 40 13 1 19
2 17 20 40 13
2 40 15 2 18
2 41 3 40 15
2 40 17 2 18
2 14 14 40 17
2 40 19 2 18
2 4 49 40 19
2 40 20 2 18
2 6 8 40 20
2 40 21 2 18
2 45 1 40 21
2 40 22 4 49
2 42 34 40 22
2 40 23 4 49
2 3 43 40 23
2 40 24 3 43
2 49 20 40 24
2 40 25 4 49
2 5 21 40 25
2 40 26 4 49
2 45 45 40 26
2 40 28 4 49
2 9 15 40 28
2 40 29 4 49
2 1 19 40 29
2 40 30 1 19
2 10 41 40 30
2 40 32 1 19
2 28 43 40 32
2 40 33 4 49
2 26 1 40 33
2 40 34 4 49
2 43 10 40 34
2 40 35 5 21
2 12 42 40 35
2 40 37 5 21
2 46 5 40 37
2 40 38 5 21
2 44 21 40 38
2 40 40 6 8
2 8 7 40 40
2 40 41 6 11
2 1 19 40 41
2 40 42 1 19
2 5 17 40 42
2 40 43 1 19
2 5 10 40 43
2 40 47 1 19
2 3 26 40 47
2 40 48 1 19
2 43 6 40 48
2 40 49 1 19
2 45 17 40 49
2 40 50 1 19
2 1 30 40 50
2 41 1 1 19
2 38 19 41 1
2 41 2 1 19
2 6 34 41 2
2 41 3 1 19
2 6 15 41 3
2 41 5 1 19
2 48 28 41 5
2 41 6 1 19
2 2 37 41 6
2 41 8 1 30
2 47 23 41 8
2 41 9 1 30
2 9 26 41 9
2 41 11 1 30
2 1 35 41 11
2 41 12 1 30
2 7 47 41 12
2 41 14 1 30
2 44 30 41 14
2 41 16 1 35
2 21 29 41 16
2 41 18 1 35
2 4 11 41 18
2 41 19 2 37
2 7 2 41 19
2 41 20 3 26
2 4 21 41 20
2 41 24 3 26
2 43 11 41 24
2 41 26 4 11
2 13 9 41 26
2 41 28 4 21
2 6 28 41 28
2 41 29 5 10
2 6 43 41 29
2 41 30 5 10
2 31 12 41 30
2 41 32 5 17
2 39 23 41 32
2 41 35 5 17
2 12 10 41 35
2 41 36 6 11
2 10 18 41 36
2 41 38 6 12
2 10 33 41 38
2 41 40 6 12
2 9 23 41 40
2 41 41 6 12
2 33 5 41 41
2 41 48 6 12
2 40 46 41 48
2 41 49 6 12
2 49 19 41 49
2 42 3 6 15
2 1 13 42 3
2 42 4 1 13
2 50 22 42 4
2 42 5 6 15
2 6 10 42 5
2 42 7 6 10
2 50 14 42 7
2 42 9 6 10
2 42 35 42 9
2 42 10 6 15
2 43 32 42 10
2 42 11 6 15
2 1 19 42 11
2 42 13 1 19
2 46 37 42 13
2 42 16 1 19
2 48 39 42 16
2 42 19 1 19
2 3 3 42 19
2 42 23 3 3
2 45 33 42 23
2 42 24 3 3
2 49 40 42 24
2 42 25 3 3
2 47 42 42 25
2 42 26 3 3
2 50 30 42 26
2 42 27 3 3
2 15 12 42 27
2 42 29 3 3
2 7 42 42 29
2 42 30 3 3
2 48 6 42 30
2 42 31 6 15
2 5 10 42 31
2 42 33 5 10
2 10 15 42 33
2 42 34 5 10
2 44 37 42 34
2 42 37 5 10
2 1 19 42 37
2 42 38 1 19
2 38 13 42 38
2 42 39 6 15
2 50 24 42 39
2 42 42 6 15
2 2 18 42 42
2 42 43 2 18
2 41 4 42 43
2 42 45 2 18
2 43 7 42 45
2 42 46 2 18
2 29 35 42 46
2 42 47 6 28
2 14 2 42 47
2 42 48 6 28
2 47 18 42 48
2 42 50 6 34
2 1 29 42 50
2 43 1 1 29
2 3 12 43 1
2 43 2 3 12
2 7 5 43 2
2 43 3 3 12
2 46 30 43 3
2 43 4 6 34
2 1 29 43 4
2 43 5 1 29
2 44 41 43 5
2 43 7 1 29
2 46 16 43 7
2 43 11 1 29
2 6 30 43 11
2 43 12 1 29
2 2 41 43 12
2 43 13 1 29
2 6 12 43 13
2 43 14 1 29
2 44 5 43 14
2 43 15 1 29
2 32 6 43 15
2 43 17 2 41
2 29 25 43 17
2 43 18 2 41
2 4 19 43 18
2 43 19 2 41
2 46 44 43 19
2 43 20 2 41
2 38 9 43 20
2 43 22 2 41
2 43 42 43 22
2 43 28 2 41
2 3 26 43 28
2 43 29 3 26
2 9 38 43 29
2 43 31 3 26
2 46 27 43 31
2 43 32 3 26
2 35 12 43 32
2 43 34 3 26
2 5 10 43 34
2 43 35 3 26
2 45 48 43 35
2 43 36 3 26
2 5 11 43 36
2 43 37 3 26
2 6 28 43 37
2 43 38 3 26
2 1 24 43 38
2 43 41 1 24
2 16 25 43 41
2 43 42 4 19
2 17 17 43 42
2 43 48 4 19
2 4 49 43 48
2 44 1 4 19
2 10 45 44 1
2 44 2 4 19
2 2 12 44 2
2 44 3 2 12
2 6 9 44 3
2 44 4 2 12
2 8 3 44 4
2 44 5 4 19
2 3 26 44 5
2 44 6 3 26
2 4 21 44 6
2 44 8 4 19
2 12 13 44 8
2 44 11 4 21
2 49 39 44 11
2 44 12 4 21
2 46 14 44 12
2 44 13 4 21
2 3 29 44 13
2 44 14 3 29
2 23 19 44 14
2 44 15 4 21
2 23 21 44 15
2 44 17 4 21
2 50 34 44 17
2 44 19 4 21
2 15 47 44 19
2 44 20 4 21
2 4 11 44 20
2 44 22 4 11
2 11 17 44 22
2 44 24 4 11
2 7 15 44 24
2 44 26 4 11
2 44 44 44 26
2 44 27 4 11
2 6 36 44 27
2 44 29 4 11
2 41 13 44 29
2 44 30 4 11
2 43 33 44 30
2 44 31 4 11
2 3 30 44 31
2 44 34 3 30
2 22 43 44 34
2 44 35 3 30
2 50 27 44 35
2 44 37 3 30
2 43 9 44 37
2 44 39 3 30
2 50 5 44 39
2 44 43 3 30
2 46 24 44 43
2 44 44 4 11
2 27 13 44 44
2 44 45 4 11
2 23 3 44 45
2 44 46 4 21
2 49 46 44 46
2 44 47 4 49
2 33 45 44 47
2 44 48 5 10
2 47 4 44 48
2 44 50 5 11
2 2 1 44 50
2 45 1 2 1
2 47 34 45 1
2 45 2 2 1
2 6 15 45 2
2 45 3 2 1
2 45 28 45 3
2 45 4 2 1
2 6 50 45 4
2 45 7 2 1
2 30 26 45 7
2 45 10 6 9
2 45 44 45 10
2 45 11 6 9
2 3 12 45 11
2 45 16 3 12
2 4 27 45 16
2 45 17 3 12
2 5 21 45 17
2 45 19 3 12
2 8 9 45 19
2 45 21 3 12
2 46 38 45 21
2 45 22 3 12
2 46 28 45 22
2 45 23 3 12
2 30 30 45 23
2 45 26 3 12
2 47 48 45 26
2 45 28 4 27
2 6 33 45 28
2 45 29 4 27
2 3 31 45 29
2 45 30 3 31
2 1 30 45 30
2 45 33 1 30
2 46 45 45 33
2 45 35 1 30
2 48 18 45 35
2 45 36 3 31
2 49 26 45 36
2 45 41 5 21
2 41 22 45 41
2 45 42 5 21
2 48 12 45 42
2 45 44 6 12
2 21 35 45 44
2 45 45 6 12
2 7 8 45 45
2 45 47 6 12
2 7 10 45 47
2 45 48 6 15
2 34 19 45 48
2 45 49 6 15
2 14 44 45 49
2 45 50 6 15
2 22 34 45 50
2 46 1 6 15
2 36 23 46 1
2 46 2 6 28
2 1 24 46 2
2 46 5 1 24
2 47 37 46 5
2 46 6 1 24
2 49 10 46 6
2 46 12 1 24
2 4 31 46 12
2 46 13 1 24
2 7 22 46 13
2 46 14 4 31
2 6 45 46 14
2 46 15 4 31
2 1 13 46 15
2 46 16 1 13
2 3 12 46 16
2 46 17 1 13
2 3 30 46 17
2 46 18 1 13
2 50 35 46 18
2 46 20 1 13
2 1 18 46 20
2 46 23 1 13
2 5 7 46 23
2 46 25 1 18
2 1 26 46 25
2 46 27 1 18
2 3 14 46 27
2 46 28 1 18
2 5 17 46 28
2 46 29 1 18
2 4 11 46 29
2 46 30 1 18
2 49 9 46 30
2 46 31 1 18
2 12 29 46 31
2 46 32 1 18
2 1 29 46 32
2 46 33 1 18
2 1 30 46 33
2 46 34 1 26
2 33 35 46 34
2 46 35 1 26
2 4 17 46 35
2 46 38 1 26
2 2 9 46 38
2 46 39 1 26
2 49 41 46 39
2 46 40 1 26
2 46 22 46 40
2 46 41 1 26
2 3 43 46 41
2 46 42 1 26
2 50 45 46 42
2 46 45 1 26
2 48 24 46 45
2 46 47 1 26
2 22 2 46 47
2 46 49 1 26
2 48 17 46 49
2 47 2 1 29
2 6 8 47 2
2 47 6 1 30
2 4 49 47 6
2 47 7 1 30
2 46 3 47 7
2 47 10 2 9
2 42 40 47 10
2 47 11 3 12
2 1 29 47 11
2 47 15 1 29
2 48 20 47 15
2 47 16 1 29
2 44 49 47 16
2 47 18 3 12
2 1 13 47 18
2 47 19 1 13
2 49 3 47 19
2 47 20 1 13
2 27 43 47 20
2 47 21 3 12
2 4 21 47 21
2 47 22 3 12
2 1 30 47 22
2 47 23 1 30
2 4 27 47 23
2 47 24 1 30
2 2 1 47 24
2 47 26 1 30
2 19 21 47 26
2 47 29 1 30
2 1 13 47 29
2 47 30 1 13
2 6 12 47 30
2 47 31 1 13
2 46 43 47 31
2 47 33 1 13
2 2 12 47 33
2 47 35 1 13
2 6 1 47 35
2 47 37 1 13
2 42 18 47 37
2 47 39 1 13
2 50 48 47 39
2 47 40 1 13
2 30 4 47 40
2 47 42 1 13
2 6 9 47 42
2 47 48 1 13
2 50 16 47 48
2 47 49 1 13
2 1 24 47 49
2 48 1 1 13
2 1 29 48 1
2 48 2 1 13
2 13 33 48 2
2 48 6 1 24
2 49 37 48 6
2 48 9 1 24
2 2 18 48 9
2 48 10 1 24
2 4 3 48 10
2 48 11 1 24
2 2 41 48 11
2 48 16 1 24
2 48 48 48 16
2 48 20 1 24
2 3 31 48 20
2 48 21 1 24
2 49 36 48 21
2 48 22 1 24
2 4 31 48 22
2 48 23 1 29
2 47 13 48 23
2 48 24 1 29
2 38 3 48 24
2 48 26 1 29
2 5 11 48 26
2 48 28 1 30
2 47 47 48 28
2 48 30 1 30
2 1 13 48 30
2 48 31 1 13
2 1 29 48 31
2 48 33 1 13
2 50 50 48 33
2 48 34 1 13
2 36 48 48 34
2 48 35 1 13
2 3 6 48 35
2 48 39 1 29
2 50 26 48 39
2 48 40 1 29
2 37 41 48 40
2 48 41 1 30
2 6 10 48 41
2 48 43 1 30
2 3 3 48 43
2 48 45 2 1
2 49 47 48 45
2 48 46 2 12
2 47 3 48 46
2 48 47 2 12
2 1 29 48 47
2 48 48 1 29
2 3 29 48 48
2 49 1 1 29
2 49 7 49 1
2 49 2 1 29
2 50 13 49 2
2 49 3 1 29
2 7 46 49 3
2 49 5 1 29
2 48 44 49 5
2 49 9 1 29
2 45 5 49 9
2 49 10 1 29
2 5 21 49 10
2 49 13 1 29
2 50 15 49 13
2 49 14 2 18
2 24 19 49 14
2 49 17 2 41
2 1 35 49 17
2 49 19 1 35
2 49 44 49 19
2 49 21 1 35
2 6 11 49 21
2 49 22 2 41
2 35 36 49 22
2 49 23 2 41
2 2 50 49 23
2 49 24 2 41
2 50 4 49 24
2 49 28 2 41
2 50 18 49 28
2 49 30 2 41
2 2 12 49 30
2 49 31 2 12
2 2 9 49 31
2 49 33 2 9
2 10 27 49 33
2 49 35 2 9
2 43 50 49 35
2 49 38 2 12
2 4 19 49 38
2 49 39 2 12
2 2 37 49 39
2 49 40 2 12
2 41 44 49 40
2 49 42 2 12
2 4 37 49 42
2 49 44 2 12
2 1 35 49 44
2 49 45 1 35
2 1 13 49 45
2 49 46 1 13
2 1 24 49 46
2 50 2 1 13
2 6 15 50 2
2 50 3 1 13
2 1 26 50 3
2 50 4 1 13
2 49 49 50 4
2 50 5 1 13
2 1 19 50 5
2 50 8 1 13
2 50 19 50 8
2 50 9 1 19
2 34 20 50 9
2 50 10 1 19
2 1 30 50 10
2 50 12 1 19
2 1 18 50 12
2 50 13 1 18
2 8 30 50 13
2 50 14 1 18
2 34 4 50 14
2 50 17 1 18
2 47 1 50 17
2 50 18 1 18
2 49 27 50 18
2 50 19 1 18
2 2 1 50 19
2 50 20 1 18
2 49 8 50 20
2 50 22 1 18
2 1 13 50 22
2 50 26 1 13
2 1 29 50 26
2 50 27 1 13
2 44 42 50 27
2 50 29 1 13
2 41 23 50 29
2 50 30 1 13
2 3 26 50 30
2 50 33 1 13
2 50 49 50 33
2 50 34 1 13
2 50 43 50 34
2 50 35 1 13
2 49 4 50 35
2 50 36 1 13
2 50 40 50 36
2 50 37 1 13
2 18 24 50 37
2 50 38 1 13
2 43 39 50 38
2 50 39 1 13
2 46 4 50 39
2 50 40 1 13
2 2 9 50 40
2 50 41 1 13
2 49 11 50 41
2 50 45 1 13
2 5 10 50 45
2 50 46 1 13
2 2 18 50 46
2 50 48 1 13
2 48 38 50 48
2 50 49 1 13
2 18 34 50 49
2 50 50 1 13
2 28 20 50 50
