2982
2 1 1 10 10
2 2 26 1 1
2 1 3 2 26
2 5 15 1 3
2 1 4 5 15
2 8 15 1 4
2 1 5 8 15
2 14 6 1 5
2 1 6 14 6
2 6 43 1 6
2 1 7 6 43
2 6 19 1 7
2 1 8 6 19
2 4 15 1 8
2 1 10 4 15
2 4 48 1 10
2 1 11 4 48
2 2 37 1 11
2 1 12 2 37
2 3 15 1 12
2 1 13 3 15
2 18 27 1 13
2 1 14 18 27
2 25 33 1 14
2 1 15 25 33
2 24 1 1 15
2 1 16 24 1
2 3 50 1 16
2 1 19 3 50
2 20 9 1 19
2 1 20 20 9
2 33 37 1 20
2 1 22 33 37
2 2 14 1 22
2 1 23 2 14
2 21 22 1 23
2 1 24 21 22
2 3 40 1 24
2 1 25 3 40
2 1 43 1 25
2 1 27 1 43
2 11 15 1 27
2 1 28 11 15
2 5 15 1 28
2 1 29 5 15
2 14 42 1 29
2 1 30 14 42
2 5 16 1 30
2 1 31 5 16
2 50 16 1 31
2 1 33 42 36
2 3 34 1 33
2 1 35 3 34
2 10 15 1 35
2 1 36 10 15
2 2 16 1 36
2 1 38 2 16
2 5 5 1 38
2 1 40 5 5
2 4 39 1 40
2 1 41 4 39
2 3 40 1 41
2 1 42 3 40
2 16 14 1 42
2 1 43 16 14
2 5 5 1 43
2 1 45 5 5
2 18 37 1 45
2 1 47 18 37
2 10 19 1 47
2 1 49 10 19
2 3 43 1 49
2 2 2 3 43
2 4 2 2 2
2 2 3 4 2
2 11 31 2 3
2 2 4 11 31
2 2 50 2 4
2 2 6 2 50
2 2 41 2 6
2 2 14 2 41
2 5 3 2 14
2 2 15 5 3
2 11 19 2 15
2 2 16 11 19
2 9 37 2 16
2 2 17 9 37
2 9 5 2 17
2 2 18 9 5
2 8 30 2 18
2 2 19 8 30
2 8 3 2 19
2 2 26 8 3
2 2 36 2 26
2 2 28 2 36
2 20 46 2 28
2 2 30 20 46
2 18 32 2 30
2 2 33 18 32
2 5 30 2 33
2 2 34 5 30
2 4 48 2 34
2 2 35 4 48
2 3 6 2 35
2 2 36 3 6
2 21 8 2 36
2 2 37 21 8
2 5 22 2 37
2 2 38 5 22
2 2 50 2 38
2 2 40 2 50
2 11 47 2 40
2 2 41 11 47
2 10 33 2 41
2 2 42 10 33
2 28 5 2 42
2 2 44 28 5
2 7 44 2 44
2 2 45 7 44
2 4 48 2 45
2 2 46 4 48
2 7 14 2 46
2 2 49 7 14
2 7 42 2 49
2 2 50 7 42
2 3 11 2 50
2 3 1 3 11
2 7 24 3 1
2 3 3 7 24
2 9 46 3 3
2 3 6 9 46
2 4 22 3 6
2 3 7 4 22
2 9 10 3 7
2 3 8 9 10
2 18 31 3 8
2 3 10 18 31
2 3 14 3 10
2 3 11 3 14
2 3 27 3 11
2 3 12 3 27
2 9 23 3 12
2 3 13 9 23
2 14 11 3 13
2 3 14 14 11
2 12 22 3 14
2 3 15 12 22
2 19 32 3 15
2 3 17 19 32
2 8 25 3 17
2 3 20 8 25
2 5 43 3 20
2 3 23 5 43
2 4 12 3 23
2 3 26 4 12
2 3 50 3 26
2 3 27 3 50
2 13 22 3 27
2 3 33 13 22
2 4 12 3 33
2 3 34 4 12
2 4 46 3 34
2 3 36 4 46
2 7 44 3 36
2 3 37 7 44
2 11 17 3 37
2 3 39 11 17
2 20 19 3 39
2 3 40 20 19
2 5 17 3 40
2 3 43 5 17
2 6 47 3 43
2 3 45 6 47
2 37 26 3 45
2 3 46 37 26
2 4 13 3 46
2 3 48 4 13
2 16 34 3 48
2 3 49 16 34
2 8 6 3 49
2 3 50 8 6
2 17 18 3 50
2 4 1 17 18
2 13 39 4 1
2 4 2 13 39
2 5 29 4 2
2 4 3 5 29
2 9 8 4 3
2 4 5 9 8
2 7 32 4 5
2 4 8 7 32
2 5 16 4 8
2 4 10 5 16
2 4 16 4 10
2 4 12 4 16
2 11 23 4 12
2 4 13 11 23
2 5 5 4 13
2 4 14 5 5
2 23 26 4 14
2 4 15 23 26
2 8 18 4 15
2 4 16 8 18
2 31 14 4 16
2 4 17 31 14
2 10 25 4 17
2 4 18 10 25
2 7 45 4 18
2 4 22 7 45
2 6 20 4 22
2 4 23 6 20
2 12 38 4 23
2 4 25 12 38
2 37 10 4 25
2 4 26 37 10
2 23 48 4 26
2 4 29 23 48
2 10 31 4 29
2 4 30 10 31
2 8 22 4 30
2 4 32 8 22
2 12 29 4 32
2 4 34 12 29
2 18 22 4 34
2 4 36 18 22
2 9 29 4 36
2 4 37 9 29
2 5 37 4 37
2 4 38 5 37
2 18 34 4 38
2 4 39 18 34
2 20 12 4 39
2 4 40 20 12
2 10 10 4 40
2 4 41 10 10
2 25 17 4 41
2 4 45 25 17
2 10 15 4 45
2 4 46 10 15
2 11 23 4 46
2 4 47 11 23
2 12 30 4 47
2 4 48 12 30
2 14 9 4 48
2 4 49 14 9
2 5 5 4 49
2 5 3 5 5
2 7 16 5 3
2 5 4 7 16
2 6 36 5 4
2 5 5 6 36
2 11 47 5 5
2 5 9 11 47
2 20 9 5 9
2 5 10 20 9
2 8 4 5 10
2 5 12 8 4
2 15 18 5 12
2 5 13 15 18
2 5 40 5 13
2 5 15 5 40
2 48 43 5 15
2 5 16 48 43
2 9 5 5 16
2 5 17 9 5
2 8 43 5 17
2 5 19 8 43
2 9 47 5 19
2 5 21 9 47
2 24 33 5 21
2 5 22 24 33
2 16 21 5 22
2 5 23 16 21
2 6 43 5 23
2 5 25 6 43
2 24 9 5 25
2 5 26 24 9
2 5 44 5 26
2 5 29 5 44
2 7 32 5 29
2 5 30 7 32
2 25 43 5 30
2 5 31 25 43
2 29 20 5 31
2 5 32 29 20
2 7 47 5 32
2 5 33 7 47
2 6 1 5 33
2 5 35 6 1
2 40 9 5 35
2 5 37 40 9
2 9 23 5 37
2 5 40 9 23
2 6 16 5 40
2 5 42 6 16
2 17 5 5 42
2 5 43 17 5
2 6 29 5 43
2 5 44 6 29
2 10 42 5 44
2 5 45 10 42
2 6 29 5 45
2 5 47 6 29
2 21 16 5 47
2 5 48 21 16
2 6 12 5 48
2 5 50 6 12
2 8 16 5 50
2 6 1 8 16
2 7 27 6 1
2 6 4 7 27
2 9 25 6 4
2 6 5 9 25
2 29 33 6 5
2 6 7 29 33
2 11 50 6 7
2 6 8 11 50
2 11 31 6 8
2 6 11 11 31
2 12 48 6 11
2 6 12 12 48
2 8 3 6 12
2 6 14 8 3
2 12 22 6 14
2 6 15 12 22
2 28 48 6 15
2 6 16 28 48
2 13 30 6 16
2 6 18 13 30
2 7 26 6 18
2 6 19 7 26
2 30 23 6 19
2 6 20 30 23
2 8 14 6 20
2 6 21 8 14
2 8 8 6 21
2 6 22 8 8
2 8 19 6 22
2 6 27 8 19
2 7 24 6 27
2 6 28 7 24
2 10 20 6 28
2 6 29 10 20
2 6 44 6 29
2 6 30 6 44
2 8 8 6 30
2 6 31 8 8
2 9 32 6 31
2 6 33 9 32
2 20 33 6 33
2 6 36 20 33
2 10 47 6 36
2 6 38 10 47
2 7 37 6 38
2 6 41 7 37
2 14 21 6 41
2 6 43 14 21
2 9 17 6 43
2 6 44 9 17
2 7 44 6 44
2 6 46 7 44
2 8 25 6 46
2 6 47 8 25
2 11 50 6 47
2 6 48 11 50
2 7 26 6 48
2 6 49 7 26
2 7 34 6 49
2 7 1 7 34
2 38 8 7 1
2 7 2 38 8
2 7 24 7 2
2 7 5 7 24
2 37 27 7 5
2 7 7 37 27
2 11 28 7 7
2 7 8 11 28
2 9 20 7 8
2 7 11 9 20
2 10 46 7 11
2 7 14 10 46
2 11 6 7 14
2 7 15 11 6
2 13 50 7 15
2 7 16 13 50
2 24 47 7 16
2 7 18 24 47
2 14 34 7 18
2 7 21 14 34
2 43 35 7 21
2 7 23 43 35
2 22 15 7 23
2 7 24 22 15
2 12 11 7 24
2 7 25 12 11
2 22 42 7 25
2 7 26 22 42
2 11 7 7 26
2 7 27 11 7
2 15 11 7 27
2 7 29 15 11
2 7 30 7 29
2 7 30 7 30
2 14 1 7 30
2 7 32 14 1
2 8 10 7 32
2 7 34 8 10
2 9 5 7 34
2 7 37 9 5
2 11 50 7 37
2 7 39 11 50
2 13 37 7 39
2 7 40 13 37
2 14 19 7 40
2 7 41 14 19
2 9 50 7 41
2 7 42 9 50
2 16 50 7 42
2 7 44 16 50
2 17 24 7 44
2 7 45 17 24
2 8 3 7 45
2 7 46 8 3
2 9 9 7 46
2 7 47 9 9
2 45 42 7 47
2 7 50 45 42
2 10 16 7 50
2 8 1 10 16
2 10 24 8 1
2 8 3 10 24
2 8 16 8 3
2 8 4 8 16
2 9 48 8 4
2 8 6 9 48
2 12 9 8 6
2 8 8 12 9
2 24 43 8 8
2 8 9 24 43
2 8 18 8 9
2 8 10 8 18
2 17 9 8 10
2 8 12 17 9
2 10 7 8 12
2 8 14 10 7
2 27 36 8 14
2 8 15 27 36
2 24 19 8 15
2 8 16 24 19
2 8 39 8 16
2 8 18 8 39
2 14 19 8 18
2 8 19 14 19
2 21 2 8 19
2 8 20 21 2
2 23 22 8 20
2 8 21 23 22
2 11 23 8 21
2 8 22 11 23
2 14 31 8 22
2 8 24 14 31
2 12 35 8 24
2 8 25 12 35
2 36 43 8 25
2 8 26 36 43
2 9 23 8 26
2 8 27 9 23
2 26 16 8 27
2 8 30 26 16
2 23 9 8 30
2 8 37 23 9
2 19 7 8 37
2 8 39 19 7
2 17 33 8 39
2 8 41 17 33
2 30 33 8 41
2 8 42 30 33
2 23 46 8 42
2 8 43 23 46
2 26 31 8 43
2 8 50 26 31
2 24 15 8 50
2 9 1 24 15
2 9 26 9 1
2 9 2 9 26
2 17 5 9 2
2 9 5 17 5
2 11 46 9 5
2 9 8 11 46
2 15 7 9 8
2 9 9 15 7
2 24 45 9 9
2 9 10 24 45
2 9 23 9 10
2 9 11 9 23
2 14 6 9 11
2 9 13 14 6
2 10 41 9 13
2 9 14 10 41
2 12 11 9 14
2 9 16 12 11
2 11 13 9 16
2 9 17 11 13
2 11 29 9 17
2 9 20 11 29
2 10 40 9 20
2 9 23 10 40
2 10 23 9 23
2 9 25 10 23
2 16 43 9 25
2 9 26 16 43
2 11 41 9 26
2 9 29 11 41
2 10 7 9 29
2 9 31 10 7
2 13 16 9 31
2 9 32 13 16
2 23 7 9 32
2 9 34 23 7
2 10 41 9 34
2 9 37 10 41
2 14 42 9 37
2 9 38 14 42
2 10 14 9 38
2 9 42 10 14
2 10 30 9 42
2 9 45 10 30
2 13 48 9 45
2 9 46 13 48
2 26 5 9 46
2 9 47 26 5
2 10 29 9 47
2 9 48 10 29
2 11 23 9 48
2 9 49 11 23
2 25 32 9 49
2 9 50 25 32
2 34 17 9 50
2 10 5 34 17
2 28 48 10 5
2 10 7 28 48
2 15 10 10 7
2 10 8 15 10
2 15 11 10 8
2 10 9 15 11
2 14 44 10 9
2 10 10 14 44
2 10 17 10 10
2 10 11 10 17
2 14 4 10 11
2 10 13 14 4
2 10 29 10 13
2 10 14 10 29
2 22 3 10 14
2 10 15 22 3
2 10 17 10 15
2 10 16 10 17
2 22 10 10 16
2 10 17 22 10
2 13 1 10 17
2 10 18 13 1
2 13 42 10 18
2 10 19 13 42
2 39 29 10 19
2 10 20 39 29
2 19 19 10 20
2 10 21 19 19
2 28 25 10 21
2 10 22 28 25
2 15 20 10 22
2 10 23 15 20
2 14 4 10 23
2 10 24 14 4
2 10 41 10 24
2 10 25 10 41
2 20 30 10 25
2 10 26 20 30
2 28 44 10 26
2 10 27 28 44
2 17 18 10 27
2 10 28 17 18
2 15 47 10 28
2 10 29 15 47
2 22 50 10 29
2 10 30 22 50
2 13 17 10 30
2 10 31 13 17
2 24 18 10 31
2 10 32 24 18
2 15 33 10 32
2 10 33 15 33
2 14 47 10 33
2 10 34 14 47
2 16 14 10 34
2 10 37 16 14
2 13 1 10 37
2 10 39 13 1
2 39 39 10 39
2 10 40 39 39
2 15 36 10 40
2 10 41 15 36
2 21 28 10 41
2 10 42 21 28
2 19 32 10 42
2 10 43 19 32
2 10 47 10 43
2 10 46 10 47
2 38 23 10 46
2 10 47 38 23
2 12 22 10 47
2 10 50 12 22
2 12 26 10 50
2 11 1 12 26
2 19 26 11 1
2 11 2 19 26
2 17 33 11 2
2 11 3 17 33
2 21 44 11 3
2 11 4 21 44
2 12 10 11 4
2 11 6 12 10
2 22 37 11 6
2 11 7 22 37
2 18 42 11 7
2 11 10 18 42
2 19 32 11 10
2 11 13 19 32
2 27 15 11 13
2 11 15 27 15
2 14 4 11 15
2 11 17 14 4
2 20 13 11 17
2 11 19 20 13
2 14 42 11 19
2 11 20 14 42
2 31 44 11 20
2 11 23 31 44
2 21 39 11 23
2 11 24 21 39
2 24 32 11 24
2 11 28 24 32
2 11 35 11 28
2 11 29 11 35
2 24 31 11 29
2 11 30 24 31
2 17 21 11 30
2 11 31 17 21
2 12 4 11 31
2 11 33 12 4
2 33 5 11 33
2 11 35 33 5
2 19 44 11 35
2 11 39 19 44
2 12 11 11 39
2 11 40 12 11
2 18 2 11 40
2 11 41 18 2
2 14 42 11 41
2 11 44 14 42
2 17 19 11 44
2 11 46 17 19
2 24 41 11 46
2 11 47 24 41
2 12 11 11 47
2 11 48 12 11
2 18 47 11 48
2 11 50 18 47
2 18 9 11 50
2 12 2 18 9
2 14 22 12 2
2 12 4 14 22
2 13 5 12 4
2 12 9 13 5
2 24 1 12 9
2 12 10 24 1
2 32 4 12 10
2 12 11 32 4
2 21 39 12 11
2 12 12 21 39
2 31 29 12 12
2 12 13 31 29
2 12 41 12 13
2 12 14 12 41
2 16 49 12 14
2 12 15 16 49
2 21 28 12 15
2 12 16 21 28
2 15 38 12 16
2 12 17 15 38
2 16 1 12 17
2 12 22 16 1
2 15 22 12 22
2 12 23 15 22
2 33 21 12 23
2 12 25 33 21
2 15 33 12 25
2 12 26 15 33
2 18 5 12 26
2 12 29 18 5
2 29 12 12 29
2 12 30 29 12
2 13 19 12 30
2 12 35 13 19
2 13 50 12 35
2 12 38 13 50
2 14 6 12 38
2 12 41 14 6
2 28 18 12 41
2 12 43 28 18
2 13 32 12 43
2 12 44 13 32
2 33 39 12 44
2 12 45 33 39
2 14 46 12 45
2 12 46 14 46
2 17 43 12 46
2 12 47 17 43
2 13 31 12 47
2 12 48 13 31
2 19 20 12 48
2 13 1 19 20
2 13 4 13 1
2 13 3 13 4
2 13 27 13 3
2 13 4 13 27
2 17 33 13 4
2 13 5 17 33
2 13 27 13 5
2 13 10 13 27
2 22 25 13 10
2 13 12 22 25
2 15 18 13 12
2 13 13 15 18
2 22 2 13 13
2 13 16 22 2
2 16 18 13 16
2 13 17 16 18
2 18 17 13 17
2 13 19 18 17
2 16 23 13 19
2 13 20 16 23
2 13 31 13 20
2 13 21 13 31
2 16 6 13 21
2 13 22 16 6
2 19 2 13 22
2 13 24 19 2
2 20 23 13 24
2 13 27 20 23
2 37 5 13 27
2 13 28 37 5
2 37 21 13 28
2 13 30 37 21
2 13 47 13 30
2 13 31 13 47
2 14 42 13 31
2 13 32 14 42
2 20 9 13 32
2 13 33 20 9
2 18 22 13 33
2 13 35 18 22
2 17 8 13 35
2 13 37 17 8
2 13 39 13 37
2 13 39 13 39
2 16 7 13 39
2 13 40 16 7
2 21 16 13 40
2 13 42 21 16
2 25 40 13 42
2 13 44 25 40
2 17 36 13 44
2 13 47 17 36
2 16 14 13 47
2 13 48 16 14
2 22 6 13 48
2 13 50 22 6
2 18 2 13 50
2 14 1 18 2
2 14 13 14 1
2 14 2 14 13
2 21 8 14 2
2 14 4 21 8
2 22 14 14 4
2 14 6 22 14
2 29 7 14 6
2 14 7 29 7
2 15 13 14 7
2 14 9 15 13
2 25 5 14 9
2 14 10 25 5
2 14 27 14 10
2 14 11 14 27
2 15 32 14 11
2 14 12 15 32
2 18 21 14 12
2 14 13 18 21
2 18 20 14 13
2 14 19 18 20
2 19 20 14 19
2 14 21 19 20
2 16 36 14 21
2 14 22 16 36
2 23 24 14 22
2 14 23 23 24
2 19 26 14 23
2 14 26 19 26
2 22 6 14 26
2 14 27 22 6
2 15 21 14 27
2 14 28 15 21
2 24 50 14 28
2 14 31 24 50
2 16 8 14 31
2 14 34 16 8
2 20 33 14 34
2 14 36 20 33
2 29 4 14 36
2 14 41 29 4
2 15 41 14 41
2 14 42 15 41
2 15 37 14 42
2 14 43 15 37
2 17 31 14 43
2 14 44 17 31
2 23 5 14 44
2 14 46 23 5
2 22 37 14 46
2 14 47 22 37
2 36 30 14 47
2 14 48 36 30
2 16 45 14 48
2 15 7 16 45
2 15 46 15 7
2 15 10 15 46
2 21 22 15 10
2 15 11 21 22
2 20 33 15 11
2 15 13 20 33
2 21 24 15 13
2 15 14 21 24
2 22 47 15 14
2 15 15 22 47
2 15 29 15 15
2 15 16 15 29
2 20 10 15 16
2 15 18 20 10
2 20 46 15 18
2 15 19 20 46
2 23 42 15 19
2 15 20 23 42
2 18 6 15 20
2 15 21 18 6
2 25 40 15 21
2 15 22 25 40
2 23 48 15 22
2 15 25 23 48
2 15 31 15 25
2 15 27 15 31
2 18 37 15 27
2 15 28 18 37
2 29 14 15 28
2 15 29 29 14
2 26 4 15 29
2 15 31 26 4
2 15 34 15 31
2 15 32 15 34
2 16 21 15 32
2 15 33 16 21
2 17 21 15 33
2 15 34 17 21
2 32 14 15 34
2 15 36 32 14
2 19 44 15 36
2 15 37 19 44
2 21 36 15 37
2 15 38 21 36
2 34 19 15 38
2 15 40 34 19
2 30 10 15 40
2 15 41 30 10
2 21 38 15 41
2 15 46 21 38
2 30 25 15 46
2 15 47 30 25
2 21 34 15 47
2 16 1 21 34
2 19 31 16 1
2 16 5 19 31
2 19 32 16 5
2 16 6 19 32
2 23 48 16 6
2 16 7 23 48
2 16 43 16 7
2 16 8 16 43
2 17 19 16 8
2 16 9 17 19
2 19 26 16 9
2 16 12 19 26
2 18 29 16 12
2 16 13 18 29
2 23 44 16 13
2 16 14 23 44
2 20 29 16 14
2 16 15 20 29
2 22 23 16 15
2 16 17 22 23
2 27 38 16 17
2 16 18 27 38
2 21 25 16 18
2 16 20 21 25
2 21 28 16 20
2 16 21 21 28
2 17 8 16 21
2 16 22 17 8
2 19 31 16 22
2 16 23 19 31
2 20 21 16 23
2 16 25 20 21
2 18 25 16 25
2 16 27 18 25
2 38 29 16 27
2 16 28 38 29
2 17 32 16 28
2 16 29 17 32
2 17 5 16 29
2 16 32 17 5
2 18 27 16 32
2 16 33 18 27
2 22 30 16 33
2 16 34 22 30
2 17 39 16 34
2 16 35 17 39
2 31 16 16 35
2 16 36 31 16
2 22 32 16 36
2 16 37 22 32
2 17 19 16 37
2 16 40 17 19
2 32 37 16 40
2 16 43 32 37
2 25 13 16 43
2 16 45 25 13
2 18 12 16 45
2 16 46 18 12
2 27 6 16 46
2 16 49 27 6
2 17 43 16 49
2 16 50 17 43
2 23 20 16 50
2 17 1 23 20
2 19 33 17 1
2 17 4 19 33
2 27 8 17 4
2 17 5 27 8
2 27 31 17 5
2 17 6 27 31
2 18 47 17 6
2 17 8 18 47
2 46 37 17 8
2 17 9 46 37
2 28 23 17 9
2 17 13 28 23
2 31 30 17 13
2 17 18 31 30
2 25 25 17 18
2 17 19 25 25
2 31 9 17 19
2 17 21 31 9
2 21 22 17 21
2 17 22 21 22
2 23 32 17 22
2 17 24 23 32
2 21 18 17 24
2 17 25 21 18
2 25 20 17 25
2 17 31 25 20
2 44 47 17 31
2 17 32 44 47
2 33 6 17 32
2 17 33 33 6
2 20 13 17 33
2 17 35 20 13
2 18 9 17 35
2 17 36 18 9
2 26 45 17 36
2 17 39 26 45
2 48 3 17 39
2 17 43 48 3
2 27 2 17 43
2 17 44 27 2
2 23 4 17 44
2 17 48 23 4
2 29 10 17 48
2 18 2 29 10
2 19 19 18 2
2 18 4 19 19
2 19 8 18 4
2 18 5 19 8
2 27 49 18 5
2 18 6 27 49
2 19 42 18 6
2 18 9 19 42
2 18 32 18 9
2 18 11 18 32
2 19 21 18 11
2 18 12 19 21
2 26 38 18 12
2 18 13 26 38
2 18 29 18 13
2 18 15 18 29
2 22 30 18 15
2 18 17 22 30
2 19 7 18 17
2 18 18 19 7
2 25 40 18 18
2 18 19 25 40
2 28 16 18 19
2 18 20 28 16
2 18 29 18 20
2 18 21 18 29
2 18 26 18 21
2 18 22 18 26
2 24 23 18 22
2 18 23 24 23
2 24 18 18 23
2 18 24 24 18
2 32 22 18 24
2 18 25 32 22
2 18 26 18 25
2 18 26 18 26
2 23 2 18 26
2 18 27 23 2
2 19 31 18 27
2 18 29 19 31
2 20 46 18 29
2 18 31 20 46
2 23 12 18 31
2 18 32 23 12
2 20 25 18 32
2 18 33 20 25
2 21 22 18 33
2 18 34 21 22
2 20 21 18 34
2 18 37 20 21
2 21 17 18 37
2 18 39 21 17
2 21 39 18 39
2 18 42 21 39
2 31 50 18 42
2 18 44 31 50
2 23 42 18 44
2 18 45 23 42
2 22 3 18 45
2 18 47 22 3
2 22 11 18 47
2 18 50 22 11
2 23 46 18 50
2 19 1 23 46
2 20 28 19 1
2 19 2 20 28
2 29 23 19 2
2 19 4 29 23
2 21 8 19 4
2 19 5 21 8
2 38 23 19 5
2 19 7 38 23
2 21 21 19 7
2 19 8 21 21
2 26 5 19 8
2 19 17 26 5
2 20 43 19 17
2 19 19 20 43
2 20 1 19 19
2 19 20 20 1
2 20 19 19 20
2 19 21 20 19
2 46 43 19 21
2 19 22 46 43
2 49 38 19 22
2 19 26 49 38
2 48 36 19 26
2 19 29 48 36
2 27 45 19 29
2 19 31 27 45
2 34 4 19 31
2 19 32 34 4
2 24 28 19 32
2 19 33 24 28
2 40 45 19 33
2 19 39 40 45
2 19 44 19 39
2 19 42 19 44
2 32 6 19 42
2 19 43 32 6
2 23 25 19 43
2 19 44 23 25
2 20 39 19 44
2 19 46 20 39
2 31 18 19 46
2 19 47 31 18
2 31 17 19 47
2 20 1 31 17
2 23 31 20 1
2 20 2 23 31
2 34 4 20 2
2 20 3 34 4
2 22 26 20 3
2 20 4 22 26
2 20 43 20 4
2 20 8 20 43
2 20 30 20 8
2 20 9 20 30
2 27 42 20 9
2 20 10 27 42
2 22 39 20 10
2 20 12 22 39
2 25 24 20 12
2 20 13 25 24
2 37 11 20 13
2 20 14 37 11
2 26 10 20 14
2 20 18 26 10
2 22 4 20 18
2 20 19 22 4
2 33 5 20 19
2 20 21 33 5
2 30 46 20 21
2 20 22 30 46
2 25 43 20 22
2 20 23 25 43
2 22 36 20 23
2 20 25 22 36
2 34 43 20 25
2 20 28 34 43
2 27 14 20 28
2 20 29 27 14
2 50 20 20 29
2 20 30 50 16
2 23 39 20 30
2 20 33 23 39
2 32 16 20 33
2 20 37 32 16
2 37 35 20 37
2 20 39 37 35
2 24 45 20 39
2 20 40 24 45
2 33 3 20 40
2 20 41 33 3
2 32 14 20 41
2 20 43 32 14
2 41 22 20 43
2 20 44 41 22
2 32 13 20 44
2 20 45 32 13
2 31 37 20 45
2 20 46 31 37
2 22 10 20 46
2 20 49 22 10
2 21 14 20 49
2 21 2 21 14
2 27 48 21 2
2 21 4 27 48
2 29 31 21 4
2 21 5 29 31
2 21 19 21 5
2 21 6 21 19
2 40 39 21 6
2 21 7 40 39
2 26 4 21 7
2 21 8 26 4
2 21 39 21 8
2 21 11 21 39
2 30 6 21 11
2 21 14 30 6
2 33 43 21 14
2 21 15 33 43
2 25 21 21 15
2 21 16 25 21
2 35 46 21 16
2 21 17 35 46
2 47 42 21 17
2 21 18 47 42
2 22 2 21 18
2 21 19 22 2
2 24 33 21 19
2 21 21 24 33
2 34 7 21 21
2 21 22 34 7
2 21 39 21 22
2 21 23 21 39
2 22 28 21 23
2 21 24 22 28
2 28 27 21 24
2 21 25 28 27
2 23 16 21 25
2 21 26 23 16
2 27 7 21 26
2 21 27 27 7
2 32 18 21 27
2 21 28 32 18
2 23 44 21 28
2 21 34 23 44
2 31 5 21 34
2 21 36 31 5
2 26 13 21 36
2 21 38 26 13
2 27 9 21 38
2 21 39 27 9
2 34 46 21 39
2 21 42 34 46
2 41 12 21 42
2 21 43 41 12
2 37 47 21 43
2 21 44 37 47
2 38 36 21 44
2 21 47 38 36
2 22 42 21 47
2 21 50 22 42
2 23 12 21 50
2 22 1 23 12
2 40 4 22 1
2 22 2 40 4
2 22 32 22 2
2 22 3 22 32
2 22 26 22 3
2 22 4 22 26
2 26 1 22 4
2 22 6 26 1
2 25 46 22 6
2 22 7 25 46
2 27 32 22 7
2 22 8 27 32
2 29 33 22 8
2 22 10 29 33
2 25 32 22 10
2 22 11 25 32
2 24 28 22 11
2 22 12 24 28
2 24 50 22 12
2 22 13 24 50
2 24 18 22 13
2 22 14 24 18
2 22 39 22 14
2 22 15 22 39
2 23 1 22 15
2 22 16 23 1
2 31 45 22 16
2 22 19 31 45
2 24 9 22 19
2 22 20 24 9
2 24 18 22 20
2 22 21 24 18
2 40 18 22 21
2 22 23 40 18
2 22 28 22 23
2 22 25 22 28
2 50 43 22 25
2 22 26 50 20
2 30 10 22 26
2 22 28 30 10
2 37 3 22 28
2 22 30 37 3
2 24 11 22 30
2 22 31 24 11
2 37 13 22 31
2 22 32 37 13
2 24 24 22 32
2 22 36 24 24
2 40 22 22 36
2 22 37 40 22
2 27 7 22 37
2 22 39 27 7
2 27 49 22 39
2 22 40 27 49
2 26 21 22 40
2 22 42 26 21
2 48 26 22 42
2 22 43 48 26
2 23 14 22 43
2 22 45 23 14
2 25 38 22 45
2 22 46 25 38
2 23 46 22 46
2 22 47 23 46
2 47 36 22 47
2 22 49 47 36
2 28 11 22 49
2 22 50 28 11
2 24 31 22 50
2 23 1 24 31
2 33 48 23 1
2 23 2 33 48
2 37 25 23 2
2 23 4 37 25
2 23 12 23 4
2 23 5 23 12
2 25 17 23 5
2 23 7 25 17
2 24 34 23 7
2 23 8 24 34
2 28 49 23 8
2 23 9 28 49
2 23 49 23 9
2 23 11 23 49
2 24 47 23 11
2 23 12 24 47
2 25 19 23 12
2 23 14 25 19
2 30 32 23 14
2 23 16 30 32
2 33 21 23 16
2 23 20 33 21
2 38 8 23 20
2 23 22 38 8
2 29 27 23 22
2 23 24 29 27
2 31 22 23 24
2 23 25 31 22
2 42 36 23 25
2 23 26 42 36
2 28 6 23 26
2 23 27 28 6
2 23 38 23 27
2 23 31 23 38
2 34 33 23 31
2 23 32 34 33
2 29 47 23 32
2 23 33 29 47
2 33 20 23 33
2 23 38 33 20
2 27 12 23 38
2 23 39 27 12
2 24 42 23 39
2 23 41 24 42
2 40 47 23 41
2 23 42 40 47
2 28 4 23 42
2 23 43 28 4
2 41 1 23 43
2 23 44 41 1
2 28 18 23 44
2 23 46 28 18
2 48 43 23 46
2 23 48 48 43
2 31 26 23 48
2 23 49 31 26
2 28 32 23 49
2 24 1 28 32
2 30 24 24 1
2 24 2 30 24
2 43 41 24 2
2 24 3 43 41
2 26 34 24 3
2 24 8 26 34
2 49 38 24 8
2 24 9 49 38
2 25 25 24 9
2 24 11 25 25
2 24 28 24 11
2 24 15 24 28
2 27 31 24 15
2 24 16 27 31
2 33 22 24 16
2 24 18 33 22
2 25 6 24 18
2 24 19 25 6
2 33 29 24 19
2 24 20 33 29
2 34 10 24 20
2 24 23 34 10
2 45 33 24 23
2 24 24 45 33
2 25 38 24 24
2 24 27 25 38
2 29 38 24 27
2 24 28 29 38
2 27 32 24 28
2 24 29 27 32
2 25 32 24 29
2 24 31 25 32
2 30 1 24 31
2 24 32 30 1
2 28 47 24 32
2 24 33 28 47
2 28 42 24 33
2 24 34 28 42
2 28 43 24 34
2 24 37 28 43
2 25 7 24 37
2 24 40 25 7
2 36 19 24 40
2 24 41 36 19
2 25 39 24 41
2 24 42 25 39
2 28 23 24 42
2 24 43 28 23
2 32 43 24 43
2 24 44 32 43
2 27 15 24 44
2 24 45 27 15
2 26 43 24 45
2 24 46 26 43
2 26 10 24 46
2 24 47 26 10
2 26 18 24 47
2 24 50 26 18
2 25 26 24 50
2 25 1 25 26
2 30 18 25 1
2 25 2 30 18
2 30 43 25 2
2 25 4 30 43
2 28 33 25 4
2 25 5 28 33
2 33 36 25 5
2 25 6 33 36
2 30 24 25 6
2 25 7 30 24
2 43 12 25 7
2 25 10 43 12
2 31 16 25 10
2 25 11 31 16
2 33 29 25 11
2 25 13 33 29
2 26 18 25 13
2 25 14 26 18
2 27 7 25 14
2 25 17 27 7
2 31 47 25 17
2 25 18 31 47
2 33 28 25 18
2 25 19 33 28
2 27 9 25 19
2 25 20 27 9
2 37 44 25 20
2 25 21 37 44
2 26 32 25 21
2 25 24 26 32
2 31 43 25 24
2 25 25 31 43
2 28 2 25 25
2 25 26 28 2
2 41 23 25 26
2 25 32 41 23
2 29 7 25 32
2 25 33 29 7
2 33 11 25 33
2 25 37 33 11
2 38 24 25 37
2 25 38 38 24
2 48 13 25 38
2 25 39 48 13
2 26 5 25 39
2 25 40 26 5
2 25 44 25 40
2 25 41 25 44
2 27 29 25 41
2 25 43 27 29
2 36 15 25 43
2 25 44 36 15
2 41 33 25 44
2 25 46 41 33
2 31 7 25 46
2 25 47 31 7
2 28 17 25 47
2 26 1 28 17
2 26 7 26 1
2 26 4 26 7
2 27 10 26 4
2 26 5 27 10
2 34 23 26 5
2 26 7 34 23
2 29 3 26 7
2 26 10 29 3
2 32 40 26 10
2 26 13 32 40
2 33 35 26 13
2 26 16 33 35
2 27 45 26 16
2 26 18 27 45
2 33 40 26 18
2 26 21 33 40
2 28 10 26 21
2 26 22 28 10
2 39 24 26 22
2 26 23 39 24
2 30 15 26 23
2 26 26 30 15
2 34 14 26 26
2 26 29 34 14
2 28 32 26 29
2 26 31 28 32
2 47 27 26 31
2 26 32 47 27
2 29 11 26 32
2 26 34 29 11
2 27 6 26 34
2 26 35 27 6
2 35 18 26 35
2 26 38 35 18
2 29 10 26 38
2 26 42 29 10
2 29 33 26 42
2 26 43 29 33
2 27 49 26 43
2 26 44 27 49
2 36 50 26 44
2 26 45 36 50
2 28 25 26 45
2 26 46 28 25
2 37 20 26 46
2 27 2 37 20
2 28 10 27 2
2 27 5 28 10
2 27 20 27 5
2 27 6 27 20
2 32 32 27 6
2 27 7 32 32
2 43 28 27 7
2 27 8 43 28
2 28 31 27 8
2 27 9 28 31
2 27 48 27 9
2 27 10 27 48
2 31 9 27 10
2 27 11 31 9
2 27 38 27 11
2 27 12 27 38
2 29 47 27 12
2 27 14 29 47
2 29 27 27 14
2 27 15 29 27
2 27 32 27 15
2 27 19 27 32
2 39 4 27 19
2 27 20 39 4
2 43 29 27 20
2 27 21 43 29
2 29 20 27 21
2 27 22 29 20
2 32 10 27 22
2 27 23 32 10
2 32 26 27 23
2 27 29 32 26
2 27 45 27 29
2 27 31 27 45
2 32 18 27 31
2 27 32 32 18
2 29 28 27 32
2 27 35 29 28
2 27 48 27 35
2 27 36 27 48
2 30 41 27 36
2 27 38 30 41
2 27 49 27 38
2 27 39 27 49
2 28 34 27 39
2 27 40 28 34
2 32 43 27 40
2 27 42 32 43
2 31 29 27 42
2 27 43 31 29
2 38 32 27 43
2 27 45 38 32
2 41 23 27 45
2 27 48 41 23
2 36 44 27 48
2 27 49 36 44
2 28 18 27 49
2 28 2 28 18
2 44 32 28 2
2 28 4 44 32
2 41 27 28 4
2 28 5 41 27
2 46 1 28 5
2 28 6 46 1
2 31 26 28 6
2 28 7 31 26
2 29 5 28 7
2 28 9 29 5
2 31 39 28 9
2 28 10 31 39
2 32 20 28 10
2 28 11 32 20
2 38 37 28 11
2 28 12 38 37
2 30 35 28 12
2 28 13 30 35
2 29 34 28 13
2 28 15 29 34
2 39 19 28 15
2 28 16 39 19
2 32 42 28 16
2 28 17 32 42
2 35 31 28 17
2 28 18 35 31
2 29 20 28 18
2 28 19 29 20
2 29 14 28 19
2 28 21 29 14
2 30 14 28 21
2 28 22 30 14
2 29 33 28 22
2 28 23 29 33
2 31 37 28 23
2 28 25 31 37
2 33 16 28 25
2 28 26 33 16
2 28 33 28 26
2 28 27 28 33
2 42 38 28 27
2 28 31 42 38
2 31 36 28 31
2 28 32 31 36
2 34 10 28 32
2 28 33 34 10
2 28 47 28 33
2 28 34 28 47
2 33 31 28 34
2 28 40 33 31
2 29 30 28 40
2 28 42 29 30
2 49 13 28 42
2 28 43 49 13
2 32 5 28 43
2 28 44 32 5
2 38 45 28 44
2 28 47 38 45
2 29 27 28 47
2 28 48 29 27
2 30 14 28 48
2 28 49 30 14
2 37 30 28 49
2 29 3 37 30
2 40 19 29 3
2 29 4 40 19
2 29 29 29 4
2 29 5 29 29
2 46 42 29 5
2 29 7 46 42
2 34 30 29 7
2 29 10 34 30
2 30 43 29 10
2 29 11 30 43
2 49 7 29 11
2 29 12 49 7
2 39 18 29 12
2 29 14 39 18
2 36 41 29 14
2 29 15 36 41
2 36 47 29 15
2 29 16 36 47
2 34 17 29 16
2 29 19 34 17
2 30 27 29 19
2 29 20 30 27
2 31 29 29 20
2 29 21 31 29
2 30 20 29 21
2 29 23 30 20
2 30 3 29 23
2 29 25 30 3
2 34 27 29 25
2 29 26 34 27
2 30 40 29 26
2 29 27 30 40
2 38 28 29 27
2 29 28 38 28
2 48 15 29 28
2 29 29 48 15
2 34 11 29 29
2 29 30 34 11
2 36 12 29 30
2 29 31 36 12
2 35 20 29 31
2 29 33 35 20
2 30 3 29 33
2 29 34 30 3
2 30 7 29 34
2 29 38 30 7
2 34 35 29 38
2 29 42 34 35
2 36 42 29 42
2 29 46 36 42
2 33 31 29 46
2 29 47 33 31
2 48 32 29 47
2 29 49 48 32
2 38 26 29 49
2 30 1 38 26
2 31 45 30 1
2 30 2 31 45
2 38 23 30 2
2 30 3 38 23
2 40 23 30 3
2 30 4 40 23
2 38 24 30 4
2 30 6 38 24
2 30 27 30 6
2 30 7 30 27
2 40 46 30 7
2 30 8 40 46
2 44 9 30 8
2 30 9 44 9
2 35 40 30 9
2 30 10 35 40
2 33 43 30 10
2 30 14 33 43
2 34 34 30 14
2 30 15 34 34
2 32 40 30 15
2 30 18 32 40
2 30 50 30 18
2 30 19 30 50
2 38 24 30 19
2 30 20 38 24
2 37 19 30 20
2 30 21 37 19
2 45 3 30 21
2 30 22 45 3
2 33 2 30 22
2 30 23 33 2
2 32 2 30 23
2 30 24 32 2
2 45 36 30 24
2 30 25 45 36
2 35 21 30 25
2 30 27 35 21
2 31 17 30 27
2 30 29 31 17
2 38 12 30 29
2 30 32 38 12
2 45 16 30 32
2 30 33 45 16
2 33 17 30 33
2 30 34 33 17
2 34 11 30 34
2 30 35 34 11
2 30 44 30 35
2 30 40 30 44
2 33 37 30 40
2 30 41 33 37
2 49 11 30 41
2 30 42 49 11
2 33 17 30 42
2 30 43 33 17
2 36 6 30 43
2 30 44 36 6
2 40 35 30 44
2 30 46 40 35
2 49 46 30 46
2 30 49 49 46
2 36 6 30 49
2 30 50 36 6
2 32 42 30 50
2 31 1 32 42
2 43 35 31 1
2 31 2 43 35
2 39 27 31 2
2 31 5 39 27
2 33 10 31 5
2 31 7 33 10
2 31 15 31 7
2 31 8 31 15
2 34 7 31 8
2 31 9 34 7
2 47 40 31 9
2 31 11 47 40
2 31 34 31 11
2 31 14 31 34
2 37 25 31 14
2 31 15 37 25
2 34 15 31 15
2 31 16 34 15
2 36 33 31 16
2 31 17 36 33
2 49 2 31 17
2 31 18 49 2
2 44 50 31 18
2 31 20 44 50
2 39 2 31 20
2 31 22 39 2
2 44 37 31 22
2 31 26 44 37
2 45 1 31 26
2 31 27 45 1
2 38 14 31 27
2 31 29 38 14
2 37 23 31 29
2 31 30 37 23
2 31 37 31 30
2 31 31 31 37
2 33 26 31 31
2 31 32 33 26
2 33 49 31 32
2 31 34 33 49
2 44 48 31 34
2 31 36 44 48
2 34 27 31 36
2 31 37 34 27
2 34 36 31 37
2 31 39 34 36
2 31 45 31 39
2 31 41 31 45
2 43 20 31 41
2 31 43 43 20
2 34 21 31 43
2 31 44 34 21
2 33 11 31 44
2 31 45 33 11
2 33 2 31 45
2 31 46 33 2
2 35 6 31 46
2 31 47 35 6
2 43 41 31 47
2 31 48 43 41
2 34 11 31 48
2 31 49 34 11
2 34 39 31 49
2 31 50 34 39
2 32 14 31 50
2 32 1 32 14
2 36 48 32 1
2 32 2 36 48
2 36 12 32 2
2 32 3 36 12
2 32 22 32 3
2 32 4 32 22
2 38 3 32 4
2 32 5 38 3
2 37 12 32 5
2 32 6 37 12
2 33 39 32 6
2 32 8 33 39
2 48 19 32 8
2 32 10 48 19
2 33 11 32 10
2 32 13 33 11
2 36 23 32 13
2 32 14 36 23
2 40 4 32 14
2 32 16 40 4
2 33 24 32 16
2 32 17 33 24
2 34 34 32 17
2 32 18 34 34
2 33 40 32 18
2 32 19 33 40
2 45 42 32 19
2 32 20 45 42
2 46 9 32 20
2 32 22 46 9
2 38 38 32 22
2 32 26 38 38
2 34 2 32 26
2 32 29 34 2
2 38 19 32 29
2 32 30 38 19
2 34 34 32 30
2 32 32 34 34
2 32 48 32 32
2 32 33 32 48
2 36 40 32 33
2 32 35 36 40
2 36 6 32 35
2 32 36 36 6
2 41 13 32 36
2 32 37 41 13
2 34 13 32 37
2 32 39 34 13
2 34 30 32 39
2 32 40 34 30
2 39 27 32 40
2 32 42 39 27
2 46 42 32 42
2 32 43 46 42
2 34 23 32 43
2 32 45 34 23
2 33 18 32 45
2 32 47 33 18
2 39 4 32 47
2 32 48 39 4
2 36 48 32 48
2 32 49 36 48
2 39 3 32 49
2 33 1 39 3
2 33 5 33 1
2 33 2 33 5
2 37 27 33 2
2 33 3 37 27
2 35 1 33 3
2 33 4 35 1
2 39 48 33 4
2 33 5 39 48
2 39 22 33 5
2 33 6 39 22
2 34 11 33 6
2 33 7 34 11
2 38 20 33 7
2 33 9 38 20
2 49 35 33 9
2 33 10 49 35
2 33 49 33 10
2 33 11 33 49
2 47 46 33 11
2 33 13 47 46
2 34 22 33 13
2 33 14 34 22
2 36 46 33 14
2 33 16 36 46
2 33 48 33 16
2 33 17 33 48
2 41 30 33 17
2 33 18 41 30
2 40 45 33 18
2 33 20 40 45
2 38 29 33 20
2 33 21 38 29
2 34 23 33 21
2 33 22 34 23
2 35 14 33 22
2 33 24 35 14
2 42 3 33 24
2 33 25 42 3
2 34 35 33 25
2 33 26 34 35
2 43 45 33 26
2 33 28 43 45
2 33 31 33 28
2 33 29 33 31
2 44 5 33 29
2 33 30 44 5
2 35 40 33 30
2 33 31 35 40
2 34 14 33 31
2 33 32 34 14
2 38 9 33 32
2 33 35 38 9
2 36 42 33 35
2 33 36 36 42
2 49 18 33 36
2 33 37 49 18
2 45 20 33 37
2 33 39 45 20
2 35 28 33 39
2 33 40 35 28
2 34 37 33 40
2 33 42 34 37
2 37 12 33 42
2 33 43 37 12
2 37 45 33 43
2 33 45 37 45
2 37 29 33 45
2 33 48 37 29
2 34 6 33 48
2 33 49 34 6
2 44 14 33 49
2 33 50 44 14
2 50 28 33 50
2 34 2 50 28
2 42 5 34 2
2 34 3 42 5
2 47 15 34 3
2 34 4 47 15
2 34 6 34 4
2 34 6 34 6
2 35 30 34 6
2 34 7 35 30
2 36 33 34 7
2 34 8 36 33
2 50 8 34 8
2 34 9 50 8
2 35 26 34 9
2 34 10 35 26
2 49 34 34 10
2 34 11 49 34
2 37 23 34 11
2 34 13 37 23
2 36 6 34 13
2 34 14 36 6
2 45 45 34 14
2 34 15 45 45
2 49 43 34 15
2 34 17 49 43
2 34 44 34 17
2 34 18 34 44
2 44 37 34 18
2 34 19 44 37
2 40 10 34 19
2 34 20 40 10
2 35 11 34 20
2 34 21 35 11
2 36 19 34 21
2 34 22 36 19
2 34 46 34 22
2 34 23 34 46
2 40 38 34 23
2 34 25 40 38
2 40 39 34 25
2 34 26 40 39
2 43 18 34 26
2 34 27 43 18
2 38 14 34 27
2 34 28 38 14
2 38 15 34 28
2 34 29 38 15
2 45 25 34 29
2 34 30 45 25
2 41 12 34 30
2 34 32 41 12
2 35 43 34 32
2 34 33 35 43
2 37 29 34 33
2 34 34 37 29
2 39 10 34 34
2 34 35 39 10
2 39 34 34 35
2 34 36 39 34
2 43 28 34 36
2 34 37 43 28
2 41 15 34 37
2 34 39 41 15
2 38 3 34 39
2 34 41 38 3
2 39 5 34 41
2 34 42 39 5
2 36 41 34 42
2 34 43 36 41
2 50 4 34 43
2 34 44 50 4
2 39 28 34 44
2 34 45 39 28
2 39 13 34 45
2 34 46 39 13
2 37 19 34 46
2 34 48 37 19
2 36 19 34 48
2 34 49 36 19
2 40 42 34 49
2 34 50 40 42
2 35 29 34 50
2 35 1 35 29
2 43 24 35 1
2 35 3 43 24
2 39 4 35 3
2 35 6 39 4
2 45 35 35 6
2 35 11 45 35
2 42 10 35 11
2 35 14 42 10
2 37 21 35 14
2 35 16 37 21
2 39 19 35 16
2 35 18 39 19
2 35 33 35 18
2 35 20 35 33
2 36 45 35 20
2 35 21 36 45
2 38 20 35 21
2 35 26 38 20
2 46 43 35 26
2 35 28 46 43
2 44 2 35 28
2 35 29 44 2
2 36 10 35 29
2 35 30 36 10
2 44 14 35 30
2 35 31 44 14
2 43 49 35 31
2 35 32 43 49
2 44 42 35 32
2 35 33 44 42
2 40 46 35 33
2 35 38 40 46
2 37 30 35 38
2 35 40 37 30
2 46 33 35 40
2 35 41 46 33
2 40 42 35 41
2 35 43 40 42
2 41 20 35 43
2 35 46 41 20
2 36 16 35 46
2 35 48 36 16
2 36 9 35 48
2 36 1 36 9
2 36 42 36 1
2 36 6 36 42
2 38 35 36 6
2 36 7 38 35
2 37 30 36 7
2 36 9 37 30
2 36 42 36 9
2 36 10 36 42
2 38 20 36 10
2 36 12 38 20
2 39 13 36 12
2 36 13 39 13
2 49 17 36 13
2 36 14 49 17
2 43 32 36 14
2 36 15 43 32
2 48 48 36 15
2 36 16 48 48
2 45 43 36 16
2 36 19 45 43
2 38 19 36 19
2 36 23 38 19
2 43 25 36 23
2 36 24 43 25
2 43 29 36 24
2 36 30 43 29
2 40 35 36 30
2 36 32 40 35
2 37 23 36 32
2 36 33 37 23
2 40 3 36 33
2 36 35 40 3
2 39 24 36 35
2 36 36 39 24
2 43 23 36 36
2 36 37 43 23
2 44 28 36 37
2 36 40 44 28
2 39 22 36 40
2 36 41 39 22
2 37 7 36 41
2 36 42 37 7
2 50 34 36 42
2 36 43 50 34
2 38 47 36 43
2 36 44 38 47
2 40 35 36 44
2 36 45 40 35
2 48 48 36 45
2 36 46 48 48
2 43 3 36 46
2 36 47 43 3
2 37 10 36 47
2 36 48 37 10
2 38 20 36 48
2 36 49 38 20
2 43 39 36 49
2 36 50 43 39
2 38 37 36 50
2 37 3 38 37
2 38 5 37 3
2 37 4 38 5
2 37 43 37 4
2 37 5 37 43
2 44 44 37 5
2 37 7 44 44
2 39 24 37 7
2 37 8 39 24
2 38 35 37 8
2 37 10 38 35
2 40 1 37 10
2 37 11 40 1
2 39 29 37 11
2 37 12 39 29
2 43 20 37 12
2 37 13 43 20
2 42 36 37 13
2 37 19 42 36
2 37 35 37 19
2 37 20 37 35
2 38 3 37 20
2 37 21 38 3
2 50 8 37 21
2 37 22 50 8
2 40 22 37 22
2 37 23 40 22
2 39 20 37 23
2 37 25 39 20
2 39 5 37 25
2 37 26 39 5
2 41 50 37 26
2 37 27 41 50
2 38 43 37 27
2 37 28 38 43
2 38 14 37 28
2 37 29 38 14
2 45 20 37 29
2 37 30 45 20
2 38 47 37 30
2 37 33 38 47
2 49 40 37 33
2 37 35 49 40
2 38 50 37 35
2 37 37 38 50
2 42 40 37 37
2 37 38 42 40
2 38 30 37 38
2 37 39 38 30
2 38 10 37 39
2 37 43 38 10
2 38 37 37 43
2 37 44 38 37
2 39 19 37 44
2 37 45 39 19
2 47 15 37 45
2 37 47 47 15
2 40 47 37 47
2 38 1 40 47
2 42 26 38 1
2 38 3 42 26
2 43 2 38 3
2 38 5 43 2
2 45 45 38 5
2 38 8 45 45
2 45 10 38 8
2 38 9 45 10
2 44 38 38 9
2 38 10 44 38
2 40 1 38 10
2 38 11 40 1
2 38 38 38 11
2 38 12 38 38
2 44 42 38 12
2 38 14 44 42
2 40 16 38 14
2 38 15 40 16
2 45 19 38 15
2 38 19 45 19
2 40 49 38 19
2 38 20 40 49
2 47 36 38 20
2 38 22 47 36
2 40 46 38 22
2 38 23 40 46
2 41 33 38 23
2 38 24 41 33
2 39 42 38 24
2 38 26 39 42
2 39 44 38 26
2 38 27 39 44
2 48 37 38 27
2 38 28 48 37
2 42 26 38 28
2 38 29 42 26
2 3 32 38 29
2 38 30 3 32
2 39 29 38 30
2 38 32 39 29
2 43 31 38 32
2 38 35 43 31
2 49 1 38 35
2 38 36 49 1
2 38 37 38 36
2 38 37 38 37
2 44 22 38 37
2 38 38 44 22
2 39 8 38 38
2 38 43 39 8
2 43 28 38 43
2 38 45 43 28
2 41 18 38 45
2 38 46 41 18
2 39 43 38 46
2 38 47 39 43
2 49 15 38 47
2 38 48 49 15
2 39 45 38 48
2 38 49 39 45
2 46 46 38 49
2 38 50 46 46
2 42 16 38 50
2 39 2 42 16
2 41 27 39 2
2 39 3 41 27
2 41 10 39 3
2 39 4 41 10
2 45 15 39 4
2 39 5 45 15
2 41 1 39 5
2 39 7 41 1
2 39 36 39 7
2 39 8 39 36
2 49 11 39 8
2 39 9 49 11
2 48 37 39 9
2 39 10 48 37
2 39 42 39 10
2 39 13 39 42
2 41 32 39 13
2 39 15 41 32
2 44 37 39 15
2 39 18 44 37
2 48 23 39 18
2 39 19 48 23
2 41 50 39 19
2 39 20 41 50
2 46 17 39 20
2 39 21 46 17
2 50 7 39 21
2 39 22 50 7
2 41 27 39 22
2 39 24 41 27
2 40 14 39 24
2 39 27 40 14
2 40 28 39 27
2 39 28 40 28
2 40 22 39 28
2 39 29 40 22
2 44 6 39 29
2 39 31 44 6
2 47 15 39 31
2 39 32 47 15
2 42 10 39 32
2 39 34 42 10
2 44 1 39 34
2 39 36 44 1
2 43 32 39 36
2 39 39 43 32
2 50 1 39 39
2 39 41 50 1
2 40 16 39 41
2 39 42 40 16
2 39 48 39 42
2 39 43 39 48
2 43 40 39 43
2 39 44 43 40
2 34 16 39 44
2 39 45 34 16
2 45 19 39 45
2 39 48 45 19
2 46 36 39 48
2 39 50 46 36
2 40 49 39 50
2 40 1 40 49
2 43 35 40 1
2 40 2 43 35
2 43 41 40 2
2 40 3 43 41
2 40 40 40 3
2 40 4 40 40
2 47 6 40 4
2 40 5 47 6
2 40 14 40 5
2 40 9 40 14
2 41 21 40 9
2 40 10 41 21
2 41 2 40 10
2 40 11 41 2
2 42 4 40 11
2 40 12 42 4
2 45 35 40 12
2 40 14 45 35
2 41 32 40 14
2 40 15 41 32
2 44 48 40 15
2 40 16 44 48
2 48 37 40 16
2 40 18 48 37
2 46 48 40 18
2 40 19 46 48
2 49 36 40 19
2 40 22 49 36
2 43 2 40 22
2 40 23 43 2
2 40 31 40 23
2 40 28 40 31
2 42 4 40 28
2 40 31 42 4
2 47 25 40 31
2 40 33 47 25
2 44 31 40 33
2 40 34 44 31
2 46 1 40 34
2 40 35 46 1
2 45 22 40 35
2 40 38 45 22
2 43 44 40 38
2 40 39 43 44
2 44 32 40 39
2 40 40 44 32
2 50 17 40 40
2 40 42 50 17
2 45 21 40 42
2 40 45 45 21
2 43 24 40 45
2 40 46 43 24
2 42 36 40 46
2 40 47 42 36
2 44 16 40 47
2 40 49 44 16
2 42 38 40 49
2 40 50 42 38
2 45 30 40 50
2 41 1 45 30
2 43 16 41 1
2 41 2 43 16
2 43 5 41 2
2 41 5 43 5
2 34 16 41 5
2 41 6 34 16
2 41 45 41 6
2 41 8 41 45
2 49 3 41 8
2 41 10 49 3
2 47 38 41 10
2 41 12 47 38
2 49 27 41 12
2 41 13 49 27
2 47 33 41 13
2 41 15 47 33
2 42 36 41 15
2 41 18 42 36
2 46 6 41 18
2 41 20 46 6
2 43 32 41 20
2 41 21 43 32
2 44 35 41 21
2 41 22 44 35
2 45 26 41 22
2 41 23 45 26
2 44 23 41 23
2 41 24 44 23
2 50 35 41 24
2 41 26 50 35
2 42 46 41 26
2 41 27 42 46
2 41 38 41 27
2 41 29 41 38
2 42 3 41 29
2 41 30 42 3
2 49 36 41 30
2 41 32 49 36
2 43 2 41 32
2 41 33 43 2
2 42 19 41 33
2 41 37 42 19
2 44 33 41 37
2 41 38 44 33
2 42 14 41 38
2 41 40 42 14
2 42 15 41 40
2 41 41 42 15
2 42 41 41 41
2 41 45 42 41
2 44 34 41 45
2 41 46 44 34
2 44 14 41 46
2 41 48 44 14
2 43 32 41 48
2 41 50 43 32
2 42 49 41 50
2 42 2 42 49
2 43 17 42 2
2 42 3 43 17
2 42 10 42 3
2 42 4 42 10
2 45 12 42 4
2 42 5 45 12
2 47 26 42 5
2 42 7 47 26
2 50 35 42 7
2 42 10 50 35
2 45 49 42 10
2 42 13 45 49
2 44 1 42 13
2 42 14 44 1
2 42 39 42 14
2 42 15 42 39
2 49 48 42 15
2 42 16 49 48
2 47 7 42 16
2 42 18 47 7
2 45 8 42 18
2 42 19 45 8
2 48 19 42 19
2 42 26 48 19
2 47 43 42 26
2 42 29 47 43
2 45 8 42 29
2 42 31 45 8
2 42 38 42 31
2 42 35 42 38
2 44 6 42 35
2 42 36 44 6
2 50 34 42 36
2 42 38 50 34
2 44 2 42 38
2 42 39 44 2
2 45 3 42 39
2 42 40 45 3
2 43 3 42 40
2 42 41 43 3
2 44 5 42 41
2 42 46 44 5
2 45 46 42 46
2 42 49 45 46
2 45 10 42 49
2 43 2 45 10
2 48 43 43 2
2 43 3 48 43
2 44 31 43 3
2 43 5 44 31
2 48 10 43 5
2 43 6 48 10
2 46 21 43 6
2 43 12 46 21
2 44 6 43 12
2 43 13 44 6
2 44 38 43 13
2 43 16 44 38
2 46 27 43 16
2 43 17 46 27
2 44 35 43 17
2 43 18 44 35
2 44 34 43 18
2 43 20 44 34
2 44 35 43 20
2 43 23 44 35
2 44 37 43 23
2 43 24 44 37
2 44 19 43 24
2 43 25 44 19
2 46 14 43 25
2 43 26 46 14
2 44 49 43 26
2 43 27 44 49
2 45 21 43 27
2 43 28 45 21
2 47 18 43 28
2 43 29 47 18
2 43 39 43 29
2 43 30 43 39
2 44 32 43 30
2 43 31 44 32
2 45 10 43 31
2 43 32 45 10
2 45 8 43 32
2 43 33 45 8
2 43 35 43 33
2 43 35 43 35
2 45 22 43 35
2 43 36 45 22
2 46 6 43 36
2 43 39 46 6
2 47 26 43 39
2 43 40 47 26
2 47 42 43 40
2 43 41 47 42
2 45 16 43 41
2 43 43 45 16
2 49 27 43 43
2 43 44 49 27
2 48 6 43 44
2 43 45 48 6
2 46 47 43 45
2 43 48 46 47
2 46 14 43 48
2 43 49 46 14
2 44 3 43 49
2 44 1 44 3
2 47 16 44 1
2 44 2 47 16
2 44 28 44 2
2 44 3 44 28
2 46 9 44 3
2 44 5 46 9
2 48 43 44 5
2 44 6 48 43
2 47 6 44 6
2 44 9 47 6
2 50 3 44 9
2 44 13 50 3
2 46 46 44 13
2 44 14 46 46
2 44 50 44 14
2 44 16 44 50
2 49 43 44 16
2 44 19 49 43
2 44 35 44 19
2 44 21 44 35
2 49 2 44 21
2 44 22 49 2
2 46 10 44 22
2 44 23 46 10
2 47 15 44 23
2 44 26 47 15
2 47 22 44 26
2 44 28 47 22
2 46 10 44 28
2 44 31 46 10
2 48 48 44 31
2 44 32 48 48
2 45 10 44 32
2 44 33 45 10
2 46 13 44 33
2 44 34 46 13
2 46 30 44 34
2 44 35 46 30
2 45 38 44 35
2 44 37 45 38
2 46 49 44 37
2 44 38 46 49
2 45 21 44 38
2 44 40 45 21
2 45 20 44 40
2 44 42 45 20
2 47 30 44 42
2 44 44 47 30
2 44 50 44 44
2 44 47 44 50
2 47 23 44 47
2 44 48 47 23
2 50 23 44 48
2 44 49 50 23
2 45 2 44 49
2 44 50 45 2
2 50 19 44 50
2 45 1 50 19
2 45 19 45 1
2 45 2 45 19
2 48 10 45 2
2 45 3 48 10
2 45 21 45 3
2 45 6 45 21
2 47 22 45 6
2 45 8 47 22
2 45 33 45 8
2 45 10 45 33
2 45 33 45 10
2 45 11 45 33
2 47 40 45 11
2 45 12 47 40
2 49 34 45 12
2 45 15 49 34
2 45 16 45 15
2 45 16 45 16
2 48 8 45 16
2 45 19 48 8
2 50 16 45 19
2 45 20 50 16
2 49 3 45 20
2 45 21 49 3
2 48 6 45 21
2 45 22 48 6
2 46 47 45 22
2 45 23 46 47
2 47 17 45 23
2 45 24 47 17
2 49 3 45 24
2 45 25 49 3
2 46 48 45 25
2 45 26 46 48
2 46 42 45 26
2 45 27 46 42
2 49 23 45 27
2 45 30 49 23
2 49 38 45 30
2 45 33 49 38
2 50 17 45 33
2 45 35 50 17
2 47 11 45 35
2 45 36 47 11
2 46 1 45 36
2 45 38 46 1
2 49 32 45 38
2 45 40 49 32
2 45 43 45 40
2 45 42 45 43
2 47 18 45 42
2 45 43 47 18
2 46 6 45 43
2 45 45 46 6
2 45 50 45 45
2 45 46 45 50
2 46 45 45 46
2 45 47 46 45
2 46 10 45 47
2 45 49 46 10
2 47 46 45 49
2 45 50 47 46
2 47 27 45 50
2 46 1 47 27
2 50 48 46 1
2 46 2 50 43
2 46 36 46 2
2 46 4 46 36
2 48 48 46 4
2 46 6 48 48
2 47 2 46 6
2 46 7 47 2
2 46 45 46 7
2 46 9 46 45
2 49 15 46 9
2 46 10 49 15
2 49 14 46 10
2 46 13 49 14
2 46 42 46 13
2 46 14 46 42
2 49 9 46 14
2 46 17 49 9
2 46 48 46 17
2 46 21 46 48
2 34 16 46 21
2 46 24 34 16
2 46 37 46 24
2 46 25 46 37
2 48 9 46 25
2 46 26 48 9
2 47 43 46 26
2 46 27 47 43
2 49 20 46 27
2 46 30 49 20
2 48 15 46 30
2 46 33 48 15
2 46 45 46 33
2 46 36 46 45
2 49 29 46 36
2 46 37 49 29
2 50 16 46 37
2 46 42 50 16
2 50 16 46 42
2 46 43 50 16
2 47 30 46 43
2 46 44 47 30
2 50 14 46 44
2 46 45 50 14
2 47 26 46 45
2 46 46 47 26
2 47 42 46 46
2 46 47 47 42
2 47 34 46 47
2 46 48 47 34
2 49 34 46 48
2 46 49 49 34
2 50 15 46 49
2 46 50 50 15
2 49 9 46 50
2 47 2 49 9
2 50 38 47 2
2 47 3 50 38
2 47 30 47 3
2 47 6 47 30
2 48 8 47 6
2 47 7 48 8
2 48 48 47 7
2 47 11 48 48
2 49 43 47 11
2 47 13 49 43
2 49 38 47 13
2 47 15 49 38
2 47 29 47 15
2 47 16 47 29
2 3 32 47 16
2 47 17 3 32
2 48 2 47 17
2 47 18 48 2
2 50 50 47 18
2 47 22 50 48
2 49 15 47 22
2 47 23 49 15
2 47 28 47 23
2 47 25 47 28
2 50 15 47 25
2 47 26 50 15
2 48 27 47 26
2 47 27 48 27
2 49 38 47 27
2 47 28 49 38
2 47 38 47 28
2 47 29 47 38
2 49 43 47 29
2 47 30 49 43
2 50 14 47 30
2 47 33 50 14
2 3 32 47 33
2 47 34 3 32
2 48 6 47 34
2 47 36 48 6
2 49 23 47 36
2 47 38 49 23
2 49 36 47 38
2 47 40 49 36
2 48 39 47 40
2 47 42 48 39
2 48 20 47 42
2 47 43 48 20
2 50 29 47 43
2 47 46 50 29
2 48 20 47 46
2 47 47 48 20
2 49 29 47 47
2 47 49 49 29
2 48 26 47 49
2 47 50 48 26
2 49 7 47 50
2 48 2 49 7
2 49 22 48 2
2 48 3 49 22
2 49 6 48 3
2 48 6 49 6
2 48 19 48 6
2 48 8 48 19
2 48 13 48 8
2 48 9 48 13
2 50 18 48 9
2 48 10 50 18
2 49 36 48 10
2 48 13 49 36
2 49 34 48 13
2 48 15 49 34
2 50 34 48 15
2 48 19 50 34
2 50 36 48 19
2 48 20 50 36
2 50 37 48 20
2 48 21 50 37
2 49 18 48 21
2 48 23 49 18
2 50 47 48 23
2 48 25 50 47
2 50 33 48 25
2 48 26 50 33
2 49 14 48 26
2 48 27 49 14
2 50 34 48 27
2 48 28 50 34
2 50 21 48 28
2 48 30 50 21
2 50 44 48 30
2 48 32 50 44
2 49 35 48 32
2 48 36 49 35
2 3 32 48 36
2 48 37 3 32
2 50 30 48 37
2 48 39 50 30
2 49 32 48 39
2 48 40 49 32
2 50 48 48 40
2 48 43 50 48
2 50 4 48 43
2 48 45 50 4
2 49 38 48 45
2 48 46 49 38
2 49 23 48 46
2 48 48 49 23
2 49 14 48 48
2 48 49 49 14
2 49 40 48 49
2 49 1 49 40
2 49 22 49 1
2 49 2 49 22
2 49 28 49 2
2 49 3 49 28
2 50 37 49 3
2 49 5 50 37
2 50 3 49 5
2 49 6 50 3
2 50 23 49 6
2 49 7 50 23
2 50 43 49 7
2 49 9 50 43
2 50 37 49 9
2 49 10 50 37
2 50 34 49 10
2 49 11 50 34
2 49 36 49 11
2 49 13 49 36
2 50 35 49 13
2 49 14 50 35
2 49 45 49 14
2 49 15 49 45
2 49 45 49 15
2 49 17 49 45
2 50 23 49 17
2 49 18 50 23
2 49 38 49 18
2 49 20 49 38
2 50 20 49 20
2 49 22 50 20
2 49 30 49 22
2 49 23 49 30
2 49 40 49 23
2 49 27 49 40
2 50 38 49 27
2 49 28 50 38
2 50 35 49 28
2 49 29 50 35
2 50 20 49 29
2 49 30 50 20
2 49 43 49 30
2 49 32 49 43
2 49 43 49 32
2 49 34 49 43
2 50 18 49 34
2 49 35 50 18
2 49 45 49 35
2 49 36 49 45
2 50 47 49 36
2 49 38 50 47
2 50 32 49 38
2 49 39 50 32
2 50 33 49 39
2 49 40 50 33
2 50 44 49 40
2 49 43 50 44
2 50 3 49 43
2 49 45 50 3
2 49 46 49 45
2 49 46 49 46
2 50 44 49 46
2 49 48 50 44
2 50 14 49 48
2 49 49 50 14
2 50 15 49 49
2 50 1 50 15
2 34 16 50 1
2 50 3 34 16
2 50 10 50 3
2 50 4 50 10
2 50 9 50 4
2 50 6 50 9
2 50 18 50 6
2 50 7 50 18
2 50 35 50 7
2 50 8 50 35
2 50 23 50 8
2 50 9 50 23
2 50 29 50 9
2 50 10 50 29
2 50 23 50 10
2 50 11 50 23
2 50 32 50 11
2 50 14 50 32
2 50 17 50 14
2 50 15 50 17
2 50 29 50 15
2 50 16 50 29
2 50 35 50 16
2 50 17 50 35
2 34 16 50 17
2 50 18 34 16
2 50 43 50 18
2 50 19 50 43
2 50 20 50 19
2 50 20 50 20
2 50 44 50 20
2 50 21 50 44
2 34 16 50 21
2 50 22 34 16
2 50 43 50 22
2 50 23 50 43
2 3 32 50 23
2 50 24 3 32
2 50 43 50 24
2 50 28 50 43
2 50 37 50 28
2 50 29 50 37
2 34 16 50 29
2 50 30 34 16
2 50 35 50 30
2 50 32 50 35
2 50 36 50 32
2 50 33 50 36
2 50 43 50 33
2 50 34 50 43
2 50 43 50 34
2 50 35 50 43
2 3 32 50 35
2 50 36 3 32
2 34 16 50 36
2 50 37 34 16
2 50 43 50 37
2 50 38 50 43
2 50 48 50 38
2 50 43 50 48
2 50 47 50 43
2 50 44 50 47
2 3 32 50 44
2 50 47 3 32
2 34 16 50 47
2 50 48 34 16
2 34 16 50 48
2 50 50 34 16
2 3 32 50 50
