4974
2 1 1 44 15
2 7 47 1 1
2 1 2 7 47
2 8 14 1 2
2 1 3 8 14
2 6 1 1 3
2 1 4 6 1
2 23 30 1 4
2 1 5 23 30
2 4 29 1 5
2 1 6 4 29
2 13 37 1 6
2 1 7 13 37
2 2 17 1 7
2 1 8 2 17
2 5 8 1 8
2 1 9 5 8
2 2 34 1 9
2 1 10 2 34
2 31 10 1 10
2 1 11 31 10
2 3 18 1 11
2 1 12 3 18
2 3 34 1 12
2 1 13 3 34
2 8 16 1 13
2 1 14 8 16
2 8 29 1 14
2 1 15 8 29
2 7 34 1 15
2 1 16 7 34
2 9 35 1 16
2 1 17 9 35
2 3 10 1 17
2 1 18 3 10
2 1 47 1 18
2 1 19 1 47
2 12 14 1 19
2 1 20 12 14
2 14 11 1 20
2 1 21 14 11
2 7 19 1 21
2 1 22 7 19
2 35 18 1 22
2 1 23 35 18
2 2 25 1 23
2 1 24 2 25
2 1 31 1 24
2 1 25 1 31
2 12 35 1 25
2 1 26 12 35
2 25 13 1 26
2 1 27 25 13
2 1 28 1 27
2 1 28 1 28
2 4 11 1 28
2 1 29 4 11
2 7 43 1 29
2 1 30 7 43
2 6 34 1 30
2 1 31 6 34
2 5 32 1 31
2 1 32 5 32
2 2 22 1 32
2 1 33 2 22
2 2 14 1 33
2 1 34 2 14
2 11 27 1 34
2 1 35 11 27
2 9 29 1 35
2 1 36 9 29
2 8 39 1 36
2 1 37 8 39
2 14 47 1 37
2 1 38 14 47
2 4 1 1 38
2 1 39 4 1
2 6 47 1 39
2 1 40 6 47
2 14 37 1 40
2 1 41 14 37
2 4 26 1 41
2 1 42 4 26
2 9 25 1 42
2 1 43 9 25
2 10 38 1 43
2 1 44 10 38
2 10 1 1 44
2 1 45 10 1
2 6 40 1 45
2 1 46 6 40
2 15 48 1 46
2 1 47 15 48
2 5 36 1 47
2 1 48 5 36
2 8 43 1 48
2 1 49 8 43
2 12 42 1 49
2 1 50 12 42
2 3 12 1 50
2 2 1 3 12
2 3 4 2 1
2 2 2 3 4
2 8 36 2 2
2 2 3 8 36
2 6 28 2 3
2 2 4 6 28
2 2 15 2 4
2 2 5 2 15
2 7 18 2 5
2 2 6 7 18
2 2 49 2 6
2 2 7 2 49
2 14 40 2 7
2 2 8 14 40
2 31 10 2 8
2 2 9 31 10
2 3 1 2 9
2 2 10 3 1
2 2 50 2 10
2 2 11 2 50
2 21 50 2 11
2 2 12 21 50
2 8 5 2 12
2 2 13 8 5
2 9 2 2 13
2 2 14 9 2
2 18 20 2 14
2 2 15 18 20
2 4 26 2 15
2 2 16 4 26
2 2 42 2 16
2 2 17 2 42
2 15 25 2 17
2 2 18 15 25
2 3 13 2 18
2 2 19 3 13
2 3 17 2 19
2 2 20 3 17
2 18 40 2 20
2 2 21 18 40
2 2 42 2 21
2 2 22 2 42
2 2 39 2 22
2 2 23 2 39
2 5 27 2 23
2 2 24 5 27
2 12 23 2 24
2 2 25 12 23
2 2 28 2 25
2 2 26 2 28
2 7 34 2 26
2 2 27 7 34
2 5 12 2 27
2 2 28 5 12
2 6 20 2 28
2 2 29 6 20
2 5 3 2 29
2 2 30 5 3
2 22 14 2 30
2 2 31 22 14
2 8 48 2 31
2 2 32 8 48
2 7 12 2 32
2 2 33 7 12
2 7 43 2 33
2 2 34 7 43
2 5 43 2 34
2 2 35 5 43
2 7 41 2 35
2 2 36 7 41
2 10 25 2 36
2 2 37 10 25
2 10 22 2 37
2 2 38 10 22
2 8 29 2 38
2 2 39 8 29
2 5 17 2 39
2 2 40 5 17
2 8 50 2 40
2 2 41 8 50
2 3 43 2 41
2 2 42 3 43
2 19 9 2 42
2 2 43 19 9
2 6 34 2 43
2 2 44 6 34
2 4 32 2 44
2 2 45 4 32
2 6 11 2 45
2 2 47 6 11
2 9 13 2 47
2 2 48 9 13
2 9 21 2 48
2 2 49 9 21
2 3 25 2 49
2 2 50 3 25
2 4 13 2 50
2 3 1 4 13
2 9 1 3 1
2 3 2 9 1
2 22 39 3 2
2 3 3 22 39
2 10 25 3 3
2 3 4 10 25
2 11 30 3 4
2 3 5 11 30
2 7 16 3 5
2 3 6 7 16
2 5 5 3 6
2 3 7 5 5
2 4 34 3 7
2 3 8 4 34
2 41 45 3 8
2 3 9 41 45
2 7 45 3 9
2 3 10 7 45
2 18 44 3 10
2 3 11 18 44
2 3 44 3 11
2 3 12 3 44
2 13 43 3 12
2 3 13 13 43
2 17 16 3 13
2 3 14 17 16
2 6 33 3 14
2 3 15 6 33
2 9 32 3 15
2 3 16 9 32
2 9 23 3 16
2 3 17 9 23
2 7 13 3 17
2 3 18 7 13
2 15 44 3 18
2 3 19 15 44
2 11 19 3 19
2 3 20 11 19
2 7 40 3 20
2 3 21 7 40
2 10 33 3 21
2 3 22 10 33
2 5 39 3 22
2 3 23 5 39
2 8 10 3 23
2 3 24 8 10
2 5 5 3 24
2 3 25 5 5
2 5 45 3 25
2 3 26 5 45
2 7 44 3 26
2 3 27 7 44
2 3 36 3 27
2 3 28 3 36
2 4 9 3 28
2 3 29 4 9
2 19 50 3 29
2 3 30 19 50
2 8 9 3 30
2 3 31 8 9
2 9 39 3 31
2 3 32 9 39
2 23 14 3 32
2 3 33 23 14
2 20 28 3 33
2 3 34 20 28
2 36 12 3 34
2 3 35 36 12
2 8 5 3 35
2 3 36 8 5
2 14 9 3 36
2 3 37 14 9
2 5 6 3 37
2 3 38 5 6
2 7 35 3 38
2 3 39 7 35
2 4 8 3 39
2 3 40 4 8
2 7 2 3 40
2 3 41 7 2
2 4 23 3 41
2 3 42 4 23
2 10 23 3 42
2 3 43 10 23
2 8 6 3 43
2 3 44 8 6
2 4 11 3 44
2 3 45 4 11
2 4 30 3 45
2 3 46 4 30
2 3 50 3 46
2 3 47 3 50
2 9 13 3 47
2 3 49 9 13
2 19 16 3 49
2 3 50 19 16
2 16 12 3 50
2 4 1 16 12
2 12 27 4 1
2 4 2 12 27
2 4 20 4 2
2 4 3 4 20
2 4 30 4 3
2 4 4 4 30
2 6 45 4 4
2 4 5 6 45
2 8 38 4 5
2 4 6 8 38
2 8 26 4 6
2 4 7 8 26
2 11 3 4 7
2 4 8 11 3
2 9 12 4 8
2 4 9 9 12
2 13 5 4 9
2 4 10 13 5
2 5 36 4 10
2 4 11 5 36
2 6 10 4 11
2 4 12 6 10
2 9 23 4 12
2 4 13 9 23
2 10 27 4 13
2 4 14 10 27
2 15 24 4 14
2 4 15 15 24
2 16 4 4 15
2 4 16 16 4
2 8 25 4 16
2 4 17 8 25
2 8 41 4 17
2 4 18 8 41
2 16 46 4 18
2 4 19 16 46
2 4 30 4 19
2 4 20 4 30
2 29 48 4 20
2 4 22 29 48
2 5 40 4 22
2 4 23 5 40
2 11 29 4 23
2 4 24 11 29
2 17 4 4 24
2 4 25 17 4
2 13 30 4 25
2 4 26 13 30
2 5 43 4 26
2 4 27 5 43
2 4 46 4 27
2 4 28 4 46
2 5 24 4 28
2 4 29 5 24
2 12 26 4 29
2 4 30 12 26
2 40 16 4 30
2 4 31 40 16
2 13 32 4 31
2 4 32 13 32
2 16 50 4 32
2 4 33 16 50
2 10 33 4 33
2 4 34 10 33
2 22 34 4 34
2 4 35 22 34
2 15 18 4 35
2 4 36 15 18
2 7 12 4 36
2 4 37 7 12
2 7 35 4 37
2 4 38 7 35
2 6 7 4 38
2 4 39 6 7
2 16 9 4 39
2 4 40 16 9
2 8 21 4 40
2 4 41 8 21
2 7 24 4 41
2 4 42 7 24
2 4 50 4 42
2 4 43 4 50
2 6 9 4 43
2 4 44 6 9
2 12 44 4 44
2 4 45 12 44
2 36 36 4 45
2 4 46 36 36
2 29 22 4 46
2 4 47 29 22
2 15 16 4 47
2 4 48 15 16
2 31 29 4 48
2 4 49 31 29
2 7 32 4 49
2 4 50 7 32
2 5 10 4 50
2 5 1 5 10
2 6 35 5 1
2 5 2 6 35
2 11 45 5 2
2 5 3 11 45
2 5 39 5 3
2 5 4 5 39
2 8 27 5 4
2 5 5 8 27
2 5 41 5 5
2 5 6 5 41
2 7 44 5 6
2 5 7 7 44
2 9 19 5 7
2 5 8 9 19
2 8 44 5 8
2 5 9 8 44
2 13 21 5 9
2 5 10 13 21
2 19 15 5 10
2 5 11 19 15
2 8 1 5 11
2 5 12 8 1
2 5 36 5 12
2 5 13 5 36
2 9 46 5 13
2 5 14 9 46
2 6 17 5 14
2 5 15 6 17
2 21 6 5 15
2 5 16 21 6
2 41 21 5 16
2 5 17 41 21
2 6 24 5 17
2 5 18 6 24
2 7 23 5 18
2 5 19 7 23
2 17 4 5 19
2 5 20 17 4
2 8 34 5 20
2 5 21 8 34
2 6 2 5 21
2 5 22 6 2
2 16 8 5 22
2 5 23 16 8
2 9 18 5 23
2 5 24 9 18
2 6 1 5 24
2 5 25 6 1
2 7 16 5 25
2 5 26 7 16
2 10 41 5 26
2 5 27 10 41
2 9 26 5 27
2 5 28 9 26
2 47 49 5 28
2 5 29 47 49
2 10 49 5 29
2 5 30 10 49
2 18 13 5 30
2 5 31 18 13
2 5 47 5 31
2 5 32 5 47
2 9 2 5 32
2 5 33 9 2
2 6 7 5 33
2 5 34 6 7
2 17 34 5 34
2 5 35 17 34
2 8 13 5 35
2 5 36 8 13
2 9 11 5 36
2 5 37 9 11
2 15 2 5 37
2 5 38 15 2
2 11 15 5 38
2 5 39 11 15
2 18 13 5 39
2 5 40 18 13
2 49 34 5 40
2 5 41 49 34
2 22 41 5 41
2 5 42 22 41
2 7 28 5 42
2 5 43 7 28
2 6 48 5 43
2 5 44 6 48
2 29 18 5 44
2 5 45 29 18
2 9 38 5 45
2 5 46 9 38
2 20 7 5 46
2 5 47 20 7
2 7 38 5 47
2 5 48 7 38
2 17 40 5 48
2 5 49 17 40
2 6 49 5 49
2 5 50 6 49
2 9 12 5 50
2 6 1 9 12
2 8 47 6 1
2 6 2 8 47
2 19 30 6 2
2 6 3 19 30
2 18 31 6 3
2 6 4 18 31
2 11 2 6 4
2 6 5 11 2
2 18 15 6 5
2 6 6 18 15
2 7 39 6 6
2 6 7 7 39
2 12 2 6 7
2 6 8 12 2
2 33 37 6 8
2 6 9 33 37
2 6 47 6 9
2 6 10 6 47
2 29 47 6 10
2 6 11 29 47
2 10 8 6 11
2 6 12 10 8
2 7 28 6 12
2 6 13 7 28
2 17 12 6 13
2 6 14 17 12
2 8 25 6 14
2 6 15 8 25
2 15 26 6 15
2 6 16 15 26
2 9 4 6 16
2 6 17 9 4
2 31 44 6 17
2 6 18 31 44
2 13 3 6 18
2 6 19 13 3
2 14 40 6 19
2 6 20 14 40
2 36 14 6 20
2 6 21 36 14
2 9 5 6 21
2 6 22 9 5
2 9 50 6 22
2 6 23 9 50
2 6 37 6 23
2 6 24 6 37
2 6 32 6 24
2 6 25 6 32
2 7 25 6 25
2 6 26 7 25
2 39 22 6 26
2 6 27 39 22
2 18 29 6 27
2 6 28 18 29
2 12 30 6 28
2 6 29 12 30
2 24 13 6 29
2 6 30 24 13
2 8 34 6 30
2 6 31 8 34
2 15 29 6 31
2 6 32 15 29
2 8 7 6 32
2 6 33 8 7
2 7 47 6 33
2 6 34 7 47
2 7 33 6 34
2 6 35 7 33
2 11 23 6 35
2 6 36 11 23
2 14 44 6 36
2 6 37 14 44
2 36 37 6 37
2 6 38 36 37
2 10 27 6 38
2 6 39 10 27
2 15 1 6 39
2 6 40 15 1
2 19 50 6 40
2 6 41 19 50
2 7 27 6 41
2 6 42 7 27
2 17 17 6 42
2 6 43 17 17
2 11 38 6 43
2 6 45 11 38
2 7 8 6 45
2 6 46 7 8
2 15 34 6 46
2 6 47 15 34
2 8 41 6 47
2 6 48 8 41
2 24 44 6 48
2 6 49 24 44
2 11 2 6 49
2 6 50 11 2
2 15 46 6 50
2 7 1 15 46
2 15 19 7 1
2 7 2 15 19
2 29 35 7 2
2 7 3 29 35
2 8 18 7 3
2 7 4 8 18
2 15 29 7 4
2 7 5 15 29
2 10 26 7 5
2 7 6 10 26
2 7 32 7 6
2 7 7 7 32
2 14 35 7 7
2 7 8 14 35
2 25 42 7 8
2 7 9 25 42
2 14 35 7 9
2 7 10 14 35
2 9 42 7 10
2 7 11 9 42
2 20 34 7 11
2 7 12 20 34
2 13 39 7 12
2 7 13 13 39
2 11 40 7 13
2 7 14 11 40
2 8 39 7 14
2 7 15 8 39
2 30 42 7 15
2 7 16 30 42
2 12 40 7 16
2 7 17 12 40
2 7 30 7 17
2 7 18 7 30
2 7 19 7 18
2 7 19 7 19
2 7 35 7 19
2 7 20 7 35
2 16 40 7 20
2 7 22 16 40
2 11 10 7 22
2 7 23 11 10
2 34 2 7 23
2 7 24 34 2
2 18 27 7 24
2 7 25 18 27
2 15 13 7 25
2 7 26 15 13
2 13 24 7 26
2 7 27 13 24
2 7 41 7 27
2 7 28 7 41
2 10 13 7 28
2 7 29 10 13
2 11 9 7 29
2 7 30 11 9
2 8 10 7 30
2 7 31 8 10
2 25 48 7 31
2 7 32 25 48
2 25 43 7 32
2 7 33 25 43
2 17 13 7 33
2 7 34 17 13
2 8 26 7 34
2 7 35 8 26
2 7 38 7 35
2 7 36 7 38
2 8 23 7 36
2 7 37 8 23
2 11 44 7 37
2 7 38 11 44
2 9 34 7 38
2 7 39 9 34
2 8 12 7 39
2 7 40 8 12
2 37 35 7 40
2 7 41 37 35
2 16 38 7 41
2 7 42 16 38
2 16 11 7 42
2 7 43 16 11
2 13 43 7 43
2 7 44 13 43
2 8 19 7 44
2 7 45 8 19
2 10 30 7 45
2 7 46 10 30
2 10 43 7 46
2 7 47 10 43
2 23 8 7 47
2 7 48 23 8
2 34 3 7 48
2 7 49 34 3
2 8 27 7 49
2 7 50 8 27
2 9 12 7 50
2 8 1 9 12
2 9 27 8 1
2 8 2 9 27
2 9 13 8 2
2 8 3 9 13
2 15 25 8 3
2 8 4 15 25
2 13 49 8 4
2 8 5 13 49
2 18 32 8 5
2 8 6 18 32
2 10 14 8 6
2 8 7 10 14
2 9 5 8 7
2 8 8 9 5
2 14 21 8 8
2 8 9 14 21
2 8 20 8 9
2 8 10 8 20
2 23 27 8 10
2 8 11 23 27
2 12 19 8 11
2 8 12 12 19
2 25 46 8 12
2 8 13 25 46
2 14 48 8 13
2 8 14 14 48
2 29 50 8 14
2 8 15 29 50
2 9 23 8 15
2 8 16 9 23
2 9 7 8 16
2 8 17 9 7
2 27 19 8 17
2 8 18 27 19
2 11 30 8 18
2 8 19 11 30
2 20 31 8 19
2 8 20 20 31
2 16 6 8 20
2 8 21 16 6
2 20 49 8 21
2 8 22 20 49
2 9 35 8 22
2 8 23 9 35
2 22 13 8 23
2 8 24 22 13
2 10 23 8 24
2 8 25 10 23
2 9 11 8 25
2 8 26 9 11
2 15 40 8 26
2 8 27 15 40
2 16 2 8 27
2 8 28 16 2
2 14 33 8 28
2 8 29 14 33
2 10 19 8 29
2 8 30 10 19
2 11 50 8 30
2 8 31 11 50
2 12 12 8 31
2 8 32 12 12
2 15 15 8 32
2 8 33 15 15
2 21 40 8 33
2 8 34 21 40
2 11 43 8 34
2 8 35 11 43
2 11 4 8 35
2 8 36 11 4
2 15 46 8 36
2 8 37 15 46
2 14 15 8 37
2 8 38 14 15
2 40 32 8 38
2 8 39 40 32
2 22 32 8 39
2 8 40 22 32
2 10 2 8 40
2 8 41 10 2
2 34 37 8 41
2 8 42 34 37
2 44 35 8 42
2 8 43 44 35
2 20 42 8 43
2 8 44 20 42
2 16 26 8 44
2 8 45 16 26
2 16 34 8 45
2 8 46 16 34
2 13 9 8 46
2 8 47 13 9
2 10 4 8 47
2 8 48 10 4
2 11 18 8 48
2 8 49 11 18
2 24 35 8 49
2 8 50 24 35
2 13 6 8 50
2 9 1 13 6
2 9 27 9 1
2 9 2 9 27
2 13 11 9 2
2 9 3 13 11
2 11 3 9 3
2 9 4 11 3
2 10 29 9 4
2 9 5 10 29
2 13 29 9 5
2 9 6 13 29
2 10 34 9 6
2 9 7 10 34
2 9 24 9 7
2 9 8 9 24
2 19 24 9 8
2 9 9 19 24
2 17 23 9 9
2 9 10 17 23
2 11 12 9 10
2 9 11 11 12
2 22 46 9 11
2 9 12 22 46
2 9 26 9 12
2 9 13 9 26
2 12 44 9 13
2 9 14 12 44
2 13 32 9 14
2 9 15 13 32
2 39 10 9 15
2 9 16 39 10
2 13 32 9 16
2 9 17 13 32
2 19 6 9 17
2 9 18 19 6
2 47 40 9 18
2 9 19 47 40
2 10 50 9 19
2 9 20 10 50
2 11 24 9 20
2 9 21 11 24
2 11 24 9 21
2 9 22 11 24
2 14 19 9 22
2 9 23 14 19
2 9 44 9 23
2 9 24 9 44
2 11 41 9 24
2 9 25 11 41
2 10 13 9 25
2 9 26 10 13
2 11 36 9 26
2 9 27 11 36
2 14 39 9 27
2 9 28 14 39
2 17 34 9 28
2 9 29 17 34
2 16 27 9 29
2 9 30 16 27
2 16 23 9 30
2 9 31 16 23
2 27 22 9 31
2 9 32 27 22
2 12 11 9 32
2 9 33 12 11
2 13 16 9 33
2 9 34 13 16
2 13 47 9 34
2 9 35 13 47
2 10 5 9 35
2 9 36 10 5
2 9 41 9 36
2 9 37 9 41
2 35 28 9 37
2 9 38 35 28
2 11 8 9 38
2 9 39 11 8
2 44 9 9 39
2 9 40 44 9
2 14 35 9 40
2 9 41 14 35
2 11 5 9 41
2 9 42 11 5
2 11 47 9 42
2 9 43 11 47
2 12 45 9 43
2 9 44 12 45
2 10 48 9 44
2 9 45 10 48
2 21 1 9 45
2 9 46 21 1
2 12 24 9 46
2 9 47 12 24
2 43 40 9 47
2 9 48 43 40
2 19 29 9 48
2 9 49 19 29
2 9 50 9 49
2 9 50 9 50
2 12 30 9 50
2 10 1 12 30
2 16 13 10 1
2 10 2 16 13
2 10 15 10 2
2 10 3 10 15
2 11 44 10 3
2 10 4 11 44
2 12 26 10 4
2 10 5 12 26
2 27 16 10 5
2 10 6 27 16
2 33 35 10 6
2 10 7 33 35
2 12 9 10 7
2 10 8 12 9
2 30 9 10 8
2 10 9 30 9
2 20 48 10 9
2 10 10 20 48
2 10 24 10 10
2 10 11 10 24
2 18 6 10 11
2 10 12 18 6
2 17 48 10 12
2 10 13 17 48
2 18 3 10 13
2 10 14 18 3
2 10 48 10 14
2 10 15 10 48
2 14 6 10 15
2 10 16 14 6
2 11 15 10 16
2 10 17 11 15
2 11 31 10 17
2 10 18 11 31
2 11 11 10 18
2 10 19 11 11
2 11 23 10 19
2 10 20 11 23
2 18 40 10 20
2 10 21 18 40
2 32 10 10 21
2 10 22 32 10
2 19 2 10 22
2 10 23 19 2
2 20 39 10 23
2 10 24 20 39
2 20 6 10 24
2 10 25 20 6
2 20 45 10 25
2 10 26 20 45
2 14 10 10 26
2 10 27 14 10
2 27 33 10 27
2 10 28 27 33
2 11 2 10 28
2 10 29 11 2
2 13 6 10 29
2 10 30 13 6
2 26 5 10 30
2 10 31 26 5
2 17 1 10 31
2 10 32 17 1
2 12 33 10 32
2 10 33 12 33
2 15 25 10 33
2 10 34 15 25
2 13 47 10 34
2 10 35 13 47
2 18 30 10 35
2 10 36 18 30
2 24 1 10 36
2 10 37 24 1
2 15 20 10 37
2 10 38 15 20
2 11 4 10 38
2 10 39 11 4
2 43 45 10 39
2 10 40 43 45
2 23 33 10 40
2 10 41 23 33
2 15 29 10 41
2 10 42 15 29
2 35 32 10 42
2 10 43 35 32
2 13 4 10 43
2 10 44 13 4
2 23 49 10 44
2 10 45 23 49
2 33 49 10 45
2 10 46 33 49
2 12 22 10 46
2 10 47 12 22
2 15 8 10 47
2 10 48 15 8
2 11 46 10 48
2 10 49 11 46
2 11 39 10 49
2 10 50 11 39
2 11 45 10 50
2 11 1 11 45
2 11 32 11 1
2 11 2 11 32
2 18 22 11 2
2 11 3 18 22
2 11 8 11 3
2 11 4 11 8
2 16 17 11 4
2 11 5 16 17
2 14 17 11 5
2 11 6 14 17
2 22 7 11 6
2 11 7 22 7
2 16 10 11 7
2 11 8 16 10
2 19 9 11 8
2 11 9 19 9
2 19 1 11 9
2 11 10 19 1
2 31 48 11 10
2 11 11 31 48
2 11 24 11 11
2 11 12 11 24
2 20 16 11 12
2 11 13 20 16
2 19 17 11 13
2 11 14 19 17
2 19 18 11 14
2 11 15 19 18
2 15 34 11 15
2 11 16 15 34
2 22 1 11 16
2 11 17 22 1
2 36 32 11 17
2 11 18 36 32
2 17 6 11 18
2 11 19 17 6
2 15 4 11 19
2 11 20 15 4
2 13 17 11 20
2 11 21 13 17
2 41 45 11 21
2 11 22 41 45
2 12 4 11 22
2 11 23 12 4
2 15 23 11 23
2 11 24 15 23
2 12 4 11 24
2 11 25 12 4
2 14 9 11 25
2 11 26 14 9
2 27 36 11 26
2 11 27 27 36
2 26 31 11 27
2 11 28 26 31
2 29 38 11 28
2 11 29 29 38
2 26 9 11 29
2 11 30 26 9
2 17 40 11 30
2 11 31 17 40
2 12 11 11 31
2 11 32 12 11
2 20 24 11 32
2 11 33 20 24
2 14 34 11 33
2 11 34 14 34
2 12 49 11 34
2 11 35 12 49
2 13 25 11 35
2 11 36 13 25
2 13 27 11 36
2 11 37 13 27
2 18 25 11 37
2 11 38 18 25
2 11 40 11 38
2 11 39 11 40
2 34 16 11 39
2 11 40 34 16
2 16 26 11 40
2 11 41 16 26
2 13 6 11 41
2 11 42 13 6
2 17 42 11 42
2 11 43 17 42
2 17 47 11 43
2 11 44 17 47
2 22 38 11 44
2 11 45 22 38
2 15 6 11 45
2 11 46 15 6
2 17 10 11 46
2 11 47 17 10
2 12 42 11 47
2 11 48 12 42
2 12 14 11 48
2 11 49 12 14
2 17 11 11 49
2 11 50 17 11
2 15 34 11 50
2 12 1 15 34
2 15 43 12 1
2 12 2 15 43
2 21 13 12 2
2 12 3 21 13
2 28 2 12 3
2 12 4 28 2
2 15 25 12 4
2 12 5 15 25
2 21 18 12 5
2 12 6 21 18
2 15 22 12 6
2 12 7 15 22
2 21 30 12 7
2 12 8 21 30
2 13 14 12 8
2 12 9 13 14
2 14 26 12 9
2 12 10 14 26
2 20 40 12 10
2 12 11 20 40
2 12 41 12 11
2 12 12 12 41
2 27 16 12 12
2 12 13 27 16
2 16 15 12 13
2 12 14 16 15
2 14 47 12 14
2 12 15 14 47
2 26 19 12 15
2 12 16 26 19
2 25 33 12 16
2 12 17 25 33
2 21 12 12 17
2 12 18 21 12
2 16 35 12 18
2 12 19 16 35
2 19 8 12 19
2 12 20 19 8
2 17 16 12 20
2 12 21 17 16
2 14 10 12 21
2 12 22 14 10
2 19 28 12 22
2 12 23 19 28
2 19 13 12 23
2 12 24 19 13
2 12 31 12 24
2 12 25 12 31
2 13 16 12 25
2 12 26 13 16
2 15 6 12 26
2 12 27 15 6
2 16 38 12 27
2 12 28 16 38
2 15 21 12 28
2 12 29 15 21
2 26 26 12 29
2 12 30 26 26
2 23 13 12 30
2 12 31 23 13
2 14 25 12 31
2 12 32 14 25
2 16 8 12 32
2 12 33 16 8
2 15 48 12 33
2 12 34 15 48
2 18 1 12 34
2 12 35 18 1
2 24 48 12 35
2 12 36 24 48
2 23 21 12 36
2 12 37 23 21
2 16 32 12 37
2 12 38 16 32
2 28 31 12 38
2 12 39 28 31
2 19 34 12 39
2 12 40 19 34
2 20 30 12 40
2 12 41 20 30
2 19 10 12 41
2 12 42 19 10
2 48 6 12 42
2 12 43 48 6
2 14 35 12 43
2 12 44 14 35
2 19 21 12 44
2 12 45 19 21
2 24 18 12 45
2 12 46 24 18
2 21 48 12 46
2 12 47 21 48
2 23 2 12 47
2 12 48 23 2
2 16 34 12 48
2 12 49 16 34
2 14 35 12 49
2 12 50 14 35
2 18 46 12 50
2 13 1 18 46
2 16 19 13 1
2 13 2 16 19
2 18 44 13 2
2 13 3 18 44
2 20 5 13 3
2 13 4 20 5
2 14 5 13 4
2 13 5 14 5
2 18 32 13 5
2 13 6 18 32
2 16 49 13 6
2 13 7 16 49
2 19 15 13 7
2 13 8 19 15
2 25 38 13 8
2 13 9 25 38
2 32 23 13 9
2 13 10 32 23
2 17 21 13 10
2 13 11 17 21
2 15 22 13 11
2 13 12 15 22
2 15 7 13 12
2 13 13 15 7
2 20 12 13 13
2 13 14 20 12
2 16 40 13 14
2 13 15 16 40
2 17 8 13 15
2 13 16 17 8
2 15 3 13 16
2 13 17 15 3
2 18 35 13 17
2 13 18 18 35
2 13 24 13 18
2 13 19 13 24
2 16 5 13 19
2 13 20 16 5
2 21 15 13 20
2 13 21 21 15
2 25 38 13 21
2 13 22 25 38
2 16 17 13 22
2 13 23 16 17
2 18 44 13 23
2 13 24 18 44
2 13 29 13 24
2 13 25 13 29
2 16 29 13 25
2 13 26 16 29
2 15 47 13 26
2 13 27 15 47
2 17 14 13 27
2 13 28 17 14
2 14 38 13 28
2 13 29 14 38
2 20 26 13 29
2 13 30 20 26
2 15 18 13 30
2 13 31 15 18
2 17 4 13 31
2 13 32 17 4
2 19 32 13 32
2 13 33 19 32
2 22 42 13 33
2 13 34 22 42
2 13 50 13 34
2 13 35 13 50
2 14 28 13 35
2 13 36 14 28
2 15 31 13 36
2 13 37 15 31
2 48 13 13 37
2 13 38 48 13
2 20 25 13 38
2 13 39 20 25
2 24 5 13 39
2 13 40 24 5
2 15 11 13 40
2 13 41 15 11
2 18 8 13 41
2 13 42 18 8
2 13 50 13 42
2 13 43 13 50
2 20 8 13 43
2 13 44 20 8
2 19 32 13 44
2 13 45 19 32
2 16 20 13 45
2 13 46 16 20
2 32 42 13 46
2 13 47 32 42
2 34 40 13 47
2 13 48 34 40
2 14 31 13 48
2 13 49 14 31
2 16 23 13 49
2 13 50 16 23
2 15 6 13 50
2 14 1 15 6
2 16 3 14 1
2 14 2 16 3
2 19 5 14 2
2 14 3 19 5
2 19 23 14 3
2 14 4 19 23
2 36 3 14 4
2 14 5 36 3
2 18 33 14 5
2 14 6 18 33
2 25 9 14 6
2 14 7 25 9
2 18 19 14 7
2 14 8 18 19
2 26 46 14 8
2 14 9 26 46
2 17 18 14 9
2 14 10 17 18
2 14 18 14 10
2 14 11 14 18
2 19 36 14 11
2 14 12 19 36
2 15 19 14 12
2 14 13 15 19
2 26 20 14 13
2 14 14 26 20
2 14 45 14 14
2 14 15 14 45
2 21 10 14 15
2 14 16 21 10
2 40 19 14 16
2 14 17 40 19
2 20 8 14 17
2 14 18 20 8
2 14 38 14 18
2 14 19 14 38
2 15 18 14 19
2 14 20 15 18
2 38 48 14 20
2 14 21 38 48
2 23 39 14 21
2 14 22 23 39
2 24 7 14 22
2 14 23 24 7
2 15 34 14 23
2 14 24 15 34
2 34 2 14 24
2 14 25 34 2
2 36 42 14 25
2 14 26 36 42
2 16 48 14 26
2 14 27 16 48
2 37 7 14 27
2 14 28 37 7
2 15 20 14 28
2 14 29 15 20
2 15 12 14 29
2 14 30 15 12
2 16 50 14 30
2 14 31 16 50
2 15 27 14 31
2 14 32 15 27
2 16 11 14 32
2 14 33 16 11
2 17 38 14 33
2 14 34 17 38
2 33 50 14 34
2 14 35 33 50
2 19 46 14 35
2 14 36 19 46
2 19 23 14 36
2 14 37 19 23
2 32 5 14 37
2 14 38 32 5
2 25 41 14 38
2 14 39 25 41
2 20 47 14 39
2 14 40 20 47
2 15 30 14 40
2 14 41 15 30
2 18 30 14 41
2 14 42 18 30
2 17 18 14 42
2 14 43 17 18
2 30 24 14 43
2 14 44 30 24
2 14 47 14 44
2 14 45 14 47
2 22 2 14 45
2 14 46 22 2
2 27 27 14 46
2 14 47 27 27
2 15 32 14 47
2 14 48 15 32
2 20 3 14 48
2 14 49 20 3
2 24 23 14 49
2 14 50 24 23
2 16 17 14 50
2 15 1 16 17
2 15 22 15 1
2 15 2 15 22
2 19 26 15 2
2 15 3 19 26
2 34 6 15 3
2 15 4 34 6
2 27 5 15 4
2 15 5 27 5
2 18 21 15 5
2 15 6 18 21
2 15 31 15 6
2 15 7 15 31
2 44 46 15 7
2 15 8 44 46
2 34 40 15 8
2 15 9 34 40
2 17 30 15 9
2 15 10 17 30
2 24 49 15 10
2 15 11 24 49
2 26 42 15 11
2 15 12 26 42
2 15 35 15 12
2 15 13 15 35
2 15 26 15 13
2 15 14 15 26
2 15 25 15 14
2 15 15 15 25
2 17 2 15 15
2 15 16 17 2
2 18 11 15 16
2 15 17 18 11
2 41 8 15 17
2 15 18 41 8
2 28 20 15 18
2 15 19 28 20
2 29 10 15 19
2 15 20 29 10
2 30 23 15 20
2 15 21 30 23
2 38 24 15 21
2 15 22 38 24
2 17 24 15 22
2 15 23 17 24
2 16 18 15 23
2 15 24 16 18
2 16 6 15 24
2 15 25 16 6
2 25 30 15 25
2 15 26 25 30
2 25 50 15 26
2 15 27 25 50
2 18 38 15 27
2 15 28 18 38
2 16 6 15 28
2 15 29 16 6
2 17 28 15 29
2 15 30 17 28
2 17 22 15 30
2 15 31 17 22
2 19 20 15 31
2 15 32 19 20
2 17 8 15 32
2 15 33 17 8
2 16 16 15 33
2 15 34 16 16
2 18 30 15 34
2 15 35 18 30
2 16 12 15 35
2 15 36 16 12
2 23 45 15 36
2 15 38 23 45
2 19 48 15 38
2 15 39 19 48
2 20 22 15 39
2 15 40 20 22
2 20 18 15 40
2 15 41 20 18
2 18 5 15 41
2 15 42 18 5
2 21 49 15 42
2 15 43 21 49
2 49 49 15 43
2 15 44 49 49
2 24 20 15 44
2 15 45 24 20
2 26 23 15 45
2 15 46 26 23
2 16 19 15 46
2 15 47 16 19
2 27 12 15 47
2 15 48 27 12
2 34 15 15 48
2 15 49 34 15
2 19 34 15 49
2 15 50 19 34
2 17 2 15 50
2 16 1 17 2
2 20 38 16 1
2 16 2 20 38
2 25 4 16 2
2 16 3 25 4
2 29 49 16 3
2 16 4 29 49
2 17 33 16 4
2 16 5 17 33
2 17 11 16 5
2 16 6 17 11
2 21 26 16 6
2 16 7 21 26
2 29 3 16 7
2 16 8 29 3
2 16 20 16 8
2 16 9 16 20
2 21 16 16 9
2 16 10 21 16
2 22 21 16 10
2 16 11 22 21
2 17 31 16 11
2 16 12 17 31
2 16 23 16 12
2 16 13 16 23
2 28 11 16 13
2 16 14 28 11
2 41 14 16 14
2 16 15 41 14
2 18 30 16 15
2 16 16 18 30
2 20 29 16 16
2 16 17 20 29
2 25 44 16 17
2 16 18 25 44
2 20 50 16 18
2 16 19 20 50
2 27 21 16 19
2 16 20 27 21
2 21 44 16 20
2 16 21 21 44
2 36 1 16 21
2 16 22 36 1
2 17 6 16 22
2 16 23 17 6
2 25 44 16 23
2 16 24 25 44
2 21 47 16 24
2 16 25 21 47
2 37 10 16 25
2 16 26 37 10
2 17 26 16 26
2 16 27 17 26
2 16 29 16 27
2 16 28 16 29
2 17 27 16 28
2 16 29 17 27
2 17 9 16 29
2 16 30 17 9
2 38 7 16 30
2 16 31 38 7
2 17 20 16 31
2 16 32 17 20
2 24 31 16 32
2 16 33 24 31
2 25 47 16 33
2 16 34 25 47
2 20 16 16 34
2 16 35 20 16
2 20 34 16 35
2 16 36 20 34
2 17 24 16 36
2 16 37 17 24
2 32 19 16 37
2 16 38 32 19
2 16 42 16 38
2 16 39 16 42
2 19 24 16 39
2 16 40 19 24
2 17 17 16 40
2 16 41 17 17
2 30 49 16 41
2 16 42 30 49
2 19 48 16 42
2 16 43 19 48
2 19 25 16 43
2 16 44 19 25
2 33 40 16 44
2 16 45 33 40
2 18 49 16 45
2 16 46 18 49
2 18 20 16 46
2 16 47 18 20
2 24 32 16 47
2 16 48 24 32
2 20 32 16 48
2 16 49 20 32
2 30 46 16 49
2 16 50 30 46
2 34 19 16 50
2 17 1 34 19
2 34 9 17 1
2 17 2 34 9
2 26 50 17 2
2 17 3 26 50
2 19 14 17 3
2 17 4 19 14
2 21 48 17 4
2 17 5 21 48
2 46 16 17 5
2 17 6 46 16
2 17 18 17 6
2 17 7 17 18
2 30 32 17 7
2 17 8 30 32
2 28 36 17 8
2 17 9 28 36
2 18 34 17 9
2 17 10 18 34
2 20 15 17 10
2 17 11 20 15
2 19 11 17 11
2 17 12 19 11
2 38 31 17 12
2 17 13 38 31
2 23 32 17 13
2 17 14 23 32
2 18 27 17 14
2 17 15 18 27
2 19 39 17 15
2 17 16 19 39
2 17 40 17 16
2 17 17 17 40
2 22 50 17 17
2 17 18 22 50
2 17 45 17 18
2 17 19 17 45
2 27 5 17 19
2 17 20 27 5
2 18 16 17 20
2 17 21 18 16
2 42 40 17 21
2 17 22 42 40
2 19 27 17 22
2 17 23 19 27
2 18 1 17 23
2 17 24 18 1
2 23 9 17 24
2 17 25 23 9
2 19 13 17 25
2 17 26 19 13
2 34 48 17 26
2 17 27 34 48
2 41 44 17 27
2 17 28 41 44
2 34 36 17 28
2 17 29 34 36
2 40 31 17 29
2 17 30 40 31
2 21 44 17 30
2 17 31 21 44
2 23 49 17 31
2 17 32 23 49
2 25 11 17 32
2 17 33 25 11
2 19 16 17 33
2 17 34 19 16
2 20 3 17 34
2 17 35 20 3
2 39 19 17 35
2 17 36 39 19
2 29 2 17 36
2 17 37 29 2
2 19 18 17 37
2 17 38 19 18
2 24 42 17 38
2 17 39 24 42
2 29 24 17 39
2 17 40 29 24
2 20 2 17 40
2 17 41 20 2
2 19 13 17 41
2 17 42 19 13
2 39 32 17 42
2 17 43 39 32
2 27 7 17 43
2 17 44 27 7
2 27 40 17 44
2 17 45 27 40
2 30 14 17 45
2 17 46 30 14
2 28 7 17 46
2 17 47 28 7
2 25 36 17 47
2 17 48 25 36
2 21 3 17 48
2 17 49 21 3
2 18 11 17 49
2 17 50 18 11
2 25 27 17 50
2 18 1 25 27
2 19 24 18 1
2 18 2 19 24
2 19 43 18 2
2 18 3 19 43
2 27 18 18 3
2 18 4 27 18
2 19 14 18 4
2 18 5 19 14
2 23 44 18 5
2 18 6 23 44
2 19 24 18 6
2 18 7 19 24
2 25 6 18 7
2 18 8 25 6
2 18 35 18 8
2 18 9 18 35
2 39 6 18 9
2 18 10 39 6
2 19 17 18 10
2 18 11 19 17
2 24 32 18 11
2 18 12 24 32
2 23 14 18 12
2 18 13 23 14
2 22 44 18 13
2 18 14 22 44
2 32 7 18 14
2 18 15 32 7
2 20 8 18 15
2 18 16 20 8
2 27 49 18 16
2 18 17 27 49
2 30 1 18 17
2 18 18 30 1
2 26 42 18 18
2 18 19 26 42
2 20 31 18 19
2 18 20 20 31
2 19 28 18 20
2 18 21 19 28
2 21 21 18 21
2 18 22 21 21
2 42 20 18 22
2 18 23 42 20
2 18 40 18 23
2 18 24 18 40
2 25 3 18 24
2 18 25 25 3
2 24 13 18 25
2 18 26 24 13
2 32 9 18 26
2 18 27 32 9
2 24 30 18 27
2 18 28 24 30
2 26 16 18 28
2 18 29 26 16
2 19 42 18 29
2 18 30 19 42
2 32 24 18 30
2 18 31 32 24
2 19 24 18 31
2 18 32 19 24
2 24 46 18 32
2 18 33 24 46
2 19 33 18 33
2 18 34 19 33
2 19 46 18 34
2 18 35 19 46
2 20 35 18 35
2 18 36 20 35
2 25 49 18 36
2 18 37 25 49
2 29 30 18 37
2 18 38 29 30
2 47 5 18 38
2 18 39 47 5
2 21 15 18 39
2 18 40 21 15
2 29 13 18 40
2 18 41 29 13
2 22 9 18 41
2 18 42 22 9
2 23 15 18 42
2 18 43 23 15
2 20 1 18 43
2 18 44 20 1
2 19 41 18 44
2 18 45 19 41
2 24 12 18 45
2 18 46 24 12
2 43 49 18 46
2 18 47 43 49
2 21 19 18 47
2 18 48 21 19
2 30 27 18 48
2 18 49 30 27
2 31 6 18 49
2 18 50 31 6
2 19 26 18 50
2 19 1 19 26
2 19 2 19 1
2 19 2 19 2
2 20 38 19 2
2 19 3 20 38
2 25 34 19 3
2 19 4 25 34
2 21 50 19 4
2 19 5 21 50
2 30 23 19 5
2 19 6 30 23
2 34 6 19 6
2 19 7 34 6
2 43 30 19 7
2 19 8 43 30
2 24 10 19 8
2 19 9 24 10
2 32 37 19 9
2 19 10 32 37
2 21 23 19 10
2 19 11 21 23
2 23 20 19 11
2 19 12 23 20
2 20 49 19 12
2 19 13 20 49
2 19 18 19 13
2 19 14 19 18
2 31 11 19 14
2 19 15 31 11
2 21 48 19 15
2 19 16 21 48
2 39 21 19 16
2 19 17 39 21
2 43 25 19 17
2 19 18 43 25
2 23 24 19 18
2 19 19 23 24
2 28 19 19 19
2 19 20 28 19
2 30 28 19 20
2 19 21 30 28
2 24 2 19 21
2 19 23 24 2
2 34 10 19 23
2 19 24 34 10
2 30 6 19 24
2 19 25 30 6
2 19 47 19 25
2 19 26 19 47
2 21 29 19 26
2 19 27 21 29
2 25 25 19 27
2 19 28 25 25
2 31 27 19 28
2 19 29 31 27
2 20 23 19 29
2 19 30 20 23
2 23 50 19 30
2 19 32 23 50
2 28 13 19 32
2 19 33 28 13
2 20 42 19 33
2 19 34 20 42
2 34 4 19 34
2 19 35 34 4
2 25 23 19 35
2 19 36 25 23
2 40 39 19 36
2 19 37 40 39
2 29 41 19 37
2 19 38 29 41
2 27 41 19 38
2 19 39 27 41
2 38 41 19 39
2 19 40 38 41
2 24 49 19 40
2 19 41 24 49
2 20 45 19 41
2 19 42 20 45
2 20 14 19 42
2 19 43 20 14
2 32 14 19 43
2 19 44 32 14
2 22 5 19 44
2 19 45 22 5
2 21 38 19 45
2 19 46 21 38
2 21 1 19 46
2 19 47 21 1
2 21 18 19 47
2 19 48 21 18
2 31 36 19 48
2 19 49 31 36
2 31 27 19 49
2 19 50 31 27
2 32 25 19 50
2 20 1 32 25
2 20 46 20 1
2 20 2 20 46
2 31 30 20 2
2 20 3 31 30
2 33 22 20 3
2 20 4 33 22
2 29 39 20 4
2 20 5 29 39
2 35 6 20 5
2 20 6 35 6
2 20 10 20 6
2 20 7 20 10
2 35 15 20 7
2 20 8 35 15
2 23 29 20 8
2 20 9 23 29
2 26 18 20 9
2 20 10 26 18
2 21 20 20 10
2 20 11 21 20
2 21 26 20 11
2 20 12 21 26
2 30 40 20 12
2 20 13 30 40
2 36 19 20 13
2 20 14 36 19
2 44 44 20 14
2 20 15 44 44
2 27 8 20 15
2 20 16 27 8
2 25 40 20 16
2 20 17 25 40
2 20 19 20 17
2 20 18 20 19
2 28 23 20 18
2 20 19 28 23
2 29 30 20 19
2 20 20 29 30
2 27 46 20 20
2 20 21 27 46
2 20 32 20 21
2 20 22 20 32
2 23 25 20 22
2 20 23 23 25
2 23 10 20 23
2 20 24 23 10
2 32 38 20 24
2 20 25 32 38
2 22 4 20 25
2 20 26 22 4
2 21 12 20 26
2 20 27 21 12
2 21 9 20 27
2 20 28 21 9
2 22 36 20 28
2 20 29 22 36
2 22 21 20 29
2 20 30 22 21
2 25 17 20 30
2 20 31 25 17
2 27 48 20 31
2 20 32 27 48
2 23 13 20 32
2 20 33 23 13
2 22 49 20 33
2 20 34 22 49
2 22 42 20 34
2 20 35 22 42
2 22 11 20 35
2 20 36 22 11
2 21 4 20 36
2 20 37 21 4
2 26 39 20 37
2 20 38 26 39
2 27 28 20 38
2 20 39 27 28
2 33 34 20 39
2 20 40 33 34
2 24 30 20 40
2 20 41 24 30
2 39 17 20 41
2 20 42 39 17
2 32 32 20 42
2 20 43 32 32
2 22 20 20 43
2 20 44 22 20
2 37 16 20 44
2 20 45 37 16
2 21 37 20 45
2 20 46 21 37
2 22 19 20 46
2 20 47 22 19
2 25 34 20 47
2 20 48 25 34
2 22 27 20 48
2 20 49 22 27
2 25 9 20 49
2 20 50 25 9
2 22 48 20 50
2 21 1 22 48
2 35 35 21 1
2 21 2 35 35
2 35 4 21 2
2 21 3 35 4
2 23 8 21 3
2 21 4 23 8
2 31 4 21 4
2 21 5 31 4
2 33 34 21 5
2 21 6 33 34
2 30 18 21 6
2 21 7 30 18
2 22 26 21 7
2 21 8 22 26
2 22 12 21 8
2 21 9 22 12
2 21 13 21 9
2 21 10 21 13
2 29 1 21 10
2 21 11 29 1
2 28 6 21 11
2 21 12 28 6
2 39 17 21 12
2 21 13 39 17
2 21 31 21 13
2 21 14 21 31
2 27 24 21 14
2 21 15 27 24
2 23 11 21 15
2 21 16 23 11
2 27 9 21 16
2 21 17 27 9
2 25 38 21 17
2 21 18 25 38
2 29 3 21 18
2 21 19 29 3
2 23 21 21 19
2 21 20 23 21
2 22 30 21 20
2 21 21 22 30
2 22 49 21 21
2 21 22 22 49
2 26 10 21 22
2 21 23 26 10
2 34 47 21 23
2 21 24 34 47
2 24 34 21 24
2 21 25 24 34
2 22 11 21 25
2 21 26 22 11
2 24 9 21 26
2 21 27 24 9
2 28 41 21 27
2 21 28 28 41
2 22 43 21 28
2 21 29 22 43
2 42 49 21 29
2 21 30 42 49
2 22 30 21 30
2 21 31 22 30
2 30 4 21 31
2 21 32 30 4
2 29 16 21 32
2 21 33 29 16
2 34 22 21 33
2 21 34 34 22
2 31 35 21 34
2 21 35 31 35
2 40 49 21 35
2 21 36 40 49
2 42 49 21 36
2 21 37 42 49
2 27 10 21 37
2 21 38 27 10
2 21 44 21 38
2 21 39 21 44
2 36 49 21 39
2 21 40 36 49
2 23 16 21 40
2 21 41 23 16
2 29 1 21 41
2 21 42 29 1
2 26 5 21 42
2 21 43 26 5
2 22 12 21 43
2 21 44 22 12
2 24 8 21 44
2 21 45 24 8
2 28 32 21 45
2 21 46 28 32
2 30 38 21 46
2 21 47 30 38
2 37 48 21 47
2 21 48 37 48
2 28 8 21 48
2 21 49 28 8
2 36 34 21 49
2 21 50 36 34
2 29 42 21 50
2 22 1 29 42
2 28 29 22 1
2 22 2 28 29
2 24 22 22 2
2 22 3 24 22
2 22 39 22 3
2 22 4 22 39
2 28 47 22 4
2 22 5 28 47
2 40 26 22 5
2 22 6 40 26
2 42 29 22 6
2 22 7 42 29
2 25 35 22 7
2 22 8 25 35
2 28 12 22 8
2 22 9 28 12
2 29 23 22 9
2 22 10 29 23
2 26 26 22 10
2 22 11 26 26
2 29 43 22 11
2 22 12 29 43
2 22 31 22 12
2 22 13 22 31
2 38 8 22 13
2 22 14 38 8
2 35 39 22 14
2 22 15 35 39
2 23 5 22 15
2 22 16 23 5
2 26 31 22 16
2 22 17 26 31
2 26 1 22 17
2 22 18 26 1
2 46 16 22 18
2 22 19 46 16
2 22 38 22 19
2 22 20 22 38
2 24 27 22 20
2 22 21 24 27
2 30 30 22 21
2 22 22 30 30
2 27 7 22 22
2 22 23 27 7
2 40 21 22 23
2 22 24 40 21
2 22 45 22 24
2 22 25 22 45
2 30 11 22 25
2 22 26 30 11
2 27 28 22 26
2 22 27 27 28
2 41 2 22 27
2 22 28 41 2
2 23 19 22 28
2 22 29 23 19
2 23 49 22 29
2 22 30 23 49
2 30 32 22 30
2 22 31 30 32
2 23 21 22 31
2 22 32 23 21
2 29 16 22 32
2 22 33 29 16
2 23 31 22 33
2 22 34 23 31
2 41 39 22 34
2 22 35 41 39
2 25 27 22 35
2 22 36 25 27
2 30 18 22 36
2 22 37 30 18
2 23 42 22 37
2 22 38 23 42
2 25 24 22 38
2 22 39 25 24
2 22 46 22 39
2 22 40 22 46
2 24 21 22 40
2 22 41 24 21
2 27 23 22 41
2 22 42 27 23
2 26 2 22 42
2 22 43 26 2
2 24 4 22 43
2 22 44 24 4
2 29 20 22 44
2 22 45 29 20
2 32 46 22 45
2 22 46 32 46
2 26 36 22 46
2 22 47 26 36
2 29 27 22 47
2 22 48 29 27
2 46 24 22 48
2 22 49 46 24
2 34 39 22 49
2 22 50 34 39
2 24 35 22 50
2 23 1 24 35
2 25 32 23 1
2 23 2 25 32
2 40 43 23 2
2 23 3 40 43
2 42 2 23 3
2 23 4 42 2
2 32 18 23 4
2 23 5 32 18
2 30 20 23 5
2 23 6 30 20
2 23 41 23 6
2 23 7 23 41
2 23 40 23 7
2 23 8 23 40
2 26 7 23 8
2 23 9 26 7
2 48 10 23 9
2 23 10 48 10
2 23 11 23 10
2 23 11 23 11
2 44 8 23 11
2 23 12 44 8
2 28 18 23 12
2 23 13 28 18
2 27 28 23 13
2 23 14 27 28
2 24 15 23 14
2 23 15 24 15
2 33 47 23 15
2 23 16 33 47
2 31 2 23 16
2 23 17 31 2
2 23 35 23 17
2 23 18 23 35
2 23 32 23 18
2 23 19 23 32
2 36 45 23 19
2 23 20 36 45
2 23 23 23 20
2 23 21 23 23
2 25 10 23 21
2 23 22 25 10
2 24 30 23 22
2 23 23 24 30
2 40 12 23 23
2 23 24 40 12
2 33 10 23 24
2 23 25 33 10
2 24 24 23 25
2 23 26 24 24
2 30 9 23 26
2 23 27 30 9
2 30 27 23 27
2 23 28 30 27
2 43 34 23 28
2 23 29 43 34
2 31 6 23 29
2 23 30 31 6
2 31 40 23 30
2 23 31 31 40
2 24 46 23 31
2 23 32 24 46
2 24 14 23 32
2 23 33 24 14
2 23 42 23 33
2 23 34 23 42
2 25 45 23 34
2 23 35 25 45
2 24 48 23 35
2 23 36 24 48
2 39 29 23 36
2 23 37 39 29
2 24 30 23 37
2 23 38 24 30
2 30 43 23 38
2 23 39 30 43
2 33 8 23 39
2 23 40 33 8
2 24 23 23 40
2 23 41 24 23
2 26 10 23 41
2 23 42 26 10
2 24 37 23 42
2 23 43 24 37
2 33 43 23 43
2 23 44 33 43
2 26 12 23 44
2 23 45 26 12
2 31 39 23 45
2 23 46 31 39
2 27 5 23 46
2 23 47 27 5
2 37 3 23 47
2 23 48 37 3
2 44 50 23 48
2 23 49 44 50
2 38 18 23 49
2 23 50 38 18
2 33 23 23 50
2 24 1 33 23
2 30 12 24 1
2 24 2 30 12
2 24 40 24 2
2 24 3 24 40
2 27 13 24 3
2 24 4 27 13
2 32 15 24 4
2 24 5 32 15
2 28 42 24 5
2 24 6 28 42
2 28 7 24 6
2 24 7 28 7
2 27 27 24 7
2 24 8 27 27
2 26 9 24 8
2 24 9 26 9
2 25 30 24 9
2 24 10 25 30
2 25 2 24 10
2 24 11 25 2
2 36 8 24 11
2 24 12 36 8
2 34 48 24 12
2 24 13 34 48
2 27 48 24 13
2 24 14 27 48
2 35 1 24 14
2 24 15 35 1
2 26 43 24 15
2 24 16 26 43
2 32 11 24 16
2 24 17 32 11
2 28 27 24 17
2 24 18 28 27
2 43 8 24 18
2 24 19 43 8
2 33 9 24 19
2 24 20 33 9
2 35 26 24 20
2 24 21 35 26
2 30 41 24 21
2 24 22 30 41
2 30 2 24 22
2 24 23 30 2
2 48 29 24 23
2 24 24 48 29
2 35 42 24 24
2 24 25 35 42
2 25 29 24 25
2 24 26 25 29
2 24 46 24 26
2 24 27 24 46
2 32 35 24 27
2 24 28 32 35
2 28 36 24 28
2 24 29 28 36
2 24 40 24 29
2 24 30 24 40
2 32 28 24 30
2 24 31 32 28
2 32 15 24 31
2 24 32 32 15
2 35 26 24 32
2 24 33 35 26
2 32 26 24 33
2 24 34 32 26
2 33 40 24 34
2 24 35 33 40
2 31 20 24 35
2 24 36 31 20
2 29 15 24 36
2 24 37 29 15
2 26 4 24 37
2 24 38 26 4
2 37 33 24 38
2 24 39 37 33
2 31 46 24 39
2 24 40 31 46
2 26 26 24 40
2 24 41 26 26
2 26 25 24 41
2 24 42 26 25
2 25 12 24 42
2 24 43 25 12
2 34 7 24 43
2 24 44 34 7
2 42 17 24 44
2 24 45 42 17
2 26 29 24 45
2 24 46 26 29
2 28 8 24 46
2 24 47 28 8
2 25 27 24 47
2 24 48 25 27
2 31 12 24 48
2 24 49 31 12
2 39 11 24 49
2 24 50 39 11
2 36 46 24 50
2 25 1 36 46
2 29 14 25 1
2 25 2 29 14
2 26 35 25 2
2 25 3 26 35
2 39 5 25 3
2 25 4 39 5
2 29 30 25 4
2 25 5 29 30
2 25 21 25 5
2 25 6 25 21
2 26 10 25 6
2 25 7 26 10
2 29 5 25 7
2 25 8 29 5
2 25 19 25 8
2 25 9 25 19
2 29 4 25 9
2 25 10 29 4
2 30 49 25 10
2 25 11 30 49
2 43 35 25 11
2 25 12 43 35
2 35 43 25 12
2 25 13 35 43
2 29 48 25 13
2 25 14 29 48
2 25 40 25 14
2 25 15 25 40
2 26 40 25 15
2 25 16 26 40
2 38 27 25 16
2 25 17 38 27
2 31 38 25 17
2 25 18 31 38
2 36 24 25 18
2 25 19 36 24
2 37 34 25 19
2 25 20 37 34
2 26 44 25 20
2 25 21 26 44
2 25 29 25 21
2 25 22 25 29
2 34 30 25 22
2 25 23 34 30
2 31 21 25 23
2 25 24 31 21
2 26 10 25 24
2 25 25 26 10
2 26 25 25 25
2 25 26 26 25
2 33 22 25 26
2 25 27 33 22
2 33 26 25 27
2 25 28 33 26
2 26 25 25 28
2 25 29 26 25
2 31 45 25 29
2 25 30 31 45
2 42 14 25 30
2 25 31 42 14
2 26 28 25 31
2 25 32 26 28
2 32 41 25 32
2 25 33 32 41
2 26 37 25 33
2 25 34 26 37
2 27 9 25 34
2 25 35 27 9
2 26 6 25 35
2 25 36 26 6
2 40 3 25 36
2 25 37 40 3
2 32 3 25 37
2 25 38 32 3
2 31 39 25 38
2 25 39 31 39
2 28 14 25 39
2 25 40 28 14
2 26 40 25 40
2 25 41 26 40
2 28 50 25 41
2 25 42 28 50
2 26 6 25 42
2 25 43 26 6
2 37 41 25 43
2 25 44 37 41
2 26 5 25 44
2 25 45 26 5
2 29 3 25 45
2 25 46 29 3
2 44 35 25 46
2 25 47 44 35
2 32 40 25 47
2 25 48 32 40
2 26 6 25 48
2 25 49 26 6
2 25 50 25 49
2 25 50 25 50
2 47 9 25 50
2 26 1 47 9
2 35 15 26 1
2 26 2 35 15
2 40 43 26 2
2 26 3 40 43
2 27 20 26 3
2 26 4 27 20
2 26 21 26 4
2 26 5 26 21
2 29 6 26 5
2 26 6 29 6
2 33 17 26 6
2 26 7 33 17
2 30 36 26 7
2 26 8 30 36
2 27 37 26 8
2 26 9 27 37
2 46 7 26 9
2 26 10 46 7
2 27 36 26 10
2 26 11 27 36
2 28 24 26 11
2 26 12 28 24
2 27 39 26 12
2 26 13 27 39
2 29 14 26 13
2 26 14 29 14
2 29 23 26 14
2 26 15 29 23
2 32 33 26 15
2 26 16 32 33
2 27 29 26 16
2 26 17 27 29
2 36 45 26 17
2 26 18 36 45
2 28 19 26 18
2 26 19 28 19
2 37 36 26 19
2 26 20 37 36
2 33 47 26 20
2 26 21 33 47
2 46 25 26 21
2 26 22 46 25
2 33 23 26 22
2 26 23 33 23
2 50 12 26 23
2 26 24 50 12
2 32 4 26 24
2 26 25 32 4
2 35 13 26 25
2 26 26 35 13
2 30 25 26 26
2 26 27 30 25
2 40 47 26 27
2 26 28 40 47
2 41 27 26 28
2 26 29 41 27
2 47 4 26 29
2 26 30 47 4
2 32 7 26 30
2 26 31 32 7
2 29 34 26 31
2 26 32 29 34
2 29 48 26 32
2 26 33 29 48
2 43 4 26 33
2 26 34 43 4
2 32 21 26 34
2 26 35 32 21
2 44 44 26 35
2 26 36 44 44
2 27 42 26 36
2 26 37 27 42
2 32 8 26 37
2 26 38 32 8
2 27 3 26 38
2 26 39 27 3
2 29 18 26 39
2 26 40 29 18
2 28 16 26 40
2 26 41 28 16
2 30 7 26 41
2 26 42 30 7
2 29 3 26 42
2 26 43 29 3
2 31 11 26 43
2 26 44 31 11
2 29 8 26 44
2 26 45 29 8
2 28 9 26 45
2 26 46 28 9
2 30 37 26 46
2 26 47 30 37
2 30 23 26 47
2 26 48 30 23
2 27 45 26 48
2 26 49 27 45
2 39 7 26 49
2 26 50 39 7
2 31 26 26 50
2 27 1 31 26
2 32 12 27 1
2 27 2 32 12
2 34 28 27 2
2 27 3 34 28
2 28 46 27 3
2 27 4 28 46
2 47 17 27 4
2 27 5 47 17
2 33 3 27 5
2 27 6 33 3
2 36 23 27 6
2 27 7 36 23
2 38 3 27 7
2 27 8 38 3
2 27 17 27 8
2 27 9 27 17
2 42 14 27 9
2 27 10 42 14
2 36 35 27 10
2 27 11 36 35
2 29 10 27 11
2 27 12 29 10
2 30 16 27 12
2 27 13 30 16
2 36 32 27 13
2 27 14 36 32
2 39 32 27 14
2 27 15 39 32
2 30 15 27 15
2 27 16 30 15
2 36 50 27 16
2 27 17 36 50
2 27 33 27 17
2 27 18 27 33
2 32 31 27 18
2 27 19 32 31
2 42 9 27 19
2 27 20 42 9
2 40 28 27 20
2 27 21 40 28
2 41 50 27 21
2 27 22 41 50
2 41 16 27 22
2 27 23 41 16
2 30 28 27 23
2 27 24 30 28
2 30 49 27 24
2 27 25 30 49
2 32 12 27 25
2 27 26 32 12
2 42 42 27 26
2 27 27 42 42
2 29 2 27 27
2 27 28 29 2
2 33 12 27 28
2 27 29 33 12
2 43 46 27 29
2 27 30 43 46
2 28 24 27 30
2 27 31 28 24
2 31 10 27 31
2 27 32 31 10
2 41 15 27 32
2 27 33 41 15
2 30 8 27 33
2 27 34 30 8
2 35 34 27 34
2 27 35 35 34
2 38 45 27 35
2 27 36 38 45
2 36 44 27 36
2 27 37 36 44
2 31 29 27 37
2 27 38 31 29
2 28 1 27 38
2 27 39 28 1
2 28 48 27 39
2 27 40 28 48
2 30 36 27 40
2 27 41 30 36
2 37 12 27 41
2 27 42 37 12
2 29 7 27 42
2 27 43 29 7
2 34 21 27 43
2 27 44 34 21
2 32 39 27 44
2 27 45 32 39
2 28 49 27 45
2 27 46 28 49
2 38 4 27 46
2 27 47 38 4
2 34 50 27 47
2 27 48 34 50
2 31 34 27 48
2 27 49 31 34
2 43 48 27 49
2 27 50 43 48
2 49 17 27 50
2 28 1 49 17
2 45 33 28 1
2 28 2 45 33
2 29 4 28 2
2 28 3 29 4
2 33 41 28 3
2 28 4 33 41
2 34 42 28 4
2 28 5 34 42
2 28 23 28 5
2 28 6 28 23
2 28 33 28 6
2 28 7 28 33
2 44 7 28 7
2 28 8 44 7
2 28 50 28 8
2 28 9 28 50
2 28 44 28 9
2 28 10 28 44
2 33 5 28 10
2 28 11 33 5
2 30 4 28 11
2 28 12 30 4
2 33 30 28 12
2 28 13 33 30
2 34 18 28 13
2 28 14 34 18
2 45 1 28 14
2 28 15 45 1
2 33 24 28 15
2 28 16 33 24
2 43 50 28 16
2 28 17 43 50
2 32 46 28 17
2 28 18 32 46
2 45 1 28 18
2 28 19 45 1
2 50 43 28 19
2 28 20 50 43
2 33 41 28 20
2 28 21 33 41
2 34 17 28 21
2 28 22 34 17
2 30 9 28 22
2 28 23 30 9
2 29 21 28 23
2 28 24 29 21
2 42 14 28 24
2 28 25 42 14
2 35 3 28 25
2 28 26 35 3
2 44 3 28 26
2 28 27 44 3
2 33 15 28 27
2 28 28 33 15
2 35 13 28 28
2 28 29 35 13
2 29 42 28 29
2 28 30 29 42
2 29 30 28 30
2 28 31 29 30
2 34 4 28 31
2 28 32 34 4
2 35 34 28 32
2 28 33 35 34
2 40 8 28 33
2 28 34 40 8
2 29 12 28 34
2 28 35 29 12
2 36 40 28 35
2 28 36 36 40
2 35 6 28 36
2 28 37 35 6
2 30 21 28 37
2 28 38 30 21
2 30 22 28 38
2 28 39 30 22
2 35 24 28 39
2 28 40 35 24
2 31 11 28 40
2 28 41 31 11
2 43 10 28 41
2 28 42 43 10
2 30 50 28 42
2 28 43 30 50
2 41 42 28 43
2 28 44 41 42
2 30 14 28 44
2 28 45 30 14
2 37 30 28 45
2 28 46 37 30
2 49 34 28 46
2 28 47 49 34
2 45 23 28 47
2 28 48 45 23
2 29 31 28 48
2 28 49 29 31
2 32 10 28 49
2 28 50 32 10
2 30 25 28 50
2 29 1 30 25
2 29 16 29 1
2 29 2 29 16
2 33 23 29 2
2 29 3 33 23
2 36 21 29 3
2 29 4 36 21
2 33 11 29 4
2 29 5 33 11
2 36 34 29 5
2 29 6 36 34
2 33 21 29 6
2 29 7 33 21
2 34 44 29 7
2 29 8 34 44
2 31 22 29 8
2 29 9 31 22
2 34 34 29 9
2 29 10 34 34
2 35 5 29 10
2 29 11 35 5
2 39 12 29 11
2 29 12 39 12
2 38 44 29 12
2 29 13 38 44
2 46 48 29 13
2 29 14 46 48
2 35 11 29 14
2 29 15 35 11
2 38 25 29 15
2 29 16 38 25
2 30 5 29 16
2 29 17 30 5
2 34 23 29 17
2 29 18 34 23
2 38 5 29 18
2 29 19 38 5
2 33 5 29 19
2 29 20 33 5
2 44 7 29 20
2 29 21 44 7
2 46 12 29 21
2 29 22 46 12
2 30 2 29 22
2 29 23 30 2
2 50 35 29 23
2 29 24 50 35
2 44 45 29 24
2 29 25 44 45
2 30 31 29 25
2 29 26 30 31
2 35 40 29 26
2 29 27 35 40
2 37 5 29 27
2 29 28 37 5
2 39 28 29 28
2 29 29 39 28
2 42 21 29 29
2 29 30 42 21
2 37 9 29 30
2 29 31 37 9
2 34 1 29 31
2 29 33 34 1
2 38 13 29 33
2 29 34 38 13
2 38 45 29 34
2 29 35 38 45
2 31 22 29 35
2 29 36 31 22
2 41 2 29 36
2 29 37 41 2
2 30 26 29 37
2 29 38 30 26
2 37 38 29 38
2 29 39 37 38
2 39 1 29 39
2 29 40 39 1
2 31 11 29 40
2 29 41 31 11
2 46 8 29 41
2 29 42 46 8
2 30 1 29 42
2 29 43 30 1
2 30 27 29 43
2 29 44 30 27
2 32 12 29 44
2 29 45 32 12
2 47 35 29 45
2 29 46 47 35
2 31 48 29 46
2 29 47 31 48
2 41 38 29 47
2 29 48 41 38
2 36 26 29 48
2 29 49 36 26
2 38 28 29 49
2 29 50 38 28
2 36 18 29 50
2 30 1 36 18
2 36 14 30 1
2 30 2 36 14
2 40 20 30 2
2 30 3 40 20
2 37 29 30 3
2 30 4 37 29
2 40 13 30 4
2 30 5 40 13
2 45 12 30 5
2 30 6 45 12
2 31 21 30 6
2 30 7 31 21
2 40 10 30 7
2 30 8 40 10
2 42 14 30 8
2 30 9 42 14
2 31 3 30 9
2 30 10 31 3
2 33 46 30 10
2 30 11 33 46
2 33 20 30 11
2 30 12 33 20
2 35 18 30 12
2 30 13 35 18
2 43 43 30 13
2 30 14 43 43
2 31 29 30 14
2 30 15 31 29
2 37 35 30 15
2 30 16 37 35
2 39 8 30 16
2 30 17 39 8
2 34 13 30 17
2 30 18 34 13
2 34 4 30 18
2 30 19 34 4
2 37 7 30 19
2 30 20 37 7
2 34 10 30 20
2 30 21 34 10
2 34 9 30 21
2 30 22 34 9
2 42 50 30 22
2 30 23 42 50
2 31 8 30 23
2 30 24 31 8
2 50 18 30 24
2 30 25 50 18
2 32 22 30 25
2 30 26 32 22
2 42 3 30 26
2 30 27 42 3
2 35 30 30 27
2 30 28 35 30
2 40 1 30 28
2 30 29 40 1
2 36 10 30 29
2 30 30 36 10
2 34 18 30 30
2 30 31 34 18
2 30 42 30 31
2 30 32 30 42
2 31 49 30 32
2 30 33 31 49
2 38 19 30 33
2 30 34 38 19
2 30 48 30 34
2 30 35 30 48
2 34 8 30 35
2 30 36 34 8
2 38 20 30 36
2 30 37 38 20
2 49 9 30 37
2 30 38 49 9
2 38 18 30 38
2 30 39 38 18
2 34 3 30 39
2 30 40 34 3
2 30 41 30 40
2 30 41 30 41
2 31 37 30 41
2 30 42 31 37
2 32 44 30 42
2 30 43 32 44
2 38 36 30 43
2 30 44 38 36
2 44 23 30 44
2 30 45 44 23
2 40 22 30 45
2 30 46 40 22
2 37 32 30 46
2 30 47 37 32
2 49 14 30 47
2 30 48 49 14
2 34 7 30 48
2 30 49 34 7
2 31 30 30 49
2 30 50 31 30
2 36 19 30 50
2 31 1 36 19
2 31 30 31 1
2 31 2 31 30
2 34 1 31 2
2 31 3 34 1
2 31 46 31 3
2 31 4 31 46
2 31 27 31 4
2 31 5 31 27
2 35 12 31 5
2 31 6 35 12
2 48 8 31 6
2 31 7 48 8
2 32 7 31 7
2 31 8 32 7
2 47 25 31 8
2 31 9 47 25
2 40 32 31 9
2 31 10 40 32
2 47 26 31 10
2 31 11 47 26
2 35 15 31 11
2 31 12 35 15
2 40 30 31 12
2 31 13 40 30
2 36 24 31 13
2 31 14 36 24
2 38 2 31 14
2 31 15 38 2
2 41 2 31 15
2 31 16 41 2
2 37 21 31 16
2 31 17 37 21
2 39 37 31 17
2 31 18 39 37
2 32 22 31 18
2 31 19 32 22
2 37 37 31 19
2 31 20 37 37
2 33 5 31 20
2 31 21 33 5
2 36 29 31 21
2 31 22 36 29
2 32 39 31 22
2 31 23 32 39
2 42 44 31 23
2 31 24 42 44
2 34 12 31 24
2 31 25 34 12
2 33 36 31 25
2 31 26 33 36
2 38 21 31 26
2 31 27 38 21
2 38 46 31 27
2 31 28 38 46
2 31 46 31 28
2 31 29 31 46
2 32 26 31 29
2 31 30 32 26
2 35 19 31 30
2 31 31 35 19
2 33 43 31 31
2 31 32 33 43
2 36 34 31 32
2 31 33 36 34
2 45 29 31 33
2 31 34 45 29
2 33 16 31 34
2 31 35 33 16
2 38 48 31 35
2 31 36 38 48
2 32 19 31 36
2 31 37 32 19
2 42 42 31 37
2 31 38 42 42
2 32 17 31 38
2 31 39 32 17
2 33 17 31 39
2 31 40 33 17
2 38 37 31 40
2 31 41 38 37
2 38 3 31 41
2 31 42 38 3
2 32 28 31 42
2 31 43 32 28
2 35 7 31 43
2 31 44 35 7
2 32 12 31 44
2 31 45 32 12
2 42 2 31 45
2 31 46 42 2
2 34 45 31 46
2 31 47 34 45
2 36 28 31 47
2 31 48 36 28
2 32 32 31 48
2 31 49 32 32
2 38 1 31 49
2 31 50 38 1
2 32 27 31 50
2 32 1 32 27
2 34 36 32 1
2 32 2 34 36
2 32 39 32 2
2 32 3 32 39
2 40 33 32 3
2 32 4 40 33
2 46 25 32 4
2 32 5 46 25
2 38 41 32 5
2 32 6 38 41
2 33 42 32 6
2 32 7 33 42
2 32 43 32 7
2 32 8 32 43
2 45 42 32 8
2 32 9 45 42
2 32 36 32 9
2 32 10 32 36
2 32 21 32 10
2 32 11 32 21
2 34 8 32 11
2 32 12 34 8
2 35 25 32 12
2 32 13 35 25
2 32 36 32 13
2 32 14 32 36
2 32 20 32 14
2 32 15 32 20
2 32 44 32 15
2 32 16 32 44
2 32 47 32 16
2 32 17 32 47
2 45 50 32 17
2 32 18 45 50
2 43 50 32 18
2 32 19 43 50
2 33 19 32 19
2 32 20 33 19
2 42 50 32 20
2 32 21 42 50
2 38 30 32 21
2 32 22 38 30
2 40 50 32 22
2 32 23 40 50
2 39 25 32 23
2 32 24 39 25
2 37 29 32 24
2 32 25 37 29
2 37 39 32 25
2 32 26 37 39
2 43 33 32 26
2 32 27 43 33
2 45 47 32 27
2 32 28 45 47
2 41 32 32 28
2 32 29 41 32
2 34 3 32 29
2 32 30 34 3
2 41 46 32 30
2 32 31 41 46
2 46 33 32 31
2 32 32 46 33
2 39 8 32 32
2 32 33 39 8
2 35 15 32 33
2 32 34 35 15
2 39 38 32 34
2 32 35 39 38
2 37 8 32 35
2 32 36 37 8
2 38 48 32 36
2 32 37 38 48
2 32 45 32 37
2 32 38 32 45
2 33 6 32 38
2 32 39 33 6
2 34 16 32 39
2 32 40 34 16
2 41 3 32 40
2 32 41 41 3
2 34 44 32 41
2 32 42 34 44
2 33 17 32 42
2 32 43 33 17
2 46 29 32 43
2 32 44 46 29
2 33 15 32 44
2 32 45 33 15
2 34 2 32 45
2 32 46 34 2
2 35 33 32 46
2 32 47 35 33
2 36 41 32 47
2 32 48 36 41
2 39 16 32 48
2 32 49 39 16
2 39 22 32 49
2 32 50 39 22
2 33 13 32 50
2 33 1 33 13
2 40 42 33 1
2 33 2 40 42
2 33 12 33 2
2 33 3 33 12
2 34 21 33 3
2 33 4 34 21
2 38 50 33 4
2 33 5 38 50
2 34 19 33 5
2 33 6 34 19
2 40 23 33 6
2 33 7 40 23
2 34 42 33 7
2 33 8 34 42
2 36 12 33 8
2 33 9 36 12
2 41 35 33 9
2 33 10 41 35
2 34 2 33 10
2 33 11 34 2
2 33 49 33 11
2 33 12 33 49
2 50 7 33 12
2 33 13 50 7
2 33 32 33 13
2 33 14 33 32
2 34 27 33 14
2 33 15 34 27
2 41 10 33 15
2 33 16 41 10
2 37 29 33 16
2 33 17 37 29
2 43 49 33 17
2 33 18 43 49
2 35 16 33 18
2 33 19 35 16
2 42 16 33 19
2 33 20 42 16
2 35 49 33 20
2 33 21 35 49
2 36 5 33 21
2 33 22 36 5
2 33 28 33 22
2 33 23 33 28
2 34 20 33 23
2 33 24 34 20
2 46 41 33 24
2 33 25 46 41
2 39 39 33 25
2 33 26 39 39
2 33 36 33 26
2 33 27 33 36
2 35 20 33 27
2 33 28 35 20
2 40 26 33 28
2 33 29 40 26
2 36 25 33 29
2 33 30 36 25
2 48 14 33 30
2 33 31 48 14
2 38 46 33 31
2 33 32 38 46
2 34 20 33 32
2 33 33 34 20
2 39 43 33 33
2 33 34 39 43
2 44 13 33 34
2 33 35 44 13
2 47 9 33 35
2 33 36 47 9
2 33 44 33 36
2 33 37 33 44
2 39 2 33 37
2 33 38 39 2
2 44 21 33 38
2 33 39 44 21
2 50 46 33 39
2 33 40 50 46
2 35 19 33 40
2 33 41 35 19
2 41 50 33 41
2 33 42 41 50
2 35 33 33 42
2 33 43 35 33
2 44 11 33 43
2 33 44 44 11
2 34 31 33 44
2 33 45 34 31
2 35 49 33 45
2 33 46 35 49
2 36 19 33 46
2 33 47 36 19
2 34 27 33 47
2 33 48 34 27
2 41 27 33 48
2 33 49 41 27
2 42 23 33 49
2 33 50 42 23
2 37 50 33 50
2 34 1 37 50
2 50 15 34 1
2 34 2 50 15
2 48 15 34 2
2 34 3 48 15
2 39 21 34 3
2 34 4 39 21
2 34 46 34 4
2 34 5 34 46
2 46 3 34 5
2 34 6 46 3
2 38 25 34 6
2 34 7 38 25
2 38 7 34 7
2 34 8 38 7
2 45 40 34 8
2 34 9 45 40
2 48 20 34 9
2 34 10 48 20
2 34 12 34 10
2 34 11 34 12
2 37 37 34 11
2 34 12 37 37
2 40 27 34 12
2 34 13 40 27
2 36 31 34 13
2 34 14 36 31
2 35 47 34 14
2 34 15 35 47
2 34 38 34 15
2 34 16 34 38
2 39 50 34 16
2 34 17 39 50
2 34 40 34 17
2 34 18 34 40
2 39 17 34 18
2 34 19 39 17
2 34 32 34 19
2 34 20 34 32
2 34 34 34 20
2 34 21 34 34
2 38 13 34 21
2 34 22 38 13
2 35 48 34 22
2 34 23 35 48
2 34 26 34 23
2 34 24 34 26
2 34 37 34 24
2 34 25 34 37
2 38 33 34 25
2 34 26 38 33
2 37 48 34 26
2 34 27 37 48
2 46 24 34 27
2 34 28 46 24
2 37 13 34 28
2 34 29 37 13
2 35 24 34 29
2 34 30 35 24
2 37 4 34 30
2 34 31 37 4
2 35 49 34 31
2 34 32 35 49
2 41 46 34 32
2 34 33 41 46
2 38 37 34 33
2 34 34 38 37
2 42 12 34 34
2 34 35 42 12
2 34 36 34 35
2 34 36 34 36
2 45 14 34 36
2 34 37 45 14
2 35 6 34 37
2 34 38 35 6
2 39 5 34 38
2 34 39 39 5
2 44 14 34 39
2 34 40 44 14
2 46 2 34 40
2 34 41 46 2
2 35 5 34 41
2 34 42 35 5
2 36 14 34 42
2 34 43 36 14
2 35 1 34 43
2 34 44 35 1
2 35 27 34 44
2 34 45 35 27
2 40 38 34 45
2 34 46 40 38
2 37 33 34 46
2 34 47 37 33
2 38 16 34 47
2 34 48 38 16
2 40 19 34 48
2 34 49 40 19
2 43 7 34 49
2 34 50 43 7
2 35 48 34 50
2 35 1 35 48
2 44 41 35 1
2 35 2 44 41
2 35 42 35 2
2 35 3 35 42
2 36 28 35 3
2 35 4 36 28
2 43 38 35 4
2 35 5 43 38
2 36 42 35 5
2 35 6 36 42
2 35 9 35 6
2 35 7 35 9
2 36 5 35 7
2 35 8 36 5
2 43 46 35 8
2 35 9 43 46
2 49 34 35 9
2 35 10 49 34
2 37 27 35 10
2 35 11 37 27
2 35 20 35 11
2 35 12 35 20
2 38 43 35 12
2 35 13 38 43
2 37 39 35 13
2 35 14 37 39
2 47 42 35 14
2 35 15 47 42
2 39 8 35 15
2 35 16 39 8
2 35 27 35 16
2 35 17 35 27
2 41 7 35 17
2 35 18 41 7
2 41 19 35 18
2 35 19 41 19
2 40 41 35 19
2 35 20 40 41
2 43 35 35 20
2 35 21 43 35
2 44 43 35 21
2 35 22 44 43
2 45 24 35 22
2 35 23 45 24
2 37 1 35 23
2 35 24 37 1
2 36 1 35 24
2 35 25 36 1
2 35 34 35 25
2 35 26 35 34
2 43 13 35 26
2 35 27 43 13
2 36 27 35 27
2 35 28 36 27
2 43 49 35 28
2 35 29 43 49
2 36 11 35 29
2 35 30 36 11
2 36 36 35 30
2 35 31 36 36
2 42 17 35 31
2 35 32 42 17
2 41 14 35 32
2 35 33 41 14
2 37 21 35 33
2 35 34 37 21
2 36 41 35 34
2 35 35 36 41
2 37 18 35 35
2 35 36 37 18
2 48 26 35 36
2 35 37 48 26
2 38 7 35 37
2 35 38 38 7
2 38 33 35 38
2 35 39 38 33
2 37 42 35 39
2 35 40 37 42
2 42 38 35 40
2 35 41 42 38
2 36 13 35 41
2 35 42 36 13
2 36 50 35 42
2 35 43 36 50
2 37 29 35 43
2 35 44 37 29
2 37 3 35 44
2 35 45 37 3
2 39 4 35 45
2 35 46 39 4
2 38 29 35 46
2 35 47 38 29
2 43 17 35 47
2 35 48 43 17
2 39 50 35 48
2 35 49 39 50
2 40 47 35 49
2 35 50 40 47
2 38 40 35 50
2 36 1 38 40
2 41 35 36 1
2 36 2 41 35
2 36 28 36 2
2 36 3 36 28
2 40 20 36 3
2 36 4 40 20
2 37 4 36 4
2 36 5 37 4
2 38 20 36 5
2 36 6 38 20
2 38 12 36 6
2 36 7 38 12
2 41 1 36 7
2 36 8 41 1
2 48 6 36 8
2 36 9 48 6
2 43 48 36 9
2 36 10 43 48
2 39 21 36 10
2 36 11 39 21
2 38 12 36 11
2 36 12 38 12
2 36 17 36 12
2 36 13 36 17
2 36 31 36 13
2 36 14 36 31
2 36 28 36 14
2 36 15 36 28
2 47 13 36 15
2 36 16 47 13
2 38 46 36 16
2 36 17 38 46
2 36 39 36 17
2 36 18 36 39
2 43 8 36 18
2 36 19 43 8
2 47 17 36 19
2 36 20 47 17
2 37 22 36 20
2 36 21 37 22
2 36 46 36 21
2 36 22 36 46
2 39 15 36 22
2 36 23 39 15
2 38 2 36 23
2 36 24 38 2
2 39 23 36 24
2 36 25 39 23
2 36 44 36 25
2 36 26 36 44
2 46 9 36 26
2 36 27 46 9
2 45 24 36 27
2 36 28 45 24
2 39 3 36 28
2 36 29 39 3
2 41 17 36 29
2 36 30 41 17
2 45 9 36 30
2 36 31 45 9
2 40 10 36 31
2 36 32 40 10
2 40 14 36 32
2 36 33 40 14
2 40 38 36 33
2 36 34 40 38
2 40 11 36 34
2 36 35 40 11
2 44 12 36 35
2 36 36 44 12
2 39 10 36 36
2 36 37 39 10
2 43 9 36 37
2 36 38 43 9
2 37 2 36 38
2 36 39 37 2
2 36 48 36 39
2 36 40 36 48
2 42 2 36 40
2 36 41 42 2
2 36 50 36 41
2 36 42 36 50
2 47 16 36 42
2 36 43 47 16
2 41 14 36 43
2 36 44 41 14
2 46 22 36 44
2 36 45 46 22
2 48 20 36 45
2 36 46 48 20
2 40 43 36 46
2 36 47 40 43
2 43 28 36 47
2 36 48 43 28
2 46 24 36 48
2 36 49 46 24
2 37 42 36 49
2 36 50 37 42
2 50 4 36 50
2 37 1 50 4
2 38 2 37 1
2 37 2 38 2
2 37 28 37 2
2 37 3 37 28
2 37 31 37 3
2 37 4 37 31
2 42 2 37 4
2 37 5 42 2
2 37 23 37 5
2 37 6 37 23
2 39 20 37 6
2 37 7 39 20
2 39 44 37 7
2 37 8 39 44
2 38 36 37 8
2 37 9 38 36
2 38 22 37 9
2 37 10 38 22
2 38 41 37 10
2 37 11 38 41
2 38 30 37 11
2 37 12 38 30
2 50 47 37 12
2 37 13 50 47
2 42 16 37 13
2 37 14 42 16
2 48 47 37 14
2 37 15 48 47
2 39 18 37 15
2 37 16 39 18
2 47 8 37 16
2 37 17 47 8
2 48 34 37 17
2 37 18 48 34
2 42 6 37 18
2 37 19 42 6
2 38 27 37 19
2 37 20 38 27
2 43 32 37 20
2 37 21 43 32
2 45 29 37 21
2 37 22 45 29
2 41 45 37 22
2 37 23 41 45
2 37 24 37 23
2 37 24 37 24
2 44 4 37 24
2 37 25 44 4
2 46 46 37 25
2 37 26 46 46
2 40 40 37 26
2 37 27 40 40
2 40 18 37 27
2 37 28 40 18
2 38 10 37 28
2 37 29 38 10
2 40 28 37 29
2 37 30 40 28
2 39 8 37 30
2 37 31 39 8
2 37 49 37 31
2 37 32 37 49
2 39 30 37 32
2 37 33 39 30
2 42 8 37 33
2 37 34 42 8
2 41 31 37 34
2 37 35 41 31
2 45 32 37 35
2 37 36 45 32
2 43 24 37 36
2 37 37 43 24
2 45 50 37 37
2 37 38 45 50
2 43 15 37 38
2 37 39 43 15
2 40 32 37 39
2 37 40 40 32
2 38 17 37 40
2 37 41 38 17
2 38 40 37 41
2 37 42 38 40
2 38 49 37 42
2 37 43 38 49
2 38 9 37 43
2 37 45 38 9
2 41 8 37 45
2 37 46 41 8
2 44 8 37 46
2 37 47 44 8
2 40 22 37 47
2 37 48 40 22
2 46 49 37 48
2 37 49 46 49
2 38 30 37 49
2 37 50 38 30
2 38 19 37 50
2 38 1 38 19
2 49 4 38 1
2 38 2 49 4
2 41 30 38 2
2 38 3 41 30
2 42 2 38 3
2 38 4 42 2
2 38 42 38 4
2 38 5 38 42
2 41 17 38 5
2 38 6 41 17
2 40 21 38 6
2 38 7 40 21
2 48 43 38 7
2 38 8 48 43
2 40 24 38 8
2 38 9 40 24
2 46 7 38 9
2 38 10 46 7
2 45 2 38 10
2 38 11 45 2
2 38 30 38 11
2 38 12 38 30
2 40 17 38 12
2 38 13 40 17
2 49 44 38 13
2 38 14 49 44
2 39 33 38 14
2 38 15 39 33
2 46 6 38 15
2 38 16 46 6
2 43 31 38 16
2 38 17 43 31
2 42 24 38 17
2 38 18 42 24
2 45 30 38 18
2 38 19 45 30
2 39 42 38 19
2 38 20 39 42
2 38 32 38 20
2 38 21 38 32
2 40 16 38 21
2 38 22 40 16
2 44 37 38 22
2 38 23 44 37
2 46 32 38 23
2 38 24 46 32
2 38 35 38 24
2 38 25 38 35
2 44 23 38 25
2 38 26 44 23
2 40 30 38 26
2 38 27 40 30
2 39 6 38 27
2 38 28 39 6
2 40 35 38 28
2 38 29 40 35
2 48 50 38 29
2 38 30 48 50
2 39 22 38 30
2 38 31 39 22
2 46 43 38 31
2 38 32 46 43
2 38 42 38 32
2 38 33 38 42
2 44 15 38 33
2 38 35 44 15
2 48 27 38 35
2 38 36 48 27
2 41 16 38 36
2 38 37 41 16
2 40 32 38 37
2 38 38 40 32
2 42 19 38 38
2 38 39 42 19
2 40 7 38 39
2 38 40 40 7
2 42 6 38 40
2 38 41 42 6
2 44 37 38 41
2 38 42 44 37
2 38 49 38 42
2 38 43 38 49
2 44 33 38 43
2 38 44 44 33
2 41 2 38 44
2 38 45 41 2
2 41 1 38 45
2 38 46 41 1
2 43 20 38 46
2 38 47 43 20
2 49 1 38 47
2 38 48 49 1
2 44 32 38 48
2 38 49 44 32
2 41 17 38 49
2 38 50 41 17
2 43 10 38 50
2 39 1 43 10
2 41 27 39 1
2 39 2 41 27
2 40 5 39 2
2 39 3 40 5
2 40 20 39 3
2 39 4 40 20
2 49 1 39 4
2 39 5 49 1
2 48 27 39 5
2 39 6 48 27
2 39 43 39 6
2 39 7 39 43
2 42 33 39 7
2 39 8 42 33
2 43 5 39 8
2 39 9 43 5
2 40 6 39 9
2 39 10 40 6
2 42 34 39 10
2 39 11 42 34
2 41 10 39 11
2 39 12 41 10
2 40 23 39 12
2 39 13 40 23
2 43 38 39 13
2 39 14 43 38
2 39 35 39 14
2 39 15 39 35
2 42 19 39 15
2 39 16 42 19
2 41 2 39 16
2 39 17 41 2
2 40 21 39 17
2 39 18 40 21
2 43 46 39 18
2 39 19 43 46
2 40 10 39 19
2 39 20 40 10
2 41 24 39 20
2 39 21 41 24
2 40 7 39 21
2 39 22 40 7
2 41 16 39 22
2 39 23 41 16
2 41 1 39 23
2 39 24 41 1
2 44 42 39 24
2 39 25 44 42
2 45 33 39 25
2 39 26 45 33
2 43 3 39 26
2 39 27 43 3
2 48 30 39 27
2 39 28 48 30
2 45 2 39 28
2 39 29 45 2
2 41 46 39 29
2 39 30 41 46
2 41 14 39 30
2 39 31 41 14
2 50 41 39 31
2 39 32 50 41
2 41 34 39 32
2 39 33 41 34
2 50 16 39 33
2 39 34 50 16
2 43 50 39 34
2 39 35 43 50
2 42 13 39 35
2 39 36 42 13
2 40 5 39 36
2 39 37 40 5
2 48 42 39 37
2 39 38 48 42
2 39 47 39 38
2 39 39 39 47
2 46 30 39 39
2 39 40 46 30
2 43 20 39 40
2 39 41 43 20
2 46 4 39 41
2 39 42 46 4
2 41 49 39 42
2 39 43 41 49
2 40 2 39 43
2 39 44 40 2
2 41 39 39 44
2 39 45 41 39
2 42 9 39 45
2 39 46 42 9
2 42 35 39 46
2 39 47 42 35
2 40 22 39 47
2 39 48 40 22
2 43 22 39 48
2 39 49 43 22
2 40 17 39 49
2 39 50 40 17
2 40 16 39 50
2 40 1 40 16
2 44 39 40 1
2 40 2 44 39
2 40 12 40 2
2 40 3 40 12
2 43 29 40 3
2 40 4 43 29
2 45 8 40 4
2 40 5 45 8
2 41 8 40 5
2 40 6 41 8
2 40 9 40 6
2 40 7 40 9
2 41 22 40 7
2 40 8 41 22
2 40 37 40 8
2 40 9 40 37
2 42 14 40 9
2 40 10 42 14
2 42 19 40 10
2 40 11 42 19
2 41 16 40 11
2 40 12 41 16
2 42 15 40 12
2 40 13 42 15
2 44 24 40 13
2 40 14 44 24
2 44 38 40 14
2 40 15 44 38
2 50 22 40 15
2 40 16 50 22
2 47 24 40 16
2 40 17 47 24
2 41 29 40 17
2 40 18 41 29
2 48 35 40 18
2 40 19 48 35
2 46 10 40 19
2 40 20 46 10
2 46 5 40 20
2 40 21 46 5
2 49 12 40 21
2 40 22 49 12
2 42 14 40 22
2 40 23 42 14
2 41 8 40 23
2 40 24 41 8
2 41 44 40 24
2 40 25 41 44
2 43 25 40 25
2 40 26 43 25
2 45 24 40 26
2 40 27 45 24
2 40 46 40 27
2 40 28 40 46
2 45 19 40 28
2 40 29 45 19
2 48 33 40 29
2 40 30 48 33
2 40 48 40 30
2 40 31 40 48
2 49 25 40 31
2 40 32 49 25
2 42 43 40 32
2 40 33 42 43
2 41 5 40 33
2 40 34 41 5
2 44 17 40 34
2 40 35 44 17
2 44 17 40 35
2 40 36 44 17
2 43 26 40 36
2 40 37 43 26
2 49 28 40 37
2 40 38 49 28
2 41 12 40 38
2 40 39 41 12
2 47 6 40 39
2 40 40 47 6
2 47 20 40 40
2 40 41 47 20
2 47 12 40 41
2 40 42 47 12
2 43 30 40 42
2 40 43 43 30
2 42 48 40 43
2 40 44 42 48
2 43 16 40 44
2 40 45 43 16
2 48 39 40 45
2 40 46 48 39
2 47 16 40 46
2 40 47 47 16
2 42 12 40 47
2 40 48 42 12
2 41 14 40 48
2 40 49 41 14
2 41 1 40 49
2 40 50 41 1
2 46 31 40 50
2 41 1 46 31
2 41 19 41 1
2 41 2 41 19
2 41 30 41 2
2 41 3 41 30
2 41 8 41 3
2 41 4 41 8
2 42 31 41 4
2 41 5 42 31
2 44 47 41 5
2 41 6 44 47
2 41 27 41 6
2 41 7 41 27
2 44 6 41 7
2 41 8 44 6
2 41 9 41 8
2 41 9 41 9
2 41 47 41 9
2 41 10 41 47
2 43 37 41 10
2 41 11 43 37
2 50 45 41 11
2 41 12 50 45
2 44 16 41 12
2 41 13 44 16
2 50 36 41 13
2 41 14 50 36
2 44 6 41 14
2 41 15 44 6
2 43 10 41 15
2 41 16 43 10
2 42 25 41 16
2 41 17 42 25
2 43 43 41 17
2 41 18 43 43
2 45 14 41 18
2 41 19 45 14
2 43 39 41 19
2 41 20 43 39
2 44 46 41 20
2 41 21 44 46
2 47 13 41 21
2 41 22 47 13
2 46 17 41 22
2 41 23 46 17
2 43 47 41 23
2 41 24 43 47
2 47 9 41 24
2 41 25 47 9
2 44 8 41 25
2 41 26 44 8
2 48 45 41 26
2 41 27 48 45
2 41 35 41 27
2 41 28 41 35
2 43 22 41 28
2 41 29 43 22
2 48 15 41 29
2 41 30 48 15
2 42 49 41 30
2 41 31 42 49
2 46 11 41 31
2 41 32 46 11
2 44 1 41 32
2 41 33 44 1
2 42 12 41 33
2 41 34 42 12
2 42 40 41 34
2 41 35 42 40
2 42 43 41 35
2 41 36 42 43
2 42 10 41 36
2 41 37 42 10
2 42 40 41 37
2 41 38 42 40
2 43 44 41 38
2 41 39 43 44
2 44 21 41 39
2 41 40 44 21
2 47 6 41 40
2 41 41 47 6
2 49 7 41 41
2 41 42 49 7
2 46 12 41 42
2 41 43 46 12
2 42 6 41 43
2 41 44 42 6
2 50 17 41 44
2 41 45 50 17
2 47 25 41 45
2 41 46 47 25
2 42 21 41 46
2 41 47 42 21
2 47 30 41 47
2 41 48 47 30
2 49 13 41 48
2 41 49 49 13
2 42 16 41 49
2 41 50 42 16
2 43 28 41 50
2 42 1 43 28
2 49 18 42 1
2 42 2 49 18
2 48 8 42 2
2 42 3 48 8
2 43 15 42 3
2 42 4 43 15
2 47 27 42 4
2 42 5 47 27
2 42 14 42 5
2 42 6 42 14
2 46 47 42 6
2 42 7 46 47
2 46 27 42 7
2 42 8 46 27
2 43 1 42 8
2 42 9 43 1
2 47 29 42 9
2 42 10 47 29
2 45 44 42 10
2 42 11 45 44
2 42 38 42 11
2 42 12 42 38
2 45 13 42 12
2 42 13 45 13
2 42 14 42 13
2 42 14 42 14
2 47 16 42 14
2 42 15 47 16
2 42 46 42 15
2 42 16 42 46
2 44 18 42 16
2 42 17 44 18
2 43 4 42 17
2 42 18 43 4
2 43 6 42 18
2 42 19 43 6
2 46 49 42 19
2 42 20 46 49
2 45 4 42 20
2 42 21 45 4
2 50 12 42 21
2 42 22 50 12
2 47 43 42 22
2 42 23 47 43
2 48 41 42 23
2 42 24 48 41
2 47 19 42 24
2 42 25 47 19
2 42 48 42 25
2 42 26 42 48
2 47 9 42 26
2 42 27 47 9
2 46 44 42 27
2 42 28 46 44
2 47 49 42 28
2 42 29 47 49
2 48 23 42 29
2 42 30 48 23
2 44 40 42 30
2 42 31 44 40
2 46 49 42 31
2 42 32 46 49
2 49 18 42 32
2 42 33 49 18
2 48 49 42 33
2 42 34 48 49
2 43 23 42 34
2 42 35 43 23
2 45 14 42 35
2 42 36 45 14
2 44 14 42 36
2 42 37 44 14
2 44 23 42 37
2 42 38 44 23
2 44 38 42 38
2 42 39 44 38
2 43 36 42 39
2 42 40 43 36
2 48 22 42 40
2 42 41 48 22
2 42 48 42 41
2 42 42 42 48
2 46 8 42 42
2 42 43 46 8
2 45 11 42 43
2 42 44 45 11
2 42 47 42 44
2 42 45 42 47
2 44 3 42 45
2 42 46 44 3
2 42 49 42 46
2 42 47 42 49
2 47 5 42 47
2 42 48 47 5
2 45 19 42 48
2 42 49 45 19
2 45 39 42 49
2 42 50 45 39
2 50 33 42 50
2 43 1 50 33
2 48 24 43 1
2 43 2 48 24
2 47 26 43 2
2 43 3 47 26
2 44 44 43 3
2 43 4 44 44
2 46 1 43 4
2 43 5 46 1
2 47 25 43 5
2 43 6 47 25
2 45 45 43 6
2 43 7 45 45
2 45 43 43 7
2 43 8 45 43
2 44 22 43 8
2 43 9 44 22
2 45 33 43 9
2 43 10 45 33
2 43 42 43 10
2 43 11 43 42
2 45 43 43 11
2 43 12 45 43
2 44 50 43 12
2 43 13 44 50
2 45 1 43 13
2 43 14 45 1
2 43 15 43 14
2 43 15 43 15
2 43 45 43 15
2 43 16 43 45
2 46 33 43 16
2 43 17 46 33
2 44 23 43 17
2 43 18 44 23
2 44 44 43 18
2 43 19 44 44
2 46 12 43 19
2 43 20 46 12
2 45 35 43 20
2 43 21 45 35
2 43 43 43 21
2 43 22 43 43
2 45 29 43 22
2 43 23 45 29
2 48 2 43 23
2 43 24 48 2
2 46 37 43 24
2 43 25 46 37
2 46 40 43 25
2 43 26 46 40
2 47 44 43 26
2 43 27 47 44
2 48 30 43 27
2 43 28 48 30
2 44 38 43 28
2 43 29 44 38
2 45 40 43 29
2 43 30 45 40
2 47 30 43 30
2 43 31 47 30
2 48 21 43 31
2 43 32 48 21
2 47 27 43 32
2 43 33 47 27
2 43 50 43 33
2 43 34 43 50
2 46 7 43 34
2 43 35 46 7
2 44 25 43 35
2 43 36 44 25
2 43 41 43 36
2 43 37 43 41
2 45 24 43 37
2 43 38 45 24
2 50 12 43 38
2 43 39 50 12
2 45 43 43 39
2 43 40 45 43
2 47 6 43 40
2 43 41 47 6
2 43 46 43 41
2 43 42 43 46
2 45 47 43 42
2 43 43 45 47
2 44 1 43 43
2 43 44 44 1
2 44 9 43 44
2 43 45 44 9
2 50 7 43 45
2 43 46 50 7
2 46 12 43 46
2 43 47 46 12
2 47 46 43 47
2 43 48 47 46
2 47 2 43 48
2 43 49 47 2
2 48 37 43 49
2 43 50 48 37
2 44 32 43 50
2 44 1 44 32
2 44 49 44 1
2 44 2 44 49
2 44 36 44 2
2 44 3 44 36
2 44 30 44 3
2 44 4 44 30
2 48 23 44 4
2 44 5 48 23
2 48 14 44 5
2 44 6 48 14
2 44 33 44 6
2 44 7 44 33
2 45 46 44 7
2 44 8 45 46
2 44 23 44 8
2 44 9 44 23
2 50 17 44 9
2 44 10 50 17
2 48 38 44 10
2 44 11 48 38
2 44 26 44 11
2 44 12 44 26
2 50 23 44 12
2 44 13 50 23
2 46 40 44 13
2 44 14 46 40
2 44 28 44 14
2 44 15 44 28
2 47 17 44 15
2 44 16 47 17
2 45 19 44 16
2 44 17 45 19
2 49 47 44 17
2 44 18 49 47
2 45 34 44 18
2 44 19 45 34
2 46 22 44 19
2 44 20 46 22
2 45 31 44 20
2 44 21 45 31
2 45 22 44 21
2 44 22 45 22
2 47 49 44 22
2 44 23 47 49
2 47 28 44 23
2 44 24 47 28
2 45 39 44 24
2 44 25 45 39
2 46 15 44 25
2 44 26 46 15
2 45 28 44 26
2 44 27 45 28
2 50 15 44 27
2 44 28 50 15
2 50 22 44 28
2 44 29 50 22
2 47 25 44 29
2 44 30 47 25
2 49 18 44 30
2 44 31 49 18
2 44 45 44 31
2 44 32 44 45
2 47 13 44 32
2 44 33 47 13
2 47 35 44 33
2 44 34 47 35
2 49 35 44 34
2 44 35 49 35
2 49 22 44 35
2 44 36 49 22
2 48 43 44 36
2 44 37 48 43
2 45 21 44 37
2 44 38 45 21
2 50 5 44 38
2 44 39 50 5
2 48 10 44 39
2 44 40 48 10
2 49 14 44 40
2 44 41 49 14
2 45 33 44 41
2 44 42 45 33
2 45 8 44 42
2 44 43 45 8
2 46 46 44 43
2 44 44 46 46
2 45 42 44 44
2 44 45 45 42
2 45 49 44 45
2 44 46 45 49
2 47 43 44 46
2 44 47 47 43
2 50 30 44 47
2 44 48 50 30
2 47 31 44 48
2 44 49 47 31
2 48 28 44 49
2 44 50 48 28
2 46 12 44 50
2 45 1 46 12
2 45 28 45 1
2 45 2 45 28
2 47 40 45 2
2 45 3 47 40
2 50 42 45 3
2 45 4 50 42
2 48 26 45 4
2 45 5 48 26
2 46 47 45 5
2 45 6 46 47
2 46 21 45 6
2 45 7 46 21
2 45 26 45 7
2 45 8 45 26
2 47 6 45 8
2 45 9 47 6
2 47 12 45 9
2 45 10 47 12
2 46 25 45 10
2 45 11 46 25
2 48 13 45 11
2 45 12 48 13
2 47 9 45 12
2 45 13 47 9
2 46 21 45 13
2 45 14 46 21
2 46 26 45 14
2 45 15 46 26
2 46 2 45 15
2 45 16 46 2
2 49 9 45 16
2 45 17 49 9
2 50 40 45 17
2 45 18 50 40
2 49 41 45 18
2 45 19 49 41
2 49 9 45 19
2 45 20 49 9
2 46 10 45 20
2 45 21 46 10
2 49 6 45 21
2 45 22 49 6
2 46 34 45 22
2 45 23 46 34
2 47 18 45 23
2 45 24 47 18
2 47 18 45 24
2 45 25 47 18
2 47 38 45 25
2 45 26 47 38
2 50 32 45 26
2 45 27 50 32
2 46 19 45 27
2 45 28 46 19
2 49 4 45 28
2 45 29 49 4
2 45 38 45 29
2 45 30 45 38
2 50 18 45 30
2 45 31 50 18
2 49 1 45 31
2 45 32 49 1
2 46 32 45 32
2 45 33 46 32
2 49 25 45 33
2 45 34 49 25
2 50 49 45 34
2 45 35 50 49
2 49 16 45 35
2 45 36 49 16
2 47 20 45 36
2 45 37 47 20
2 45 44 45 37
2 45 38 45 44
2 46 41 45 38
2 45 39 46 41
2 45 48 45 39
2 45 40 45 48
2 47 45 45 40
2 45 41 47 45
2 46 24 45 41
2 45 42 46 24
2 46 37 45 42
2 45 43 46 37
2 49 22 45 43
2 45 44 49 22
2 47 13 45 44
2 45 45 47 13
2 47 24 45 45
2 45 46 47 24
2 50 40 45 46
2 45 47 50 40
2 47 24 45 47
2 45 48 47 24
2 46 31 45 48
2 45 49 46 31
2 49 49 45 49
2 45 50 49 49
2 47 24 45 50
2 46 1 47 24
2 46 48 46 1
2 46 2 46 48
2 47 26 46 2
2 46 3 47 26
2 48 33 46 3
2 46 4 48 33
2 48 3 46 4
2 46 5 48 3
2 46 31 46 5
2 46 6 46 31
2 49 17 46 6
2 46 7 49 17
2 46 38 46 7
2 46 8 46 38
2 48 43 46 8
2 46 9 48 43
2 47 21 46 9
2 46 10 47 21
2 48 18 46 10
2 46 11 48 18
2 47 3 46 11
2 46 12 47 3
2 48 33 46 12
2 46 13 48 33
2 48 16 46 13
2 46 14 48 16
2 47 40 46 14
2 46 15 47 40
2 47 15 46 15
2 46 16 47 15
2 46 39 46 16
2 46 17 46 39
2 49 30 46 17
2 46 18 49 30
2 48 19 46 18
2 46 19 48 19
2 49 19 46 19
2 46 20 49 19
2 47 6 46 20
2 46 21 47 6
2 47 46 46 21
2 46 22 47 46
2 47 26 46 22
2 46 23 47 26
2 50 50 46 23
2 46 24 50 50
2 46 31 46 24
2 46 25 46 31
2 47 24 46 25
2 46 26 47 24
2 50 24 46 26
2 46 27 50 24
2 49 16 46 27
2 46 28 49 16
2 50 21 46 28
2 46 29 50 21
2 50 22 46 29
2 46 30 50 22
2 50 4 46 30
2 46 31 50 4
2 47 11 46 31
2 46 32 47 11
2 48 15 46 32
2 46 33 48 15
2 47 26 46 33
2 46 34 47 26
2 48 15 46 34
2 46 35 48 15
2 48 24 46 35
2 46 36 48 24
2 47 6 46 36
2 46 37 47 6
2 49 40 46 37
2 46 38 49 40
2 46 41 46 38
2 46 39 46 41
2 48 17 46 39
2 46 40 48 17
2 49 38 46 40
2 46 41 49 38
2 48 32 46 41
2 46 42 48 32
2 50 44 46 42
2 46 43 50 44
2 50 4 46 43
2 46 44 50 4
2 48 31 46 44
2 46 45 48 31
2 49 20 46 45
2 46 46 49 20
2 47 37 46 46
2 46 47 47 37
2 49 39 46 47
2 46 48 49 39
2 50 28 46 48
2 46 49 50 28
2 47 24 46 49
2 46 50 47 24
2 49 38 46 50
2 47 1 49 38
2 49 30 47 1
2 47 2 49 30
2 47 48 47 2
2 47 3 47 48
2 47 26 47 3
2 47 4 47 26
2 48 40 47 4
2 47 5 48 40
2 47 10 47 5
2 47 6 47 10
2 49 39 47 6
2 47 7 49 39
2 49 42 47 7
2 47 8 49 42
2 47 39 47 8
2 47 9 47 39
2 49 12 47 9
2 47 10 49 12
2 49 21 47 10
2 47 11 49 21
2 47 20 47 11
2 47 12 47 20
2 50 2 47 12
2 47 13 50 2
2 50 37 47 13
2 47 14 50 37
2 48 29 47 14
2 47 15 48 29
2 48 26 47 15
2 47 16 48 26
2 49 11 47 16
2 47 17 49 11
2 47 28 47 17
2 47 18 47 28
2 48 16 47 18
2 47 19 48 16
2 48 4 47 19
2 47 20 48 4
2 49 10 47 20
2 47 21 49 10
2 49 33 47 21
2 47 22 49 33
2 47 30 47 22
2 47 23 47 30
2 48 16 47 23
2 47 24 48 16
2 50 40 47 24
2 47 25 50 40
2 47 27 47 25
2 47 26 47 27
2 49 30 47 26
2 47 27 49 30
2 48 15 47 27
2 47 28 48 15
2 48 5 47 28
2 47 29 48 5
2 47 46 47 29
2 47 30 47 46
2 47 36 47 30
2 47 31 47 36
2 47 47 47 31
2 47 32 47 47
2 50 36 47 32
2 47 33 50 36
2 50 42 47 33
2 47 34 50 42
2 50 24 47 34
2 47 35 50 24
2 49 31 47 35
2 47 36 49 31
2 50 3 47 36
2 47 37 50 3
2 49 18 47 37
2 47 38 49 18
2 48 50 47 38
2 47 39 48 50
2 48 2 47 39
2 47 40 48 2
2 48 22 47 40
2 47 41 48 22
2 48 46 47 41
2 47 42 48 46
2 48 5 47 42
2 47 43 48 5
2 49 5 47 43
2 47 44 49 5
2 49 27 47 44
2 47 45 49 27
2 48 11 47 45
2 47 46 48 11
2 47 47 47 46
2 47 47 47 47
2 50 46 47 47
2 47 48 50 46
2 49 17 47 48
2 47 49 49 17
2 48 11 47 49
2 47 50 48 11
2 50 42 47 50
2 48 1 50 42
2 49 35 48 1
2 48 2 49 35
2 48 3 48 2
2 48 3 48 3
2 49 8 48 3
2 48 4 49 8
2 50 41 48 4
2 48 5 50 41
2 49 28 48 5
2 48 6 49 28
2 49 7 48 6
2 48 7 49 7
2 50 47 48 7
2 48 8 50 47
2 50 8 48 8
2 48 9 50 8
2 48 21 48 9
2 48 10 48 21
2 49 1 48 10
2 48 11 49 1
2 49 33 48 11
2 48 12 49 33
2 49 11 48 12
2 48 13 49 11
2 49 43 48 13
2 48 14 49 43
2 48 39 48 14
2 48 15 48 39
2 49 46 48 15
2 48 16 49 46
2 50 25 48 16
2 48 17 50 25
2 48 27 48 17
2 48 18 48 27
2 49 28 48 18
2 48 19 49 28
2 49 35 48 19
2 48 20 49 35
2 50 29 48 20
2 48 21 50 29
2 50 50 48 21
2 48 22 50 50
2 50 12 48 22
2 48 23 50 12
2 48 48 48 23
2 48 24 48 48
2 48 29 48 24
2 48 25 48 29
2 48 26 48 25
2 48 26 48 26
2 49 11 48 26
2 48 27 49 11
2 48 31 48 27
2 48 28 48 31
2 50 31 48 28
2 48 29 50 31
2 49 24 48 29
2 48 30 49 24
2 50 10 48 30
2 48 31 50 10
2 50 25 48 31
2 48 32 50 25
2 50 36 48 32
2 48 33 50 36
2 48 45 48 33
2 48 34 48 45
2 49 5 48 34
2 48 35 49 5
2 49 41 48 35
2 48 36 49 41
2 49 8 48 36
2 48 37 49 8
2 50 49 48 37
2 48 38 50 49
2 50 7 48 38
2 48 39 50 7
2 50 14 48 39
2 48 40 50 14
2 50 25 48 40
2 48 41 50 25
2 48 48 48 41
2 48 42 48 48
2 50 29 48 42
2 48 43 50 29
2 48 46 48 43
2 48 44 48 46
2 50 3 48 44
2 48 45 50 3
2 49 18 48 45
2 48 46 49 18
2 49 29 48 46
2 48 47 49 29
2 49 49 48 47
2 48 48 49 49
2 49 45 48 48
2 48 49 49 45
2 49 49 48 49
2 48 50 49 49
2 49 41 48 50
2 49 1 49 41
2 49 15 49 1
2 49 2 49 15
2 49 6 49 2
2 49 3 49 6
2 50 40 49 3
2 49 4 50 40
2 50 35 49 4
2 49 5 50 35
2 50 12 49 5
2 49 6 50 12
2 50 42 49 6
2 49 7 50 42
2 49 31 49 7
2 49 8 49 31
2 49 18 49 8
2 49 9 49 18
2 49 39 49 9
2 49 10 49 39
2 49 37 49 10
2 49 11 49 37
2 49 27 49 11
2 49 12 49 27
2 49 34 49 12
2 49 13 49 34
2 50 42 49 13
2 49 14 50 42
2 49 19 49 14
2 49 15 49 19
2 49 37 49 15
2 49 16 49 37
2 50 9 49 16
2 49 17 50 9
2 49 40 49 17
2 49 18 49 40
2 49 25 49 18
2 49 19 49 25
2 49 30 49 19
2 49 20 49 30
2 50 16 49 20
2 49 22 50 16
2 50 22 49 22
2 49 23 50 22
2 50 3 49 23
2 49 24 50 3
2 50 47 49 24
2 49 25 50 47
2 50 4 49 25
2 49 26 50 4
2 50 8 49 26
2 49 27 50 8
2 50 40 49 27
2 49 28 50 40
2 50 3 49 28
2 49 29 50 3
2 49 34 49 29
2 49 30 49 34
2 49 40 49 30
2 49 31 49 40
2 50 17 49 31
2 49 32 50 17
2 50 35 49 32
2 49 33 50 35
2 50 16 49 33
2 49 34 50 16
2 49 39 49 34
2 49 35 49 39
2 49 46 49 35
2 49 36 49 46
2 50 6 49 36
2 49 37 50 6
2 50 10 49 37
2 49 38 50 10
2 50 50 49 38
2 49 39 50 50
2 50 38 49 39
2 49 40 50 38
2 50 30 49 40
2 49 41 50 30
2 49 49 49 41
2 49 42 49 49
2 50 9 49 42
2 49 43 50 9
2 50 43 49 43
2 49 44 50 43
2 50 38 49 44
2 49 45 50 38
2 50 10 49 45
2 49 46 50 10
2 50 30 49 46
2 49 47 50 30
2 50 44 49 47
2 49 48 50 44
2 50 36 49 48
2 49 49 50 36
2 50 1 49 49
2 49 50 50 1
2 50 24 49 50
2 50 1 50 24
2 50 41 50 1
2 50 2 50 41
2 50 40 50 2
2 50 3 50 40
2 50 43 50 3
2 50 4 50 43
2 50 12 50 4
2 50 5 50 12
2 50 24 50 5
2 50 6 50 24
2 49 21 50 6
2 50 7 49 21
2 50 27 50 7
2 50 8 50 27
2 50 14 50 8
2 50 9 50 14
2 50 39 50 9
2 50 10 50 39
2 50 17 50 10
2 50 11 50 17
2 50 45 50 11
2 50 12 50 45
2 50 36 50 12
2 50 14 50 36
2 50 20 50 14
2 50 15 50 20
2 50 16 50 15
2 50 16 50 16
2 50 42 50 16
2 50 17 50 42
2 50 24 50 17
2 50 18 50 24
2 50 28 50 18
2 50 19 50 28
2 50 44 50 19
2 50 20 50 44
2 50 24 50 20
2 50 21 50 24
2 50 47 50 21
2 50 22 50 47
2 49 21 50 22
2 50 23 49 21
2 50 32 50 23
2 50 24 50 32
2 50 28 50 24
2 50 25 50 28
2 49 21 50 25
2 50 26 49 21
2 50 35 50 26
2 50 27 50 35
2 50 35 50 27
2 50 28 50 35
2 50 43 50 28
2 50 29 50 43
2 50 42 50 29
2 50 30 50 42
2 50 41 50 30
2 50 31 50 41
2 49 21 50 31
2 50 32 49 21
2 50 39 50 32
2 50 33 50 39
2 50 44 50 33
2 50 34 50 44
2 50 39 50 34
2 50 35 50 39
2 50 37 50 35
2 50 36 50 37
2 50 40 50 36
2 50 37 50 40
2 50 41 50 37
2 50 38 50 41
2 50 44 50 38
2 50 39 50 44
2 50 50 50 39
2 50 40 50 50
2 49 21 50 40
2 50 41 49 21
2 49 21 50 41
2 50 42 49 21
2 50 43 50 42
2 50 43 50 43
2 50 45 50 43
2 50 44 50 45
2 50 47 50 44
2 50 45 50 47
2 50 47 50 45
2 50 46 50 47
2 49 21 50 46
2 50 47 49 21
2 50 49 50 47
2 50 48 50 49
2 50 50 50 48
2 50 49 50 50
2 50 50 50 49
2 50 50 50 50
2 49 21 50 50
