264
2 1 9 1 1
2 1 2 1 9
2 1 20 1 1
2 1 4 1 20
2 2 1 1 1
2 1 6 2 1
2 2 8 1 1
2 1 14 2 8
2 2 9 1 1
2 1 19 2 9
2 2 12 1 1
2 1 21 2 12
2 2 13 1 1
2 1 24 2 13
2 2 14 1 1
2 1 25 2 14
2 2 21 1 1
2 2 2 2 21
2 2 24 1 1
2 2 5 2 24
2 3 9 1 1
2 2 6 3 9
2 4 4 1 1
2 2 11 4 4
2 4 7 1 1
2 2 25 4 7
2 4 9 1 1
2 3 6 4 9
2 4 10 1 1
2 3 7 4 10
2 4 13 1 1
2 3 11 4 13
2 4 17 1 1
2 3 14 4 17
2 4 19 1 1
2 3 18 4 19
2 4 24 1 1
2 3 19 4 24
2 5 6 1 1
2 3 21 5 6
2 5 14 1 1
2 3 24 5 14
2 5 17 1 1
2 4 1 5 17
2 5 25 1 1
2 4 6 5 25
2 6 6 1 1
2 4 8 6 6
2 6 11 1 1
2 4 12 6 11
2 6 12 1 1
2 4 16 6 12
2 6 20 1 1
2 4 25 6 20
2 6 23 1 1
2 5 1 6 23
2 7 6 1 1
2 5 5 7 6
2 7 8 1 1
2 5 8 7 8
2 7 9 1 1
2 5 9 7 9
2 7 11 1 1
2 5 15 7 11
2 7 18 1 1
2 5 21 7 18
2 7 22 1 1
2 5 23 7 22
2 8 3 1 1
2 6 4 8 3
2 8 7 1 1
2 6 15 8 7
2 8 10 1 1
2 6 21 8 10
2 8 12 1 1
2 7 4 8 12
2 8 22 1 1
2 7 14 8 22
2 8 25 1 1
2 7 19 8 25
2 9 7 1 1
2 7 23 9 7
2 9 8 1 1
2 8 1 9 8
2 9 9 1 1
2 8 4 9 9
2 9 12 1 1
2 8 5 9 12
2 9 16 1 1
2 8 14 9 16
2 9 18 1 1
2 8 24 9 18
2 9 21 1 1
2 9 15 9 21
2 10 1 1 1
2 9 22 10 1
2 10 3 1 1
2 10 5 10 3
2 10 6 1 1
2 10 10 10 6
2 10 8 1 1
2 10 15 10 8
2 10 13 1 1
2 10 24 10 13
2 10 14 1 1
2 11 4 10 14
2 10 17 1 1
2 11 13 10 17
2 10 23 1 1
2 11 14 10 23
2 11 1 1 1
2 11 15 11 1
2 11 2 1 1
2 11 22 11 2
2 12 3 1 1
2 12 1 12 3
2 12 5 1 1
2 12 4 12 5
2 12 6 1 1
2 12 8 12 6
2 12 11 1 1
2 12 10 12 11
2 12 24 1 1
2 13 1 12 24
2 13 7 1 1
2 13 4 13 7
2 13 11 1 1
2 13 8 13 11
2 13 15 1 1
2 13 12 13 15
2 13 17 1 1
2 14 4 13 17
2 13 24 1 1
2 14 5 13 24
2 14 1 1 1
2 14 12 14 1
2 14 8 1 1
2 14 17 14 8
2 14 13 1 1
2 14 20 14 13
2 14 19 1 1
2 14 22 14 19
2 14 24 1 1
2 15 3 14 24
2 14 25 1 1
2 15 4 14 25
2 15 16 1 1
2 15 10 15 16
2 15 19 1 1
2 15 13 15 19
2 15 22 1 1
2 15 20 15 22
2 15 25 1 1
2 15 21 15 25
2 16 6 1 1
2 16 4 16 6
2 16 22 1 1
2 16 10 16 22
2 17 17 1 1
2 16 11 17 17
2 17 18 1 1
2 16 12 17 18
2 17 19 1 1
2 16 17 17 19
2 17 21 1 1
2 16 19 17 21
2 17 23 1 1
2 16 20 17 23
2 18 1 1 1
2 17 1 18 1
2 18 7 1 1
2 17 2 18 7
2 18 16 1 1
2 17 24 18 16
2 18 25 1 1
2 18 5 18 25
2 19 2 1 1
2 18 11 19 2
2 19 4 1 1
2 18 12 19 4
2 19 8 1 1
2 18 13 19 8
2 19 9 1 1
2 18 15 19 9
2 19 13 1 1
2 18 24 19 13
2 19 17 1 1
2 19 7 19 17
2 19 21 1 1
2 19 11 19 21
2 20 8 1 1
2 19 18 20 8
2 20 9 1 1
2 19 19 20 9
2 20 10 1 1
2 19 20 20 10
2 20 13 1 1
2 19 22 20 13
2 20 14 1 1
2 19 24 20 14
2 20 15 1 1
2 19 25 20 15
2 20 22 1 1
2 20 3 20 22
2 20 24 1 1
2 20 12 20 24
2 21 1 1 1
2 20 17 21 1
2 21 5 1 1
2 20 23 21 5
2 21 7 1 1
2 21 4 21 7
2 21 9 1 1
2 21 17 21 9
2 21 12 1 1
2 22 3 21 12
2 21 20 1 1
2 22 10 21 20
2 21 24 1 1
2 22 11 21 24
2 22 2 1 1
2 22 16 22 2
2 22 4 1 1
2 22 19 22 4
2 22 18 1 1
2 22 20 22 18
2 22 21 1 1
2 22 24 22 21
2 23 1 1 1
2 23 6 23 1
2 23 5 1 1
2 23 9 23 5
2 23 11 1 1
2 23 13 23 11
2 23 12 1 1
2 23 17 23 12
2 24 1 1 1
2 23 21 24 1
2 24 4 1 1
2 23 22 24 4
2 24 6 1 1
2 23 23 24 6
2 24 9 1 1
2 24 7 24 9
2 24 10 1 1
2 24 8 24 10
2 24 11 1 1
2 24 15 24 11
2 24 13 1 1
2 24 17 24 13
2 25 2 1 1
2 24 22 25 2
2 25 3 1 1
2 24 23 25 3
2 25 5 1 1
2 24 25 25 5
2 25 10 1 1
2 25 7 25 10
2 25 15 1 1
2 25 18 25 15
2 25 16 1 1
2 25 24 25 16
2 25 23 1 1
2 25 25 25 23
