1109
2 4 32 47 32
2 16 38 47 17
2 17 21 47 16
2 13 37 47 15
2 31 43 47 6
2 18 33 47 1
2 17 15 46 46
2 37 24 46 41
2 23 34 46 37
2 46 23 46 33
2 47 45 46 32
2 32 19 47 45
2 34 19 46 29
2 25 16 46 28
2 28 40 46 23
2 42 1 46 19
2 5 1 46 8
2 23 47 46 6
2 6 2 46 3
2 7 20 45 45
2 32 46 45 43
2 36 41 45 38
2 31 9 45 28
2 17 14 45 23
2 42 24 45 21
2 7 21 45 14
2 13 15 45 8
2 2 14 44 44
2 15 40 44 43
2 1 45 44 32
2 18 12 44 10
2 47 29 44 4
2 22 2 47 29
2 25 2 43 47
2 20 27 43 31
2 3 33 43 30
2 17 11 43 17
2 20 12 43 15
2 45 25 43 12
2 26 32 42 42
2 22 4 42 41
2 13 28 42 38
2 31 34 42 32
2 9 5 42 25
2 6 38 42 21
2 21 43 42 12
2 16 18 42 9
2 43 32 42 3
2 32 32 42 1
2 34 42 41 37
2 7 12 41 35
2 34 16 41 29
2 32 40 41 23
2 32 1 41 16
2 34 29 41 15
2 44 37 41 8
2 32 4 41 7
2 24 2 41 6
2 17 12 40 43
2 14 4 40 35
2 21 30 40 34
2 39 10 40 18
2 18 41 40 17
2 34 22 40 10
2 45 3 40 8
2 17 5 40 6
2 11 27 40 5
2 36 20 39 46
2 29 2 39 32
2 7 36 39 22
2 37 43 39 15
2 13 34 39 14
2 47 19 39 11
2 23 25 47 19
2 37 21 39 10
2 19 23 39 8
2 22 41 39 1
2 35 1 38 32
2 21 7 38 29
2 34 9 38 27
2 34 21 38 21
2 31 44 38 17
2 41 20 38 16
2 7 3 38 8
2 41 9 38 3
2 4 10 37 47
2 12 16 37 43
2 2 47 37 42
2 24 47 37 39
2 36 4 37 38
2 30 19 37 36
2 9 22 37 30
2 35 6 37 29
2 23 32 37 28
2 19 30 37 26
2 25 25 37 24
2 14 47 37 23
2 26 16 37 18
2 7 1 37 17
2 23 2 37 2
2 46 34 36 41
2 20 32 36 39
2 6 32 36 35
2 5 26 36 32
2 36 14 36 20
2 26 15 36 19
2 36 28 36 11
2 37 20 36 28
2 8 2 37 20
2 21 33 36 4
2 3 4 36 3
2 27 35 36 1
2 22 26 35 44
2 23 31 35 41
2 5 24 35 38
2 32 6 35 33
2 5 8 35 21
2 1 19 35 18
2 15 5 35 13
2 7 14 35 12
2 15 14 35 9
2 28 22 35 6
2 28 37 35 1
2 1 17 34 46
2 45 2 34 43
2 13 32 45 2
2 36 27 34 42
2 17 31 36 27
2 45 30 34 29
2 5 32 34 27
2 17 23 34 22
2 6 23 34 19
2 33 8 34 16
2 24 39 34 13
2 11 47 34 10
2 7 39 34 9
2 35 47 34 6
2 12 21 35 47
2 45 9 33 47
2 6 16 45 9
2 41 18 33 45
2 6 39 33 18
2 20 29 33 8
2 18 45 33 1
2 33 9 32 47
2 9 21 33 9
2 37 45 32 45
2 22 6 37 45
2 19 35 32 44
2 20 7 32 42
2 40 23 32 40
2 36 25 40 23
2 23 33 32 39
2 26 38 32 34
2 16 17 32 32
2 32 33 32 27
2 10 47 32 33
2 34 30 32 21
2 11 1 34 30
2 8 33 32 20
2 9 23 32 19
2 25 29 32 14
2 34 33 32 13
2 11 4 34 33
2 12 8 32 12
2 25 32 32 11
2 42 28 32 7
2 39 29 42 28
2 6 35 39 29
2 15 46 32 6
2 15 17 31 45
2 28 20 31 44
2 14 24 31 41
2 20 41 31 35
2 12 14 31 30
2 42 23 31 27
2 40 11 42 23
2 40 14 40 11
2 17 37 40 14
2 44 15 31 25
2 43 16 31 19
2 4 11 31 18
2 5 16 31 17
2 10 15 31 14
2 28 17 31 9
2 34 3 30 46
2 9 37 34 3
2 12 26 30 44
2 33 43 30 43
2 2 31 30 42
2 40 37 30 39
2 38 40 40 37
2 42 13 38 40
2 26 40 42 13
2 43 11 30 35
2 6 33 43 11
2 5 9 30 32
2 20 10 30 31
2 15 10 30 30
2 28 15 30 27
2 39 2 30 25
2 42 16 30 16
2 27 15 42 16
2 4 45 30 10
2 1 41 30 5
2 20 9 30 4
2 18 31 30 2
2 41 42 29 37
2 28 24 41 42
2 6 19 29 35
2 19 24 29 33
2 21 38 29 32
2 23 35 29 28
2 4 15 29 24
2 31 28 29 23
2 46 27 29 16
2 7 8 29 12
2 2 1 29 10
2 7 33 29 5
2 9 12 29 4
2 37 35 29 2
2 4 19 37 35
2 35 25 29 1
2 11 17 35 25
2 47 33 28 43
2 14 7 47 33
2 25 38 28 37
2 41 34 28 36
2 41 17 41 34
2 11 43 41 17
2 35 45 28 35
2 44 7 28 33
2 25 46 28 30
2 6 5 28 22
2 23 20 28 20
2 13 5 28 17
2 11 40 28 15
2 30 37 28 8
2 12 29 27 47
2 1 21 27 41
2 43 36 27 32
2 44 41 27 29
2 38 12 44 41
2 16 47 27 28
2 22 11 27 24
2 28 45 27 23
2 42 22 27 22
2 17 1 27 15
2 44 1 27 13
2 12 39 44 1
2 11 41 27 2
2 6 31 27 1
2 36 45 26 45
2 1 6 26 41
2 22 20 26 40
2 20 15 26 38
2 39 17 26 35
2 47 27 39 17
2 30 45 47 27
2 12 35 26 34
2 22 40 26 26
2 3 35 26 23
2 17 24 26 16
2 27 44 26 15
2 37 4 26 9
2 20 14 26 6
2 12 1 26 1
2 40 16 25 38
2 40 22 40 16
2 12 31 40 22
2 23 1 25 29
2 3 24 25 25
2 27 21 25 24
2 23 4 25 16
2 26 14 25 13
2 11 31 26 14
2 21 41 25 11
2 31 5 25 10
2 40 1 25 2
2 47 46 40 1
2 35 37 25 1
2 43 40 24 42
2 26 4 43 40
2 9 32 26 4
2 38 35 24 39
2 21 42 38 35
2 45 4 24 25
2 47 23 24 24
2 7 28 47 23
2 16 20 24 23
2 43 44 24 17
2 4 41 43 44
2 1 34 24 14
2 44 11 24 12
2 40 24 24 8
2 24 21 40 24
2 17 4 24 21
2 38 46 24 7
2 14 25 24 2
2 18 14 23 47
2 14 44 23 45
2 5 21 23 39
2 10 44 23 34
2 38 47 23 29
2 26 25 38 47
2 14 23 26 25
2 38 31 23 25
2 27 3 38 31
2 21 2 27 3
2 44 12 23 22
2 11 24 44 12
2 3 28 23 8
2 3 6 23 6
2 34 17 23 1
2 38 19 34 17
2 35 8 38 19
2 3 23 22 42
2 24 9 22 40
2 6 25 24 9
2 2 8 22 32
2 43 18 22 27
2 40 7 43 18
2 14 27 40 7
2 21 31 22 26
2 37 22 22 23
2 2 45 37 22
2 13 20 22 22
2 31 13 22 20
2 41 41 22 16
2 44 31 41 41
2 32 5 44 31
2 15 24 22 15
2 33 36 22 14
2 31 16 33 36
2 6 22 31 16
2 10 42 22 13
2 32 30 22 12
2 3 42 22 6
2 29 46 22 4
2 4 14 21 43
2 15 32 21 42
2 5 40 21 41
2 15 21 21 39
2 3 47 21 38
2 27 10 21 33
2 30 38 27 10
2 29 19 30 38
2 19 31 21 31
2 23 3 21 17
2 18 42 23 3
2 6 4 21 16
2 8 42 21 8
2 41 45 21 2
2 19 44 41 45
2 23 23 20 35
2 23 15 23 23
2 22 45 23 15
2 9 14 22 45
2 28 28 20 34
2 34 5 28 28
2 46 25 34 5
2 21 22 46 25
2 28 42 21 22
2 16 9 28 42
2 42 15 20 32
2 11 10 42 15
2 36 31 20 30
2 45 13 20 27
2 39 7 20 24
2 39 30 20 21
2 27 18 20 15
2 29 41 20 14
2 34 38 29 41
2 28 44 34 38
2 8 7 28 44
2 15 11 20 12
2 12 24 20 10
2 47 25 20 9
2 13 23 47 25
2 43 25 20 4
2 10 30 43 25
2 2 10 19 44
2 4 47 19 39
2 25 12 19 38
2 26 30 25 12
2 10 26 19 33
2 41 43 19 31
2 29 25 41 43
2 14 20 29 25
2 25 8 19 29
2 30 1 25 8
2 31 22 30 1
2 9 20 19 28
2 33 15 19 26
2 18 44 33 15
2 22 24 19 24
2 19 21 19 23
2 19 41 19 16
2 34 25 19 41
2 23 18 34 25
2 30 36 23 18
2 6 13 30 36
2 17 17 19 15
2 3 13 19 5
2 8 45 19 1
2 35 23 18 44
2 7 4 35 23
2 13 13 18 43
2 27 7 18 38
2 33 11 27 7
2 47 14 33 11
2 14 30 18 35
2 15 44 18 31
2 5 46 18 24
2 32 28 18 19
2 14 41 32 28
2 41 12 18 18
2 38 22 41 12
2 46 38 38 22
2 6 17 18 15
2 21 5 18 14
2 30 26 21 5
2 47 30 18 12
2 15 7 47 30
2 11 20 17 41
2 21 18 17 40
2 19 18 21 18
2 4 24 17 39
2 29 17 17 37
2 37 40 29 17
2 1 39 17 33
2 21 24 17 23
2 28 29 21 24
2 34 15 28 29
2 12 20 34 15
2 35 46 17 21
2 13 21 17 17
2 21 13 17 16
2 3 7 21 13
2 4 28 17 15
2 2 30 17 14
2 37 33 17 12
2 14 12 17 11
2 10 7 17 10
2 7 6 17 5
2 31 23 17 4
2 31 1 31 23
2 1 37 17 1
2 2 33 16 47
2 23 44 16 44
2 3 34 23 44
2 45 27 16 38
2 44 36 16 36
2 32 37 44 36
2 29 13 32 37
2 4 12 29 13
2 23 43 16 32
2 19 36 23 43
2 10 29 19 36
2 17 38 16 30
2 13 30 17 38
2 1 44 16 29
2 2 5 16 25
2 42 37 16 21
2 25 42 42 37
2 39 38 16 17
2 20 45 16 14
2 25 43 16 9
2 47 11 25 43
2 19 37 47 11
2 40 39 19 37
2 26 11 40 39
2 29 42 26 11
2 31 31 29 42
2 2 29 16 7
2 27 31 16 1
2 42 45 27 31
2 33 12 42 45
2 27 30 33 12
2 13 25 27 30
2 39 21 15 46
2 23 12 39 21
2 47 4 15 40
2 20 31 15 38
2 22 30 15 35
2 24 38 22 30
2 17 7 24 38
2 3 2 17 7
2 1 35 15 31
2 16 6 15 30
2 6 46 16 6
2 2 2 15 27
2 34 41 15 26
2 36 5 34 41
2 4 36 15 21
2 18 26 15 14
2 18 4 15 13
2 38 14 15 11
2 32 18 38 14
2 36 7 32 18
2 45 35 36 7
2 16 28 15 10
2 12 32 16 28
2 34 36 15 9
2 29 40 34 36
2 40 21 15 7
2 46 11 14 47
2 22 18 46 11
2 34 23 22 18
2 13 3 34 23
2 12 45 14 44
2 39 34 14 41
2 17 42 39 34
2 41 38 14 36
2 2 43 14 31
2 3 18 14 30
2 46 35 14 27
2 38 44 46 35
2 41 47 38 44
2 45 1 41 47
2 38 20 45 1
2 46 18 14 23
2 7 10 46 18
2 40 9 14 22
2 14 32 40 9
2 35 28 14 32
2 19 17 14 20
2 15 19 19 17
2 6 29 14 15
2 12 40 14 9
2 20 40 14 7
2 23 19 20 40
2 37 3 23 19
2 46 12 37 3
2 1 13 46 12
2 25 44 13 43
2 17 36 13 40
2 7 42 13 38
2 39 20 13 34
2 26 22 39 20
2 22 34 13 32
2 1 11 22 34
2 7 35 13 30
2 2 9 13 28
2 9 30 13 26
2 40 20 13 25
2 9 29 13 24
2 33 41 13 23
2 13 41 33 41
2 23 28 13 21
2 35 24 23 28
2 37 1 35 24
2 21 37 37 1
2 18 22 13 20
2 3 3 13 18
2 25 22 13 13
2 28 21 25 22
2 47 8 28 21
2 13 27 13 5
2 34 14 13 3
2 11 12 34 14
2 43 14 12 45
2 9 10 12 40
2 2 40 12 39
2 19 19 12 35
2 7 46 19 19
2 28 6 12 33
2 2 22 28 6
2 41 36 12 31
2 4 8 41 36
2 12 17 12 29
2 19 40 12 26
2 44 8 12 24
2 44 17 12 23
2 37 6 44 17
2 4 23 37 6
2 30 21 12 20
2 12 41 30 21
2 33 4 12 41
2 30 9 33 4
2 45 40 12 17
2 2 15 12 16
2 14 40 12 8
2 35 40 14 40
2 47 36 12 5
2 18 6 11 42
2 46 7 18 6
2 31 6 46 7
2 12 44 31 6
2 16 2 11 41
2 1 5 16 2
2 29 29 11 40
2 45 5 29 29
2 7 13 45 5
2 35 29 11 39
2 25 15 35 29
2 36 36 25 15
2 9 43 11 37
2 22 28 11 29
2 4 20 22 28
2 39 41 11 27
2 36 10 39 41
2 24 30 11 25
2 45 10 11 24
2 43 6 11 22
2 20 20 43 6
2 39 27 11 20
2 24 18 39 27
2 41 3 24 18
2 12 22 41 3
2 7 44 12 22
2 38 23 11 17
2 4 18 11 12
2 27 17 11 10
2 1 18 27 17
2 28 14 11 4
2 13 14 28 14
2 16 33 11 1
2 43 4 16 33
2 31 10 10 44
2 36 33 10 42
2 45 41 36 33
2 9 45 45 41
2 11 5 10 39
2 39 43 10 34
2 1 43 39 43
2 37 41 10 30
2 17 32 37 41
2 26 29 17 32
2 9 17 10 29
2 3 29 10 24
2 17 29 10 23
2 27 36 17 29
2 45 22 10 18
2 36 38 10 17
2 19 9 36 38
2 9 4 10 14
2 42 40 10 13
2 43 41 10 7
2 16 42 43 41
2 6 10 10 2
2 34 26 9 45
2 29 39 34 26
2 27 25 29 39
2 15 47 9 44
2 30 29 15 47
2 22 9 30 29
2 22 47 22 9
2 24 15 9 43
2 26 19 24 15
2 11 34 26 19
2 19 25 11 34
2 21 12 19 25
2 34 20 9 41
2 47 12 9 40
2 43 27 47 12
2 26 21 9 37
2 26 12 26 21
2 44 33 26 12
2 13 4 9 33
2 12 38 9 30
2 24 43 12 38
2 25 23 9 22
2 3 22 25 23
2 4 9 9 21
2 10 16 9 13
2 28 25 9 10
2 20 36 28 25
2 12 25 20 36
2 1 2 12 25
2 4 21 9 6
2 46 15 9 4
2 30 12 46 15
2 24 26 30 12
2 31 36 9 2
2 33 35 31 36
2 26 47 33 35
2 7 37 8 47
2 46 30 8 46
2 34 7 8 35
2 5 34 8 23
2 26 5 8 20
2 37 37 8 18
2 19 6 8 17
2 29 45 19 6
2 26 7 29 45
2 36 24 26 7
2 27 34 36 24
2 28 18 27 34
2 24 1 28 18
2 16 11 8 16
2 13 10 16 11
2 22 44 8 12
2 27 42 8 7
2 15 42 27 42
2 21 4 15 42
2 9 39 21 4
2 23 5 8 2
2 15 6 23 5
2 40 30 15 6
2 35 42 7 46
2 24 27 7 45
2 14 10 24 27
2 17 25 14 10
2 44 45 17 25
2 23 16 7 42
2 28 7 23 16
2 22 17 28 7
2 12 11 22 17
2 7 18 12 11
2 12 43 7 39
2 15 12 12 43
2 11 18 15 12
2 46 1 11 18
2 42 17 46 1
2 10 45 42 17
2 25 21 7 37
2 37 27 7 36
2 2 42 37 27
2 8 8 7 34
2 17 26 7 33
2 26 36 17 26
2 17 27 7 32
2 46 4 17 27
2 31 3 46 4
2 10 6 7 30
2 33 10 10 6
2 32 36 33 10
2 12 2 7 28
2 47 43 12 2
2 27 16 47 43
2 19 27 27 16
2 43 13 19 27
2 33 31 43 13
2 10 8 33 31
2 14 16 10 8
2 16 45 7 27
2 35 17 7 26
2 20 6 35 17
2 40 3 7 24
2 4 17 40 3
2 22 43 7 20
2 41 46 7 19
2 32 3 41 46
2 32 22 32 3
2 43 33 32 22
2 25 27 43 33
2 42 44 7 17
2 24 41 42 44
2 41 19 24 41
2 14 14 41 19
2 11 28 14 14
2 37 10 7 13
2 42 2 37 10
2 43 35 42 2
2 1 28 43 35
2 20 17 7 11
2 4 42 20 17
2 21 1 7 3
2 40 12 21 1
2 37 31 40 12
2 21 34 37 31
2 26 31 21 34
2 17 2 26 31
2 24 5 17 2
2 5 30 24 5
2 18 11 7 1
2 9 7 18 11
2 30 24 9 7
2 29 20 30 24
2 37 8 6 38
2 22 31 6 35
2 27 37 22 31
2 5 41 27 37
2 36 9 6 34
2 7 25 36 9
2 11 16 7 25
2 36 21 6 29
2 21 9 36 21
2 33 37 6 27
2 29 18 33 37
2 37 14 6 25
2 29 36 6 23
2 41 25 29 36
2 26 27 41 25
2 17 30 6 19
2 43 2 17 30
2 36 22 6 16
2 8 4 6 13
2 32 16 8 4
2 10 33 32 16
2 36 46 10 33
2 13 16 6 5
2 8 19 13 16
2 38 41 8 19
2 18 25 38 41
2 21 19 18 25
2 35 3 6 4
2 43 19 35 3
2 12 28 43 19
2 10 10 6 2
2 2 20 10 10
2 40 46 6 1
2 31 15 40 46
2 31 24 5 47
2 34 1 5 45
2 35 19 34 1
2 15 34 35 19
2 45 17 5 44
2 7 2 45 17
2 14 17 5 35
2 6 20 14 17
2 17 9 6 20
2 26 43 17 9
2 38 2 26 43
2 29 22 5 32
2 24 31 29 22
2 47 40 5 30
2 31 2 47 40
2 6 47 5 25
2 45 24 6 47
2 1 24 5 21
2 45 26 5 19
2 42 35 45 26
2 10 12 42 35
2 22 29 5 15
2 9 24 5 13
2 37 15 9 24
2 35 2 5 10
2 47 26 5 8
2 26 39 47 26
2 35 5 5 1
2 39 28 35 5
2 25 28 39 28
2 29 15 25 28
2 14 1 4 46
2 13 11 4 45
2 8 34 13 11
2 22 33 4 44
2 32 43 22 33
2 38 39 4 42
2 10 28 38 39
2 25 41 10 28
2 20 1 25 41
2 1 32 20 1
2 4 22 4 41
2 22 10 4 37
2 27 40 22 10
2 5 39 27 40
2 34 12 5 39
2 2 46 34 12
2 25 18 4 36
2 43 42 25 18
2 45 7 43 42
2 19 32 45 7
2 13 46 19 32
2 15 22 13 46
2 7 9 15 22
2 36 37 7 9
2 44 2 4 33
2 29 30 4 32
2 35 10 29 30
2 6 40 35 10
2 16 27 4 31
2 18 2 4 30
2 27 46 4 29
2 33 24 27 46
2 40 41 4 28
2 1 40 40 41
2 20 43 4 25
2 36 29 20 43
2 20 5 4 23
2 22 35 20 5
2 24 3 4 22
2 11 14 4 21
2 45 19 11 14
2 44 18 45 19
2 22 37 44 18
2 11 36 22 37
2 16 31 11 36
2 26 2 4 20
2 25 20 4 18
2 35 36 25 20
2 6 41 4 17
2 10 21 4 14
2 36 47 10 21
2 31 33 36 47
2 37 34 31 33
2 40 2 4 13
2 27 26 40 2
2 36 2 27 26
2 27 5 36 2
2 6 9 27 5
2 23 37 4 11
2 22 46 23 37
2 14 6 22 46
2 6 26 14 6
2 42 26 6 26
2 34 8 42 26
2 38 37 34 8
2 1 23 38 37
2 24 22 4 10
2 16 35 4 9
2 17 35 16 35
2 23 13 17 35
2 5 11 3 47
2 27 39 5 11
2 7 29 27 39
2 23 26 7 29
2 36 23 23 26
2 8 32 36 23
2 8 36 8 32
2 8 25 8 36
2 10 38 8 25
2 10 46 10 38
2 34 47 10 46
2 37 32 34 47
2 3 25 3 45
2 8 14 3 42
2 25 40 3 38
2 4 4 3 36
2 40 38 4 4
2 1 22 40 38
2 30 7 3 34
2 19 10 30 7
2 20 44 3 30
2 29 8 3 28
2 8 44 29 8
2 37 16 8 44
2 18 9 3 26
2 32 15 18 9
2 13 9 3 25
2 19 2 13 9
2 41 22 19 2
2 1 30 41 22
2 12 36 3 24
2 18 40 12 36
2 46 16 3 22
2 23 21 3 18
2 14 34 23 21
2 35 30 3 10
2 9 8 3 4
2 46 40 9 8
2 3 46 46 40
2 46 36 3 46
2 1 33 46 36
2 14 5 3 2
2 15 15 14 5
2 24 10 15 15
2 3 32 3 1
2 43 5 2 47
2 20 47 43 5
2 27 9 20 47
2 7 7 2 46
2 46 20 7 7
2 26 3 2 45
2 36 26 26 3
2 35 39 36 26
2 8 24 35 39
2 30 14 8 24
2 39 23 30 14
2 39 5 39 23
2 42 31 39 5
2 28 38 42 31
2 36 15 2 44
2 12 6 36 15
2 43 46 2 42
2 38 42 2 41
2 47 47 2 40
2 8 9 47 47
2 40 31 8 9
2 34 4 40 31
2 22 39 2 39
2 25 36 22 39
2 26 44 2 35
2 42 30 2 34
2 23 38 2 33
2 43 22 2 32
2 3 21 2 31
2 20 8 2 30
2 20 39 20 8
2 41 40 20 39
2 47 9 2 25
2 25 30 2 24
2 47 7 25 30
2 26 37 47 7
2 46 45 26 37
2 16 12 46 45
2 11 2 16 12
2 44 16 11 2
2 38 38 44 16
2 33 44 38 38
2 44 19 2 22
2 33 40 2 20
2 42 34 33 40
2 31 12 2 15
2 47 21 31 12
2 33 32 47 21
2 10 25 33 32
2 4 34 10 25
2 45 12 2 13
2 28 34 45 12
2 37 9 28 34
2 18 3 37 9
2 4 26 2 12
2 15 29 2 10
2 2 17 15 29
2 14 26 2 17
2 38 11 2 9
2 34 45 38 11
2 6 8 34 45
2 29 47 6 8
2 12 3 29 47
2 6 44 12 3
2 24 16 6 44
2 46 10 2 8
2 9 42 46 10
2 13 1 9 42
2 36 42 2 7
2 35 14 36 42
2 44 46 35 14
2 26 20 44 46
2 39 33 2 2
2 31 20 39 33
2 38 6 31 20
2 11 26 38 6
2 28 1 11 26
2 31 4 28 1
2 38 5 2 1
2 20 23 38 5
2 43 28 20 23
2 38 15 43 28
2 19 14 38 15
2 1 9 1 45
2 35 22 1 44
2 16 43 35 22
2 41 13 16 43
2 37 12 41 13
2 40 29 37 12
2 36 17 40 29
2 16 8 1 41
2 30 20 1 40
2 38 24 30 20
2 45 18 1 39
2 39 24 45 18
2 35 34 39 24
2 3 41 35 34
2 13 22 3 41
2 21 29 1 37
2 8 31 21 29
2 27 33 1 35
2 44 22 27 33
2 31 46 44 22
2 43 3 31 46
2 22 25 1 34
2 35 15 22 25
2 45 31 1 33
2 5 29 45 31
2 9 38 5 29
2 46 31 1 32
2 33 38 1 30
2 40 4 1 28
2 7 15 40 4
2 28 12 7 15
2 11 45 1 24
2 1 26 11 45
2 40 32 1 26
2 12 10 40 32
2 41 5 12 10
2 44 27 41 5
2 7 40 44 27
2 45 42 7 40
2 19 20 45 42
2 33 5 19 20
2 30 28 33 5
2 16 40 30 28
2 19 11 16 40
2 10 40 19 11
2 15 20 10 40
2 37 19 15 20
2 43 45 37 19
2 24 36 1 23
2 12 34 1 22
2 6 7 12 34
2 14 2 6 7
2 33 3 14 2
2 14 39 1 21
2 10 20 14 39
2 21 6 1 19
2 1 3 1 18
2 44 39 1 17
2 5 23 1 13
2 35 32 1 12
2 28 27 35 32
2 19 3 1 11
2 39 19 1 10
2 33 7 39 19
2 40 42 1 9
2 25 33 40 42
2 8 43 1 6
2 44 29 1 5
2 2 26 44 29
2 20 46 2 26
2 16 22 20 46
2 38 28 1 3
2 38 34 38 28
2 20 38 1 2
2 32 9 20 38
2 16 5 32 9
