1304
2 36 47 48 44
2 9 21 48 37
2 35 24 48 36
2 39 22 48 33
2 32 47 48 29
2 19 10 48 28
2 10 4 48 22
2 6 43 48 19
2 48 27 48 13
2 29 40 48 27
2 8 44 48 11
2 5 31 48 10
2 21 36 48 2
2 44 45 48 1
2 5 4 47 44
2 12 5 47 33
2 3 12 47 27
2 7 18 47 25
2 46 33 47 21
2 48 38 47 18
2 43 13 48 38
2 17 47 47 17
2 6 38 47 16
2 11 5 47 10
2 17 24 47 6
2 14 15 47 4
2 36 45 46 45
2 21 48 46 44
2 28 18 46 43
2 26 34 46 40
2 10 37 46 33
2 29 11 46 32
2 35 20 46 23
2 16 24 46 20
2 41 9 46 12
2 38 11 46 10
2 48 43 46 8
2 1 8 48 43
2 30 40 46 6
2 16 48 46 4
2 46 21 46 3
2 19 30 45 47
2 22 27 45 42
2 11 21 45 40
2 31 39 45 39
2 43 23 45 33
2 42 12 45 32
2 15 23 45 29
2 18 32 45 9
2 36 4 45 8
2 46 41 45 6
2 44 12 46 41
2 30 9 45 4
2 46 31 44 47
2 28 24 44 45
2 10 45 44 37
2 24 43 44 30
2 15 46 44 17
2 11 15 44 15
2 6 46 44 13
2 18 1 44 12
2 16 7 44 8
2 2 40 44 6
2 48 46 44 3
2 25 34 43 47
2 6 12 43 46
2 29 34 43 38
2 31 33 43 37
2 45 2 43 36
2 22 43 45 2
2 14 19 43 35
2 11 2 43 27
2 27 38 43 25
2 43 8 43 24
2 11 22 43 23
2 3 11 43 21
2 3 34 43 20
2 30 24 43 19
2 5 24 43 16
2 15 16 43 15
2 40 19 43 14
2 9 3 43 10
2 6 19 43 9
2 27 17 43 8
2 38 9 43 7
2 44 26 43 5
2 25 23 43 4
2 38 45 43 1
2 23 14 42 48
2 24 36 42 47
2 35 4 42 40
2 12 35 42 39
2 48 8 42 37
2 36 9 48 8
2 27 30 42 33
2 47 5 42 32
2 16 3 42 29
2 34 27 42 28
2 16 47 42 17
2 44 44 42 15
2 24 27 42 6
2 7 29 42 3
2 13 3 42 2
2 22 30 41 35
2 7 35 41 29
2 28 34 41 27
2 9 32 41 22
2 13 2 41 18
2 9 17 41 16
2 36 48 41 9
2 13 12 41 4
2 11 28 41 3
2 35 21 40 45
2 23 8 40 44
2 36 8 40 43
2 10 25 40 36
2 20 21 40 30
2 4 4 40 29
2 18 11 40 28
2 13 47 40 21
2 32 27 40 19
2 39 3 40 16
2 10 2 40 14
2 6 48 40 13
2 44 48 40 10
2 3 29 44 48
2 25 31 39 43
2 42 16 39 42
2 19 2 39 35
2 3 25 39 32
2 25 1 39 30
2 36 30 39 29
2 11 11 39 28
2 30 21 39 26
2 44 23 39 22
2 7 27 44 23
2 1 20 39 20
2 23 5 39 19
2 44 9 39 4
2 6 29 44 9
2 38 19 39 3
2 27 41 39 2
2 31 11 38 47
2 37 7 38 46
2 23 48 38 44
2 12 7 38 43
2 41 24 38 42
2 28 3 41 24
2 32 30 38 34
2 44 43 38 33
2 17 30 44 43
2 7 11 38 31
2 43 18 38 24
2 4 5 38 20
2 15 9 38 13
2 13 38 38 12
2 22 23 38 10
2 45 11 38 9
2 34 16 45 11
2 26 2 38 4
2 22 10 37 43
2 20 15 37 38
2 47 48 37 37
2 46 1 47 48
2 13 13 37 33
2 31 29 37 26
2 3 20 37 11
2 12 12 37 8
2 2 48 37 3
2 20 9 37 1
2 2 11 36 48
2 44 42 36 47
2 32 19 44 42
2 11 27 36 40
2 33 46 36 37
2 48 48 36 35
2 35 14 48 48
2 16 45 36 34
2 14 25 36 31
2 44 7 36 30
2 3 17 36 29
2 21 29 36 23
2 25 2 36 22
2 44 32 36 19
2 32 25 44 32
2 16 19 36 11
2 40 33 36 9
2 34 6 40 33
2 13 42 36 8
2 25 20 36 7
2 12 34 36 4
2 33 30 35 48
2 29 18 35 45
2 33 41 35 40
2 45 23 35 37
2 32 37 35 35
2 41 2 35 32
2 13 5 41 2
2 2 28 35 28
2 18 15 35 24
2 20 26 35 21
2 40 32 35 19
2 37 15 35 14
2 5 32 35 6
2 34 47 34 46
2 4 6 34 42
2 36 38 34 38
2 34 14 34 32
2 2 24 34 31
2 47 41 34 28
2 3 3 34 27
2 14 13 34 26
2 8 17 34 24
2 24 26 34 23
2 13 22 34 8
2 10 44 34 6
2 28 33 34 4
2 17 23 34 3
2 33 42 33 46
2 30 45 33 43
2 5 12 33 42
2 23 26 33 41
2 22 13 33 38
2 10 7 33 34
2 28 5 33 32
2 6 30 33 27
2 22 2 33 25
2 36 3 33 24
2 25 15 33 19
2 32 13 33 17
2 13 25 33 14
2 5 11 33 12
2 27 32 33 9
2 29 26 33 4
2 38 21 33 1
2 6 39 32 39
2 32 11 32 38
2 46 28 32 37
2 20 10 32 35
2 38 40 32 30
2 35 10 38 40
2 10 35 35 10
2 19 8 32 26
2 48 4 32 22
2 33 2 32 18
2 10 3 33 2
2 14 10 32 14
2 39 25 32 13
2 44 41 39 25
2 18 27 32 9
2 36 10 32 7
2 22 41 31 42
2 16 16 31 39
2 40 18 31 33
2 10 39 31 29
2 38 25 31 28
2 23 9 31 22
2 23 34 31 17
2 1 32 31 15
2 38 30 31 14
2 5 28 31 11
2 11 32 31 7
2 39 10 30 48
2 42 22 39 10
2 4 34 30 40
2 8 41 30 34
2 21 20 30 33
2 15 2 30 30
2 36 33 30 26
2 42 18 30 23
2 41 21 30 21
2 6 17 41 21
2 25 18 30 17
2 7 36 30 13
2 37 30 30 9
2 38 16 37 30
2 36 15 38 16
2 12 36 30 8
2 35 34 30 5
2 31 6 35 34
2 3 40 29 46
2 10 21 29 45
2 18 36 29 43
2 10 20 29 39
2 29 36 29 37
2 36 41 29 36
2 25 4 29 33
2 28 7 29 28
2 27 29 29 26
2 11 37 29 23
2 20 8 29 20
2 37 23 29 14
2 16 31 37 23
2 44 19 29 11
2 15 3 29 6
2 12 41 29 3
2 7 43 29 1
2 31 13 28 47
2 36 24 31 13
2 11 4 36 24
2 22 15 28 46
2 24 7 28 42
2 28 39 28 32
2 26 43 28 39
2 44 20 28 26
2 48 16 44 20
2 20 25 28 25
2 4 14 28 20
2 13 20 28 19
2 36 1 28 17
2 4 45 28 14
2 28 48 28 12
2 39 23 28 11
2 36 5 28 7
2 40 42 28 5
2 6 20 40 42
2 48 26 28 1
2 32 42 48 26
2 35 23 27 42
2 39 9 27 38
2 28 6 27 32
2 12 47 27 30
2 28 40 27 27
2 11 13 28 40
2 47 43 27 19
2 26 24 27 14
2 47 28 27 11
2 28 44 47 28
2 14 14 28 44
2 6 22 27 10
2 13 10 27 4
2 16 36 26 48
2 34 22 26 47
2 29 2 26 46
2 23 35 29 2
2 13 24 26 44
2 7 41 26 39
2 33 29 26 36
2 16 28 26 34
2 14 26 26 32
2 10 47 26 27
2 48 32 26 25
2 18 25 48 32
2 16 6 26 24
2 30 22 26 23
2 13 11 26 19
2 33 33 26 17
2 29 44 33 33
2 7 16 29 44
2 36 39 26 15
2 8 22 26 13
2 29 27 26 12
2 8 10 29 27
2 9 47 26 11
2 11 17 26 10
2 24 15 26 8
2 44 31 26 5
2 30 39 26 3
2 27 48 30 39
2 13 17 27 48
2 27 2 25 44
2 19 41 25 42
2 9 4 25 33
2 4 11 25 30
2 14 42 25 29
2 39 11 25 22
2 39 16 25 20
2 20 48 25 18
2 11 29 25 17
2 34 20 25 15
2 32 2 34 20
2 39 46 32 2
2 21 15 39 46
2 30 11 25 13
2 20 32 25 10
2 47 37 25 5
2 5 33 47 37
2 39 7 25 3
2 22 20 39 7
2 28 2 25 2
2 32 44 28 2
2 37 13 24 47
2 21 11 37 13
2 43 44 24 46
2 17 22 43 44
2 12 3 24 40
2 37 32 24 34
2 10 13 24 31
2 31 4 24 27
2 41 47 31 4
2 12 25 41 47
2 14 37 24 26
2 33 18 24 25
2 4 40 33 18
2 9 13 24 24
2 3 9 24 21
2 11 18 24 18
2 6 42 24 17
2 30 7 24 15
2 6 27 30 7
2 14 39 24 11
2 48 35 24 7
2 17 36 48 35
2 40 34 23 44
2 34 15 40 34
2 42 9 34 15
2 48 39 23 40
2 11 24 48 39
2 21 8 23 39
2 25 28 23 35
2 12 23 25 28
2 5 8 23 28
2 34 40 23 25
2 23 43 34 40
2 23 10 23 23
2 45 7 23 21
2 27 6 45 7
2 34 30 27 6
2 5 36 23 16
2 22 33 23 14
2 1 16 23 12
2 37 16 23 11
2 46 11 23 10
2 8 23 46 11
2 35 36 23 6
2 19 12 35 36
2 31 3 23 3
2 4 24 22 46
2 2 39 22 45
2 4 36 22 31
2 3 19 22 29
2 3 14 22 23
2 7 30 22 20
2 21 13 22 19
2 21 37 22 15
2 11 14 22 14
2 34 7 22 13
2 48 17 34 7
2 26 35 48 17
2 45 21 26 35
2 5 25 22 11
2 44 33 22 10
2 47 34 22 3
2 38 15 21 45
2 16 35 38 15
2 20 7 21 44
2 46 19 21 42
2 6 26 21 36
2 24 9 21 35
2 40 5 24 9
2 8 2 21 33
2 35 38 21 32
2 19 4 35 38
2 32 5 21 29
2 43 11 32 5
2 4 20 43 11
2 24 38 21 25
2 14 40 24 38
2 1 7 21 22
2 35 25 21 20
2 25 46 21 16
2 42 31 25 46
2 40 27 42 31
2 29 29 40 27
2 36 36 29 29
2 35 43 36 36
2 13 45 35 43
2 3 33 21 14
2 8 40 21 9
2 28 16 21 8
2 17 2 28 16
2 5 7 21 4
2 18 30 21 3
2 12 37 21 1
2 21 30 20 48
2 18 12 21 30
2 38 37 20 47
2 47 9 20 43
2 32 6 20 42
2 37 34 32 6
2 46 38 37 34
2 9 15 20 32
2 42 45 20 30
2 17 3 42 45
2 3 42 20 29
2 1 11 20 26
2 13 32 20 25
2 28 30 20 21
2 12 45 28 30
2 30 35 20 16
2 34 10 20 15
2 16 26 20 13
2 11 45 20 10
2 19 27 20 8
2 4 28 20 6
2 13 34 20 2
2 30 47 19 47
2 27 1 30 47
2 40 26 27 1
2 38 27 40 26
2 24 29 19 45
2 27 8 19 43
2 45 22 27 8
2 41 1 19 41
2 43 2 19 39
2 33 31 43 2
2 42 42 33 31
2 42 7 19 37
2 10 15 19 34
2 10 28 19 33
2 36 28 19 32
2 15 48 36 28
2 5 14 19 30
2 29 24 19 25
2 29 10 19 23
2 15 41 29 10
2 3 32 19 22
2 48 31 19 19
2 25 27 48 31
2 3 5 25 27
2 44 28 19 17
2 3 10 19 14
2 42 23 19 13
2 28 43 42 23
2 43 45 19 11
2 29 15 43 45
2 25 14 29 15
2 15 32 25 14
2 25 48 19 10
2 37 5 19 9
2 30 32 37 5
2 27 33 19 8
2 35 18 19 4
2 34 11 35 18
2 29 41 19 3
2 40 2 29 41
2 16 11 19 2
2 22 42 18 46
2 12 20 22 42
2 23 36 18 45
2 19 16 23 36
2 1 2 19 16
2 6 1 18 43
2 25 37 18 42
2 38 48 25 37
2 28 41 38 48
2 24 41 28 41
2 11 44 24 41
2 31 37 18 40
2 43 43 31 37
2 18 48 43 43
2 3 1 18 38
2 31 35 18 36
2 31 41 18 34
2 22 8 18 32
2 24 35 22 8
2 30 38 18 30
2 28 23 18 28
2 36 42 28 23
2 14 9 36 42
2 17 17 18 27
2 38 38 18 25
2 28 10 38 38
2 2 34 28 10
2 44 25 18 23
2 45 46 44 25
2 18 41 18 21
2 7 7 18 19
2 7 32 18 15
2 2 30 18 12
2 41 43 18 9
2 20 4 41 43
2 27 16 20 4
2 39 12 27 16
2 21 43 39 12
2 18 20 18 7
2 5 41 18 6
2 14 4 18 5
2 15 11 18 3
2 42 36 17 46
2 21 21 17 45
2 36 44 17 44
2 27 43 17 41
2 32 17 17 36
2 10 10 17 34
2 1 15 17 29
2 33 48 17 27
2 24 10 33 48
2 17 40 17 26
2 40 6 17 25
2 7 25 17 23
2 41 11 17 22
2 23 15 41 11
2 17 8 23 15
2 16 10 17 20
2 46 17 17 19
2 30 43 46 17
2 31 21 30 43
2 3 35 17 18
2 14 41 17 14
2 42 5 17 12
2 47 14 42 5
2 3 36 17 10
2 10 9 17 7
2 9 1 17 2
2 25 9 16 45
2 39 17 25 9
2 28 13 39 17
2 8 42 16 42
2 34 17 16 41
2 41 30 16 40
2 2 6 41 30
2 13 43 16 39
2 20 20 16 36
2 39 41 16 30
2 33 47 16 29
2 31 23 16 26
2 20 37 16 22
2 42 19 20 37
2 38 17 16 20
2 31 2 16 19
2 40 46 31 2
2 2 29 40 46
2 4 48 16 18
2 21 7 16 17
2 38 39 21 7
2 4 47 16 12
2 17 21 16 3
2 33 45 15 42
2 21 40 15 41
2 10 14 21 40
2 32 24 15 39
2 36 25 32 24
2 45 48 36 25
2 22 21 15 37
2 43 34 22 21
2 17 31 43 34
2 47 19 17 31
2 12 28 47 19
2 43 28 15 35
2 37 46 43 28
2 35 29 15 33
2 18 29 35 29
2 30 31 15 30
2 4 7 15 29
2 35 42 15 28
2 22 34 15 27
2 27 24 22 34
2 26 30 27 24
2 1 21 15 24
2 10 8 15 17
2 1 29 15 14
2 22 7 15 7
2 24 45 22 7
2 40 24 24 45
2 34 19 40 24
2 30 36 15 6
2 19 18 30 36
2 26 38 19 18
2 10 30 26 38
2 3 15 15 4
2 4 13 15 3
2 35 41 15 2
2 3 38 35 41
2 1 36 14 42
2 24 13 14 40
2 37 27 14 39
2 21 34 37 27
2 47 24 14 38
2 16 14 47 24
2 6 11 14 34
2 11 26 14 30
2 28 8 14 28
2 31 19 28 8
2 15 44 31 19
2 41 38 14 27
2 1 26 41 38
2 47 46 14 26
2 30 16 14 19
2 6 44 14 13
2 23 7 14 10
2 14 18 23 7
2 45 35 14 18
2 29 17 45 35
2 19 31 29 17
2 20 22 19 31
2 32 43 20 22
2 32 3 32 43
2 8 36 14 9
2 48 3 14 8
2 27 39 48 3
2 39 44 14 2
2 33 7 13 47
2 24 39 13 45
2 14 46 24 39
2 36 20 14 46
2 24 20 36 20
2 27 34 24 20
2 10 41 27 34
2 31 44 13 42
2 39 37 31 44
2 16 25 13 41
2 39 40 16 25
2 9 14 13 40
2 44 2 13 35
2 11 40 13 34
2 36 13 13 30
2 3 30 13 28
2 3 43 13 26
2 31 8 13 20
2 1 28 31 8
2 11 6 13 17
2 7 47 13 16
2 10 19 13 13
2 30 2 13 12
2 7 38 30 2
2 42 43 13 11
2 4 43 42 43
2 20 18 13 10
2 3 4 20 18
2 21 47 13 7
2 1 38 12 44
2 19 36 12 40
2 27 28 12 39
2 16 21 27 28
2 25 45 16 21
2 25 47 12 37
2 18 33 12 34
2 25 6 12 32
2 12 48 25 6
2 43 41 12 31
2 39 48 12 29
2 37 39 39 48
2 18 44 37 39
2 11 34 18 44
2 26 29 12 25
2 29 22 26 29
2 31 40 12 23
2 3 45 12 20
2 4 16 12 18
2 12 8 12 15
2 46 18 12 12
2 20 3 46 18
2 17 15 20 3
2 5 3 12 11
2 15 20 12 8
2 48 42 15 20
2 8 39 48 42
2 5 35 12 7
2 3 16 12 5
2 4 17 12 3
2 9 45 12 1
2 37 28 11 45
2 14 6 37 28
2 16 34 11 44
2 7 28 16 34
2 23 31 11 42
2 13 48 11 37
2 14 5 11 35
2 8 15 14 5
2 4 37 11 32
2 29 7 11 29
2 34 25 11 27
2 2 5 11 26
2 27 18 11 25
2 10 16 27 18
2 44 40 11 24
2 20 28 11 22
2 24 30 20 28
2 48 15 24 30
2 28 27 11 21
2 35 47 11 19
2 7 23 11 15
2 34 43 11 14
2 16 13 34 43
2 8 38 11 13
2 1 10 11 8
2 38 26 11 7
2 39 24 11 4
2 2 43 11 2
2 27 26 10 45
2 24 44 10 44
2 40 8 24 44
2 32 21 40 8
2 43 42 32 21
2 24 48 10 43
2 25 8 24 48
2 30 41 25 8
2 13 9 10 41
2 45 3 13 9
2 2 13 10 38
2 36 14 10 33
2 8 27 10 31
2 47 29 10 27
2 35 11 47 29
2 7 9 10 25
2 14 36 10 19
2 8 35 14 36
2 42 10 10 18
2 23 37 42 10
2 47 31 23 37
2 8 7 47 31
2 7 34 10 16
2 30 44 10 15
2 46 37 30 44
2 29 16 46 37
2 17 5 29 16
2 4 35 17 5
2 45 28 10 13
2 42 35 10 10
2 43 3 42 35
2 6 9 43 3
2 19 38 10 9
2 27 45 19 38
2 23 19 27 45
2 11 10 23 19
2 11 41 11 10
2 33 10 10 7
2 22 18 10 5
2 9 48 10 4
2 13 14 10 3
2 31 46 9 47
2 7 13 9 46
2 46 46 9 45
2 47 12 46 46
2 41 5 9 43
2 33 39 9 42
2 30 1 9 41
2 48 45 9 40
2 14 32 48 45
2 46 25 9 34
2 44 27 46 25
2 12 21 9 32
2 38 7 12 21
2 1 45 38 7
2 7 19 9 31
2 31 27 9 27
2 40 35 31 27
2 45 31 40 35
2 38 28 45 31
2 32 33 38 28
2 33 20 9 25
2 15 22 9 24
2 46 42 9 23
2 20 27 9 22
2 46 14 20 27
2 37 6 9 21
2 13 31 37 6
2 14 12 13 31
2 19 35 14 12
2 37 12 19 35
2 31 31 37 12
2 12 2 31 31
2 33 6 9 18
2 45 20 9 17
2 12 26 45 20
2 9 36 12 26
2 48 24 9 16
2 29 19 48 24
2 2 7 29 19
2 24 22 9 15
2 33 40 9 11
2 47 23 33 40
2 36 16 47 23
2 15 13 9 9
2 8 45 15 13
2 33 5 9 7
2 7 31 9 5
2 47 7 8 47
2 6 3 8 46
2 22 16 8 44
2 44 24 22 16
2 1 22 44 24
2 27 44 8 43
2 19 40 27 44
2 7 42 19 40
2 33 44 8 42
2 15 10 33 44
2 15 5 15 10
2 33 13 8 39
2 47 32 33 13
2 31 9 47 32
2 15 40 8 38
2 26 45 15 40
2 16 33 26 45
2 34 44 8 36
2 33 28 34 44
2 45 36 8 34
2 32 23 45 36
2 18 24 32 23
2 2 37 18 24
2 10 32 8 31
2 44 22 8 26
2 40 41 8 22
2 10 48 8 21
2 36 17 10 48
2 47 2 8 19
2 42 8 47 2
2 27 31 42 8
2 32 10 8 18
2 40 38 8 17
2 40 39 40 38
2 24 3 8 15
2 11 39 8 14
2 40 31 11 39
2 40 23 8 10
2 41 25 40 23
2 31 38 41 25
2 38 5 31 38
2 47 22 38 5
2 14 11 47 22
2 45 27 8 6
2 43 31 45 27
2 41 7 8 2
2 35 22 41 7
2 8 24 35 22
2 39 5 7 46
2 48 40 7 43
2 14 47 7 41
2 9 39 14 47
2 48 12 9 39
2 37 45 7 37
2 12 4 37 45
2 1 47 7 36
2 34 12 7 32
2 34 39 7 28
2 16 4 7 27
2 44 36 7 26
2 21 19 44 36
2 45 34 7 20
2 21 18 45 34
2 36 21 21 18
2 34 45 36 21
2 21 12 7 19
2 3 31 7 18
2 23 18 7 17
2 30 14 23 18
2 23 38 30 14
2 22 35 23 38
2 41 33 22 35
2 12 42 41 33
2 36 43 7 13
2 16 44 36 43
2 7 39 7 10
2 45 14 7 9
2 5 6 7 8
2 29 42 7 7
2 45 13 7 3
2 22 40 45 13
2 35 7 7 2
2 12 6 35 7
2 17 11 6 48
2 33 16 17 11
2 45 38 6 47
2 16 32 45 38
2 41 36 6 45
2 37 17 6 43
2 36 12 6 41
2 20 1 6 40
2 46 48 20 1
2 1 3 6 38
2 20 5 6 37
2 21 41 20 5
2 2 19 21 41
2 32 29 6 35
2 7 22 6 30
2 26 40 6 29
2 48 30 26 40
2 9 33 6 27
2 22 48 6 25
2 27 37 6 24
2 12 13 27 37
2 1 33 12 13
2 21 28 6 23
2 38 35 6 22
2 45 15 38 35
2 27 40 6 17
2 9 35 6 14
2 42 24 9 35
2 5 17 42 24
2 42 44 6 12
2 38 36 6 11
2 27 3 6 9
2 7 12 27 3
2 41 14 7 12
2 35 30 41 14
2 27 22 35 30
2 44 16 6 7
2 46 5 6 2
2 46 30 5 48
2 21 27 5 44
2 6 6 5 43
2 31 26 6 6
2 14 45 31 26
2 18 8 14 45
2 27 21 18 8
2 41 34 27 21
2 15 21 41 34
2 26 9 5 42
2 16 46 26 9
2 2 26 5 37
2 11 9 5 36
2 37 35 5 34
2 41 17 37 35
2 41 12 41 17
2 40 22 41 12
2 12 9 5 33
2 2 21 12 9
2 47 13 5 32
2 20 41 47 13
2 30 42 5 31
2 20 17 30 42
2 44 29 5 29
2 45 24 44 29
2 46 13 5 24
2 10 36 46 13
2 30 18 10 36
2 22 25 30 18
2 8 1 5 22
2 14 48 5 20
2 1 44 14 48
2 39 39 5 19
2 13 1 39 39
2 33 21 13 1
2 23 2 33 21
2 5 5 23 2
2 23 20 5 18
2 39 18 23 20
2 34 41 5 17
2 37 19 5 15
2 29 4 37 19
2 17 6 29 4
2 17 38 17 6
2 5 45 17 38
2 41 19 5 14
2 11 33 41 19
2 18 31 11 33
2 21 31 18 31
2 34 36 5 11
2 12 46 5 10
2 41 44 12 46
2 6 31 5 9
2 35 33 5 8
2 5 1 5 7
2 37 29 5 6
2 24 5 5 3
2 22 26 24 5
2 4 3 22 26
2 10 1 4 45
2 45 44 10 1
2 35 44 45 44
2 2 18 4 44
2 44 46 4 40
2 30 29 4 39
2 14 1 4 38
2 28 36 4 36
2 26 21 4 34
2 27 15 26 21
2 37 25 27 15
2 30 27 37 25
2 13 44 4 33
2 11 38 4 29
2 25 41 11 38
2 20 45 25 41
2 7 44 20 45
2 36 26 7 44
2 9 12 36 26
2 3 26 4 28
2 44 38 4 25
2 17 42 44 38
2 39 34 17 42
2 28 29 39 34
2 28 9 28 29
2 34 5 28 9
2 5 38 34 5
2 47 3 4 21
2 29 8 47 3
2 40 1 4 20
2 14 21 40 1
2 37 44 4 19
2 32 32 4 18
2 9 19 32 32
2 20 11 4 17
2 18 39 4 15
2 20 23 18 39
2 33 23 20 23
2 1 14 33 23
2 8 11 4 13
2 20 34 8 11
2 46 24 4 11
2 9 2 4 7
2 12 10 9 2
2 28 28 12 10
2 20 12 4 6
2 32 40 20 12
2 43 26 32 40
2 6 16 4 5
2 29 31 6 16
2 23 33 29 31
2 17 4 23 33
2 25 21 17 4
2 16 5 3 48
2 7 33 16 5
2 6 8 7 33
2 14 31 3 47
2 38 2 14 31
2 28 45 3 45
2 13 19 28 45
2 32 12 3 43
2 46 7 32 12
2 39 6 3 42
2 3 13 39 6
2 42 30 3 41
2 19 29 3 38
2 8 9 19 29
2 35 26 8 9
2 3 28 35 26
2 47 36 3 36
2 6 32 47 36
2 34 37 6 32
2 42 26 3 34
2 6 36 3 32
2 9 8 3 31
2 32 36 9 8
2 4 2 3 30
2 24 4 4 2
2 36 27 3 29
2 7 40 3 28
2 28 35 7 40
2 21 17 28 35
2 32 28 3 27
2 13 36 3 26
2 2 46 3 24
2 7 5 3 21
2 25 26 7 5
2 3 2 25 26
2 35 27 3 20
2 32 1 35 27
2 43 48 3 19
2 27 36 3 16
2 4 12 27 36
2 31 43 3 15
2 46 47 3 14
2 8 5 46 47
2 2 41 3 13
2 41 45 3 10
2 44 39 41 45
2 46 2 44 39
2 25 16 46 2
2 42 1 25 16
2 29 32 42 1
2 19 48 29 32
2 16 8 3 9
2 30 4 3 8
2 5 26 30 4
2 19 46 3 7
2 23 1 19 46
2 24 6 3 6
2 22 36 24 6
2 10 11 3 4
2 16 37 3 3
2 34 33 16 37
2 42 13 2 48
2 31 18 2 45
2 30 12 31 18
2 43 33 30 12
2 47 1 2 43
2 39 36 47 1
2 1 17 2 42
2 10 12 2 41
2 22 1 2 40
2 18 16 2 39
2 30 10 2 38
2 3 39 2 37
2 17 1 3 39
2 3 46 17 1
2 37 22 3 46
2 4 30 2 36
2 40 3 2 35
2 9 6 2 34
2 45 26 2 33
2 27 7 45 26
2 31 48 27 7
2 38 3 31 48
2 41 39 2 32
2 40 47 2 29
2 16 43 40 47
2 21 26 16 43
2 6 15 2 28
2 15 1 6 15
2 48 7 2 27
2 1 48 48 7
2 2 23 2 25
2 47 40 2 23
2 40 12 2 20
2 30 25 40 12
2 4 32 30 25
2 47 45 4 32
2 30 28 2 19
2 11 3 30 28
2 13 23 11 3
2 32 46 13 23
2 18 4 32 46
2 23 46 18 4
2 1 35 2 18
2 42 38 2 16
2 41 6 2 14
2 35 31 41 6
2 4 41 35 31
2 8 29 4 41
2 9 44 8 29
2 22 4 2 13
2 32 45 22 4
2 20 24 2 10
2 2 3 2 6
2 22 39 2 5
2 21 2 22 39
2 41 42 21 2
2 6 18 41 42
2 31 34 2 4
2 39 1 31 34
2 42 27 2 3
2 41 26 2 2
2 8 3 41 26
2 23 41 2 1
2 46 16 23 41
2 7 14 46 16
2 2 8 1 48
2 24 37 2 8
2 34 48 24 37
2 39 45 34 48
2 21 5 1 46
2 6 5 1 41
2 24 32 6 5
2 26 41 24 32
2 44 4 26 41
2 38 18 44 4
2 28 15 38 18
2 31 20 28 15
2 2 22 31 20
2 11 43 2 22
2 22 28 1 40
2 36 46 22 28
2 37 10 1 38
2 26 31 37 10
2 4 22 1 36
2 29 5 1 35
2 25 40 1 33
2 11 46 25 40
2 48 9 11 46
2 15 19 1 28
2 15 26 1 27
2 1 34 15 26
2 23 29 1 34
2 10 34 23 29
2 35 13 10 34
2 40 48 1 23
2 12 17 40 48
2 39 38 1 21
2 33 11 39 38
2 33 35 1 20
2 47 35 33 35
2 25 32 1 19
2 2 15 1 17
2 22 24 1 16
2 4 23 22 24
2 6 13 1 15
2 37 48 6 13
2 34 35 37 48
2 32 41 34 35
2 32 15 1 14
2 12 27 1 12
2 18 37 1 11
2 26 28 1 10
2 28 31 26 28
2 21 10 1 9
2 47 15 21 10
2 31 16 1 8
2 24 1 31 16
2 41 41 1 6
2 11 31 1 5
2 29 30 1 3
2 17 28 29 30
2 35 9 17 28
2 47 11 35 9
2 35 1 47 11
2 47 39 35 1
2 9 10 47 39
2 1 31 9 10
2 37 31 1 31
2 48 23 37 31
2 41 23 48 23
2 37 14 41 23
2 43 29 37 14
2 1 43 43 29
2 27 12 1 43
2 12 24 27 12
2 16 27 12 24
2 22 47 16 27
2 17 35 1 2
2 26 14 17 35
2 14 7 26 14
2 15 31 14 7
2 5 16 15 31
